[2024-02-19T21:35:50.900+0000] {taskinstance.py:1083} INFO - Dependencies all met for <TaskInstance: windturbine.verified_file scheduled__2024-02-19T21:30:00+00:00 [queued]>
[2024-02-19T21:35:50.919+0000] {taskinstance.py:1083} INFO - Dependencies all met for <TaskInstance: windturbine.verified_file scheduled__2024-02-19T21:30:00+00:00 [queued]>
[2024-02-19T21:35:50.920+0000] {taskinstance.py:1279} INFO - 
--------------------------------------------------------------------------------
[2024-02-19T21:35:50.920+0000] {taskinstance.py:1280} INFO - Starting attempt 1 of 2
[2024-02-19T21:35:50.921+0000] {taskinstance.py:1281} INFO - 
--------------------------------------------------------------------------------
[2024-02-19T21:35:50.956+0000] {taskinstance.py:1300} INFO - Executing <Task(FileSensor): verified_file> on 2024-02-19 21:30:00+00:00
[2024-02-19T21:35:50.965+0000] {standard_task_runner.py:55} INFO - Started process 9773 to run task
[2024-02-19T21:35:50.975+0000] {standard_task_runner.py:82} INFO - Running: ['***', 'tasks', 'run', 'windturbine', 'verified_file', 'scheduled__2024-02-19T21:30:00+00:00', '--job-id', '308', '--raw', '--subdir', 'DAGS_FOLDER/windturbine.py', '--cfg-path', '/tmp/tmp1wfe_wyd']
[2024-02-19T21:35:50.977+0000] {standard_task_runner.py:83} INFO - Job 308: Subtask verified_file
[2024-02-19T21:35:51.212+0000] {task_command.py:388} INFO - Running <TaskInstance: windturbine.verified_file scheduled__2024-02-19T21:30:00+00:00 [running]> on host 9276533319a9
[2024-02-19T21:35:51.540+0000] {taskinstance.py:1509} INFO - Exporting the following env vars:
AIRFLOW_CTX_DAG_EMAIL=geronimomorais1617@gmail.com
AIRFLOW_CTX_DAG_OWNER=***
AIRFLOW_CTX_DAG_ID=windturbine
AIRFLOW_CTX_TASK_ID=verified_file
AIRFLOW_CTX_EXECUTION_DATE=2024-02-19T21:30:00+00:00
AIRFLOW_CTX_TRY_NUMBER=1
AIRFLOW_CTX_DAG_RUN_ID=scheduled__2024-02-19T21:30:00+00:00
[2024-02-19T21:35:51.585+0000] {base.py:73} INFO - Using connection ID 'fs_default' for task execution.
[2024-02-19T21:35:51.587+0000] {filesystem.py:64} INFO - Poking for file /opt/***/data/data.json
[2024-02-19T21:36:01.605+0000] {base.py:73} INFO - Using connection ID 'fs_default' for task execution.
[2024-02-19T21:36:01.606+0000] {filesystem.py:64} INFO - Poking for file /opt/***/data/data.json
[2024-02-19T21:36:11.622+0000] {base.py:73} INFO - Using connection ID 'fs_default' for task execution.
[2024-02-19T21:36:11.623+0000] {filesystem.py:64} INFO - Poking for file /opt/***/data/data.json
[2024-02-19T21:36:21.638+0000] {base.py:73} INFO - Using connection ID 'fs_default' for task execution.
[2024-02-19T21:36:21.638+0000] {filesystem.py:64} INFO - Poking for file /opt/***/data/data.json
[2024-02-19T21:36:31.657+0000] {base.py:73} INFO - Using connection ID 'fs_default' for task execution.
[2024-02-19T21:36:31.658+0000] {filesystem.py:64} INFO - Poking for file /opt/***/data/data.json
[2024-02-19T21:36:41.677+0000] {base.py:73} INFO - Using connection ID 'fs_default' for task execution.
[2024-02-19T21:36:41.678+0000] {filesystem.py:64} INFO - Poking for file /opt/***/data/data.json
[2024-02-19T21:36:51.691+0000] {base.py:73} INFO - Using connection ID 'fs_default' for task execution.
[2024-02-19T21:36:51.692+0000] {filesystem.py:64} INFO - Poking for file /opt/***/data/data.json
[2024-02-19T21:37:01.709+0000] {base.py:73} INFO - Using connection ID 'fs_default' for task execution.
[2024-02-19T21:37:01.710+0000] {filesystem.py:64} INFO - Poking for file /opt/***/data/data.json
[2024-02-19T21:37:11.734+0000] {base.py:73} INFO - Using connection ID 'fs_default' for task execution.
[2024-02-19T21:37:11.735+0000] {filesystem.py:64} INFO - Poking for file /opt/***/data/data.json
[2024-02-19T21:37:21.753+0000] {base.py:73} INFO - Using connection ID 'fs_default' for task execution.
[2024-02-19T21:37:21.754+0000] {filesystem.py:64} INFO - Poking for file /opt/***/data/data.json
[2024-02-19T21:37:31.791+0000] {base.py:73} INFO - Using connection ID 'fs_default' for task execution.
[2024-02-19T21:37:31.809+0000] {filesystem.py:64} INFO - Poking for file /opt/***/data/data.json
[2024-02-19T21:37:41.843+0000] {base.py:73} INFO - Using connection ID 'fs_default' for task execution.
[2024-02-19T21:37:41.844+0000] {filesystem.py:64} INFO - Poking for file /opt/***/data/data.json
[2024-02-19T21:37:51.863+0000] {base.py:73} INFO - Using connection ID 'fs_default' for task execution.
[2024-02-19T21:37:51.864+0000] {filesystem.py:64} INFO - Poking for file /opt/***/data/data.json
[2024-02-19T21:38:01.893+0000] {base.py:73} INFO - Using connection ID 'fs_default' for task execution.
[2024-02-19T21:38:01.894+0000] {filesystem.py:64} INFO - Poking for file /opt/***/data/data.json
[2024-02-19T21:38:11.914+0000] {base.py:73} INFO - Using connection ID 'fs_default' for task execution.
[2024-02-19T21:38:11.915+0000] {filesystem.py:64} INFO - Poking for file /opt/***/data/data.json
[2024-02-19T21:38:21.955+0000] {base.py:73} INFO - Using connection ID 'fs_default' for task execution.
[2024-02-19T21:38:21.958+0000] {filesystem.py:64} INFO - Poking for file /opt/***/data/data.json
[2024-02-19T21:38:31.983+0000] {base.py:73} INFO - Using connection ID 'fs_default' for task execution.
[2024-02-19T21:38:31.984+0000] {filesystem.py:64} INFO - Poking for file /opt/***/data/data.json
[2024-02-19T21:38:42.010+0000] {base.py:73} INFO - Using connection ID 'fs_default' for task execution.
[2024-02-19T21:38:42.011+0000] {filesystem.py:64} INFO - Poking for file /opt/***/data/data.json
[2024-02-19T21:38:52.038+0000] {base.py:73} INFO - Using connection ID 'fs_default' for task execution.
[2024-02-19T21:38:52.042+0000] {filesystem.py:64} INFO - Poking for file /opt/***/data/data.json
[2024-02-19T21:39:02.091+0000] {base.py:73} INFO - Using connection ID 'fs_default' for task execution.
[2024-02-19T21:39:02.103+0000] {filesystem.py:64} INFO - Poking for file /opt/***/data/data.json
[2024-02-19T21:39:12.134+0000] {base.py:73} INFO - Using connection ID 'fs_default' for task execution.
[2024-02-19T21:39:12.135+0000] {filesystem.py:64} INFO - Poking for file /opt/***/data/data.json
[2024-02-19T21:39:22.163+0000] {base.py:73} INFO - Using connection ID 'fs_default' for task execution.
[2024-02-19T21:39:22.165+0000] {filesystem.py:64} INFO - Poking for file /opt/***/data/data.json
[2024-02-19T21:39:32.187+0000] {base.py:73} INFO - Using connection ID 'fs_default' for task execution.
[2024-02-19T21:39:32.188+0000] {filesystem.py:64} INFO - Poking for file /opt/***/data/data.json
[2024-02-19T21:39:42.200+0000] {base.py:73} INFO - Using connection ID 'fs_default' for task execution.
[2024-02-19T21:39:42.201+0000] {filesystem.py:64} INFO - Poking for file /opt/***/data/data.json
[2024-02-19T21:39:52.218+0000] {base.py:73} INFO - Using connection ID 'fs_default' for task execution.
[2024-02-19T21:39:52.219+0000] {filesystem.py:64} INFO - Poking for file /opt/***/data/data.json
[2024-02-19T21:40:02.253+0000] {base.py:73} INFO - Using connection ID 'fs_default' for task execution.
[2024-02-19T21:40:02.267+0000] {filesystem.py:64} INFO - Poking for file /opt/***/data/data.json
[2024-02-19T21:40:12.280+0000] {base.py:73} INFO - Using connection ID 'fs_default' for task execution.
[2024-02-19T21:40:12.281+0000] {filesystem.py:64} INFO - Poking for file /opt/***/data/data.json
[2024-02-19T21:40:22.290+0000] {base.py:73} INFO - Using connection ID 'fs_default' for task execution.
[2024-02-19T21:40:22.291+0000] {filesystem.py:64} INFO - Poking for file /opt/***/data/data.json
[2024-02-19T21:40:32.311+0000] {base.py:73} INFO - Using connection ID 'fs_default' for task execution.
[2024-02-19T21:40:32.312+0000] {filesystem.py:64} INFO - Poking for file /opt/***/data/data.json
[2024-02-19T21:40:42.335+0000] {base.py:73} INFO - Using connection ID 'fs_default' for task execution.
[2024-02-19T21:40:42.336+0000] {filesystem.py:64} INFO - Poking for file /opt/***/data/data.json
[2024-02-19T21:40:52.350+0000] {base.py:73} INFO - Using connection ID 'fs_default' for task execution.
[2024-02-19T21:40:52.351+0000] {filesystem.py:64} INFO - Poking for file /opt/***/data/data.json
[2024-02-19T21:41:02.373+0000] {base.py:73} INFO - Using connection ID 'fs_default' for task execution.
[2024-02-19T21:41:02.381+0000] {filesystem.py:64} INFO - Poking for file /opt/***/data/data.json
[2024-02-19T21:41:12.413+0000] {base.py:73} INFO - Using connection ID 'fs_default' for task execution.
[2024-02-19T21:41:12.414+0000] {filesystem.py:64} INFO - Poking for file /opt/***/data/data.json
[2024-02-19T21:41:22.435+0000] {base.py:73} INFO - Using connection ID 'fs_default' for task execution.
[2024-02-19T21:41:22.436+0000] {filesystem.py:64} INFO - Poking for file /opt/***/data/data.json
[2024-02-19T21:41:32.453+0000] {base.py:73} INFO - Using connection ID 'fs_default' for task execution.
[2024-02-19T21:41:32.454+0000] {filesystem.py:64} INFO - Poking for file /opt/***/data/data.json
[2024-02-19T21:41:42.474+0000] {base.py:73} INFO - Using connection ID 'fs_default' for task execution.
[2024-02-19T21:41:42.475+0000] {filesystem.py:64} INFO - Poking for file /opt/***/data/data.json
[2024-02-19T21:41:52.489+0000] {base.py:73} INFO - Using connection ID 'fs_default' for task execution.
[2024-02-19T21:41:52.490+0000] {filesystem.py:64} INFO - Poking for file /opt/***/data/data.json
[2024-02-19T21:42:02.505+0000] {base.py:73} INFO - Using connection ID 'fs_default' for task execution.
[2024-02-19T21:42:02.506+0000] {filesystem.py:64} INFO - Poking for file /opt/***/data/data.json
[2024-02-19T21:42:12.527+0000] {base.py:73} INFO - Using connection ID 'fs_default' for task execution.
[2024-02-19T21:42:12.527+0000] {filesystem.py:64} INFO - Poking for file /opt/***/data/data.json
[2024-02-19T21:42:22.545+0000] {base.py:73} INFO - Using connection ID 'fs_default' for task execution.
[2024-02-19T21:42:22.546+0000] {filesystem.py:64} INFO - Poking for file /opt/***/data/data.json
[2024-02-19T21:42:32.563+0000] {base.py:73} INFO - Using connection ID 'fs_default' for task execution.
[2024-02-19T21:42:32.564+0000] {filesystem.py:64} INFO - Poking for file /opt/***/data/data.json
[2024-02-19T21:42:42.583+0000] {base.py:73} INFO - Using connection ID 'fs_default' for task execution.
[2024-02-19T21:42:42.584+0000] {filesystem.py:64} INFO - Poking for file /opt/***/data/data.json
[2024-02-19T21:42:52.605+0000] {base.py:73} INFO - Using connection ID 'fs_default' for task execution.
[2024-02-19T21:42:52.607+0000] {filesystem.py:64} INFO - Poking for file /opt/***/data/data.json
[2024-02-19T21:43:02.625+0000] {base.py:73} INFO - Using connection ID 'fs_default' for task execution.
[2024-02-19T21:43:02.626+0000] {filesystem.py:64} INFO - Poking for file /opt/***/data/data.json
[2024-02-19T21:43:12.644+0000] {base.py:73} INFO - Using connection ID 'fs_default' for task execution.
[2024-02-19T21:43:12.645+0000] {filesystem.py:64} INFO - Poking for file /opt/***/data/data.json
[2024-02-19T21:43:22.669+0000] {base.py:73} INFO - Using connection ID 'fs_default' for task execution.
[2024-02-19T21:43:22.670+0000] {filesystem.py:64} INFO - Poking for file /opt/***/data/data.json
[2024-02-19T21:43:32.701+0000] {base.py:73} INFO - Using connection ID 'fs_default' for task execution.
[2024-02-19T21:43:32.718+0000] {filesystem.py:64} INFO - Poking for file /opt/***/data/data.json
[2024-02-19T21:43:42.778+0000] {base.py:73} INFO - Using connection ID 'fs_default' for task execution.
[2024-02-19T21:43:42.779+0000] {filesystem.py:64} INFO - Poking for file /opt/***/data/data.json
[2024-02-19T21:43:52.866+0000] {base.py:73} INFO - Using connection ID 'fs_default' for task execution.
[2024-02-19T21:43:52.869+0000] {filesystem.py:64} INFO - Poking for file /opt/***/data/data.json
[2024-02-19T21:44:02.895+0000] {base.py:73} INFO - Using connection ID 'fs_default' for task execution.
[2024-02-19T21:44:02.896+0000] {filesystem.py:64} INFO - Poking for file /opt/***/data/data.json
[2024-02-19T21:44:12.925+0000] {base.py:73} INFO - Using connection ID 'fs_default' for task execution.
[2024-02-19T21:44:12.927+0000] {filesystem.py:64} INFO - Poking for file /opt/***/data/data.json
[2024-02-19T21:44:22.950+0000] {base.py:73} INFO - Using connection ID 'fs_default' for task execution.
[2024-02-19T21:44:22.951+0000] {filesystem.py:64} INFO - Poking for file /opt/***/data/data.json
[2024-02-19T21:44:32.978+0000] {base.py:73} INFO - Using connection ID 'fs_default' for task execution.
[2024-02-19T21:44:32.979+0000] {filesystem.py:64} INFO - Poking for file /opt/***/data/data.json
[2024-02-19T21:44:43.007+0000] {base.py:73} INFO - Using connection ID 'fs_default' for task execution.
[2024-02-19T21:44:43.009+0000] {filesystem.py:64} INFO - Poking for file /opt/***/data/data.json
[2024-02-19T21:44:53.035+0000] {base.py:73} INFO - Using connection ID 'fs_default' for task execution.
[2024-02-19T21:44:53.036+0000] {filesystem.py:64} INFO - Poking for file /opt/***/data/data.json
[2024-02-19T21:45:03.057+0000] {base.py:73} INFO - Using connection ID 'fs_default' for task execution.
[2024-02-19T21:45:03.058+0000] {filesystem.py:64} INFO - Poking for file /opt/***/data/data.json
[2024-02-19T21:45:13.088+0000] {base.py:73} INFO - Using connection ID 'fs_default' for task execution.
[2024-02-19T21:45:13.090+0000] {filesystem.py:64} INFO - Poking for file /opt/***/data/data.json
[2024-02-19T21:45:23.115+0000] {base.py:73} INFO - Using connection ID 'fs_default' for task execution.
[2024-02-19T21:45:23.116+0000] {filesystem.py:64} INFO - Poking for file /opt/***/data/data.json
[2024-02-19T21:45:33.129+0000] {base.py:73} INFO - Using connection ID 'fs_default' for task execution.
[2024-02-19T21:45:33.130+0000] {filesystem.py:64} INFO - Poking for file /opt/***/data/data.json
[2024-02-19T21:45:43.159+0000] {base.py:73} INFO - Using connection ID 'fs_default' for task execution.
[2024-02-19T21:45:43.160+0000] {filesystem.py:64} INFO - Poking for file /opt/***/data/data.json
[2024-02-19T21:45:53.177+0000] {base.py:73} INFO - Using connection ID 'fs_default' for task execution.
[2024-02-19T21:45:53.178+0000] {filesystem.py:64} INFO - Poking for file /opt/***/data/data.json
[2024-02-19T21:46:03.190+0000] {base.py:73} INFO - Using connection ID 'fs_default' for task execution.
[2024-02-19T21:46:03.191+0000] {filesystem.py:64} INFO - Poking for file /opt/***/data/data.json
[2024-02-19T21:46:13.211+0000] {base.py:73} INFO - Using connection ID 'fs_default' for task execution.
[2024-02-19T21:46:13.212+0000] {filesystem.py:64} INFO - Poking for file /opt/***/data/data.json
[2024-02-19T21:46:23.229+0000] {base.py:73} INFO - Using connection ID 'fs_default' for task execution.
[2024-02-19T21:46:23.231+0000] {filesystem.py:64} INFO - Poking for file /opt/***/data/data.json
[2024-02-19T21:46:33.259+0000] {base.py:73} INFO - Using connection ID 'fs_default' for task execution.
[2024-02-19T21:46:33.262+0000] {filesystem.py:64} INFO - Poking for file /opt/***/data/data.json
[2024-02-19T21:46:43.279+0000] {base.py:73} INFO - Using connection ID 'fs_default' for task execution.
[2024-02-19T21:46:43.280+0000] {filesystem.py:64} INFO - Poking for file /opt/***/data/data.json
[2024-02-19T21:46:53.301+0000] {base.py:73} INFO - Using connection ID 'fs_default' for task execution.
[2024-02-19T21:46:53.302+0000] {filesystem.py:64} INFO - Poking for file /opt/***/data/data.json
[2024-02-19T21:47:03.321+0000] {base.py:73} INFO - Using connection ID 'fs_default' for task execution.
[2024-02-19T21:47:03.322+0000] {filesystem.py:64} INFO - Poking for file /opt/***/data/data.json
[2024-02-19T21:47:13.331+0000] {base.py:73} INFO - Using connection ID 'fs_default' for task execution.
[2024-02-19T21:47:13.332+0000] {filesystem.py:64} INFO - Poking for file /opt/***/data/data.json
[2024-02-19T21:47:23.350+0000] {base.py:73} INFO - Using connection ID 'fs_default' for task execution.
[2024-02-19T21:47:23.351+0000] {filesystem.py:64} INFO - Poking for file /opt/***/data/data.json
[2024-02-19T21:47:33.364+0000] {base.py:73} INFO - Using connection ID 'fs_default' for task execution.
[2024-02-19T21:47:33.365+0000] {filesystem.py:64} INFO - Poking for file /opt/***/data/data.json
[2024-02-19T21:47:43.399+0000] {base.py:73} INFO - Using connection ID 'fs_default' for task execution.
[2024-02-19T21:47:43.400+0000] {filesystem.py:64} INFO - Poking for file /opt/***/data/data.json
[2024-02-19T21:47:53.422+0000] {base.py:73} INFO - Using connection ID 'fs_default' for task execution.
[2024-02-19T21:47:53.422+0000] {filesystem.py:64} INFO - Poking for file /opt/***/data/data.json
[2024-02-19T21:48:03.441+0000] {base.py:73} INFO - Using connection ID 'fs_default' for task execution.
[2024-02-19T21:48:03.442+0000] {filesystem.py:64} INFO - Poking for file /opt/***/data/data.json
[2024-02-19T21:48:13.457+0000] {base.py:73} INFO - Using connection ID 'fs_default' for task execution.
[2024-02-19T21:48:13.458+0000] {filesystem.py:64} INFO - Poking for file /opt/***/data/data.json
[2024-02-19T21:48:23.486+0000] {base.py:73} INFO - Using connection ID 'fs_default' for task execution.
[2024-02-19T21:48:23.487+0000] {filesystem.py:64} INFO - Poking for file /opt/***/data/data.json
