[2024-02-19T23:10:06.222+0000] {taskinstance.py:1083} INFO - Dependencies all met for <TaskInstance: windturbine.verified_file scheduled__2024-02-19T22:15:00+00:00 [queued]>
[2024-02-19T23:10:06.340+0000] {taskinstance.py:1083} INFO - Dependencies all met for <TaskInstance: windturbine.verified_file scheduled__2024-02-19T22:15:00+00:00 [queued]>
[2024-02-19T23:10:06.341+0000] {taskinstance.py:1279} INFO - 
--------------------------------------------------------------------------------
[2024-02-19T23:10:06.342+0000] {taskinstance.py:1280} INFO - Starting attempt 2 of 2
[2024-02-19T23:10:06.345+0000] {taskinstance.py:1281} INFO - 
--------------------------------------------------------------------------------
[2024-02-19T23:10:06.480+0000] {taskinstance.py:1300} INFO - Executing <Task(FileSensor): verified_file> on 2024-02-19 22:15:00+00:00
[2024-02-19T23:10:06.522+0000] {standard_task_runner.py:82} INFO - Running: ['***', 'tasks', 'run', 'windturbine', 'verified_file', 'scheduled__2024-02-19T22:15:00+00:00', '--job-id', '338', '--raw', '--subdir', 'DAGS_FOLDER/windturbine.py', '--cfg-path', '/tmp/tmpp7ppomej']
[2024-02-19T23:10:06.526+0000] {standard_task_runner.py:55} INFO - Started process 120 to run task
[2024-02-19T23:10:06.571+0000] {standard_task_runner.py:83} INFO - Job 338: Subtask verified_file
[2024-02-19T23:10:07.050+0000] {task_command.py:388} INFO - Running <TaskInstance: windturbine.verified_file scheduled__2024-02-19T22:15:00+00:00 [running]> on host 6c060d40c228
[2024-02-19T23:10:07.727+0000] {taskinstance.py:1509} INFO - Exporting the following env vars:
AIRFLOW_CTX_DAG_EMAIL=geronimomorais1617@gmail.com
AIRFLOW_CTX_DAG_OWNER=***
AIRFLOW_CTX_DAG_ID=windturbine
AIRFLOW_CTX_TASK_ID=verified_file
AIRFLOW_CTX_EXECUTION_DATE=2024-02-19T22:15:00+00:00
AIRFLOW_CTX_TRY_NUMBER=2
AIRFLOW_CTX_DAG_RUN_ID=scheduled__2024-02-19T22:15:00+00:00
[2024-02-19T23:10:07.849+0000] {base.py:73} INFO - Using connection ID 'fs_default' for task execution.
[2024-02-19T23:10:07.862+0000] {filesystem.py:64} INFO - Poking for file D:/Github/Projeto_Airflow/***/data
[2024-02-19T23:10:17.905+0000] {base.py:73} INFO - Using connection ID 'fs_default' for task execution.
[2024-02-19T23:10:17.907+0000] {filesystem.py:64} INFO - Poking for file D:/Github/Projeto_Airflow/***/data
[2024-02-19T23:10:27.929+0000] {base.py:73} INFO - Using connection ID 'fs_default' for task execution.
[2024-02-19T23:10:27.930+0000] {filesystem.py:64} INFO - Poking for file D:/Github/Projeto_Airflow/***/data
[2024-02-19T23:10:37.948+0000] {base.py:73} INFO - Using connection ID 'fs_default' for task execution.
[2024-02-19T23:10:37.949+0000] {filesystem.py:64} INFO - Poking for file D:/Github/Projeto_Airflow/***/data
[2024-02-19T23:10:47.969+0000] {base.py:73} INFO - Using connection ID 'fs_default' for task execution.
[2024-02-19T23:10:47.970+0000] {filesystem.py:64} INFO - Poking for file D:/Github/Projeto_Airflow/***/data
[2024-02-19T23:10:57.983+0000] {base.py:73} INFO - Using connection ID 'fs_default' for task execution.
[2024-02-19T23:10:57.983+0000] {filesystem.py:64} INFO - Poking for file D:/Github/Projeto_Airflow/***/data
[2024-02-19T23:11:08.002+0000] {base.py:73} INFO - Using connection ID 'fs_default' for task execution.
[2024-02-19T23:11:08.003+0000] {filesystem.py:64} INFO - Poking for file D:/Github/Projeto_Airflow/***/data
[2024-02-19T23:11:18.021+0000] {base.py:73} INFO - Using connection ID 'fs_default' for task execution.
[2024-02-19T23:11:18.021+0000] {filesystem.py:64} INFO - Poking for file D:/Github/Projeto_Airflow/***/data
[2024-02-19T23:11:28.037+0000] {base.py:73} INFO - Using connection ID 'fs_default' for task execution.
[2024-02-19T23:11:28.037+0000] {filesystem.py:64} INFO - Poking for file D:/Github/Projeto_Airflow/***/data
[2024-02-19T23:11:38.081+0000] {base.py:73} INFO - Using connection ID 'fs_default' for task execution.
[2024-02-19T23:11:38.082+0000] {filesystem.py:64} INFO - Poking for file D:/Github/Projeto_Airflow/***/data
[2024-02-19T23:11:48.104+0000] {base.py:73} INFO - Using connection ID 'fs_default' for task execution.
[2024-02-19T23:11:48.105+0000] {filesystem.py:64} INFO - Poking for file D:/Github/Projeto_Airflow/***/data
[2024-02-19T23:11:58.126+0000] {base.py:73} INFO - Using connection ID 'fs_default' for task execution.
[2024-02-19T23:11:58.128+0000] {filesystem.py:64} INFO - Poking for file D:/Github/Projeto_Airflow/***/data
[2024-02-19T23:12:08.156+0000] {base.py:73} INFO - Using connection ID 'fs_default' for task execution.
[2024-02-19T23:12:08.157+0000] {filesystem.py:64} INFO - Poking for file D:/Github/Projeto_Airflow/***/data
[2024-02-19T23:12:18.191+0000] {base.py:73} INFO - Using connection ID 'fs_default' for task execution.
[2024-02-19T23:12:18.255+0000] {filesystem.py:64} INFO - Poking for file D:/Github/Projeto_Airflow/***/data
[2024-02-19T23:12:28.354+0000] {base.py:73} INFO - Using connection ID 'fs_default' for task execution.
[2024-02-19T23:12:28.382+0000] {filesystem.py:64} INFO - Poking for file D:/Github/Projeto_Airflow/***/data
[2024-02-19T23:12:38.461+0000] {base.py:73} INFO - Using connection ID 'fs_default' for task execution.
[2024-02-19T23:12:38.502+0000] {filesystem.py:64} INFO - Poking for file D:/Github/Projeto_Airflow/***/data
[2024-02-19T23:12:48.541+0000] {base.py:73} INFO - Using connection ID 'fs_default' for task execution.
[2024-02-19T23:12:48.550+0000] {filesystem.py:64} INFO - Poking for file D:/Github/Projeto_Airflow/***/data
[2024-02-19T23:12:58.611+0000] {base.py:73} INFO - Using connection ID 'fs_default' for task execution.
[2024-02-19T23:12:58.649+0000] {filesystem.py:64} INFO - Poking for file D:/Github/Projeto_Airflow/***/data
[2024-02-19T23:13:08.713+0000] {base.py:73} INFO - Using connection ID 'fs_default' for task execution.
[2024-02-19T23:13:08.714+0000] {filesystem.py:64} INFO - Poking for file D:/Github/Projeto_Airflow/***/data
[2024-02-19T23:13:18.738+0000] {base.py:73} INFO - Using connection ID 'fs_default' for task execution.
[2024-02-19T23:13:18.739+0000] {filesystem.py:64} INFO - Poking for file D:/Github/Projeto_Airflow/***/data
[2024-02-19T23:13:28.759+0000] {base.py:73} INFO - Using connection ID 'fs_default' for task execution.
[2024-02-19T23:13:28.760+0000] {filesystem.py:64} INFO - Poking for file D:/Github/Projeto_Airflow/***/data
[2024-02-19T23:13:38.785+0000] {base.py:73} INFO - Using connection ID 'fs_default' for task execution.
[2024-02-19T23:13:38.786+0000] {filesystem.py:64} INFO - Poking for file D:/Github/Projeto_Airflow/***/data
[2024-02-19T23:13:48.895+0000] {base.py:73} INFO - Using connection ID 'fs_default' for task execution.
[2024-02-19T23:13:48.899+0000] {filesystem.py:64} INFO - Poking for file D:/Github/Projeto_Airflow/***/data
[2024-02-19T23:13:58.934+0000] {base.py:73} INFO - Using connection ID 'fs_default' for task execution.
[2024-02-19T23:13:58.945+0000] {filesystem.py:64} INFO - Poking for file D:/Github/Projeto_Airflow/***/data
[2024-02-19T23:14:09.002+0000] {base.py:73} INFO - Using connection ID 'fs_default' for task execution.
[2024-02-19T23:14:09.061+0000] {filesystem.py:64} INFO - Poking for file D:/Github/Projeto_Airflow/***/data
[2024-02-19T23:14:19.132+0000] {base.py:73} INFO - Using connection ID 'fs_default' for task execution.
[2024-02-19T23:14:19.233+0000] {filesystem.py:64} INFO - Poking for file D:/Github/Projeto_Airflow/***/data
[2024-02-19T23:14:29.331+0000] {base.py:73} INFO - Using connection ID 'fs_default' for task execution.
[2024-02-19T23:14:29.343+0000] {filesystem.py:64} INFO - Poking for file D:/Github/Projeto_Airflow/***/data
[2024-02-19T23:14:39.405+0000] {base.py:73} INFO - Using connection ID 'fs_default' for task execution.
[2024-02-19T23:14:39.426+0000] {filesystem.py:64} INFO - Poking for file D:/Github/Projeto_Airflow/***/data
[2024-02-19T23:14:49.467+0000] {base.py:73} INFO - Using connection ID 'fs_default' for task execution.
[2024-02-19T23:14:49.473+0000] {filesystem.py:64} INFO - Poking for file D:/Github/Projeto_Airflow/***/data
[2024-02-19T23:14:59.530+0000] {base.py:73} INFO - Using connection ID 'fs_default' for task execution.
[2024-02-19T23:14:59.541+0000] {filesystem.py:64} INFO - Poking for file D:/Github/Projeto_Airflow/***/data
[2024-02-19T23:15:09.569+0000] {base.py:73} INFO - Using connection ID 'fs_default' for task execution.
[2024-02-19T23:15:09.570+0000] {filesystem.py:64} INFO - Poking for file D:/Github/Projeto_Airflow/***/data
[2024-02-19T23:15:19.599+0000] {base.py:73} INFO - Using connection ID 'fs_default' for task execution.
[2024-02-19T23:15:19.602+0000] {filesystem.py:64} INFO - Poking for file D:/Github/Projeto_Airflow/***/data
[2024-02-19T23:15:29.623+0000] {base.py:73} INFO - Using connection ID 'fs_default' for task execution.
[2024-02-19T23:15:29.625+0000] {filesystem.py:64} INFO - Poking for file D:/Github/Projeto_Airflow/***/data
[2024-02-19T23:15:39.672+0000] {base.py:73} INFO - Using connection ID 'fs_default' for task execution.
[2024-02-19T23:15:39.692+0000] {filesystem.py:64} INFO - Poking for file D:/Github/Projeto_Airflow/***/data
[2024-02-19T23:15:49.745+0000] {base.py:73} INFO - Using connection ID 'fs_default' for task execution.
[2024-02-19T23:15:49.746+0000] {filesystem.py:64} INFO - Poking for file D:/Github/Projeto_Airflow/***/data
[2024-02-19T23:15:59.771+0000] {base.py:73} INFO - Using connection ID 'fs_default' for task execution.
[2024-02-19T23:15:59.773+0000] {filesystem.py:64} INFO - Poking for file D:/Github/Projeto_Airflow/***/data
[2024-02-19T23:16:09.791+0000] {base.py:73} INFO - Using connection ID 'fs_default' for task execution.
[2024-02-19T23:16:09.792+0000] {filesystem.py:64} INFO - Poking for file D:/Github/Projeto_Airflow/***/data
[2024-02-19T23:16:19.813+0000] {base.py:73} INFO - Using connection ID 'fs_default' for task execution.
[2024-02-19T23:16:19.814+0000] {filesystem.py:64} INFO - Poking for file D:/Github/Projeto_Airflow/***/data
[2024-02-19T23:16:29.831+0000] {base.py:73} INFO - Using connection ID 'fs_default' for task execution.
[2024-02-19T23:16:29.833+0000] {filesystem.py:64} INFO - Poking for file D:/Github/Projeto_Airflow/***/data
[2024-02-19T23:16:39.852+0000] {base.py:73} INFO - Using connection ID 'fs_default' for task execution.
[2024-02-19T23:16:39.853+0000] {filesystem.py:64} INFO - Poking for file D:/Github/Projeto_Airflow/***/data
[2024-02-19T23:16:49.869+0000] {base.py:73} INFO - Using connection ID 'fs_default' for task execution.
[2024-02-19T23:16:49.870+0000] {filesystem.py:64} INFO - Poking for file D:/Github/Projeto_Airflow/***/data
[2024-02-19T23:16:59.890+0000] {base.py:73} INFO - Using connection ID 'fs_default' for task execution.
[2024-02-19T23:16:59.890+0000] {filesystem.py:64} INFO - Poking for file D:/Github/Projeto_Airflow/***/data
[2024-02-19T23:17:09.904+0000] {base.py:73} INFO - Using connection ID 'fs_default' for task execution.
[2024-02-19T23:17:09.904+0000] {filesystem.py:64} INFO - Poking for file D:/Github/Projeto_Airflow/***/data
[2024-02-19T23:17:19.923+0000] {base.py:73} INFO - Using connection ID 'fs_default' for task execution.
[2024-02-19T23:17:19.923+0000] {filesystem.py:64} INFO - Poking for file D:/Github/Projeto_Airflow/***/data
[2024-02-19T23:17:29.938+0000] {base.py:73} INFO - Using connection ID 'fs_default' for task execution.
[2024-02-19T23:17:29.940+0000] {filesystem.py:64} INFO - Poking for file D:/Github/Projeto_Airflow/***/data
[2024-02-19T23:17:39.957+0000] {base.py:73} INFO - Using connection ID 'fs_default' for task execution.
[2024-02-19T23:17:39.958+0000] {filesystem.py:64} INFO - Poking for file D:/Github/Projeto_Airflow/***/data
[2024-02-19T23:17:49.978+0000] {base.py:73} INFO - Using connection ID 'fs_default' for task execution.
[2024-02-19T23:17:49.979+0000] {filesystem.py:64} INFO - Poking for file D:/Github/Projeto_Airflow/***/data
[2024-02-19T23:17:59.999+0000] {base.py:73} INFO - Using connection ID 'fs_default' for task execution.
[2024-02-19T23:18:00.001+0000] {filesystem.py:64} INFO - Poking for file D:/Github/Projeto_Airflow/***/data
[2024-02-19T23:18:10.019+0000] {base.py:73} INFO - Using connection ID 'fs_default' for task execution.
[2024-02-19T23:18:10.020+0000] {filesystem.py:64} INFO - Poking for file D:/Github/Projeto_Airflow/***/data
[2024-02-19T23:18:20.042+0000] {base.py:73} INFO - Using connection ID 'fs_default' for task execution.
[2024-02-19T23:18:20.043+0000] {filesystem.py:64} INFO - Poking for file D:/Github/Projeto_Airflow/***/data
[2024-02-19T23:18:30.073+0000] {base.py:73} INFO - Using connection ID 'fs_default' for task execution.
[2024-02-19T23:18:30.078+0000] {filesystem.py:64} INFO - Poking for file D:/Github/Projeto_Airflow/***/data
