[2024-02-19T21:39:03.391+0000] {taskinstance.py:1083} INFO - Dependencies all met for <TaskInstance: windturbine.verified_file scheduled__2024-02-19T21:36:00+00:00 [queued]>
[2024-02-19T21:39:03.433+0000] {taskinstance.py:1083} INFO - Dependencies all met for <TaskInstance: windturbine.verified_file scheduled__2024-02-19T21:36:00+00:00 [queued]>
[2024-02-19T21:39:03.435+0000] {taskinstance.py:1279} INFO - 
--------------------------------------------------------------------------------
[2024-02-19T21:39:03.436+0000] {taskinstance.py:1280} INFO - Starting attempt 1 of 2
[2024-02-19T21:39:03.437+0000] {taskinstance.py:1281} INFO - 
--------------------------------------------------------------------------------
[2024-02-19T21:39:03.536+0000] {taskinstance.py:1300} INFO - Executing <Task(FileSensor): verified_file> on 2024-02-19 21:36:00+00:00
[2024-02-19T21:39:03.560+0000] {standard_task_runner.py:55} INFO - Started process 9972 to run task
[2024-02-19T21:39:03.580+0000] {standard_task_runner.py:82} INFO - Running: ['***', 'tasks', 'run', 'windturbine', 'verified_file', 'scheduled__2024-02-19T21:36:00+00:00', '--job-id', '311', '--raw', '--subdir', 'DAGS_FOLDER/windturbine.py', '--cfg-path', '/tmp/tmpt_b5vr7i']
[2024-02-19T21:39:03.584+0000] {standard_task_runner.py:83} INFO - Job 311: Subtask verified_file
[2024-02-19T21:39:03.945+0000] {task_command.py:388} INFO - Running <TaskInstance: windturbine.verified_file scheduled__2024-02-19T21:36:00+00:00 [running]> on host 9276533319a9
[2024-02-19T21:39:04.288+0000] {taskinstance.py:1509} INFO - Exporting the following env vars:
AIRFLOW_CTX_DAG_EMAIL=geronimomorais1617@gmail.com
AIRFLOW_CTX_DAG_OWNER=***
AIRFLOW_CTX_DAG_ID=windturbine
AIRFLOW_CTX_TASK_ID=verified_file
AIRFLOW_CTX_EXECUTION_DATE=2024-02-19T21:36:00+00:00
AIRFLOW_CTX_TRY_NUMBER=1
AIRFLOW_CTX_DAG_RUN_ID=scheduled__2024-02-19T21:36:00+00:00
[2024-02-19T21:39:04.325+0000] {base.py:73} INFO - Using connection ID 'fs_default' for task execution.
[2024-02-19T21:39:04.334+0000] {filesystem.py:64} INFO - Poking for file /opt/***/data/data.json
[2024-02-19T21:39:14.361+0000] {base.py:73} INFO - Using connection ID 'fs_default' for task execution.
[2024-02-19T21:39:14.362+0000] {filesystem.py:64} INFO - Poking for file /opt/***/data/data.json
[2024-02-19T21:39:24.390+0000] {base.py:73} INFO - Using connection ID 'fs_default' for task execution.
[2024-02-19T21:39:24.391+0000] {filesystem.py:64} INFO - Poking for file /opt/***/data/data.json
[2024-02-19T21:39:34.417+0000] {base.py:73} INFO - Using connection ID 'fs_default' for task execution.
[2024-02-19T21:39:34.419+0000] {filesystem.py:64} INFO - Poking for file /opt/***/data/data.json
[2024-02-19T21:39:44.445+0000] {base.py:73} INFO - Using connection ID 'fs_default' for task execution.
[2024-02-19T21:39:44.447+0000] {filesystem.py:64} INFO - Poking for file /opt/***/data/data.json
[2024-02-19T21:39:54.483+0000] {base.py:73} INFO - Using connection ID 'fs_default' for task execution.
[2024-02-19T21:39:54.485+0000] {filesystem.py:64} INFO - Poking for file /opt/***/data/data.json
[2024-02-19T21:40:04.517+0000] {base.py:73} INFO - Using connection ID 'fs_default' for task execution.
[2024-02-19T21:40:04.535+0000] {filesystem.py:64} INFO - Poking for file /opt/***/data/data.json
[2024-02-19T21:40:14.560+0000] {base.py:73} INFO - Using connection ID 'fs_default' for task execution.
[2024-02-19T21:40:14.561+0000] {filesystem.py:64} INFO - Poking for file /opt/***/data/data.json
[2024-02-19T21:40:24.578+0000] {base.py:73} INFO - Using connection ID 'fs_default' for task execution.
[2024-02-19T21:40:24.579+0000] {filesystem.py:64} INFO - Poking for file /opt/***/data/data.json
[2024-02-19T21:40:34.604+0000] {base.py:73} INFO - Using connection ID 'fs_default' for task execution.
[2024-02-19T21:40:34.605+0000] {filesystem.py:64} INFO - Poking for file /opt/***/data/data.json
[2024-02-19T21:40:44.631+0000] {base.py:73} INFO - Using connection ID 'fs_default' for task execution.
[2024-02-19T21:40:44.633+0000] {filesystem.py:64} INFO - Poking for file /opt/***/data/data.json
[2024-02-19T21:40:54.656+0000] {base.py:73} INFO - Using connection ID 'fs_default' for task execution.
[2024-02-19T21:40:54.657+0000] {filesystem.py:64} INFO - Poking for file /opt/***/data/data.json
[2024-02-19T21:41:04.680+0000] {base.py:73} INFO - Using connection ID 'fs_default' for task execution.
[2024-02-19T21:41:04.681+0000] {filesystem.py:64} INFO - Poking for file /opt/***/data/data.json
[2024-02-19T21:41:14.705+0000] {base.py:73} INFO - Using connection ID 'fs_default' for task execution.
[2024-02-19T21:41:14.706+0000] {filesystem.py:64} INFO - Poking for file /opt/***/data/data.json
[2024-02-19T21:41:24.729+0000] {base.py:73} INFO - Using connection ID 'fs_default' for task execution.
[2024-02-19T21:41:24.730+0000] {filesystem.py:64} INFO - Poking for file /opt/***/data/data.json
[2024-02-19T21:41:34.752+0000] {base.py:73} INFO - Using connection ID 'fs_default' for task execution.
[2024-02-19T21:41:34.753+0000] {filesystem.py:64} INFO - Poking for file /opt/***/data/data.json
[2024-02-19T21:41:44.783+0000] {base.py:73} INFO - Using connection ID 'fs_default' for task execution.
[2024-02-19T21:41:44.787+0000] {filesystem.py:64} INFO - Poking for file /opt/***/data/data.json
[2024-02-19T21:41:54.817+0000] {base.py:73} INFO - Using connection ID 'fs_default' for task execution.
[2024-02-19T21:41:54.818+0000] {filesystem.py:64} INFO - Poking for file /opt/***/data/data.json
[2024-02-19T21:42:04.847+0000] {base.py:73} INFO - Using connection ID 'fs_default' for task execution.
[2024-02-19T21:42:04.849+0000] {filesystem.py:64} INFO - Poking for file /opt/***/data/data.json
[2024-02-19T21:42:14.872+0000] {base.py:73} INFO - Using connection ID 'fs_default' for task execution.
[2024-02-19T21:42:14.874+0000] {filesystem.py:64} INFO - Poking for file /opt/***/data/data.json
[2024-02-19T21:42:24.903+0000] {base.py:73} INFO - Using connection ID 'fs_default' for task execution.
[2024-02-19T21:42:24.904+0000] {filesystem.py:64} INFO - Poking for file /opt/***/data/data.json
[2024-02-19T21:42:34.941+0000] {base.py:73} INFO - Using connection ID 'fs_default' for task execution.
[2024-02-19T21:42:34.948+0000] {filesystem.py:64} INFO - Poking for file /opt/***/data/data.json
[2024-02-19T21:42:44.973+0000] {base.py:73} INFO - Using connection ID 'fs_default' for task execution.
[2024-02-19T21:42:44.974+0000] {filesystem.py:64} INFO - Poking for file /opt/***/data/data.json
[2024-02-19T21:42:55.001+0000] {base.py:73} INFO - Using connection ID 'fs_default' for task execution.
[2024-02-19T21:42:55.004+0000] {filesystem.py:64} INFO - Poking for file /opt/***/data/data.json
[2024-02-19T21:43:05.028+0000] {base.py:73} INFO - Using connection ID 'fs_default' for task execution.
[2024-02-19T21:43:05.029+0000] {filesystem.py:64} INFO - Poking for file /opt/***/data/data.json
[2024-02-19T21:43:15.041+0000] {base.py:73} INFO - Using connection ID 'fs_default' for task execution.
[2024-02-19T21:43:15.042+0000] {filesystem.py:64} INFO - Poking for file /opt/***/data/data.json
[2024-02-19T21:43:25.075+0000] {base.py:73} INFO - Using connection ID 'fs_default' for task execution.
[2024-02-19T21:43:25.091+0000] {filesystem.py:64} INFO - Poking for file /opt/***/data/data.json
[2024-02-19T21:43:35.181+0000] {base.py:73} INFO - Using connection ID 'fs_default' for task execution.
[2024-02-19T21:43:35.188+0000] {filesystem.py:64} INFO - Poking for file /opt/***/data/data.json
[2024-02-19T21:43:45.206+0000] {base.py:73} INFO - Using connection ID 'fs_default' for task execution.
[2024-02-19T21:43:45.208+0000] {filesystem.py:64} INFO - Poking for file /opt/***/data/data.json
[2024-02-19T21:43:55.225+0000] {base.py:73} INFO - Using connection ID 'fs_default' for task execution.
[2024-02-19T21:43:55.226+0000] {filesystem.py:64} INFO - Poking for file /opt/***/data/data.json
[2024-02-19T21:44:05.250+0000] {base.py:73} INFO - Using connection ID 'fs_default' for task execution.
[2024-02-19T21:44:05.252+0000] {filesystem.py:64} INFO - Poking for file /opt/***/data/data.json
[2024-02-19T21:44:15.273+0000] {base.py:73} INFO - Using connection ID 'fs_default' for task execution.
[2024-02-19T21:44:15.275+0000] {filesystem.py:64} INFO - Poking for file /opt/***/data/data.json
[2024-02-19T21:44:25.291+0000] {base.py:73} INFO - Using connection ID 'fs_default' for task execution.
[2024-02-19T21:44:25.292+0000] {filesystem.py:64} INFO - Poking for file /opt/***/data/data.json
[2024-02-19T21:44:35.315+0000] {base.py:73} INFO - Using connection ID 'fs_default' for task execution.
[2024-02-19T21:44:35.317+0000] {filesystem.py:64} INFO - Poking for file /opt/***/data/data.json
[2024-02-19T21:44:45.332+0000] {base.py:73} INFO - Using connection ID 'fs_default' for task execution.
[2024-02-19T21:44:45.333+0000] {filesystem.py:64} INFO - Poking for file /opt/***/data/data.json
[2024-02-19T21:44:55.357+0000] {base.py:73} INFO - Using connection ID 'fs_default' for task execution.
[2024-02-19T21:44:55.358+0000] {filesystem.py:64} INFO - Poking for file /opt/***/data/data.json
[2024-02-19T21:45:05.377+0000] {base.py:73} INFO - Using connection ID 'fs_default' for task execution.
[2024-02-19T21:45:05.379+0000] {filesystem.py:64} INFO - Poking for file /opt/***/data/data.json
[2024-02-19T21:45:15.410+0000] {base.py:73} INFO - Using connection ID 'fs_default' for task execution.
[2024-02-19T21:45:15.440+0000] {filesystem.py:64} INFO - Poking for file /opt/***/data/data.json
[2024-02-19T21:45:25.477+0000] {base.py:73} INFO - Using connection ID 'fs_default' for task execution.
[2024-02-19T21:45:25.478+0000] {filesystem.py:64} INFO - Poking for file /opt/***/data/data.json
[2024-02-19T21:45:35.500+0000] {base.py:73} INFO - Using connection ID 'fs_default' for task execution.
[2024-02-19T21:45:35.501+0000] {filesystem.py:64} INFO - Poking for file /opt/***/data/data.json
[2024-02-19T21:45:45.523+0000] {base.py:73} INFO - Using connection ID 'fs_default' for task execution.
[2024-02-19T21:45:45.524+0000] {filesystem.py:64} INFO - Poking for file /opt/***/data/data.json
[2024-02-19T21:45:55.543+0000] {base.py:73} INFO - Using connection ID 'fs_default' for task execution.
[2024-02-19T21:45:55.544+0000] {filesystem.py:64} INFO - Poking for file /opt/***/data/data.json
[2024-02-19T21:46:05.566+0000] {base.py:73} INFO - Using connection ID 'fs_default' for task execution.
[2024-02-19T21:46:05.567+0000] {filesystem.py:64} INFO - Poking for file /opt/***/data/data.json
[2024-02-19T21:46:15.595+0000] {base.py:73} INFO - Using connection ID 'fs_default' for task execution.
[2024-02-19T21:46:15.607+0000] {filesystem.py:64} INFO - Poking for file /opt/***/data/data.json
[2024-02-19T21:46:25.626+0000] {base.py:73} INFO - Using connection ID 'fs_default' for task execution.
[2024-02-19T21:46:25.626+0000] {filesystem.py:64} INFO - Poking for file /opt/***/data/data.json
[2024-02-19T21:46:35.653+0000] {base.py:73} INFO - Using connection ID 'fs_default' for task execution.
[2024-02-19T21:46:35.656+0000] {filesystem.py:64} INFO - Poking for file /opt/***/data/data.json
[2024-02-19T21:46:45.682+0000] {base.py:73} INFO - Using connection ID 'fs_default' for task execution.
[2024-02-19T21:46:45.684+0000] {filesystem.py:64} INFO - Poking for file /opt/***/data/data.json
[2024-02-19T21:46:55.699+0000] {base.py:73} INFO - Using connection ID 'fs_default' for task execution.
[2024-02-19T21:46:55.700+0000] {filesystem.py:64} INFO - Poking for file /opt/***/data/data.json
[2024-02-19T21:47:05.726+0000] {base.py:73} INFO - Using connection ID 'fs_default' for task execution.
[2024-02-19T21:47:05.727+0000] {filesystem.py:64} INFO - Poking for file /opt/***/data/data.json
[2024-02-19T21:47:15.751+0000] {base.py:73} INFO - Using connection ID 'fs_default' for task execution.
[2024-02-19T21:47:15.752+0000] {filesystem.py:64} INFO - Poking for file /opt/***/data/data.json
[2024-02-19T21:47:25.769+0000] {base.py:73} INFO - Using connection ID 'fs_default' for task execution.
[2024-02-19T21:47:25.771+0000] {filesystem.py:64} INFO - Poking for file /opt/***/data/data.json
[2024-02-19T21:47:35.788+0000] {base.py:73} INFO - Using connection ID 'fs_default' for task execution.
[2024-02-19T21:47:35.789+0000] {filesystem.py:64} INFO - Poking for file /opt/***/data/data.json
[2024-02-19T21:47:45.815+0000] {base.py:73} INFO - Using connection ID 'fs_default' for task execution.
[2024-02-19T21:47:45.816+0000] {filesystem.py:64} INFO - Poking for file /opt/***/data/data.json
[2024-02-19T21:47:55.837+0000] {base.py:73} INFO - Using connection ID 'fs_default' for task execution.
[2024-02-19T21:47:55.838+0000] {filesystem.py:64} INFO - Poking for file /opt/***/data/data.json
[2024-02-19T21:48:05.858+0000] {base.py:73} INFO - Using connection ID 'fs_default' for task execution.
[2024-02-19T21:48:05.859+0000] {filesystem.py:64} INFO - Poking for file /opt/***/data/data.json
[2024-02-19T21:48:15.890+0000] {base.py:73} INFO - Using connection ID 'fs_default' for task execution.
[2024-02-19T21:48:15.891+0000] {filesystem.py:64} INFO - Poking for file /opt/***/data/data.json
[2024-02-19T21:48:25.917+0000] {base.py:73} INFO - Using connection ID 'fs_default' for task execution.
[2024-02-19T21:48:25.919+0000] {filesystem.py:64} INFO - Poking for file /opt/***/data/data.json
