[2024-02-19T23:10:06.337+0000] {taskinstance.py:1083} INFO - Dependencies all met for <TaskInstance: windturbine.verified_file manual__2024-02-19T21:54:18.255548+00:00 [queued]>
[2024-02-19T23:10:06.387+0000] {taskinstance.py:1083} INFO - Dependencies all met for <TaskInstance: windturbine.verified_file manual__2024-02-19T21:54:18.255548+00:00 [queued]>
[2024-02-19T23:10:06.393+0000] {taskinstance.py:1279} INFO - 
--------------------------------------------------------------------------------
[2024-02-19T23:10:06.409+0000] {taskinstance.py:1280} INFO - Starting attempt 2 of 2
[2024-02-19T23:10:06.410+0000] {taskinstance.py:1281} INFO - 
--------------------------------------------------------------------------------
[2024-02-19T23:10:06.497+0000] {taskinstance.py:1300} INFO - Executing <Task(FileSensor): verified_file> on 2024-02-19 21:54:18.255548+00:00
[2024-02-19T23:10:06.507+0000] {standard_task_runner.py:55} INFO - Started process 121 to run task
[2024-02-19T23:10:06.575+0000] {standard_task_runner.py:82} INFO - Running: ['***', 'tasks', 'run', 'windturbine', 'verified_file', 'manual__2024-02-19T21:54:18.255548+00:00', '--job-id', '340', '--raw', '--subdir', 'DAGS_FOLDER/windturbine.py', '--cfg-path', '/tmp/tmpejuifwz5']
[2024-02-19T23:10:06.579+0000] {standard_task_runner.py:83} INFO - Job 340: Subtask verified_file
[2024-02-19T23:10:07.416+0000] {task_command.py:388} INFO - Running <TaskInstance: windturbine.verified_file manual__2024-02-19T21:54:18.255548+00:00 [running]> on host 6c060d40c228
[2024-02-19T23:10:08.105+0000] {taskinstance.py:1509} INFO - Exporting the following env vars:
AIRFLOW_CTX_DAG_EMAIL=geronimomorais1617@gmail.com
AIRFLOW_CTX_DAG_OWNER=***
AIRFLOW_CTX_DAG_ID=windturbine
AIRFLOW_CTX_TASK_ID=verified_file
AIRFLOW_CTX_EXECUTION_DATE=2024-02-19T21:54:18.255548+00:00
AIRFLOW_CTX_TRY_NUMBER=2
AIRFLOW_CTX_DAG_RUN_ID=manual__2024-02-19T21:54:18.255548+00:00
[2024-02-19T23:10:08.203+0000] {base.py:73} INFO - Using connection ID 'fs_default' for task execution.
[2024-02-19T23:10:08.212+0000] {filesystem.py:64} INFO - Poking for file D:/Github/Projeto_Airflow/***/data
[2024-02-19T23:10:18.237+0000] {base.py:73} INFO - Using connection ID 'fs_default' for task execution.
[2024-02-19T23:10:18.238+0000] {filesystem.py:64} INFO - Poking for file D:/Github/Projeto_Airflow/***/data
[2024-02-19T23:10:28.260+0000] {base.py:73} INFO - Using connection ID 'fs_default' for task execution.
[2024-02-19T23:10:28.261+0000] {filesystem.py:64} INFO - Poking for file D:/Github/Projeto_Airflow/***/data
[2024-02-19T23:10:38.276+0000] {base.py:73} INFO - Using connection ID 'fs_default' for task execution.
[2024-02-19T23:10:38.277+0000] {filesystem.py:64} INFO - Poking for file D:/Github/Projeto_Airflow/***/data
[2024-02-19T23:10:48.299+0000] {base.py:73} INFO - Using connection ID 'fs_default' for task execution.
[2024-02-19T23:10:48.300+0000] {filesystem.py:64} INFO - Poking for file D:/Github/Projeto_Airflow/***/data
[2024-02-19T23:10:58.323+0000] {base.py:73} INFO - Using connection ID 'fs_default' for task execution.
[2024-02-19T23:10:58.324+0000] {filesystem.py:64} INFO - Poking for file D:/Github/Projeto_Airflow/***/data
[2024-02-19T23:11:08.341+0000] {base.py:73} INFO - Using connection ID 'fs_default' for task execution.
[2024-02-19T23:11:08.342+0000] {filesystem.py:64} INFO - Poking for file D:/Github/Projeto_Airflow/***/data
[2024-02-19T23:11:18.360+0000] {base.py:73} INFO - Using connection ID 'fs_default' for task execution.
[2024-02-19T23:11:18.361+0000] {filesystem.py:64} INFO - Poking for file D:/Github/Projeto_Airflow/***/data
[2024-02-19T23:11:28.390+0000] {base.py:73} INFO - Using connection ID 'fs_default' for task execution.
[2024-02-19T23:11:28.391+0000] {filesystem.py:64} INFO - Poking for file D:/Github/Projeto_Airflow/***/data
[2024-02-19T23:11:38.441+0000] {base.py:73} INFO - Using connection ID 'fs_default' for task execution.
[2024-02-19T23:11:38.449+0000] {filesystem.py:64} INFO - Poking for file D:/Github/Projeto_Airflow/***/data
[2024-02-19T23:11:48.491+0000] {base.py:73} INFO - Using connection ID 'fs_default' for task execution.
[2024-02-19T23:11:48.496+0000] {filesystem.py:64} INFO - Poking for file D:/Github/Projeto_Airflow/***/data
[2024-02-19T23:11:58.528+0000] {base.py:73} INFO - Using connection ID 'fs_default' for task execution.
[2024-02-19T23:11:58.531+0000] {filesystem.py:64} INFO - Poking for file D:/Github/Projeto_Airflow/***/data
[2024-02-19T23:12:08.550+0000] {base.py:73} INFO - Using connection ID 'fs_default' for task execution.
[2024-02-19T23:12:08.551+0000] {filesystem.py:64} INFO - Poking for file D:/Github/Projeto_Airflow/***/data
[2024-02-19T23:12:18.577+0000] {base.py:73} INFO - Using connection ID 'fs_default' for task execution.
[2024-02-19T23:12:18.591+0000] {filesystem.py:64} INFO - Poking for file D:/Github/Projeto_Airflow/***/data
[2024-02-19T23:12:28.651+0000] {base.py:73} INFO - Using connection ID 'fs_default' for task execution.
[2024-02-19T23:12:28.659+0000] {filesystem.py:64} INFO - Poking for file D:/Github/Projeto_Airflow/***/data
[2024-02-19T23:12:38.779+0000] {base.py:73} INFO - Using connection ID 'fs_default' for task execution.
[2024-02-19T23:12:38.798+0000] {filesystem.py:64} INFO - Poking for file D:/Github/Projeto_Airflow/***/data
[2024-02-19T23:12:48.866+0000] {base.py:73} INFO - Using connection ID 'fs_default' for task execution.
[2024-02-19T23:12:48.872+0000] {filesystem.py:64} INFO - Poking for file D:/Github/Projeto_Airflow/***/data
[2024-02-19T23:12:58.930+0000] {base.py:73} INFO - Using connection ID 'fs_default' for task execution.
[2024-02-19T23:12:58.939+0000] {filesystem.py:64} INFO - Poking for file D:/Github/Projeto_Airflow/***/data
[2024-02-19T23:13:08.983+0000] {base.py:73} INFO - Using connection ID 'fs_default' for task execution.
[2024-02-19T23:13:08.984+0000] {filesystem.py:64} INFO - Poking for file D:/Github/Projeto_Airflow/***/data
[2024-02-19T23:13:19.010+0000] {base.py:73} INFO - Using connection ID 'fs_default' for task execution.
[2024-02-19T23:13:19.011+0000] {filesystem.py:64} INFO - Poking for file D:/Github/Projeto_Airflow/***/data
[2024-02-19T23:13:29.034+0000] {base.py:73} INFO - Using connection ID 'fs_default' for task execution.
[2024-02-19T23:13:29.036+0000] {filesystem.py:64} INFO - Poking for file D:/Github/Projeto_Airflow/***/data
[2024-02-19T23:13:39.053+0000] {base.py:73} INFO - Using connection ID 'fs_default' for task execution.
[2024-02-19T23:13:39.054+0000] {filesystem.py:64} INFO - Poking for file D:/Github/Projeto_Airflow/***/data
[2024-02-19T23:13:49.085+0000] {base.py:73} INFO - Using connection ID 'fs_default' for task execution.
[2024-02-19T23:13:49.086+0000] {filesystem.py:64} INFO - Poking for file D:/Github/Projeto_Airflow/***/data
[2024-02-19T23:13:59.127+0000] {base.py:73} INFO - Using connection ID 'fs_default' for task execution.
[2024-02-19T23:13:59.158+0000] {filesystem.py:64} INFO - Poking for file D:/Github/Projeto_Airflow/***/data
[2024-02-19T23:14:09.260+0000] {base.py:73} INFO - Using connection ID 'fs_default' for task execution.
[2024-02-19T23:14:09.298+0000] {filesystem.py:64} INFO - Poking for file D:/Github/Projeto_Airflow/***/data
[2024-02-19T23:14:19.337+0000] {base.py:73} INFO - Using connection ID 'fs_default' for task execution.
[2024-02-19T23:14:19.372+0000] {filesystem.py:64} INFO - Poking for file D:/Github/Projeto_Airflow/***/data
[2024-02-19T23:14:29.435+0000] {base.py:73} INFO - Using connection ID 'fs_default' for task execution.
[2024-02-19T23:14:29.443+0000] {filesystem.py:64} INFO - Poking for file D:/Github/Projeto_Airflow/***/data
[2024-02-19T23:14:39.470+0000] {base.py:73} INFO - Using connection ID 'fs_default' for task execution.
[2024-02-19T23:14:39.477+0000] {filesystem.py:64} INFO - Poking for file D:/Github/Projeto_Airflow/***/data
[2024-02-19T23:14:49.537+0000] {base.py:73} INFO - Using connection ID 'fs_default' for task execution.
[2024-02-19T23:14:49.548+0000] {filesystem.py:64} INFO - Poking for file D:/Github/Projeto_Airflow/***/data
[2024-02-19T23:14:59.587+0000] {base.py:73} INFO - Using connection ID 'fs_default' for task execution.
[2024-02-19T23:14:59.592+0000] {filesystem.py:64} INFO - Poking for file D:/Github/Projeto_Airflow/***/data
[2024-02-19T23:15:09.622+0000] {base.py:73} INFO - Using connection ID 'fs_default' for task execution.
[2024-02-19T23:15:09.628+0000] {filesystem.py:64} INFO - Poking for file D:/Github/Projeto_Airflow/***/data
[2024-02-19T23:15:19.663+0000] {base.py:73} INFO - Using connection ID 'fs_default' for task execution.
[2024-02-19T23:15:19.666+0000] {filesystem.py:64} INFO - Poking for file D:/Github/Projeto_Airflow/***/data
[2024-02-19T23:15:29.693+0000] {base.py:73} INFO - Using connection ID 'fs_default' for task execution.
[2024-02-19T23:15:29.694+0000] {filesystem.py:64} INFO - Poking for file D:/Github/Projeto_Airflow/***/data
[2024-02-19T23:15:39.747+0000] {base.py:73} INFO - Using connection ID 'fs_default' for task execution.
[2024-02-19T23:15:39.774+0000] {filesystem.py:64} INFO - Poking for file D:/Github/Projeto_Airflow/***/data
[2024-02-19T23:15:49.816+0000] {base.py:73} INFO - Using connection ID 'fs_default' for task execution.
[2024-02-19T23:15:49.816+0000] {filesystem.py:64} INFO - Poking for file D:/Github/Projeto_Airflow/***/data
[2024-02-19T23:15:59.841+0000] {base.py:73} INFO - Using connection ID 'fs_default' for task execution.
[2024-02-19T23:15:59.842+0000] {filesystem.py:64} INFO - Poking for file D:/Github/Projeto_Airflow/***/data
[2024-02-19T23:16:09.858+0000] {base.py:73} INFO - Using connection ID 'fs_default' for task execution.
[2024-02-19T23:16:09.859+0000] {filesystem.py:64} INFO - Poking for file D:/Github/Projeto_Airflow/***/data
[2024-02-19T23:16:19.879+0000] {base.py:73} INFO - Using connection ID 'fs_default' for task execution.
[2024-02-19T23:16:19.880+0000] {filesystem.py:64} INFO - Poking for file D:/Github/Projeto_Airflow/***/data
[2024-02-19T23:16:29.904+0000] {base.py:73} INFO - Using connection ID 'fs_default' for task execution.
[2024-02-19T23:16:29.905+0000] {filesystem.py:64} INFO - Poking for file D:/Github/Projeto_Airflow/***/data
[2024-02-19T23:16:39.930+0000] {base.py:73} INFO - Using connection ID 'fs_default' for task execution.
[2024-02-19T23:16:39.931+0000] {filesystem.py:64} INFO - Poking for file D:/Github/Projeto_Airflow/***/data
[2024-02-19T23:16:49.946+0000] {base.py:73} INFO - Using connection ID 'fs_default' for task execution.
[2024-02-19T23:16:49.947+0000] {filesystem.py:64} INFO - Poking for file D:/Github/Projeto_Airflow/***/data
[2024-02-19T23:16:59.965+0000] {base.py:73} INFO - Using connection ID 'fs_default' for task execution.
[2024-02-19T23:16:59.966+0000] {filesystem.py:64} INFO - Poking for file D:/Github/Projeto_Airflow/***/data
[2024-02-19T23:17:09.981+0000] {base.py:73} INFO - Using connection ID 'fs_default' for task execution.
[2024-02-19T23:17:09.982+0000] {filesystem.py:64} INFO - Poking for file D:/Github/Projeto_Airflow/***/data
[2024-02-19T23:17:19.992+0000] {base.py:73} INFO - Using connection ID 'fs_default' for task execution.
[2024-02-19T23:17:19.993+0000] {filesystem.py:64} INFO - Poking for file D:/Github/Projeto_Airflow/***/data
[2024-02-19T23:17:30.006+0000] {base.py:73} INFO - Using connection ID 'fs_default' for task execution.
[2024-02-19T23:17:30.007+0000] {filesystem.py:64} INFO - Poking for file D:/Github/Projeto_Airflow/***/data
[2024-02-19T23:17:40.029+0000] {base.py:73} INFO - Using connection ID 'fs_default' for task execution.
[2024-02-19T23:17:40.030+0000] {filesystem.py:64} INFO - Poking for file D:/Github/Projeto_Airflow/***/data
[2024-02-19T23:17:50.049+0000] {base.py:73} INFO - Using connection ID 'fs_default' for task execution.
[2024-02-19T23:17:50.050+0000] {filesystem.py:64} INFO - Poking for file D:/Github/Projeto_Airflow/***/data
[2024-02-19T23:18:00.068+0000] {base.py:73} INFO - Using connection ID 'fs_default' for task execution.
[2024-02-19T23:18:00.069+0000] {filesystem.py:64} INFO - Poking for file D:/Github/Projeto_Airflow/***/data
[2024-02-19T23:18:10.081+0000] {base.py:73} INFO - Using connection ID 'fs_default' for task execution.
[2024-02-19T23:18:10.082+0000] {filesystem.py:64} INFO - Poking for file D:/Github/Projeto_Airflow/***/data
[2024-02-19T23:18:20.101+0000] {base.py:73} INFO - Using connection ID 'fs_default' for task execution.
[2024-02-19T23:18:20.102+0000] {filesystem.py:64} INFO - Poking for file D:/Github/Projeto_Airflow/***/data
[2024-02-19T23:18:30.137+0000] {base.py:73} INFO - Using connection ID 'fs_default' for task execution.
[2024-02-19T23:18:30.143+0000] {filesystem.py:64} INFO - Poking for file D:/Github/Projeto_Airflow/***/data
