[2024-02-19T21:51:10.434+0000] {taskinstance.py:1083} INFO - Dependencies all met for <TaskInstance: windturbine.verified_file scheduled__2024-02-19T21:48:00+00:00 [queued]>
[2024-02-19T21:51:10.538+0000] {taskinstance.py:1083} INFO - Dependencies all met for <TaskInstance: windturbine.verified_file scheduled__2024-02-19T21:48:00+00:00 [queued]>
[2024-02-19T21:51:10.541+0000] {taskinstance.py:1279} INFO - 
--------------------------------------------------------------------------------
[2024-02-19T21:51:10.542+0000] {taskinstance.py:1280} INFO - Starting attempt 1 of 2
[2024-02-19T21:51:10.544+0000] {taskinstance.py:1281} INFO - 
--------------------------------------------------------------------------------
[2024-02-19T21:51:10.722+0000] {taskinstance.py:1300} INFO - Executing <Task(FileSensor): verified_file> on 2024-02-19 21:48:00+00:00
[2024-02-19T21:51:10.755+0000] {standard_task_runner.py:55} INFO - Started process 129 to run task
[2024-02-19T21:51:10.857+0000] {standard_task_runner.py:82} INFO - Running: ['***', 'tasks', 'run', 'windturbine', 'verified_file', 'scheduled__2024-02-19T21:48:00+00:00', '--job-id', '318', '--raw', '--subdir', 'DAGS_FOLDER/windturbine.py', '--cfg-path', '/tmp/tmp8_1hb0f3']
[2024-02-19T21:51:10.867+0000] {standard_task_runner.py:83} INFO - Job 318: Subtask verified_file
[2024-02-19T21:51:11.722+0000] {task_command.py:388} INFO - Running <TaskInstance: windturbine.verified_file scheduled__2024-02-19T21:48:00+00:00 [running]> on host 425a6ccfa80e
[2024-02-19T21:51:12.825+0000] {taskinstance.py:1509} INFO - Exporting the following env vars:
AIRFLOW_CTX_DAG_EMAIL=geronimomorais1617@gmail.com
AIRFLOW_CTX_DAG_OWNER=***
AIRFLOW_CTX_DAG_ID=windturbine
AIRFLOW_CTX_TASK_ID=verified_file
AIRFLOW_CTX_EXECUTION_DATE=2024-02-19T21:48:00+00:00
AIRFLOW_CTX_TRY_NUMBER=1
AIRFLOW_CTX_DAG_RUN_ID=scheduled__2024-02-19T21:48:00+00:00
[2024-02-19T21:51:12.908+0000] {base.py:73} INFO - Using connection ID 'fs_default' for task execution.
[2024-02-19T21:51:12.914+0000] {filesystem.py:64} INFO - Poking for file C:/Users/geron/Documents/dados/dados.json
[2024-02-19T21:51:22.903+0000] {base.py:73} INFO - Using connection ID 'fs_default' for task execution.
[2024-02-19T21:51:22.904+0000] {filesystem.py:64} INFO - Poking for file C:/Users/geron/Documents/dados/dados.json
[2024-02-19T21:51:32.933+0000] {base.py:73} INFO - Using connection ID 'fs_default' for task execution.
[2024-02-19T21:51:32.934+0000] {filesystem.py:64} INFO - Poking for file C:/Users/geron/Documents/dados/dados.json
[2024-02-19T21:51:42.950+0000] {base.py:73} INFO - Using connection ID 'fs_default' for task execution.
[2024-02-19T21:51:42.951+0000] {filesystem.py:64} INFO - Poking for file C:/Users/geron/Documents/dados/dados.json
[2024-02-19T21:51:53.022+0000] {base.py:73} INFO - Using connection ID 'fs_default' for task execution.
[2024-02-19T21:51:53.024+0000] {filesystem.py:64} INFO - Poking for file C:/Users/geron/Documents/dados/dados.json
[2024-02-19T21:52:03.037+0000] {base.py:73} INFO - Using connection ID 'fs_default' for task execution.
[2024-02-19T21:52:03.038+0000] {filesystem.py:64} INFO - Poking for file C:/Users/geron/Documents/dados/dados.json
[2024-02-19T21:52:13.062+0000] {base.py:73} INFO - Using connection ID 'fs_default' for task execution.
[2024-02-19T21:52:13.064+0000] {filesystem.py:64} INFO - Poking for file C:/Users/geron/Documents/dados/dados.json
[2024-02-19T21:52:23.084+0000] {base.py:73} INFO - Using connection ID 'fs_default' for task execution.
[2024-02-19T21:52:23.086+0000] {filesystem.py:64} INFO - Poking for file C:/Users/geron/Documents/dados/dados.json
[2024-02-19T21:52:33.124+0000] {base.py:73} INFO - Using connection ID 'fs_default' for task execution.
[2024-02-19T21:52:33.125+0000] {filesystem.py:64} INFO - Poking for file C:/Users/geron/Documents/dados/dados.json
[2024-02-19T21:52:43.159+0000] {base.py:73} INFO - Using connection ID 'fs_default' for task execution.
[2024-02-19T21:52:43.165+0000] {filesystem.py:64} INFO - Poking for file C:/Users/geron/Documents/dados/dados.json
[2024-02-19T21:52:53.214+0000] {base.py:73} INFO - Using connection ID 'fs_default' for task execution.
[2024-02-19T21:52:53.225+0000] {filesystem.py:64} INFO - Poking for file C:/Users/geron/Documents/dados/dados.json
[2024-02-19T21:53:03.280+0000] {base.py:73} INFO - Using connection ID 'fs_default' for task execution.
[2024-02-19T21:53:03.292+0000] {filesystem.py:64} INFO - Poking for file C:/Users/geron/Documents/dados/dados.json
[2024-02-19T21:53:13.339+0000] {base.py:73} INFO - Using connection ID 'fs_default' for task execution.
[2024-02-19T21:53:13.349+0000] {filesystem.py:64} INFO - Poking for file C:/Users/geron/Documents/dados/dados.json
[2024-02-19T21:53:23.383+0000] {base.py:73} INFO - Using connection ID 'fs_default' for task execution.
[2024-02-19T21:53:23.398+0000] {filesystem.py:64} INFO - Poking for file C:/Users/geron/Documents/dados/dados.json
[2024-02-19T21:53:33.448+0000] {base.py:73} INFO - Using connection ID 'fs_default' for task execution.
[2024-02-19T21:53:33.476+0000] {filesystem.py:64} INFO - Poking for file C:/Users/geron/Documents/dados/dados.json
[2024-02-19T21:53:43.538+0000] {base.py:73} INFO - Using connection ID 'fs_default' for task execution.
[2024-02-19T21:53:43.548+0000] {filesystem.py:64} INFO - Poking for file C:/Users/geron/Documents/dados/dados.json
[2024-02-19T21:53:53.695+0000] {base.py:73} INFO - Using connection ID 'fs_default' for task execution.
[2024-02-19T21:53:53.779+0000] {filesystem.py:64} INFO - Poking for file C:/Users/geron/Documents/dados/dados.json
[2024-02-19T21:54:03.821+0000] {base.py:73} INFO - Using connection ID 'fs_default' for task execution.
[2024-02-19T21:54:03.825+0000] {filesystem.py:64} INFO - Poking for file C:/Users/geron/Documents/dados/dados.json
[2024-02-19T21:54:13.872+0000] {base.py:73} INFO - Using connection ID 'fs_default' for task execution.
[2024-02-19T21:54:13.874+0000] {filesystem.py:64} INFO - Poking for file C:/Users/geron/Documents/dados/dados.json
[2024-02-19T21:54:23.939+0000] {base.py:73} INFO - Using connection ID 'fs_default' for task execution.
[2024-02-19T21:54:23.997+0000] {filesystem.py:64} INFO - Poking for file C:/Users/geron/Documents/dados/dados.json
[2024-02-19T21:54:34.054+0000] {base.py:73} INFO - Using connection ID 'fs_default' for task execution.
[2024-02-19T21:54:34.061+0000] {filesystem.py:64} INFO - Poking for file C:/Users/geron/Documents/dados/dados.json
[2024-02-19T21:54:44.100+0000] {base.py:73} INFO - Using connection ID 'fs_default' for task execution.
[2024-02-19T21:54:44.102+0000] {filesystem.py:64} INFO - Poking for file C:/Users/geron/Documents/dados/dados.json
[2024-02-19T21:54:54.129+0000] {base.py:73} INFO - Using connection ID 'fs_default' for task execution.
[2024-02-19T21:54:54.131+0000] {filesystem.py:64} INFO - Poking for file C:/Users/geron/Documents/dados/dados.json
[2024-02-19T21:55:04.166+0000] {base.py:73} INFO - Using connection ID 'fs_default' for task execution.
[2024-02-19T21:55:04.179+0000] {filesystem.py:64} INFO - Poking for file C:/Users/geron/Documents/dados/dados.json
[2024-02-19T21:55:14.203+0000] {base.py:73} INFO - Using connection ID 'fs_default' for task execution.
[2024-02-19T21:55:14.218+0000] {filesystem.py:64} INFO - Poking for file C:/Users/geron/Documents/dados/dados.json
[2024-02-19T21:55:24.258+0000] {base.py:73} INFO - Using connection ID 'fs_default' for task execution.
[2024-02-19T21:55:24.264+0000] {filesystem.py:64} INFO - Poking for file C:/Users/geron/Documents/dados/dados.json
[2024-02-19T21:55:34.301+0000] {base.py:73} INFO - Using connection ID 'fs_default' for task execution.
[2024-02-19T21:55:34.309+0000] {filesystem.py:64} INFO - Poking for file C:/Users/geron/Documents/dados/dados.json
[2024-02-19T21:55:44.336+0000] {base.py:73} INFO - Using connection ID 'fs_default' for task execution.
[2024-02-19T21:55:44.338+0000] {filesystem.py:64} INFO - Poking for file C:/Users/geron/Documents/dados/dados.json
[2024-02-19T21:55:54.386+0000] {base.py:73} INFO - Using connection ID 'fs_default' for task execution.
[2024-02-19T21:55:54.396+0000] {filesystem.py:64} INFO - Poking for file C:/Users/geron/Documents/dados/dados.json
[2024-02-19T21:56:04.423+0000] {base.py:73} INFO - Using connection ID 'fs_default' for task execution.
[2024-02-19T21:56:04.424+0000] {filesystem.py:64} INFO - Poking for file C:/Users/geron/Documents/dados/dados.json
[2024-02-19T21:56:14.456+0000] {base.py:73} INFO - Using connection ID 'fs_default' for task execution.
[2024-02-19T21:56:14.458+0000] {filesystem.py:64} INFO - Poking for file C:/Users/geron/Documents/dados/dados.json
[2024-02-19T21:56:24.478+0000] {base.py:73} INFO - Using connection ID 'fs_default' for task execution.
[2024-02-19T21:56:24.479+0000] {filesystem.py:64} INFO - Poking for file C:/Users/geron/Documents/dados/dados.json
[2024-02-19T21:56:34.510+0000] {base.py:73} INFO - Using connection ID 'fs_default' for task execution.
[2024-02-19T21:56:34.514+0000] {filesystem.py:64} INFO - Poking for file C:/Users/geron/Documents/dados/dados.json
[2024-02-19T21:56:44.526+0000] {base.py:73} INFO - Using connection ID 'fs_default' for task execution.
[2024-02-19T21:56:44.527+0000] {filesystem.py:64} INFO - Poking for file C:/Users/geron/Documents/dados/dados.json
[2024-02-19T21:56:54.554+0000] {base.py:73} INFO - Using connection ID 'fs_default' for task execution.
[2024-02-19T21:56:54.556+0000] {filesystem.py:64} INFO - Poking for file C:/Users/geron/Documents/dados/dados.json
[2024-02-19T21:57:04.578+0000] {base.py:73} INFO - Using connection ID 'fs_default' for task execution.
[2024-02-19T21:57:04.579+0000] {filesystem.py:64} INFO - Poking for file C:/Users/geron/Documents/dados/dados.json
[2024-02-19T21:57:14.604+0000] {base.py:73} INFO - Using connection ID 'fs_default' for task execution.
[2024-02-19T21:57:14.605+0000] {filesystem.py:64} INFO - Poking for file C:/Users/geron/Documents/dados/dados.json
[2024-02-19T21:57:24.630+0000] {base.py:73} INFO - Using connection ID 'fs_default' for task execution.
[2024-02-19T21:57:24.632+0000] {filesystem.py:64} INFO - Poking for file C:/Users/geron/Documents/dados/dados.json
[2024-02-19T21:57:34.652+0000] {base.py:73} INFO - Using connection ID 'fs_default' for task execution.
[2024-02-19T21:57:34.653+0000] {filesystem.py:64} INFO - Poking for file C:/Users/geron/Documents/dados/dados.json
[2024-02-19T21:57:44.674+0000] {base.py:73} INFO - Using connection ID 'fs_default' for task execution.
[2024-02-19T21:57:44.676+0000] {filesystem.py:64} INFO - Poking for file C:/Users/geron/Documents/dados/dados.json
[2024-02-19T21:57:54.699+0000] {base.py:73} INFO - Using connection ID 'fs_default' for task execution.
[2024-02-19T21:57:54.701+0000] {filesystem.py:64} INFO - Poking for file C:/Users/geron/Documents/dados/dados.json
[2024-02-19T21:58:04.719+0000] {base.py:73} INFO - Using connection ID 'fs_default' for task execution.
[2024-02-19T21:58:04.720+0000] {filesystem.py:64} INFO - Poking for file C:/Users/geron/Documents/dados/dados.json
[2024-02-19T21:58:14.752+0000] {base.py:73} INFO - Using connection ID 'fs_default' for task execution.
[2024-02-19T21:58:14.755+0000] {filesystem.py:64} INFO - Poking for file C:/Users/geron/Documents/dados/dados.json
[2024-02-19T21:58:24.776+0000] {base.py:73} INFO - Using connection ID 'fs_default' for task execution.
[2024-02-19T21:58:24.778+0000] {filesystem.py:64} INFO - Poking for file C:/Users/geron/Documents/dados/dados.json
[2024-02-19T21:58:34.798+0000] {base.py:73} INFO - Using connection ID 'fs_default' for task execution.
[2024-02-19T21:58:34.799+0000] {filesystem.py:64} INFO - Poking for file C:/Users/geron/Documents/dados/dados.json
[2024-02-19T21:58:44.820+0000] {base.py:73} INFO - Using connection ID 'fs_default' for task execution.
[2024-02-19T21:58:44.821+0000] {filesystem.py:64} INFO - Poking for file C:/Users/geron/Documents/dados/dados.json
[2024-02-19T21:58:54.843+0000] {base.py:73} INFO - Using connection ID 'fs_default' for task execution.
[2024-02-19T21:58:54.844+0000] {filesystem.py:64} INFO - Poking for file C:/Users/geron/Documents/dados/dados.json
[2024-02-19T21:59:04.866+0000] {base.py:73} INFO - Using connection ID 'fs_default' for task execution.
[2024-02-19T21:59:04.867+0000] {filesystem.py:64} INFO - Poking for file C:/Users/geron/Documents/dados/dados.json
[2024-02-19T21:59:14.896+0000] {base.py:73} INFO - Using connection ID 'fs_default' for task execution.
[2024-02-19T21:59:14.898+0000] {filesystem.py:64} INFO - Poking for file C:/Users/geron/Documents/dados/dados.json
[2024-02-19T21:59:24.928+0000] {base.py:73} INFO - Using connection ID 'fs_default' for task execution.
[2024-02-19T21:59:24.932+0000] {filesystem.py:64} INFO - Poking for file C:/Users/geron/Documents/dados/dados.json
[2024-02-19T21:59:34.959+0000] {base.py:73} INFO - Using connection ID 'fs_default' for task execution.
[2024-02-19T21:59:34.961+0000] {filesystem.py:64} INFO - Poking for file C:/Users/geron/Documents/dados/dados.json
[2024-02-19T21:59:44.989+0000] {base.py:73} INFO - Using connection ID 'fs_default' for task execution.
[2024-02-19T21:59:44.990+0000] {filesystem.py:64} INFO - Poking for file C:/Users/geron/Documents/dados/dados.json
[2024-02-19T21:59:55.004+0000] {base.py:73} INFO - Using connection ID 'fs_default' for task execution.
[2024-02-19T21:59:55.005+0000] {filesystem.py:64} INFO - Poking for file C:/Users/geron/Documents/dados/dados.json
[2024-02-19T22:00:05.031+0000] {base.py:73} INFO - Using connection ID 'fs_default' for task execution.
[2024-02-19T22:00:05.032+0000] {filesystem.py:64} INFO - Poking for file C:/Users/geron/Documents/dados/dados.json
[2024-02-19T22:00:15.052+0000] {base.py:73} INFO - Using connection ID 'fs_default' for task execution.
[2024-02-19T22:00:15.053+0000] {filesystem.py:64} INFO - Poking for file C:/Users/geron/Documents/dados/dados.json
[2024-02-19T22:00:25.076+0000] {base.py:73} INFO - Using connection ID 'fs_default' for task execution.
[2024-02-19T22:00:25.077+0000] {filesystem.py:64} INFO - Poking for file C:/Users/geron/Documents/dados/dados.json
[2024-02-19T22:00:35.098+0000] {base.py:73} INFO - Using connection ID 'fs_default' for task execution.
[2024-02-19T22:00:35.099+0000] {filesystem.py:64} INFO - Poking for file C:/Users/geron/Documents/dados/dados.json
[2024-02-19T22:00:45.122+0000] {base.py:73} INFO - Using connection ID 'fs_default' for task execution.
[2024-02-19T22:00:45.123+0000] {filesystem.py:64} INFO - Poking for file C:/Users/geron/Documents/dados/dados.json
[2024-02-19T22:00:55.142+0000] {base.py:73} INFO - Using connection ID 'fs_default' for task execution.
[2024-02-19T22:00:55.143+0000] {filesystem.py:64} INFO - Poking for file C:/Users/geron/Documents/dados/dados.json
[2024-02-19T22:01:05.158+0000] {base.py:73} INFO - Using connection ID 'fs_default' for task execution.
[2024-02-19T22:01:05.159+0000] {filesystem.py:64} INFO - Poking for file C:/Users/geron/Documents/dados/dados.json
[2024-02-19T22:01:15.184+0000] {base.py:73} INFO - Using connection ID 'fs_default' for task execution.
[2024-02-19T22:01:15.187+0000] {filesystem.py:64} INFO - Poking for file C:/Users/geron/Documents/dados/dados.json
[2024-02-19T22:01:25.204+0000] {base.py:73} INFO - Using connection ID 'fs_default' for task execution.
[2024-02-19T22:01:25.205+0000] {filesystem.py:64} INFO - Poking for file C:/Users/geron/Documents/dados/dados.json
[2024-02-19T22:01:35.229+0000] {base.py:73} INFO - Using connection ID 'fs_default' for task execution.
[2024-02-19T22:01:35.230+0000] {filesystem.py:64} INFO - Poking for file C:/Users/geron/Documents/dados/dados.json
[2024-02-19T22:01:45.253+0000] {base.py:73} INFO - Using connection ID 'fs_default' for task execution.
[2024-02-19T22:01:45.254+0000] {filesystem.py:64} INFO - Poking for file C:/Users/geron/Documents/dados/dados.json
[2024-02-19T22:01:55.273+0000] {base.py:73} INFO - Using connection ID 'fs_default' for task execution.
[2024-02-19T22:01:55.274+0000] {filesystem.py:64} INFO - Poking for file C:/Users/geron/Documents/dados/dados.json
[2024-02-19T22:02:05.294+0000] {base.py:73} INFO - Using connection ID 'fs_default' for task execution.
[2024-02-19T22:02:05.295+0000] {filesystem.py:64} INFO - Poking for file C:/Users/geron/Documents/dados/dados.json
[2024-02-19T22:02:15.312+0000] {base.py:73} INFO - Using connection ID 'fs_default' for task execution.
[2024-02-19T22:02:15.313+0000] {filesystem.py:64} INFO - Poking for file C:/Users/geron/Documents/dados/dados.json
[2024-02-19T22:02:25.331+0000] {base.py:73} INFO - Using connection ID 'fs_default' for task execution.
[2024-02-19T22:02:25.332+0000] {filesystem.py:64} INFO - Poking for file C:/Users/geron/Documents/dados/dados.json
[2024-02-19T22:02:35.358+0000] {base.py:73} INFO - Using connection ID 'fs_default' for task execution.
[2024-02-19T22:02:35.360+0000] {filesystem.py:64} INFO - Poking for file C:/Users/geron/Documents/dados/dados.json
[2024-02-19T22:02:45.380+0000] {base.py:73} INFO - Using connection ID 'fs_default' for task execution.
[2024-02-19T22:02:45.381+0000] {filesystem.py:64} INFO - Poking for file C:/Users/geron/Documents/dados/dados.json
[2024-02-19T22:02:55.397+0000] {base.py:73} INFO - Using connection ID 'fs_default' for task execution.
[2024-02-19T22:02:55.398+0000] {filesystem.py:64} INFO - Poking for file C:/Users/geron/Documents/dados/dados.json
[2024-02-19T22:03:05.422+0000] {base.py:73} INFO - Using connection ID 'fs_default' for task execution.
[2024-02-19T22:03:05.424+0000] {filesystem.py:64} INFO - Poking for file C:/Users/geron/Documents/dados/dados.json
[2024-02-19T22:03:15.446+0000] {base.py:73} INFO - Using connection ID 'fs_default' for task execution.
[2024-02-19T22:03:15.447+0000] {filesystem.py:64} INFO - Poking for file C:/Users/geron/Documents/dados/dados.json
[2024-02-19T22:03:25.466+0000] {base.py:73} INFO - Using connection ID 'fs_default' for task execution.
[2024-02-19T22:03:25.467+0000] {filesystem.py:64} INFO - Poking for file C:/Users/geron/Documents/dados/dados.json
[2024-02-19T22:03:35.487+0000] {base.py:73} INFO - Using connection ID 'fs_default' for task execution.
[2024-02-19T22:03:35.488+0000] {filesystem.py:64} INFO - Poking for file C:/Users/geron/Documents/dados/dados.json
[2024-02-19T22:03:45.508+0000] {base.py:73} INFO - Using connection ID 'fs_default' for task execution.
[2024-02-19T22:03:45.509+0000] {filesystem.py:64} INFO - Poking for file C:/Users/geron/Documents/dados/dados.json
[2024-02-19T22:03:55.556+0000] {base.py:73} INFO - Using connection ID 'fs_default' for task execution.
[2024-02-19T22:03:55.558+0000] {filesystem.py:64} INFO - Poking for file C:/Users/geron/Documents/dados/dados.json
[2024-02-19T22:04:05.575+0000] {base.py:73} INFO - Using connection ID 'fs_default' for task execution.
[2024-02-19T22:04:05.576+0000] {filesystem.py:64} INFO - Poking for file C:/Users/geron/Documents/dados/dados.json
[2024-02-19T22:04:15.611+0000] {base.py:73} INFO - Using connection ID 'fs_default' for task execution.
[2024-02-19T22:04:15.613+0000] {filesystem.py:64} INFO - Poking for file C:/Users/geron/Documents/dados/dados.json
[2024-02-19T22:04:25.631+0000] {base.py:73} INFO - Using connection ID 'fs_default' for task execution.
[2024-02-19T22:04:25.632+0000] {filesystem.py:64} INFO - Poking for file C:/Users/geron/Documents/dados/dados.json
[2024-02-19T22:04:35.655+0000] {base.py:73} INFO - Using connection ID 'fs_default' for task execution.
[2024-02-19T22:04:35.656+0000] {filesystem.py:64} INFO - Poking for file C:/Users/geron/Documents/dados/dados.json
[2024-02-19T22:04:45.681+0000] {base.py:73} INFO - Using connection ID 'fs_default' for task execution.
[2024-02-19T22:04:45.682+0000] {filesystem.py:64} INFO - Poking for file C:/Users/geron/Documents/dados/dados.json
[2024-02-19T22:04:55.706+0000] {base.py:73} INFO - Using connection ID 'fs_default' for task execution.
[2024-02-19T22:04:55.707+0000] {filesystem.py:64} INFO - Poking for file C:/Users/geron/Documents/dados/dados.json
[2024-02-19T22:05:05.729+0000] {base.py:73} INFO - Using connection ID 'fs_default' for task execution.
[2024-02-19T22:05:05.730+0000] {filesystem.py:64} INFO - Poking for file C:/Users/geron/Documents/dados/dados.json
[2024-02-19T22:05:15.751+0000] {base.py:73} INFO - Using connection ID 'fs_default' for task execution.
[2024-02-19T22:05:15.752+0000] {filesystem.py:64} INFO - Poking for file C:/Users/geron/Documents/dados/dados.json
[2024-02-19T22:05:25.780+0000] {base.py:73} INFO - Using connection ID 'fs_default' for task execution.
[2024-02-19T22:05:25.782+0000] {filesystem.py:64} INFO - Poking for file C:/Users/geron/Documents/dados/dados.json
[2024-02-19T22:05:35.800+0000] {base.py:73} INFO - Using connection ID 'fs_default' for task execution.
[2024-02-19T22:05:35.801+0000] {filesystem.py:64} INFO - Poking for file C:/Users/geron/Documents/dados/dados.json
[2024-02-19T22:05:45.827+0000] {base.py:73} INFO - Using connection ID 'fs_default' for task execution.
[2024-02-19T22:05:45.831+0000] {filesystem.py:64} INFO - Poking for file C:/Users/geron/Documents/dados/dados.json
[2024-02-19T22:05:55.853+0000] {base.py:73} INFO - Using connection ID 'fs_default' for task execution.
[2024-02-19T22:05:55.854+0000] {filesystem.py:64} INFO - Poking for file C:/Users/geron/Documents/dados/dados.json
[2024-02-19T22:06:05.880+0000] {base.py:73} INFO - Using connection ID 'fs_default' for task execution.
[2024-02-19T22:06:05.881+0000] {filesystem.py:64} INFO - Poking for file C:/Users/geron/Documents/dados/dados.json
[2024-02-19T22:06:15.900+0000] {base.py:73} INFO - Using connection ID 'fs_default' for task execution.
[2024-02-19T22:06:15.901+0000] {filesystem.py:64} INFO - Poking for file C:/Users/geron/Documents/dados/dados.json
[2024-02-19T22:06:25.918+0000] {base.py:73} INFO - Using connection ID 'fs_default' for task execution.
[2024-02-19T22:06:25.918+0000] {filesystem.py:64} INFO - Poking for file C:/Users/geron/Documents/dados/dados.json
[2024-02-19T22:06:35.941+0000] {base.py:73} INFO - Using connection ID 'fs_default' for task execution.
[2024-02-19T22:06:35.942+0000] {filesystem.py:64} INFO - Poking for file C:/Users/geron/Documents/dados/dados.json
[2024-02-19T22:06:45.960+0000] {base.py:73} INFO - Using connection ID 'fs_default' for task execution.
[2024-02-19T22:06:45.962+0000] {filesystem.py:64} INFO - Poking for file C:/Users/geron/Documents/dados/dados.json
[2024-02-19T22:06:55.993+0000] {base.py:73} INFO - Using connection ID 'fs_default' for task execution.
[2024-02-19T22:06:55.995+0000] {filesystem.py:64} INFO - Poking for file C:/Users/geron/Documents/dados/dados.json
[2024-02-19T22:07:06.021+0000] {base.py:73} INFO - Using connection ID 'fs_default' for task execution.
[2024-02-19T22:07:06.022+0000] {filesystem.py:64} INFO - Poking for file C:/Users/geron/Documents/dados/dados.json
[2024-02-19T22:07:16.051+0000] {base.py:73} INFO - Using connection ID 'fs_default' for task execution.
[2024-02-19T22:07:16.052+0000] {filesystem.py:64} INFO - Poking for file C:/Users/geron/Documents/dados/dados.json
[2024-02-19T22:07:26.075+0000] {base.py:73} INFO - Using connection ID 'fs_default' for task execution.
[2024-02-19T22:07:26.078+0000] {filesystem.py:64} INFO - Poking for file C:/Users/geron/Documents/dados/dados.json
[2024-02-19T22:07:36.096+0000] {base.py:73} INFO - Using connection ID 'fs_default' for task execution.
[2024-02-19T22:07:36.097+0000] {filesystem.py:64} INFO - Poking for file C:/Users/geron/Documents/dados/dados.json
[2024-02-19T22:07:46.117+0000] {base.py:73} INFO - Using connection ID 'fs_default' for task execution.
[2024-02-19T22:07:46.119+0000] {filesystem.py:64} INFO - Poking for file C:/Users/geron/Documents/dados/dados.json
[2024-02-19T22:07:56.132+0000] {base.py:73} INFO - Using connection ID 'fs_default' for task execution.
[2024-02-19T22:07:56.133+0000] {filesystem.py:64} INFO - Poking for file C:/Users/geron/Documents/dados/dados.json
[2024-02-19T22:08:06.158+0000] {base.py:73} INFO - Using connection ID 'fs_default' for task execution.
[2024-02-19T22:08:06.160+0000] {filesystem.py:64} INFO - Poking for file C:/Users/geron/Documents/dados/dados.json
[2024-02-19T22:08:16.179+0000] {base.py:73} INFO - Using connection ID 'fs_default' for task execution.
[2024-02-19T22:08:16.180+0000] {filesystem.py:64} INFO - Poking for file C:/Users/geron/Documents/dados/dados.json
[2024-02-19T22:08:26.210+0000] {base.py:73} INFO - Using connection ID 'fs_default' for task execution.
[2024-02-19T22:08:26.211+0000] {filesystem.py:64} INFO - Poking for file C:/Users/geron/Documents/dados/dados.json
[2024-02-19T22:08:36.236+0000] {base.py:73} INFO - Using connection ID 'fs_default' for task execution.
[2024-02-19T22:08:36.237+0000] {filesystem.py:64} INFO - Poking for file C:/Users/geron/Documents/dados/dados.json
[2024-02-19T22:08:46.254+0000] {base.py:73} INFO - Using connection ID 'fs_default' for task execution.
[2024-02-19T22:08:46.255+0000] {filesystem.py:64} INFO - Poking for file C:/Users/geron/Documents/dados/dados.json
[2024-02-19T22:08:56.272+0000] {base.py:73} INFO - Using connection ID 'fs_default' for task execution.
[2024-02-19T22:08:56.273+0000] {filesystem.py:64} INFO - Poking for file C:/Users/geron/Documents/dados/dados.json
[2024-02-19T22:09:06.298+0000] {base.py:73} INFO - Using connection ID 'fs_default' for task execution.
[2024-02-19T22:09:06.306+0000] {filesystem.py:64} INFO - Poking for file C:/Users/geron/Documents/dados/dados.json
[2024-02-19T22:09:16.344+0000] {base.py:73} INFO - Using connection ID 'fs_default' for task execution.
[2024-02-19T22:09:16.346+0000] {filesystem.py:64} INFO - Poking for file C:/Users/geron/Documents/dados/dados.json
[2024-02-19T22:09:26.370+0000] {base.py:73} INFO - Using connection ID 'fs_default' for task execution.
[2024-02-19T22:09:26.371+0000] {filesystem.py:64} INFO - Poking for file C:/Users/geron/Documents/dados/dados.json
[2024-02-19T22:09:36.399+0000] {base.py:73} INFO - Using connection ID 'fs_default' for task execution.
[2024-02-19T22:09:36.400+0000] {filesystem.py:64} INFO - Poking for file C:/Users/geron/Documents/dados/dados.json
[2024-02-19T22:09:46.420+0000] {base.py:73} INFO - Using connection ID 'fs_default' for task execution.
[2024-02-19T22:09:46.421+0000] {filesystem.py:64} INFO - Poking for file C:/Users/geron/Documents/dados/dados.json
[2024-02-19T22:09:56.458+0000] {base.py:73} INFO - Using connection ID 'fs_default' for task execution.
[2024-02-19T22:09:56.460+0000] {filesystem.py:64} INFO - Poking for file C:/Users/geron/Documents/dados/dados.json
[2024-02-19T22:10:06.479+0000] {base.py:73} INFO - Using connection ID 'fs_default' for task execution.
[2024-02-19T22:10:06.480+0000] {filesystem.py:64} INFO - Poking for file C:/Users/geron/Documents/dados/dados.json
[2024-02-19T22:10:16.508+0000] {base.py:73} INFO - Using connection ID 'fs_default' for task execution.
[2024-02-19T22:10:16.510+0000] {filesystem.py:64} INFO - Poking for file C:/Users/geron/Documents/dados/dados.json
[2024-02-19T22:10:26.527+0000] {base.py:73} INFO - Using connection ID 'fs_default' for task execution.
[2024-02-19T22:10:26.528+0000] {filesystem.py:64} INFO - Poking for file C:/Users/geron/Documents/dados/dados.json
[2024-02-19T22:10:36.549+0000] {base.py:73} INFO - Using connection ID 'fs_default' for task execution.
[2024-02-19T22:10:36.550+0000] {filesystem.py:64} INFO - Poking for file C:/Users/geron/Documents/dados/dados.json
[2024-02-19T22:10:46.570+0000] {base.py:73} INFO - Using connection ID 'fs_default' for task execution.
[2024-02-19T22:10:46.571+0000] {filesystem.py:64} INFO - Poking for file C:/Users/geron/Documents/dados/dados.json
[2024-02-19T22:10:56.589+0000] {base.py:73} INFO - Using connection ID 'fs_default' for task execution.
[2024-02-19T22:10:56.590+0000] {filesystem.py:64} INFO - Poking for file C:/Users/geron/Documents/dados/dados.json
[2024-02-19T22:11:06.612+0000] {base.py:73} INFO - Using connection ID 'fs_default' for task execution.
[2024-02-19T22:11:06.613+0000] {filesystem.py:64} INFO - Poking for file C:/Users/geron/Documents/dados/dados.json
[2024-02-19T22:11:16.627+0000] {base.py:73} INFO - Using connection ID 'fs_default' for task execution.
[2024-02-19T22:11:16.628+0000] {filesystem.py:64} INFO - Poking for file C:/Users/geron/Documents/dados/dados.json
[2024-02-19T22:11:26.652+0000] {base.py:73} INFO - Using connection ID 'fs_default' for task execution.
[2024-02-19T22:11:26.653+0000] {filesystem.py:64} INFO - Poking for file C:/Users/geron/Documents/dados/dados.json
[2024-02-19T22:11:36.676+0000] {base.py:73} INFO - Using connection ID 'fs_default' for task execution.
[2024-02-19T22:11:36.677+0000] {filesystem.py:64} INFO - Poking for file C:/Users/geron/Documents/dados/dados.json
[2024-02-19T22:11:46.700+0000] {base.py:73} INFO - Using connection ID 'fs_default' for task execution.
[2024-02-19T22:11:46.701+0000] {filesystem.py:64} INFO - Poking for file C:/Users/geron/Documents/dados/dados.json
[2024-02-19T22:11:56.720+0000] {base.py:73} INFO - Using connection ID 'fs_default' for task execution.
[2024-02-19T22:11:56.721+0000] {filesystem.py:64} INFO - Poking for file C:/Users/geron/Documents/dados/dados.json
[2024-02-19T22:12:06.742+0000] {base.py:73} INFO - Using connection ID 'fs_default' for task execution.
[2024-02-19T22:12:06.743+0000] {filesystem.py:64} INFO - Poking for file C:/Users/geron/Documents/dados/dados.json
[2024-02-19T22:12:16.763+0000] {base.py:73} INFO - Using connection ID 'fs_default' for task execution.
[2024-02-19T22:12:16.764+0000] {filesystem.py:64} INFO - Poking for file C:/Users/geron/Documents/dados/dados.json
[2024-02-19T22:12:26.783+0000] {base.py:73} INFO - Using connection ID 'fs_default' for task execution.
[2024-02-19T22:12:26.784+0000] {filesystem.py:64} INFO - Poking for file C:/Users/geron/Documents/dados/dados.json
[2024-02-19T22:12:36.803+0000] {base.py:73} INFO - Using connection ID 'fs_default' for task execution.
[2024-02-19T22:12:36.805+0000] {filesystem.py:64} INFO - Poking for file C:/Users/geron/Documents/dados/dados.json
[2024-02-19T22:12:46.819+0000] {base.py:73} INFO - Using connection ID 'fs_default' for task execution.
[2024-02-19T22:12:46.820+0000] {filesystem.py:64} INFO - Poking for file C:/Users/geron/Documents/dados/dados.json
[2024-02-19T22:12:56.838+0000] {base.py:73} INFO - Using connection ID 'fs_default' for task execution.
[2024-02-19T22:12:56.838+0000] {filesystem.py:64} INFO - Poking for file C:/Users/geron/Documents/dados/dados.json
[2024-02-19T22:13:06.865+0000] {base.py:73} INFO - Using connection ID 'fs_default' for task execution.
[2024-02-19T22:13:06.867+0000] {filesystem.py:64} INFO - Poking for file C:/Users/geron/Documents/dados/dados.json
[2024-02-19T22:13:16.887+0000] {base.py:73} INFO - Using connection ID 'fs_default' for task execution.
[2024-02-19T22:13:16.888+0000] {filesystem.py:64} INFO - Poking for file C:/Users/geron/Documents/dados/dados.json
[2024-02-19T22:13:26.905+0000] {base.py:73} INFO - Using connection ID 'fs_default' for task execution.
[2024-02-19T22:13:26.907+0000] {filesystem.py:64} INFO - Poking for file C:/Users/geron/Documents/dados/dados.json
[2024-02-19T22:13:36.926+0000] {base.py:73} INFO - Using connection ID 'fs_default' for task execution.
[2024-02-19T22:13:36.927+0000] {filesystem.py:64} INFO - Poking for file C:/Users/geron/Documents/dados/dados.json
[2024-02-19T22:13:46.949+0000] {base.py:73} INFO - Using connection ID 'fs_default' for task execution.
[2024-02-19T22:13:46.950+0000] {filesystem.py:64} INFO - Poking for file C:/Users/geron/Documents/dados/dados.json
[2024-02-19T22:13:56.974+0000] {base.py:73} INFO - Using connection ID 'fs_default' for task execution.
[2024-02-19T22:13:56.975+0000] {filesystem.py:64} INFO - Poking for file C:/Users/geron/Documents/dados/dados.json
[2024-02-19T22:14:06.986+0000] {base.py:73} INFO - Using connection ID 'fs_default' for task execution.
[2024-02-19T22:14:06.987+0000] {filesystem.py:64} INFO - Poking for file C:/Users/geron/Documents/dados/dados.json
[2024-02-19T22:14:17.008+0000] {base.py:73} INFO - Using connection ID 'fs_default' for task execution.
[2024-02-19T22:14:17.009+0000] {filesystem.py:64} INFO - Poking for file C:/Users/geron/Documents/dados/dados.json
[2024-02-19T22:14:27.037+0000] {base.py:73} INFO - Using connection ID 'fs_default' for task execution.
[2024-02-19T22:14:27.037+0000] {filesystem.py:64} INFO - Poking for file C:/Users/geron/Documents/dados/dados.json
[2024-02-19T22:14:37.063+0000] {base.py:73} INFO - Using connection ID 'fs_default' for task execution.
[2024-02-19T22:14:37.094+0000] {filesystem.py:64} INFO - Poking for file C:/Users/geron/Documents/dados/dados.json
[2024-02-19T22:14:47.152+0000] {base.py:73} INFO - Using connection ID 'fs_default' for task execution.
[2024-02-19T22:14:47.153+0000] {filesystem.py:64} INFO - Poking for file C:/Users/geron/Documents/dados/dados.json
[2024-02-19T22:14:57.177+0000] {base.py:73} INFO - Using connection ID 'fs_default' for task execution.
[2024-02-19T22:14:57.179+0000] {filesystem.py:64} INFO - Poking for file C:/Users/geron/Documents/dados/dados.json
[2024-02-19T22:15:07.203+0000] {base.py:73} INFO - Using connection ID 'fs_default' for task execution.
[2024-02-19T22:15:07.204+0000] {filesystem.py:64} INFO - Poking for file C:/Users/geron/Documents/dados/dados.json
[2024-02-19T22:15:17.236+0000] {base.py:73} INFO - Using connection ID 'fs_default' for task execution.
[2024-02-19T22:15:17.237+0000] {filesystem.py:64} INFO - Poking for file C:/Users/geron/Documents/dados/dados.json
[2024-02-19T22:15:27.256+0000] {base.py:73} INFO - Using connection ID 'fs_default' for task execution.
[2024-02-19T22:15:27.258+0000] {filesystem.py:64} INFO - Poking for file C:/Users/geron/Documents/dados/dados.json
[2024-02-19T22:15:37.307+0000] {base.py:73} INFO - Using connection ID 'fs_default' for task execution.
[2024-02-19T22:15:37.322+0000] {filesystem.py:64} INFO - Poking for file C:/Users/geron/Documents/dados/dados.json
[2024-02-19T22:15:47.349+0000] {base.py:73} INFO - Using connection ID 'fs_default' for task execution.
[2024-02-19T22:15:47.357+0000] {filesystem.py:64} INFO - Poking for file C:/Users/geron/Documents/dados/dados.json
[2024-02-19T22:15:57.450+0000] {base.py:73} INFO - Using connection ID 'fs_default' for task execution.
[2024-02-19T22:15:57.466+0000] {filesystem.py:64} INFO - Poking for file C:/Users/geron/Documents/dados/dados.json
[2024-02-19T22:16:07.521+0000] {base.py:73} INFO - Using connection ID 'fs_default' for task execution.
[2024-02-19T22:16:07.523+0000] {filesystem.py:64} INFO - Poking for file C:/Users/geron/Documents/dados/dados.json
[2024-02-19T22:16:17.550+0000] {base.py:73} INFO - Using connection ID 'fs_default' for task execution.
[2024-02-19T22:16:17.553+0000] {filesystem.py:64} INFO - Poking for file C:/Users/geron/Documents/dados/dados.json
[2024-02-19T22:16:27.590+0000] {base.py:73} INFO - Using connection ID 'fs_default' for task execution.
[2024-02-19T22:16:27.596+0000] {filesystem.py:64} INFO - Poking for file C:/Users/geron/Documents/dados/dados.json
[2024-02-19T22:16:37.634+0000] {base.py:73} INFO - Using connection ID 'fs_default' for task execution.
[2024-02-19T22:16:37.678+0000] {filesystem.py:64} INFO - Poking for file C:/Users/geron/Documents/dados/dados.json
[2024-02-19T22:16:47.721+0000] {base.py:73} INFO - Using connection ID 'fs_default' for task execution.
[2024-02-19T22:16:47.722+0000] {filesystem.py:64} INFO - Poking for file C:/Users/geron/Documents/dados/dados.json
[2024-02-19T22:16:57.747+0000] {base.py:73} INFO - Using connection ID 'fs_default' for task execution.
[2024-02-19T22:16:57.753+0000] {filesystem.py:64} INFO - Poking for file C:/Users/geron/Documents/dados/dados.json
[2024-02-19T22:17:07.800+0000] {base.py:73} INFO - Using connection ID 'fs_default' for task execution.
[2024-02-19T22:17:07.816+0000] {filesystem.py:64} INFO - Poking for file C:/Users/geron/Documents/dados/dados.json
[2024-02-19T22:17:17.861+0000] {base.py:73} INFO - Using connection ID 'fs_default' for task execution.
[2024-02-19T22:17:17.894+0000] {filesystem.py:64} INFO - Poking for file C:/Users/geron/Documents/dados/dados.json
[2024-02-19T22:17:27.950+0000] {base.py:73} INFO - Using connection ID 'fs_default' for task execution.
[2024-02-19T22:17:28.095+0000] {filesystem.py:64} INFO - Poking for file C:/Users/geron/Documents/dados/dados.json
[2024-02-19T22:17:38.257+0000] {base.py:73} INFO - Using connection ID 'fs_default' for task execution.
[2024-02-19T22:17:38.288+0000] {filesystem.py:64} INFO - Poking for file C:/Users/geron/Documents/dados/dados.json
[2024-02-19T22:17:48.396+0000] {base.py:73} INFO - Using connection ID 'fs_default' for task execution.
[2024-02-19T22:17:48.412+0000] {filesystem.py:64} INFO - Poking for file C:/Users/geron/Documents/dados/dados.json
[2024-02-19T22:17:58.460+0000] {base.py:73} INFO - Using connection ID 'fs_default' for task execution.
[2024-02-19T22:17:58.474+0000] {filesystem.py:64} INFO - Poking for file C:/Users/geron/Documents/dados/dados.json
[2024-02-19T22:18:08.518+0000] {base.py:73} INFO - Using connection ID 'fs_default' for task execution.
[2024-02-19T22:18:08.535+0000] {filesystem.py:64} INFO - Poking for file C:/Users/geron/Documents/dados/dados.json
[2024-02-19T22:18:18.579+0000] {base.py:73} INFO - Using connection ID 'fs_default' for task execution.
[2024-02-19T22:18:18.580+0000] {filesystem.py:64} INFO - Poking for file C:/Users/geron/Documents/dados/dados.json
[2024-02-19T22:18:28.627+0000] {base.py:73} INFO - Using connection ID 'fs_default' for task execution.
[2024-02-19T22:18:28.642+0000] {filesystem.py:64} INFO - Poking for file C:/Users/geron/Documents/dados/dados.json
[2024-02-19T22:18:38.767+0000] {base.py:73} INFO - Using connection ID 'fs_default' for task execution.
[2024-02-19T22:18:38.784+0000] {filesystem.py:64} INFO - Poking for file C:/Users/geron/Documents/dados/dados.json
[2024-02-19T22:18:48.837+0000] {base.py:73} INFO - Using connection ID 'fs_default' for task execution.
[2024-02-19T22:18:48.865+0000] {filesystem.py:64} INFO - Poking for file C:/Users/geron/Documents/dados/dados.json
[2024-02-19T22:18:58.910+0000] {base.py:73} INFO - Using connection ID 'fs_default' for task execution.
[2024-02-19T22:18:58.915+0000] {filesystem.py:64} INFO - Poking for file C:/Users/geron/Documents/dados/dados.json
[2024-02-19T22:19:08.990+0000] {base.py:73} INFO - Using connection ID 'fs_default' for task execution.
[2024-02-19T22:19:09.002+0000] {filesystem.py:64} INFO - Poking for file C:/Users/geron/Documents/dados/dados.json
[2024-02-19T22:19:19.101+0000] {base.py:73} INFO - Using connection ID 'fs_default' for task execution.
[2024-02-19T22:19:19.115+0000] {filesystem.py:64} INFO - Poking for file C:/Users/geron/Documents/dados/dados.json
[2024-02-19T22:19:29.206+0000] {base.py:73} INFO - Using connection ID 'fs_default' for task execution.
[2024-02-19T22:19:29.207+0000] {filesystem.py:64} INFO - Poking for file C:/Users/geron/Documents/dados/dados.json
[2024-02-19T22:19:39.255+0000] {base.py:73} INFO - Using connection ID 'fs_default' for task execution.
[2024-02-19T22:19:39.267+0000] {filesystem.py:64} INFO - Poking for file C:/Users/geron/Documents/dados/dados.json
[2024-02-19T22:19:49.369+0000] {base.py:73} INFO - Using connection ID 'fs_default' for task execution.
[2024-02-19T22:19:49.371+0000] {filesystem.py:64} INFO - Poking for file C:/Users/geron/Documents/dados/dados.json
[2024-02-19T22:19:59.417+0000] {base.py:73} INFO - Using connection ID 'fs_default' for task execution.
[2024-02-19T22:19:59.441+0000] {filesystem.py:64} INFO - Poking for file C:/Users/geron/Documents/dados/dados.json
[2024-02-19T22:20:09.471+0000] {base.py:73} INFO - Using connection ID 'fs_default' for task execution.
[2024-02-19T22:20:09.472+0000] {filesystem.py:64} INFO - Poking for file C:/Users/geron/Documents/dados/dados.json
[2024-02-19T22:20:19.500+0000] {base.py:73} INFO - Using connection ID 'fs_default' for task execution.
[2024-02-19T22:20:19.501+0000] {filesystem.py:64} INFO - Poking for file C:/Users/geron/Documents/dados/dados.json
[2024-02-19T22:20:29.538+0000] {base.py:73} INFO - Using connection ID 'fs_default' for task execution.
[2024-02-19T22:20:29.551+0000] {filesystem.py:64} INFO - Poking for file C:/Users/geron/Documents/dados/dados.json
[2024-02-19T22:20:39.579+0000] {base.py:73} INFO - Using connection ID 'fs_default' for task execution.
[2024-02-19T22:20:39.582+0000] {filesystem.py:64} INFO - Poking for file C:/Users/geron/Documents/dados/dados.json
[2024-02-19T22:20:49.608+0000] {base.py:73} INFO - Using connection ID 'fs_default' for task execution.
[2024-02-19T22:20:49.609+0000] {filesystem.py:64} INFO - Poking for file C:/Users/geron/Documents/dados/dados.json
[2024-02-19T22:20:59.632+0000] {base.py:73} INFO - Using connection ID 'fs_default' for task execution.
[2024-02-19T22:20:59.633+0000] {filesystem.py:64} INFO - Poking for file C:/Users/geron/Documents/dados/dados.json
[2024-02-19T22:21:09.653+0000] {base.py:73} INFO - Using connection ID 'fs_default' for task execution.
[2024-02-19T22:21:09.654+0000] {filesystem.py:64} INFO - Poking for file C:/Users/geron/Documents/dados/dados.json
[2024-02-19T22:21:19.671+0000] {base.py:73} INFO - Using connection ID 'fs_default' for task execution.
[2024-02-19T22:21:19.672+0000] {filesystem.py:64} INFO - Poking for file C:/Users/geron/Documents/dados/dados.json
[2024-02-19T22:21:29.697+0000] {base.py:73} INFO - Using connection ID 'fs_default' for task execution.
[2024-02-19T22:21:29.701+0000] {filesystem.py:64} INFO - Poking for file C:/Users/geron/Documents/dados/dados.json
[2024-02-19T22:21:39.724+0000] {base.py:73} INFO - Using connection ID 'fs_default' for task execution.
[2024-02-19T22:21:39.725+0000] {filesystem.py:64} INFO - Poking for file C:/Users/geron/Documents/dados/dados.json
[2024-02-19T22:21:49.741+0000] {base.py:73} INFO - Using connection ID 'fs_default' for task execution.
[2024-02-19T22:21:49.743+0000] {filesystem.py:64} INFO - Poking for file C:/Users/geron/Documents/dados/dados.json
[2024-02-19T22:21:59.765+0000] {base.py:73} INFO - Using connection ID 'fs_default' for task execution.
[2024-02-19T22:21:59.767+0000] {filesystem.py:64} INFO - Poking for file C:/Users/geron/Documents/dados/dados.json
[2024-02-19T22:22:09.795+0000] {base.py:73} INFO - Using connection ID 'fs_default' for task execution.
[2024-02-19T22:22:09.796+0000] {filesystem.py:64} INFO - Poking for file C:/Users/geron/Documents/dados/dados.json
[2024-02-19T22:22:19.827+0000] {base.py:73} INFO - Using connection ID 'fs_default' for task execution.
[2024-02-19T22:22:19.829+0000] {filesystem.py:64} INFO - Poking for file C:/Users/geron/Documents/dados/dados.json
[2024-02-19T22:22:29.850+0000] {base.py:73} INFO - Using connection ID 'fs_default' for task execution.
[2024-02-19T22:22:29.850+0000] {filesystem.py:64} INFO - Poking for file C:/Users/geron/Documents/dados/dados.json
[2024-02-19T22:22:39.877+0000] {base.py:73} INFO - Using connection ID 'fs_default' for task execution.
[2024-02-19T22:22:39.885+0000] {filesystem.py:64} INFO - Poking for file C:/Users/geron/Documents/dados/dados.json
[2024-02-19T22:22:49.908+0000] {base.py:73} INFO - Using connection ID 'fs_default' for task execution.
[2024-02-19T22:22:49.909+0000] {filesystem.py:64} INFO - Poking for file C:/Users/geron/Documents/dados/dados.json
[2024-02-19T22:22:59.935+0000] {base.py:73} INFO - Using connection ID 'fs_default' for task execution.
[2024-02-19T22:22:59.936+0000] {filesystem.py:64} INFO - Poking for file C:/Users/geron/Documents/dados/dados.json
[2024-02-19T22:23:09.960+0000] {base.py:73} INFO - Using connection ID 'fs_default' for task execution.
[2024-02-19T22:23:09.961+0000] {filesystem.py:64} INFO - Poking for file C:/Users/geron/Documents/dados/dados.json
[2024-02-19T22:23:19.985+0000] {base.py:73} INFO - Using connection ID 'fs_default' for task execution.
[2024-02-19T22:23:19.986+0000] {filesystem.py:64} INFO - Poking for file C:/Users/geron/Documents/dados/dados.json
[2024-02-19T22:23:30.020+0000] {base.py:73} INFO - Using connection ID 'fs_default' for task execution.
[2024-02-19T22:23:30.032+0000] {filesystem.py:64} INFO - Poking for file C:/Users/geron/Documents/dados/dados.json
[2024-02-19T22:23:40.058+0000] {base.py:73} INFO - Using connection ID 'fs_default' for task execution.
[2024-02-19T22:23:40.059+0000] {filesystem.py:64} INFO - Poking for file C:/Users/geron/Documents/dados/dados.json
[2024-02-19T22:23:50.089+0000] {base.py:73} INFO - Using connection ID 'fs_default' for task execution.
[2024-02-19T22:23:50.095+0000] {filesystem.py:64} INFO - Poking for file C:/Users/geron/Documents/dados/dados.json
[2024-02-19T22:24:00.132+0000] {base.py:73} INFO - Using connection ID 'fs_default' for task execution.
[2024-02-19T22:24:00.133+0000] {filesystem.py:64} INFO - Poking for file C:/Users/geron/Documents/dados/dados.json
[2024-02-19T22:24:10.148+0000] {base.py:73} INFO - Using connection ID 'fs_default' for task execution.
[2024-02-19T22:24:10.150+0000] {filesystem.py:64} INFO - Poking for file C:/Users/geron/Documents/dados/dados.json
[2024-02-19T22:24:20.175+0000] {base.py:73} INFO - Using connection ID 'fs_default' for task execution.
[2024-02-19T22:24:20.177+0000] {filesystem.py:64} INFO - Poking for file C:/Users/geron/Documents/dados/dados.json
[2024-02-19T22:24:30.204+0000] {base.py:73} INFO - Using connection ID 'fs_default' for task execution.
[2024-02-19T22:24:30.205+0000] {filesystem.py:64} INFO - Poking for file C:/Users/geron/Documents/dados/dados.json
[2024-02-19T22:24:40.238+0000] {base.py:73} INFO - Using connection ID 'fs_default' for task execution.
[2024-02-19T22:24:40.240+0000] {filesystem.py:64} INFO - Poking for file C:/Users/geron/Documents/dados/dados.json
[2024-02-19T22:24:50.263+0000] {base.py:73} INFO - Using connection ID 'fs_default' for task execution.
[2024-02-19T22:24:50.264+0000] {filesystem.py:64} INFO - Poking for file C:/Users/geron/Documents/dados/dados.json
[2024-02-19T22:25:00.276+0000] {base.py:73} INFO - Using connection ID 'fs_default' for task execution.
[2024-02-19T22:25:00.278+0000] {filesystem.py:64} INFO - Poking for file C:/Users/geron/Documents/dados/dados.json
[2024-02-19T22:25:10.307+0000] {base.py:73} INFO - Using connection ID 'fs_default' for task execution.
[2024-02-19T22:25:10.312+0000] {filesystem.py:64} INFO - Poking for file C:/Users/geron/Documents/dados/dados.json
[2024-02-19T22:25:20.324+0000] {base.py:73} INFO - Using connection ID 'fs_default' for task execution.
[2024-02-19T22:25:20.325+0000] {filesystem.py:64} INFO - Poking for file C:/Users/geron/Documents/dados/dados.json
[2024-02-19T22:25:30.373+0000] {base.py:73} INFO - Using connection ID 'fs_default' for task execution.
[2024-02-19T22:25:30.376+0000] {filesystem.py:64} INFO - Poking for file C:/Users/geron/Documents/dados/dados.json
[2024-02-19T22:25:40.392+0000] {base.py:73} INFO - Using connection ID 'fs_default' for task execution.
[2024-02-19T22:25:40.393+0000] {filesystem.py:64} INFO - Poking for file C:/Users/geron/Documents/dados/dados.json
[2024-02-19T22:25:50.416+0000] {base.py:73} INFO - Using connection ID 'fs_default' for task execution.
[2024-02-19T22:25:50.416+0000] {filesystem.py:64} INFO - Poking for file C:/Users/geron/Documents/dados/dados.json
[2024-02-19T22:26:00.436+0000] {base.py:73} INFO - Using connection ID 'fs_default' for task execution.
[2024-02-19T22:26:00.438+0000] {filesystem.py:64} INFO - Poking for file C:/Users/geron/Documents/dados/dados.json
[2024-02-19T22:26:10.496+0000] {base.py:73} INFO - Using connection ID 'fs_default' for task execution.
[2024-02-19T22:26:10.498+0000] {filesystem.py:64} INFO - Poking for file C:/Users/geron/Documents/dados/dados.json
[2024-02-19T22:26:20.527+0000] {base.py:73} INFO - Using connection ID 'fs_default' for task execution.
[2024-02-19T22:26:20.528+0000] {filesystem.py:64} INFO - Poking for file C:/Users/geron/Documents/dados/dados.json
[2024-02-19T22:26:30.550+0000] {base.py:73} INFO - Using connection ID 'fs_default' for task execution.
[2024-02-19T22:26:30.551+0000] {filesystem.py:64} INFO - Poking for file C:/Users/geron/Documents/dados/dados.json
[2024-02-19T22:26:40.570+0000] {base.py:73} INFO - Using connection ID 'fs_default' for task execution.
[2024-02-19T22:26:40.571+0000] {filesystem.py:64} INFO - Poking for file C:/Users/geron/Documents/dados/dados.json
[2024-02-19T22:26:50.596+0000] {base.py:73} INFO - Using connection ID 'fs_default' for task execution.
[2024-02-19T22:26:50.597+0000] {filesystem.py:64} INFO - Poking for file C:/Users/geron/Documents/dados/dados.json
[2024-02-19T22:27:00.625+0000] {base.py:73} INFO - Using connection ID 'fs_default' for task execution.
[2024-02-19T22:27:00.626+0000] {filesystem.py:64} INFO - Poking for file C:/Users/geron/Documents/dados/dados.json
[2024-02-19T22:27:10.654+0000] {base.py:73} INFO - Using connection ID 'fs_default' for task execution.
[2024-02-19T22:27:10.655+0000] {filesystem.py:64} INFO - Poking for file C:/Users/geron/Documents/dados/dados.json
[2024-02-19T22:27:20.681+0000] {base.py:73} INFO - Using connection ID 'fs_default' for task execution.
[2024-02-19T22:27:20.682+0000] {filesystem.py:64} INFO - Poking for file C:/Users/geron/Documents/dados/dados.json
[2024-02-19T22:27:30.708+0000] {base.py:73} INFO - Using connection ID 'fs_default' for task execution.
[2024-02-19T22:27:30.709+0000] {filesystem.py:64} INFO - Poking for file C:/Users/geron/Documents/dados/dados.json
[2024-02-19T22:27:40.742+0000] {base.py:73} INFO - Using connection ID 'fs_default' for task execution.
[2024-02-19T22:27:40.744+0000] {filesystem.py:64} INFO - Poking for file C:/Users/geron/Documents/dados/dados.json
[2024-02-19T22:27:50.768+0000] {base.py:73} INFO - Using connection ID 'fs_default' for task execution.
[2024-02-19T22:27:50.769+0000] {filesystem.py:64} INFO - Poking for file C:/Users/geron/Documents/dados/dados.json
[2024-02-19T22:28:00.788+0000] {base.py:73} INFO - Using connection ID 'fs_default' for task execution.
[2024-02-19T22:28:00.789+0000] {filesystem.py:64} INFO - Poking for file C:/Users/geron/Documents/dados/dados.json
[2024-02-19T22:28:10.822+0000] {base.py:73} INFO - Using connection ID 'fs_default' for task execution.
[2024-02-19T22:28:10.824+0000] {filesystem.py:64} INFO - Poking for file C:/Users/geron/Documents/dados/dados.json
[2024-02-19T22:28:20.861+0000] {base.py:73} INFO - Using connection ID 'fs_default' for task execution.
[2024-02-19T22:28:20.863+0000] {filesystem.py:64} INFO - Poking for file C:/Users/geron/Documents/dados/dados.json
[2024-02-19T22:28:30.888+0000] {base.py:73} INFO - Using connection ID 'fs_default' for task execution.
[2024-02-19T22:28:30.889+0000] {filesystem.py:64} INFO - Poking for file C:/Users/geron/Documents/dados/dados.json
[2024-02-19T22:28:40.914+0000] {base.py:73} INFO - Using connection ID 'fs_default' for task execution.
[2024-02-19T22:28:40.917+0000] {filesystem.py:64} INFO - Poking for file C:/Users/geron/Documents/dados/dados.json
[2024-02-19T22:28:50.944+0000] {base.py:73} INFO - Using connection ID 'fs_default' for task execution.
[2024-02-19T22:28:50.949+0000] {filesystem.py:64} INFO - Poking for file C:/Users/geron/Documents/dados/dados.json
[2024-02-19T22:29:00.964+0000] {base.py:73} INFO - Using connection ID 'fs_default' for task execution.
[2024-02-19T22:29:00.966+0000] {filesystem.py:64} INFO - Poking for file C:/Users/geron/Documents/dados/dados.json
[2024-02-19T22:29:10.990+0000] {base.py:73} INFO - Using connection ID 'fs_default' for task execution.
[2024-02-19T22:29:10.991+0000] {filesystem.py:64} INFO - Poking for file C:/Users/geron/Documents/dados/dados.json
[2024-02-19T22:29:21.018+0000] {base.py:73} INFO - Using connection ID 'fs_default' for task execution.
[2024-02-19T22:29:21.019+0000] {filesystem.py:64} INFO - Poking for file C:/Users/geron/Documents/dados/dados.json
[2024-02-19T22:29:31.049+0000] {base.py:73} INFO - Using connection ID 'fs_default' for task execution.
[2024-02-19T22:29:31.051+0000] {filesystem.py:64} INFO - Poking for file C:/Users/geron/Documents/dados/dados.json
[2024-02-19T22:29:41.085+0000] {base.py:73} INFO - Using connection ID 'fs_default' for task execution.
[2024-02-19T22:29:41.087+0000] {filesystem.py:64} INFO - Poking for file C:/Users/geron/Documents/dados/dados.json
[2024-02-19T22:29:51.109+0000] {base.py:73} INFO - Using connection ID 'fs_default' for task execution.
[2024-02-19T22:29:51.110+0000] {filesystem.py:64} INFO - Poking for file C:/Users/geron/Documents/dados/dados.json
[2024-02-19T22:30:01.128+0000] {base.py:73} INFO - Using connection ID 'fs_default' for task execution.
[2024-02-19T22:30:01.129+0000] {filesystem.py:64} INFO - Poking for file C:/Users/geron/Documents/dados/dados.json
[2024-02-19T22:30:11.150+0000] {base.py:73} INFO - Using connection ID 'fs_default' for task execution.
[2024-02-19T22:30:11.151+0000] {filesystem.py:64} INFO - Poking for file C:/Users/geron/Documents/dados/dados.json
[2024-02-19T22:30:21.174+0000] {base.py:73} INFO - Using connection ID 'fs_default' for task execution.
[2024-02-19T22:30:21.175+0000] {filesystem.py:64} INFO - Poking for file C:/Users/geron/Documents/dados/dados.json
[2024-02-19T22:30:31.194+0000] {base.py:73} INFO - Using connection ID 'fs_default' for task execution.
[2024-02-19T22:30:31.195+0000] {filesystem.py:64} INFO - Poking for file C:/Users/geron/Documents/dados/dados.json
[2024-02-19T22:30:41.215+0000] {base.py:73} INFO - Using connection ID 'fs_default' for task execution.
[2024-02-19T22:30:41.216+0000] {filesystem.py:64} INFO - Poking for file C:/Users/geron/Documents/dados/dados.json
[2024-02-19T22:30:51.235+0000] {base.py:73} INFO - Using connection ID 'fs_default' for task execution.
[2024-02-19T22:30:51.236+0000] {filesystem.py:64} INFO - Poking for file C:/Users/geron/Documents/dados/dados.json
[2024-02-19T22:31:01.253+0000] {base.py:73} INFO - Using connection ID 'fs_default' for task execution.
[2024-02-19T22:31:01.254+0000] {filesystem.py:64} INFO - Poking for file C:/Users/geron/Documents/dados/dados.json
[2024-02-19T22:31:11.276+0000] {base.py:73} INFO - Using connection ID 'fs_default' for task execution.
[2024-02-19T22:31:11.277+0000] {filesystem.py:64} INFO - Poking for file C:/Users/geron/Documents/dados/dados.json
[2024-02-19T22:31:21.298+0000] {base.py:73} INFO - Using connection ID 'fs_default' for task execution.
[2024-02-19T22:31:21.300+0000] {filesystem.py:64} INFO - Poking for file C:/Users/geron/Documents/dados/dados.json
[2024-02-19T22:31:31.322+0000] {base.py:73} INFO - Using connection ID 'fs_default' for task execution.
[2024-02-19T22:31:31.323+0000] {filesystem.py:64} INFO - Poking for file C:/Users/geron/Documents/dados/dados.json
[2024-02-19T22:31:41.364+0000] {base.py:73} INFO - Using connection ID 'fs_default' for task execution.
[2024-02-19T22:31:41.370+0000] {filesystem.py:64} INFO - Poking for file C:/Users/geron/Documents/dados/dados.json
[2024-02-19T22:31:51.392+0000] {base.py:73} INFO - Using connection ID 'fs_default' for task execution.
[2024-02-19T22:31:51.396+0000] {filesystem.py:64} INFO - Poking for file C:/Users/geron/Documents/dados/dados.json
[2024-02-19T22:32:01.419+0000] {base.py:73} INFO - Using connection ID 'fs_default' for task execution.
[2024-02-19T22:32:01.420+0000] {filesystem.py:64} INFO - Poking for file C:/Users/geron/Documents/dados/dados.json
[2024-02-19T22:32:11.447+0000] {base.py:73} INFO - Using connection ID 'fs_default' for task execution.
[2024-02-19T22:32:11.449+0000] {filesystem.py:64} INFO - Poking for file C:/Users/geron/Documents/dados/dados.json
[2024-02-19T22:32:21.468+0000] {base.py:73} INFO - Using connection ID 'fs_default' for task execution.
[2024-02-19T22:32:21.470+0000] {filesystem.py:64} INFO - Poking for file C:/Users/geron/Documents/dados/dados.json
[2024-02-19T22:32:31.495+0000] {base.py:73} INFO - Using connection ID 'fs_default' for task execution.
[2024-02-19T22:32:31.497+0000] {filesystem.py:64} INFO - Poking for file C:/Users/geron/Documents/dados/dados.json
[2024-02-19T22:32:41.517+0000] {base.py:73} INFO - Using connection ID 'fs_default' for task execution.
[2024-02-19T22:32:41.518+0000] {filesystem.py:64} INFO - Poking for file C:/Users/geron/Documents/dados/dados.json
[2024-02-19T22:32:51.542+0000] {base.py:73} INFO - Using connection ID 'fs_default' for task execution.
[2024-02-19T22:32:51.543+0000] {filesystem.py:64} INFO - Poking for file C:/Users/geron/Documents/dados/dados.json
[2024-02-19T22:33:01.564+0000] {base.py:73} INFO - Using connection ID 'fs_default' for task execution.
[2024-02-19T22:33:01.565+0000] {filesystem.py:64} INFO - Poking for file C:/Users/geron/Documents/dados/dados.json
[2024-02-19T22:33:11.595+0000] {base.py:73} INFO - Using connection ID 'fs_default' for task execution.
[2024-02-19T22:33:11.596+0000] {filesystem.py:64} INFO - Poking for file C:/Users/geron/Documents/dados/dados.json
[2024-02-19T22:33:21.618+0000] {base.py:73} INFO - Using connection ID 'fs_default' for task execution.
[2024-02-19T22:33:21.619+0000] {filesystem.py:64} INFO - Poking for file C:/Users/geron/Documents/dados/dados.json
[2024-02-19T22:33:31.642+0000] {base.py:73} INFO - Using connection ID 'fs_default' for task execution.
[2024-02-19T22:33:31.645+0000] {filesystem.py:64} INFO - Poking for file C:/Users/geron/Documents/dados/dados.json
[2024-02-19T22:33:41.665+0000] {base.py:73} INFO - Using connection ID 'fs_default' for task execution.
[2024-02-19T22:33:41.666+0000] {filesystem.py:64} INFO - Poking for file C:/Users/geron/Documents/dados/dados.json
[2024-02-19T22:33:51.698+0000] {base.py:73} INFO - Using connection ID 'fs_default' for task execution.
[2024-02-19T22:33:51.707+0000] {filesystem.py:64} INFO - Poking for file C:/Users/geron/Documents/dados/dados.json
[2024-02-19T22:34:01.723+0000] {base.py:73} INFO - Using connection ID 'fs_default' for task execution.
[2024-02-19T22:34:01.725+0000] {filesystem.py:64} INFO - Poking for file C:/Users/geron/Documents/dados/dados.json
[2024-02-19T22:34:11.759+0000] {base.py:73} INFO - Using connection ID 'fs_default' for task execution.
[2024-02-19T22:34:11.761+0000] {filesystem.py:64} INFO - Poking for file C:/Users/geron/Documents/dados/dados.json
[2024-02-19T22:34:21.782+0000] {base.py:73} INFO - Using connection ID 'fs_default' for task execution.
[2024-02-19T22:34:21.783+0000] {filesystem.py:64} INFO - Poking for file C:/Users/geron/Documents/dados/dados.json
[2024-02-19T22:34:31.805+0000] {base.py:73} INFO - Using connection ID 'fs_default' for task execution.
[2024-02-19T22:34:31.807+0000] {filesystem.py:64} INFO - Poking for file C:/Users/geron/Documents/dados/dados.json
[2024-02-19T22:34:41.830+0000] {base.py:73} INFO - Using connection ID 'fs_default' for task execution.
[2024-02-19T22:34:41.831+0000] {filesystem.py:64} INFO - Poking for file C:/Users/geron/Documents/dados/dados.json
[2024-02-19T22:34:51.851+0000] {base.py:73} INFO - Using connection ID 'fs_default' for task execution.
[2024-02-19T22:34:51.852+0000] {filesystem.py:64} INFO - Poking for file C:/Users/geron/Documents/dados/dados.json
[2024-02-19T22:35:01.908+0000] {base.py:73} INFO - Using connection ID 'fs_default' for task execution.
[2024-02-19T22:35:01.910+0000] {filesystem.py:64} INFO - Poking for file C:/Users/geron/Documents/dados/dados.json
[2024-02-19T22:35:11.934+0000] {base.py:73} INFO - Using connection ID 'fs_default' for task execution.
[2024-02-19T22:35:11.935+0000] {filesystem.py:64} INFO - Poking for file C:/Users/geron/Documents/dados/dados.json
[2024-02-19T22:35:21.955+0000] {base.py:73} INFO - Using connection ID 'fs_default' for task execution.
[2024-02-19T22:35:21.957+0000] {filesystem.py:64} INFO - Poking for file C:/Users/geron/Documents/dados/dados.json
[2024-02-19T22:35:31.981+0000] {base.py:73} INFO - Using connection ID 'fs_default' for task execution.
[2024-02-19T22:35:31.982+0000] {filesystem.py:64} INFO - Poking for file C:/Users/geron/Documents/dados/dados.json
[2024-02-19T22:35:42.000+0000] {base.py:73} INFO - Using connection ID 'fs_default' for task execution.
[2024-02-19T22:35:42.001+0000] {filesystem.py:64} INFO - Poking for file C:/Users/geron/Documents/dados/dados.json
[2024-02-19T22:35:52.020+0000] {base.py:73} INFO - Using connection ID 'fs_default' for task execution.
[2024-02-19T22:35:52.021+0000] {filesystem.py:64} INFO - Poking for file C:/Users/geron/Documents/dados/dados.json
[2024-02-19T22:36:02.047+0000] {base.py:73} INFO - Using connection ID 'fs_default' for task execution.
[2024-02-19T22:36:02.050+0000] {filesystem.py:64} INFO - Poking for file C:/Users/geron/Documents/dados/dados.json
[2024-02-19T22:36:12.075+0000] {base.py:73} INFO - Using connection ID 'fs_default' for task execution.
[2024-02-19T22:36:12.076+0000] {filesystem.py:64} INFO - Poking for file C:/Users/geron/Documents/dados/dados.json
[2024-02-19T22:36:22.102+0000] {base.py:73} INFO - Using connection ID 'fs_default' for task execution.
[2024-02-19T22:36:22.104+0000] {filesystem.py:64} INFO - Poking for file C:/Users/geron/Documents/dados/dados.json
[2024-02-19T22:36:32.124+0000] {base.py:73} INFO - Using connection ID 'fs_default' for task execution.
[2024-02-19T22:36:32.125+0000] {filesystem.py:64} INFO - Poking for file C:/Users/geron/Documents/dados/dados.json
[2024-02-19T22:36:42.141+0000] {base.py:73} INFO - Using connection ID 'fs_default' for task execution.
[2024-02-19T22:36:42.148+0000] {filesystem.py:64} INFO - Poking for file C:/Users/geron/Documents/dados/dados.json
[2024-02-19T22:36:52.170+0000] {base.py:73} INFO - Using connection ID 'fs_default' for task execution.
[2024-02-19T22:36:52.170+0000] {filesystem.py:64} INFO - Poking for file C:/Users/geron/Documents/dados/dados.json
[2024-02-19T22:37:02.190+0000] {base.py:73} INFO - Using connection ID 'fs_default' for task execution.
[2024-02-19T22:37:02.191+0000] {filesystem.py:64} INFO - Poking for file C:/Users/geron/Documents/dados/dados.json
[2024-02-19T22:37:12.208+0000] {base.py:73} INFO - Using connection ID 'fs_default' for task execution.
[2024-02-19T22:37:12.209+0000] {filesystem.py:64} INFO - Poking for file C:/Users/geron/Documents/dados/dados.json
[2024-02-19T22:37:22.228+0000] {base.py:73} INFO - Using connection ID 'fs_default' for task execution.
[2024-02-19T22:37:22.229+0000] {filesystem.py:64} INFO - Poking for file C:/Users/geron/Documents/dados/dados.json
[2024-02-19T22:37:32.260+0000] {base.py:73} INFO - Using connection ID 'fs_default' for task execution.
[2024-02-19T22:37:32.262+0000] {filesystem.py:64} INFO - Poking for file C:/Users/geron/Documents/dados/dados.json
[2024-02-19T22:37:42.287+0000] {base.py:73} INFO - Using connection ID 'fs_default' for task execution.
[2024-02-19T22:37:42.290+0000] {filesystem.py:64} INFO - Poking for file C:/Users/geron/Documents/dados/dados.json
[2024-02-19T22:37:52.327+0000] {base.py:73} INFO - Using connection ID 'fs_default' for task execution.
[2024-02-19T22:37:52.330+0000] {filesystem.py:64} INFO - Poking for file C:/Users/geron/Documents/dados/dados.json
[2024-02-19T22:38:02.357+0000] {base.py:73} INFO - Using connection ID 'fs_default' for task execution.
[2024-02-19T22:38:02.358+0000] {filesystem.py:64} INFO - Poking for file C:/Users/geron/Documents/dados/dados.json
[2024-02-19T22:38:12.382+0000] {base.py:73} INFO - Using connection ID 'fs_default' for task execution.
[2024-02-19T22:38:12.383+0000] {filesystem.py:64} INFO - Poking for file C:/Users/geron/Documents/dados/dados.json
[2024-02-19T22:38:22.409+0000] {base.py:73} INFO - Using connection ID 'fs_default' for task execution.
[2024-02-19T22:38:22.410+0000] {filesystem.py:64} INFO - Poking for file C:/Users/geron/Documents/dados/dados.json
[2024-02-19T22:38:32.430+0000] {base.py:73} INFO - Using connection ID 'fs_default' for task execution.
[2024-02-19T22:38:32.431+0000] {filesystem.py:64} INFO - Poking for file C:/Users/geron/Documents/dados/dados.json
[2024-02-19T22:38:42.448+0000] {base.py:73} INFO - Using connection ID 'fs_default' for task execution.
[2024-02-19T22:38:42.449+0000] {filesystem.py:64} INFO - Poking for file C:/Users/geron/Documents/dados/dados.json
[2024-02-19T22:38:52.467+0000] {base.py:73} INFO - Using connection ID 'fs_default' for task execution.
[2024-02-19T22:38:52.468+0000] {filesystem.py:64} INFO - Poking for file C:/Users/geron/Documents/dados/dados.json
[2024-02-19T22:39:02.490+0000] {base.py:73} INFO - Using connection ID 'fs_default' for task execution.
[2024-02-19T22:39:02.491+0000] {filesystem.py:64} INFO - Poking for file C:/Users/geron/Documents/dados/dados.json
[2024-02-19T22:39:12.521+0000] {base.py:73} INFO - Using connection ID 'fs_default' for task execution.
[2024-02-19T22:39:12.522+0000] {filesystem.py:64} INFO - Poking for file C:/Users/geron/Documents/dados/dados.json
[2024-02-19T22:39:22.559+0000] {base.py:73} INFO - Using connection ID 'fs_default' for task execution.
[2024-02-19T22:39:22.561+0000] {filesystem.py:64} INFO - Poking for file C:/Users/geron/Documents/dados/dados.json
[2024-02-19T22:39:32.580+0000] {base.py:73} INFO - Using connection ID 'fs_default' for task execution.
[2024-02-19T22:39:32.581+0000] {filesystem.py:64} INFO - Poking for file C:/Users/geron/Documents/dados/dados.json
[2024-02-19T22:39:42.601+0000] {base.py:73} INFO - Using connection ID 'fs_default' for task execution.
[2024-02-19T22:39:42.602+0000] {filesystem.py:64} INFO - Poking for file C:/Users/geron/Documents/dados/dados.json
[2024-02-19T22:39:52.631+0000] {base.py:73} INFO - Using connection ID 'fs_default' for task execution.
[2024-02-19T22:39:52.633+0000] {filesystem.py:64} INFO - Poking for file C:/Users/geron/Documents/dados/dados.json
[2024-02-19T22:40:02.662+0000] {base.py:73} INFO - Using connection ID 'fs_default' for task execution.
[2024-02-19T22:40:02.663+0000] {filesystem.py:64} INFO - Poking for file C:/Users/geron/Documents/dados/dados.json
[2024-02-19T22:40:12.678+0000] {base.py:73} INFO - Using connection ID 'fs_default' for task execution.
[2024-02-19T22:40:12.679+0000] {filesystem.py:64} INFO - Poking for file C:/Users/geron/Documents/dados/dados.json
[2024-02-19T22:40:22.695+0000] {base.py:73} INFO - Using connection ID 'fs_default' for task execution.
[2024-02-19T22:40:22.696+0000] {filesystem.py:64} INFO - Poking for file C:/Users/geron/Documents/dados/dados.json
[2024-02-19T22:40:32.717+0000] {base.py:73} INFO - Using connection ID 'fs_default' for task execution.
[2024-02-19T22:40:32.718+0000] {filesystem.py:64} INFO - Poking for file C:/Users/geron/Documents/dados/dados.json
[2024-02-19T22:40:42.749+0000] {base.py:73} INFO - Using connection ID 'fs_default' for task execution.
[2024-02-19T22:40:42.751+0000] {filesystem.py:64} INFO - Poking for file C:/Users/geron/Documents/dados/dados.json
[2024-02-19T22:40:52.775+0000] {base.py:73} INFO - Using connection ID 'fs_default' for task execution.
[2024-02-19T22:40:52.776+0000] {filesystem.py:64} INFO - Poking for file C:/Users/geron/Documents/dados/dados.json
[2024-02-19T22:41:02.799+0000] {base.py:73} INFO - Using connection ID 'fs_default' for task execution.
[2024-02-19T22:41:02.800+0000] {filesystem.py:64} INFO - Poking for file C:/Users/geron/Documents/dados/dados.json
[2024-02-19T22:41:12.816+0000] {base.py:73} INFO - Using connection ID 'fs_default' for task execution.
[2024-02-19T22:41:12.817+0000] {filesystem.py:64} INFO - Poking for file C:/Users/geron/Documents/dados/dados.json
[2024-02-19T22:41:22.841+0000] {base.py:73} INFO - Using connection ID 'fs_default' for task execution.
[2024-02-19T22:41:22.842+0000] {filesystem.py:64} INFO - Poking for file C:/Users/geron/Documents/dados/dados.json
[2024-02-19T22:41:32.860+0000] {base.py:73} INFO - Using connection ID 'fs_default' for task execution.
[2024-02-19T22:41:32.862+0000] {filesystem.py:64} INFO - Poking for file C:/Users/geron/Documents/dados/dados.json
[2024-02-19T22:41:42.878+0000] {base.py:73} INFO - Using connection ID 'fs_default' for task execution.
[2024-02-19T22:41:42.879+0000] {filesystem.py:64} INFO - Poking for file C:/Users/geron/Documents/dados/dados.json
[2024-02-19T22:41:52.893+0000] {base.py:73} INFO - Using connection ID 'fs_default' for task execution.
[2024-02-19T22:41:52.894+0000] {filesystem.py:64} INFO - Poking for file C:/Users/geron/Documents/dados/dados.json
[2024-02-19T22:42:02.919+0000] {base.py:73} INFO - Using connection ID 'fs_default' for task execution.
[2024-02-19T22:42:02.920+0000] {filesystem.py:64} INFO - Poking for file C:/Users/geron/Documents/dados/dados.json
[2024-02-19T22:42:12.961+0000] {base.py:73} INFO - Using connection ID 'fs_default' for task execution.
[2024-02-19T22:42:12.963+0000] {filesystem.py:64} INFO - Poking for file C:/Users/geron/Documents/dados/dados.json
[2024-02-19T22:42:22.976+0000] {base.py:73} INFO - Using connection ID 'fs_default' for task execution.
[2024-02-19T22:42:22.977+0000] {filesystem.py:64} INFO - Poking for file C:/Users/geron/Documents/dados/dados.json
[2024-02-19T22:42:32.995+0000] {base.py:73} INFO - Using connection ID 'fs_default' for task execution.
[2024-02-19T22:42:32.996+0000] {filesystem.py:64} INFO - Poking for file C:/Users/geron/Documents/dados/dados.json
[2024-02-19T22:42:43.017+0000] {base.py:73} INFO - Using connection ID 'fs_default' for task execution.
[2024-02-19T22:42:43.018+0000] {filesystem.py:64} INFO - Poking for file C:/Users/geron/Documents/dados/dados.json
[2024-02-19T22:42:53.045+0000] {base.py:73} INFO - Using connection ID 'fs_default' for task execution.
[2024-02-19T22:42:53.046+0000] {filesystem.py:64} INFO - Poking for file C:/Users/geron/Documents/dados/dados.json
[2024-02-19T22:43:03.070+0000] {base.py:73} INFO - Using connection ID 'fs_default' for task execution.
[2024-02-19T22:43:03.072+0000] {filesystem.py:64} INFO - Poking for file C:/Users/geron/Documents/dados/dados.json
[2024-02-19T22:43:13.094+0000] {base.py:73} INFO - Using connection ID 'fs_default' for task execution.
[2024-02-19T22:43:13.095+0000] {filesystem.py:64} INFO - Poking for file C:/Users/geron/Documents/dados/dados.json
[2024-02-19T22:43:23.130+0000] {base.py:73} INFO - Using connection ID 'fs_default' for task execution.
[2024-02-19T22:43:23.138+0000] {filesystem.py:64} INFO - Poking for file C:/Users/geron/Documents/dados/dados.json
[2024-02-19T22:43:33.165+0000] {base.py:73} INFO - Using connection ID 'fs_default' for task execution.
[2024-02-19T22:43:33.167+0000] {filesystem.py:64} INFO - Poking for file C:/Users/geron/Documents/dados/dados.json
[2024-02-19T22:43:43.213+0000] {base.py:73} INFO - Using connection ID 'fs_default' for task execution.
[2024-02-19T22:43:43.219+0000] {filesystem.py:64} INFO - Poking for file C:/Users/geron/Documents/dados/dados.json
[2024-02-19T22:43:53.237+0000] {base.py:73} INFO - Using connection ID 'fs_default' for task execution.
[2024-02-19T22:43:53.238+0000] {filesystem.py:64} INFO - Poking for file C:/Users/geron/Documents/dados/dados.json
[2024-02-19T22:44:03.262+0000] {base.py:73} INFO - Using connection ID 'fs_default' for task execution.
[2024-02-19T22:44:03.263+0000] {filesystem.py:64} INFO - Poking for file C:/Users/geron/Documents/dados/dados.json
[2024-02-19T22:44:13.283+0000] {base.py:73} INFO - Using connection ID 'fs_default' for task execution.
[2024-02-19T22:44:13.285+0000] {filesystem.py:64} INFO - Poking for file C:/Users/geron/Documents/dados/dados.json
[2024-02-19T22:44:23.312+0000] {base.py:73} INFO - Using connection ID 'fs_default' for task execution.
[2024-02-19T22:44:23.315+0000] {filesystem.py:64} INFO - Poking for file C:/Users/geron/Documents/dados/dados.json
[2024-02-19T22:44:33.344+0000] {base.py:73} INFO - Using connection ID 'fs_default' for task execution.
[2024-02-19T22:44:33.345+0000] {filesystem.py:64} INFO - Poking for file C:/Users/geron/Documents/dados/dados.json
[2024-02-19T22:44:43.365+0000] {base.py:73} INFO - Using connection ID 'fs_default' for task execution.
[2024-02-19T22:44:43.366+0000] {filesystem.py:64} INFO - Poking for file C:/Users/geron/Documents/dados/dados.json
[2024-02-19T22:44:53.390+0000] {base.py:73} INFO - Using connection ID 'fs_default' for task execution.
[2024-02-19T22:44:53.390+0000] {filesystem.py:64} INFO - Poking for file C:/Users/geron/Documents/dados/dados.json
[2024-02-19T22:45:03.416+0000] {base.py:73} INFO - Using connection ID 'fs_default' for task execution.
[2024-02-19T22:45:03.419+0000] {filesystem.py:64} INFO - Poking for file C:/Users/geron/Documents/dados/dados.json
[2024-02-19T22:45:13.444+0000] {base.py:73} INFO - Using connection ID 'fs_default' for task execution.
[2024-02-19T22:45:13.445+0000] {filesystem.py:64} INFO - Poking for file C:/Users/geron/Documents/dados/dados.json
[2024-02-19T22:45:23.473+0000] {base.py:73} INFO - Using connection ID 'fs_default' for task execution.
[2024-02-19T22:45:23.491+0000] {filesystem.py:64} INFO - Poking for file C:/Users/geron/Documents/dados/dados.json
[2024-02-19T22:45:33.528+0000] {base.py:73} INFO - Using connection ID 'fs_default' for task execution.
[2024-02-19T22:45:33.530+0000] {filesystem.py:64} INFO - Poking for file C:/Users/geron/Documents/dados/dados.json
[2024-02-19T22:45:43.556+0000] {base.py:73} INFO - Using connection ID 'fs_default' for task execution.
[2024-02-19T22:45:43.557+0000] {filesystem.py:64} INFO - Poking for file C:/Users/geron/Documents/dados/dados.json
[2024-02-19T22:45:53.576+0000] {base.py:73} INFO - Using connection ID 'fs_default' for task execution.
[2024-02-19T22:45:53.577+0000] {filesystem.py:64} INFO - Poking for file C:/Users/geron/Documents/dados/dados.json
[2024-02-19T22:46:03.602+0000] {base.py:73} INFO - Using connection ID 'fs_default' for task execution.
[2024-02-19T22:46:03.604+0000] {filesystem.py:64} INFO - Poking for file C:/Users/geron/Documents/dados/dados.json
[2024-02-19T22:46:13.631+0000] {base.py:73} INFO - Using connection ID 'fs_default' for task execution.
[2024-02-19T22:46:13.635+0000] {filesystem.py:64} INFO - Poking for file C:/Users/geron/Documents/dados/dados.json
[2024-02-19T22:46:23.659+0000] {base.py:73} INFO - Using connection ID 'fs_default' for task execution.
[2024-02-19T22:46:23.660+0000] {filesystem.py:64} INFO - Poking for file C:/Users/geron/Documents/dados/dados.json
[2024-02-19T22:46:33.690+0000] {base.py:73} INFO - Using connection ID 'fs_default' for task execution.
[2024-02-19T22:46:33.691+0000] {filesystem.py:64} INFO - Poking for file C:/Users/geron/Documents/dados/dados.json
[2024-02-19T22:46:43.711+0000] {base.py:73} INFO - Using connection ID 'fs_default' for task execution.
[2024-02-19T22:46:43.712+0000] {filesystem.py:64} INFO - Poking for file C:/Users/geron/Documents/dados/dados.json
[2024-02-19T22:46:53.738+0000] {base.py:73} INFO - Using connection ID 'fs_default' for task execution.
[2024-02-19T22:46:53.740+0000] {filesystem.py:64} INFO - Poking for file C:/Users/geron/Documents/dados/dados.json
[2024-02-19T22:47:03.764+0000] {base.py:73} INFO - Using connection ID 'fs_default' for task execution.
[2024-02-19T22:47:03.765+0000] {filesystem.py:64} INFO - Poking for file C:/Users/geron/Documents/dados/dados.json
[2024-02-19T22:47:13.784+0000] {base.py:73} INFO - Using connection ID 'fs_default' for task execution.
[2024-02-19T22:47:13.785+0000] {filesystem.py:64} INFO - Poking for file C:/Users/geron/Documents/dados/dados.json
[2024-02-19T22:47:23.806+0000] {base.py:73} INFO - Using connection ID 'fs_default' for task execution.
[2024-02-19T22:47:23.807+0000] {filesystem.py:64} INFO - Poking for file C:/Users/geron/Documents/dados/dados.json
[2024-02-19T22:47:33.827+0000] {base.py:73} INFO - Using connection ID 'fs_default' for task execution.
[2024-02-19T22:47:33.828+0000] {filesystem.py:64} INFO - Poking for file C:/Users/geron/Documents/dados/dados.json
[2024-02-19T22:47:43.847+0000] {base.py:73} INFO - Using connection ID 'fs_default' for task execution.
[2024-02-19T22:47:43.848+0000] {filesystem.py:64} INFO - Poking for file C:/Users/geron/Documents/dados/dados.json
[2024-02-19T22:47:53.863+0000] {base.py:73} INFO - Using connection ID 'fs_default' for task execution.
[2024-02-19T22:47:53.864+0000] {filesystem.py:64} INFO - Poking for file C:/Users/geron/Documents/dados/dados.json
[2024-02-19T22:48:03.887+0000] {base.py:73} INFO - Using connection ID 'fs_default' for task execution.
[2024-02-19T22:48:03.891+0000] {filesystem.py:64} INFO - Poking for file C:/Users/geron/Documents/dados/dados.json
[2024-02-19T22:48:13.917+0000] {base.py:73} INFO - Using connection ID 'fs_default' for task execution.
[2024-02-19T22:48:13.919+0000] {filesystem.py:64} INFO - Poking for file C:/Users/geron/Documents/dados/dados.json
[2024-02-19T22:48:23.936+0000] {base.py:73} INFO - Using connection ID 'fs_default' for task execution.
[2024-02-19T22:48:23.937+0000] {filesystem.py:64} INFO - Poking for file C:/Users/geron/Documents/dados/dados.json
[2024-02-19T22:48:33.954+0000] {base.py:73} INFO - Using connection ID 'fs_default' for task execution.
[2024-02-19T22:48:33.955+0000] {filesystem.py:64} INFO - Poking for file C:/Users/geron/Documents/dados/dados.json
[2024-02-19T22:48:43.977+0000] {base.py:73} INFO - Using connection ID 'fs_default' for task execution.
[2024-02-19T22:48:43.979+0000] {filesystem.py:64} INFO - Poking for file C:/Users/geron/Documents/dados/dados.json
[2024-02-19T22:48:53.994+0000] {base.py:73} INFO - Using connection ID 'fs_default' for task execution.
[2024-02-19T22:48:53.995+0000] {filesystem.py:64} INFO - Poking for file C:/Users/geron/Documents/dados/dados.json
[2024-02-19T22:49:04.018+0000] {base.py:73} INFO - Using connection ID 'fs_default' for task execution.
[2024-02-19T22:49:04.019+0000] {filesystem.py:64} INFO - Poking for file C:/Users/geron/Documents/dados/dados.json
[2024-02-19T22:49:14.043+0000] {base.py:73} INFO - Using connection ID 'fs_default' for task execution.
[2024-02-19T22:49:14.044+0000] {filesystem.py:64} INFO - Poking for file C:/Users/geron/Documents/dados/dados.json
[2024-02-19T22:49:24.092+0000] {base.py:73} INFO - Using connection ID 'fs_default' for task execution.
[2024-02-19T22:49:24.163+0000] {filesystem.py:64} INFO - Poking for file C:/Users/geron/Documents/dados/dados.json
[2024-02-19T22:49:34.295+0000] {base.py:73} INFO - Using connection ID 'fs_default' for task execution.
[2024-02-19T22:49:34.319+0000] {filesystem.py:64} INFO - Poking for file C:/Users/geron/Documents/dados/dados.json
[2024-02-19T22:49:44.433+0000] {base.py:73} INFO - Using connection ID 'fs_default' for task execution.
[2024-02-19T22:49:44.435+0000] {filesystem.py:64} INFO - Poking for file C:/Users/geron/Documents/dados/dados.json
[2024-02-19T22:49:54.476+0000] {base.py:73} INFO - Using connection ID 'fs_default' for task execution.
[2024-02-19T22:49:54.492+0000] {filesystem.py:64} INFO - Poking for file C:/Users/geron/Documents/dados/dados.json
[2024-02-19T22:50:04.517+0000] {base.py:73} INFO - Using connection ID 'fs_default' for task execution.
[2024-02-19T22:50:04.518+0000] {filesystem.py:64} INFO - Poking for file C:/Users/geron/Documents/dados/dados.json
[2024-02-19T22:50:14.561+0000] {base.py:73} INFO - Using connection ID 'fs_default' for task execution.
[2024-02-19T22:50:14.565+0000] {filesystem.py:64} INFO - Poking for file C:/Users/geron/Documents/dados/dados.json
[2024-02-19T22:50:24.590+0000] {base.py:73} INFO - Using connection ID 'fs_default' for task execution.
[2024-02-19T22:50:24.591+0000] {filesystem.py:64} INFO - Poking for file C:/Users/geron/Documents/dados/dados.json
[2024-02-19T22:50:34.615+0000] {base.py:73} INFO - Using connection ID 'fs_default' for task execution.
[2024-02-19T22:50:34.617+0000] {filesystem.py:64} INFO - Poking for file C:/Users/geron/Documents/dados/dados.json
[2024-02-19T22:50:44.634+0000] {base.py:73} INFO - Using connection ID 'fs_default' for task execution.
[2024-02-19T22:50:44.635+0000] {filesystem.py:64} INFO - Poking for file C:/Users/geron/Documents/dados/dados.json
[2024-02-19T22:50:54.665+0000] {base.py:73} INFO - Using connection ID 'fs_default' for task execution.
[2024-02-19T22:50:54.666+0000] {filesystem.py:64} INFO - Poking for file C:/Users/geron/Documents/dados/dados.json
[2024-02-19T22:51:04.684+0000] {base.py:73} INFO - Using connection ID 'fs_default' for task execution.
[2024-02-19T22:51:04.686+0000] {filesystem.py:64} INFO - Poking for file C:/Users/geron/Documents/dados/dados.json
[2024-02-19T22:51:14.716+0000] {base.py:73} INFO - Using connection ID 'fs_default' for task execution.
[2024-02-19T22:51:14.717+0000] {filesystem.py:64} INFO - Poking for file C:/Users/geron/Documents/dados/dados.json
[2024-02-19T22:51:24.757+0000] {base.py:73} INFO - Using connection ID 'fs_default' for task execution.
[2024-02-19T22:51:24.775+0000] {filesystem.py:64} INFO - Poking for file C:/Users/geron/Documents/dados/dados.json
[2024-02-19T22:51:34.802+0000] {base.py:73} INFO - Using connection ID 'fs_default' for task execution.
[2024-02-19T22:51:34.803+0000] {filesystem.py:64} INFO - Poking for file C:/Users/geron/Documents/dados/dados.json
[2024-02-19T22:51:44.834+0000] {base.py:73} INFO - Using connection ID 'fs_default' for task execution.
[2024-02-19T22:51:44.850+0000] {filesystem.py:64} INFO - Poking for file C:/Users/geron/Documents/dados/dados.json
[2024-02-19T22:51:54.874+0000] {base.py:73} INFO - Using connection ID 'fs_default' for task execution.
[2024-02-19T22:51:54.878+0000] {filesystem.py:64} INFO - Poking for file C:/Users/geron/Documents/dados/dados.json
[2024-02-19T22:52:04.910+0000] {base.py:73} INFO - Using connection ID 'fs_default' for task execution.
[2024-02-19T22:52:04.915+0000] {filesystem.py:64} INFO - Poking for file C:/Users/geron/Documents/dados/dados.json
[2024-02-19T22:52:14.940+0000] {base.py:73} INFO - Using connection ID 'fs_default' for task execution.
[2024-02-19T22:52:14.942+0000] {filesystem.py:64} INFO - Poking for file C:/Users/geron/Documents/dados/dados.json
[2024-02-19T22:52:24.971+0000] {base.py:73} INFO - Using connection ID 'fs_default' for task execution.
[2024-02-19T22:52:24.973+0000] {filesystem.py:64} INFO - Poking for file C:/Users/geron/Documents/dados/dados.json
[2024-02-19T22:52:35.000+0000] {base.py:73} INFO - Using connection ID 'fs_default' for task execution.
[2024-02-19T22:52:35.006+0000] {filesystem.py:64} INFO - Poking for file C:/Users/geron/Documents/dados/dados.json
[2024-02-19T22:52:45.062+0000] {base.py:73} INFO - Using connection ID 'fs_default' for task execution.
[2024-02-19T22:52:45.066+0000] {filesystem.py:64} INFO - Poking for file C:/Users/geron/Documents/dados/dados.json
[2024-02-19T22:52:55.095+0000] {base.py:73} INFO - Using connection ID 'fs_default' for task execution.
[2024-02-19T22:52:55.104+0000] {filesystem.py:64} INFO - Poking for file C:/Users/geron/Documents/dados/dados.json
[2024-02-19T22:53:05.137+0000] {base.py:73} INFO - Using connection ID 'fs_default' for task execution.
[2024-02-19T22:53:05.139+0000] {filesystem.py:64} INFO - Poking for file C:/Users/geron/Documents/dados/dados.json
[2024-02-19T22:53:15.178+0000] {base.py:73} INFO - Using connection ID 'fs_default' for task execution.
[2024-02-19T22:53:15.179+0000] {filesystem.py:64} INFO - Poking for file C:/Users/geron/Documents/dados/dados.json
[2024-02-19T22:53:25.198+0000] {base.py:73} INFO - Using connection ID 'fs_default' for task execution.
[2024-02-19T22:53:25.199+0000] {filesystem.py:64} INFO - Poking for file C:/Users/geron/Documents/dados/dados.json
[2024-02-19T22:53:35.242+0000] {base.py:73} INFO - Using connection ID 'fs_default' for task execution.
[2024-02-19T22:53:35.246+0000] {filesystem.py:64} INFO - Poking for file C:/Users/geron/Documents/dados/dados.json
[2024-02-19T22:53:45.270+0000] {base.py:73} INFO - Using connection ID 'fs_default' for task execution.
[2024-02-19T22:53:45.270+0000] {filesystem.py:64} INFO - Poking for file C:/Users/geron/Documents/dados/dados.json
[2024-02-19T22:53:55.296+0000] {base.py:73} INFO - Using connection ID 'fs_default' for task execution.
[2024-02-19T22:53:55.298+0000] {filesystem.py:64} INFO - Poking for file C:/Users/geron/Documents/dados/dados.json
[2024-02-19T22:54:05.316+0000] {base.py:73} INFO - Using connection ID 'fs_default' for task execution.
[2024-02-19T22:54:05.317+0000] {filesystem.py:64} INFO - Poking for file C:/Users/geron/Documents/dados/dados.json
[2024-02-19T22:54:15.378+0000] {base.py:73} INFO - Using connection ID 'fs_default' for task execution.
[2024-02-19T22:54:15.400+0000] {filesystem.py:64} INFO - Poking for file C:/Users/geron/Documents/dados/dados.json
[2024-02-19T22:54:25.430+0000] {base.py:73} INFO - Using connection ID 'fs_default' for task execution.
[2024-02-19T22:54:25.431+0000] {filesystem.py:64} INFO - Poking for file C:/Users/geron/Documents/dados/dados.json
[2024-02-19T22:54:35.452+0000] {base.py:73} INFO - Using connection ID 'fs_default' for task execution.
[2024-02-19T22:54:35.454+0000] {filesystem.py:64} INFO - Poking for file C:/Users/geron/Documents/dados/dados.json
[2024-02-19T22:54:45.481+0000] {base.py:73} INFO - Using connection ID 'fs_default' for task execution.
[2024-02-19T22:54:45.482+0000] {filesystem.py:64} INFO - Poking for file C:/Users/geron/Documents/dados/dados.json
[2024-02-19T22:54:55.508+0000] {base.py:73} INFO - Using connection ID 'fs_default' for task execution.
[2024-02-19T22:54:55.509+0000] {filesystem.py:64} INFO - Poking for file C:/Users/geron/Documents/dados/dados.json
[2024-02-19T22:55:05.529+0000] {base.py:73} INFO - Using connection ID 'fs_default' for task execution.
[2024-02-19T22:55:05.531+0000] {filesystem.py:64} INFO - Poking for file C:/Users/geron/Documents/dados/dados.json
[2024-02-19T22:55:15.554+0000] {base.py:73} INFO - Using connection ID 'fs_default' for task execution.
[2024-02-19T22:55:15.555+0000] {filesystem.py:64} INFO - Poking for file C:/Users/geron/Documents/dados/dados.json
[2024-02-19T22:55:25.575+0000] {base.py:73} INFO - Using connection ID 'fs_default' for task execution.
[2024-02-19T22:55:25.579+0000] {filesystem.py:64} INFO - Poking for file C:/Users/geron/Documents/dados/dados.json
[2024-02-19T22:55:35.600+0000] {base.py:73} INFO - Using connection ID 'fs_default' for task execution.
[2024-02-19T22:55:35.600+0000] {filesystem.py:64} INFO - Poking for file C:/Users/geron/Documents/dados/dados.json
[2024-02-19T22:55:45.623+0000] {base.py:73} INFO - Using connection ID 'fs_default' for task execution.
[2024-02-19T22:55:45.624+0000] {filesystem.py:64} INFO - Poking for file C:/Users/geron/Documents/dados/dados.json
[2024-02-19T22:55:55.654+0000] {base.py:73} INFO - Using connection ID 'fs_default' for task execution.
[2024-02-19T22:55:55.658+0000] {filesystem.py:64} INFO - Poking for file C:/Users/geron/Documents/dados/dados.json
[2024-02-19T22:56:05.676+0000] {base.py:73} INFO - Using connection ID 'fs_default' for task execution.
[2024-02-19T22:56:05.677+0000] {filesystem.py:64} INFO - Poking for file C:/Users/geron/Documents/dados/dados.json
[2024-02-19T22:56:15.698+0000] {base.py:73} INFO - Using connection ID 'fs_default' for task execution.
[2024-02-19T22:56:15.699+0000] {filesystem.py:64} INFO - Poking for file C:/Users/geron/Documents/dados/dados.json
[2024-02-19T22:56:25.709+0000] {base.py:73} INFO - Using connection ID 'fs_default' for task execution.
[2024-02-19T22:56:25.710+0000] {filesystem.py:64} INFO - Poking for file C:/Users/geron/Documents/dados/dados.json
[2024-02-19T22:56:35.735+0000] {base.py:73} INFO - Using connection ID 'fs_default' for task execution.
[2024-02-19T22:56:35.736+0000] {filesystem.py:64} INFO - Poking for file C:/Users/geron/Documents/dados/dados.json
[2024-02-19T22:56:45.751+0000] {base.py:73} INFO - Using connection ID 'fs_default' for task execution.
[2024-02-19T22:56:45.752+0000] {filesystem.py:64} INFO - Poking for file C:/Users/geron/Documents/dados/dados.json
[2024-02-19T22:56:55.770+0000] {base.py:73} INFO - Using connection ID 'fs_default' for task execution.
[2024-02-19T22:56:55.771+0000] {filesystem.py:64} INFO - Poking for file C:/Users/geron/Documents/dados/dados.json
[2024-02-19T22:57:05.790+0000] {base.py:73} INFO - Using connection ID 'fs_default' for task execution.
[2024-02-19T22:57:05.791+0000] {filesystem.py:64} INFO - Poking for file C:/Users/geron/Documents/dados/dados.json
[2024-02-19T22:57:15.813+0000] {base.py:73} INFO - Using connection ID 'fs_default' for task execution.
[2024-02-19T22:57:15.814+0000] {filesystem.py:64} INFO - Poking for file C:/Users/geron/Documents/dados/dados.json
[2024-02-19T22:57:25.832+0000] {base.py:73} INFO - Using connection ID 'fs_default' for task execution.
[2024-02-19T22:57:25.833+0000] {filesystem.py:64} INFO - Poking for file C:/Users/geron/Documents/dados/dados.json
[2024-02-19T22:57:35.850+0000] {base.py:73} INFO - Using connection ID 'fs_default' for task execution.
[2024-02-19T22:57:35.851+0000] {filesystem.py:64} INFO - Poking for file C:/Users/geron/Documents/dados/dados.json
[2024-02-19T22:57:45.870+0000] {base.py:73} INFO - Using connection ID 'fs_default' for task execution.
[2024-02-19T22:57:45.871+0000] {filesystem.py:64} INFO - Poking for file C:/Users/geron/Documents/dados/dados.json
[2024-02-19T22:57:55.902+0000] {base.py:73} INFO - Using connection ID 'fs_default' for task execution.
[2024-02-19T22:57:55.905+0000] {filesystem.py:64} INFO - Poking for file C:/Users/geron/Documents/dados/dados.json
[2024-02-19T22:58:05.928+0000] {base.py:73} INFO - Using connection ID 'fs_default' for task execution.
[2024-02-19T22:58:05.930+0000] {filesystem.py:64} INFO - Poking for file C:/Users/geron/Documents/dados/dados.json
[2024-02-19T22:58:15.950+0000] {base.py:73} INFO - Using connection ID 'fs_default' for task execution.
[2024-02-19T22:58:15.951+0000] {filesystem.py:64} INFO - Poking for file C:/Users/geron/Documents/dados/dados.json
[2024-02-19T22:58:25.977+0000] {base.py:73} INFO - Using connection ID 'fs_default' for task execution.
[2024-02-19T22:58:25.979+0000] {filesystem.py:64} INFO - Poking for file C:/Users/geron/Documents/dados/dados.json
[2024-02-19T22:58:35.995+0000] {base.py:73} INFO - Using connection ID 'fs_default' for task execution.
[2024-02-19T22:58:35.996+0000] {filesystem.py:64} INFO - Poking for file C:/Users/geron/Documents/dados/dados.json
[2024-02-19T22:58:46.023+0000] {base.py:73} INFO - Using connection ID 'fs_default' for task execution.
[2024-02-19T22:58:46.024+0000] {filesystem.py:64} INFO - Poking for file C:/Users/geron/Documents/dados/dados.json
[2024-02-19T22:58:56.046+0000] {base.py:73} INFO - Using connection ID 'fs_default' for task execution.
[2024-02-19T22:58:56.047+0000] {filesystem.py:64} INFO - Poking for file C:/Users/geron/Documents/dados/dados.json
[2024-02-19T22:59:06.073+0000] {base.py:73} INFO - Using connection ID 'fs_default' for task execution.
[2024-02-19T22:59:06.074+0000] {filesystem.py:64} INFO - Poking for file C:/Users/geron/Documents/dados/dados.json
[2024-02-19T22:59:16.106+0000] {base.py:73} INFO - Using connection ID 'fs_default' for task execution.
[2024-02-19T22:59:16.118+0000] {filesystem.py:64} INFO - Poking for file C:/Users/geron/Documents/dados/dados.json
[2024-02-19T22:59:26.215+0000] {base.py:73} INFO - Using connection ID 'fs_default' for task execution.
[2024-02-19T22:59:26.219+0000] {filesystem.py:64} INFO - Poking for file C:/Users/geron/Documents/dados/dados.json
[2024-02-19T22:59:36.248+0000] {base.py:73} INFO - Using connection ID 'fs_default' for task execution.
[2024-02-19T22:59:36.253+0000] {filesystem.py:64} INFO - Poking for file C:/Users/geron/Documents/dados/dados.json
[2024-02-19T22:59:46.274+0000] {base.py:73} INFO - Using connection ID 'fs_default' for task execution.
[2024-02-19T22:59:46.275+0000] {filesystem.py:64} INFO - Poking for file C:/Users/geron/Documents/dados/dados.json
[2024-02-19T22:59:56.298+0000] {base.py:73} INFO - Using connection ID 'fs_default' for task execution.
[2024-02-19T22:59:56.301+0000] {filesystem.py:64} INFO - Poking for file C:/Users/geron/Documents/dados/dados.json
[2024-02-19T23:00:06.338+0000] {base.py:73} INFO - Using connection ID 'fs_default' for task execution.
[2024-02-19T23:00:06.339+0000] {filesystem.py:64} INFO - Poking for file C:/Users/geron/Documents/dados/dados.json
[2024-02-19T23:00:16.430+0000] {base.py:73} INFO - Using connection ID 'fs_default' for task execution.
[2024-02-19T23:00:16.453+0000] {filesystem.py:64} INFO - Poking for file C:/Users/geron/Documents/dados/dados.json
[2024-02-19T23:00:26.479+0000] {base.py:73} INFO - Using connection ID 'fs_default' for task execution.
[2024-02-19T23:00:26.480+0000] {filesystem.py:64} INFO - Poking for file C:/Users/geron/Documents/dados/dados.json
[2024-02-19T23:00:36.509+0000] {base.py:73} INFO - Using connection ID 'fs_default' for task execution.
[2024-02-19T23:00:36.514+0000] {filesystem.py:64} INFO - Poking for file C:/Users/geron/Documents/dados/dados.json
[2024-02-19T23:00:46.532+0000] {base.py:73} INFO - Using connection ID 'fs_default' for task execution.
[2024-02-19T23:00:46.534+0000] {filesystem.py:64} INFO - Poking for file C:/Users/geron/Documents/dados/dados.json
[2024-02-19T23:00:56.554+0000] {base.py:73} INFO - Using connection ID 'fs_default' for task execution.
[2024-02-19T23:00:56.556+0000] {filesystem.py:64} INFO - Poking for file C:/Users/geron/Documents/dados/dados.json
[2024-02-19T23:01:06.582+0000] {base.py:73} INFO - Using connection ID 'fs_default' for task execution.
[2024-02-19T23:01:06.583+0000] {filesystem.py:64} INFO - Poking for file C:/Users/geron/Documents/dados/dados.json
[2024-02-19T23:01:16.622+0000] {base.py:73} INFO - Using connection ID 'fs_default' for task execution.
[2024-02-19T23:01:16.630+0000] {filesystem.py:64} INFO - Poking for file C:/Users/geron/Documents/dados/dados.json
