[2024-02-19T21:54:06.990+0000] {taskinstance.py:1083} INFO - Dependencies all met for <TaskInstance: windturbine.verified_file scheduled__2024-02-19T21:51:00+00:00 [queued]>
[2024-02-19T21:54:07.074+0000] {taskinstance.py:1083} INFO - Dependencies all met for <TaskInstance: windturbine.verified_file scheduled__2024-02-19T21:51:00+00:00 [queued]>
[2024-02-19T21:54:07.089+0000] {taskinstance.py:1279} INFO - 
--------------------------------------------------------------------------------
[2024-02-19T21:54:07.093+0000] {taskinstance.py:1280} INFO - Starting attempt 1 of 2
[2024-02-19T21:54:07.094+0000] {taskinstance.py:1281} INFO - 
--------------------------------------------------------------------------------
[2024-02-19T21:54:07.233+0000] {taskinstance.py:1300} INFO - Executing <Task(FileSensor): verified_file> on 2024-02-19 21:51:00+00:00
[2024-02-19T21:54:07.252+0000] {standard_task_runner.py:55} INFO - Started process 289 to run task
[2024-02-19T21:54:07.265+0000] {standard_task_runner.py:82} INFO - Running: ['***', 'tasks', 'run', 'windturbine', 'verified_file', 'scheduled__2024-02-19T21:51:00+00:00', '--job-id', '319', '--raw', '--subdir', 'DAGS_FOLDER/windturbine.py', '--cfg-path', '/tmp/tmpcqwm49l4']
[2024-02-19T21:54:07.277+0000] {standard_task_runner.py:83} INFO - Job 319: Subtask verified_file
[2024-02-19T21:54:07.639+0000] {task_command.py:388} INFO - Running <TaskInstance: windturbine.verified_file scheduled__2024-02-19T21:51:00+00:00 [running]> on host 425a6ccfa80e
[2024-02-19T21:54:08.089+0000] {taskinstance.py:1509} INFO - Exporting the following env vars:
AIRFLOW_CTX_DAG_EMAIL=geronimomorais1617@gmail.com
AIRFLOW_CTX_DAG_OWNER=***
AIRFLOW_CTX_DAG_ID=windturbine
AIRFLOW_CTX_TASK_ID=verified_file
AIRFLOW_CTX_EXECUTION_DATE=2024-02-19T21:51:00+00:00
AIRFLOW_CTX_TRY_NUMBER=1
AIRFLOW_CTX_DAG_RUN_ID=scheduled__2024-02-19T21:51:00+00:00
[2024-02-19T21:54:08.156+0000] {base.py:73} INFO - Using connection ID 'fs_default' for task execution.
[2024-02-19T21:54:08.158+0000] {filesystem.py:64} INFO - Poking for file C:/Users/geron/Documents/dados/dados.json
[2024-02-19T21:54:18.182+0000] {base.py:73} INFO - Using connection ID 'fs_default' for task execution.
[2024-02-19T21:54:18.190+0000] {filesystem.py:64} INFO - Poking for file C:/Users/geron/Documents/dados/dados.json
[2024-02-19T21:54:28.230+0000] {base.py:73} INFO - Using connection ID 'fs_default' for task execution.
[2024-02-19T21:54:28.236+0000] {filesystem.py:64} INFO - Poking for file C:/Users/geron/Documents/dados/dados.json
[2024-02-19T21:54:38.269+0000] {base.py:73} INFO - Using connection ID 'fs_default' for task execution.
[2024-02-19T21:54:38.271+0000] {filesystem.py:64} INFO - Poking for file C:/Users/geron/Documents/dados/dados.json
[2024-02-19T21:54:48.296+0000] {base.py:73} INFO - Using connection ID 'fs_default' for task execution.
[2024-02-19T21:54:48.297+0000] {filesystem.py:64} INFO - Poking for file C:/Users/geron/Documents/dados/dados.json
[2024-02-19T21:54:58.322+0000] {base.py:73} INFO - Using connection ID 'fs_default' for task execution.
[2024-02-19T21:54:58.324+0000] {filesystem.py:64} INFO - Poking for file C:/Users/geron/Documents/dados/dados.json
[2024-02-19T21:55:08.416+0000] {base.py:73} INFO - Using connection ID 'fs_default' for task execution.
[2024-02-19T21:55:08.447+0000] {filesystem.py:64} INFO - Poking for file C:/Users/geron/Documents/dados/dados.json
[2024-02-19T21:55:18.489+0000] {base.py:73} INFO - Using connection ID 'fs_default' for task execution.
[2024-02-19T21:55:18.490+0000] {filesystem.py:64} INFO - Poking for file C:/Users/geron/Documents/dados/dados.json
[2024-02-19T21:55:28.519+0000] {base.py:73} INFO - Using connection ID 'fs_default' for task execution.
[2024-02-19T21:55:28.531+0000] {filesystem.py:64} INFO - Poking for file C:/Users/geron/Documents/dados/dados.json
[2024-02-19T21:55:38.549+0000] {base.py:73} INFO - Using connection ID 'fs_default' for task execution.
[2024-02-19T21:55:38.550+0000] {filesystem.py:64} INFO - Poking for file C:/Users/geron/Documents/dados/dados.json
[2024-02-19T21:55:48.571+0000] {base.py:73} INFO - Using connection ID 'fs_default' for task execution.
[2024-02-19T21:55:48.572+0000] {filesystem.py:64} INFO - Poking for file C:/Users/geron/Documents/dados/dados.json
[2024-02-19T21:55:58.597+0000] {base.py:73} INFO - Using connection ID 'fs_default' for task execution.
[2024-02-19T21:55:58.598+0000] {filesystem.py:64} INFO - Poking for file C:/Users/geron/Documents/dados/dados.json
[2024-02-19T21:56:08.619+0000] {base.py:73} INFO - Using connection ID 'fs_default' for task execution.
[2024-02-19T21:56:08.620+0000] {filesystem.py:64} INFO - Poking for file C:/Users/geron/Documents/dados/dados.json
[2024-02-19T21:56:18.645+0000] {base.py:73} INFO - Using connection ID 'fs_default' for task execution.
[2024-02-19T21:56:18.646+0000] {filesystem.py:64} INFO - Poking for file C:/Users/geron/Documents/dados/dados.json
[2024-02-19T21:56:28.670+0000] {base.py:73} INFO - Using connection ID 'fs_default' for task execution.
[2024-02-19T21:56:28.671+0000] {filesystem.py:64} INFO - Poking for file C:/Users/geron/Documents/dados/dados.json
[2024-02-19T21:56:38.696+0000] {base.py:73} INFO - Using connection ID 'fs_default' for task execution.
[2024-02-19T21:56:38.698+0000] {filesystem.py:64} INFO - Poking for file C:/Users/geron/Documents/dados/dados.json
[2024-02-19T21:56:48.717+0000] {base.py:73} INFO - Using connection ID 'fs_default' for task execution.
[2024-02-19T21:56:48.717+0000] {filesystem.py:64} INFO - Poking for file C:/Users/geron/Documents/dados/dados.json
[2024-02-19T21:56:58.782+0000] {base.py:73} INFO - Using connection ID 'fs_default' for task execution.
[2024-02-19T21:56:58.790+0000] {filesystem.py:64} INFO - Poking for file C:/Users/geron/Documents/dados/dados.json
[2024-02-19T21:57:08.806+0000] {base.py:73} INFO - Using connection ID 'fs_default' for task execution.
[2024-02-19T21:57:08.807+0000] {filesystem.py:64} INFO - Poking for file C:/Users/geron/Documents/dados/dados.json
[2024-02-19T21:57:18.830+0000] {base.py:73} INFO - Using connection ID 'fs_default' for task execution.
[2024-02-19T21:57:18.832+0000] {filesystem.py:64} INFO - Poking for file C:/Users/geron/Documents/dados/dados.json
[2024-02-19T21:57:28.856+0000] {base.py:73} INFO - Using connection ID 'fs_default' for task execution.
[2024-02-19T21:57:28.860+0000] {filesystem.py:64} INFO - Poking for file C:/Users/geron/Documents/dados/dados.json
[2024-02-19T21:57:38.923+0000] {base.py:73} INFO - Using connection ID 'fs_default' for task execution.
[2024-02-19T21:57:38.925+0000] {filesystem.py:64} INFO - Poking for file C:/Users/geron/Documents/dados/dados.json
[2024-02-19T21:57:48.956+0000] {base.py:73} INFO - Using connection ID 'fs_default' for task execution.
[2024-02-19T21:57:48.958+0000] {filesystem.py:64} INFO - Poking for file C:/Users/geron/Documents/dados/dados.json
[2024-02-19T21:57:58.984+0000] {base.py:73} INFO - Using connection ID 'fs_default' for task execution.
[2024-02-19T21:57:58.985+0000] {filesystem.py:64} INFO - Poking for file C:/Users/geron/Documents/dados/dados.json
[2024-02-19T21:58:09.008+0000] {base.py:73} INFO - Using connection ID 'fs_default' for task execution.
[2024-02-19T21:58:09.010+0000] {filesystem.py:64} INFO - Poking for file C:/Users/geron/Documents/dados/dados.json
[2024-02-19T21:58:19.045+0000] {base.py:73} INFO - Using connection ID 'fs_default' for task execution.
[2024-02-19T21:58:19.050+0000] {filesystem.py:64} INFO - Poking for file C:/Users/geron/Documents/dados/dados.json
[2024-02-19T21:58:29.078+0000] {base.py:73} INFO - Using connection ID 'fs_default' for task execution.
[2024-02-19T21:58:29.079+0000] {filesystem.py:64} INFO - Poking for file C:/Users/geron/Documents/dados/dados.json
[2024-02-19T21:58:39.100+0000] {base.py:73} INFO - Using connection ID 'fs_default' for task execution.
[2024-02-19T21:58:39.101+0000] {filesystem.py:64} INFO - Poking for file C:/Users/geron/Documents/dados/dados.json
[2024-02-19T21:58:49.132+0000] {base.py:73} INFO - Using connection ID 'fs_default' for task execution.
[2024-02-19T21:58:49.134+0000] {filesystem.py:64} INFO - Poking for file C:/Users/geron/Documents/dados/dados.json
[2024-02-19T21:58:59.160+0000] {base.py:73} INFO - Using connection ID 'fs_default' for task execution.
[2024-02-19T21:58:59.161+0000] {filesystem.py:64} INFO - Poking for file C:/Users/geron/Documents/dados/dados.json
[2024-02-19T21:59:09.186+0000] {base.py:73} INFO - Using connection ID 'fs_default' for task execution.
[2024-02-19T21:59:09.187+0000] {filesystem.py:64} INFO - Poking for file C:/Users/geron/Documents/dados/dados.json
[2024-02-19T21:59:19.212+0000] {base.py:73} INFO - Using connection ID 'fs_default' for task execution.
[2024-02-19T21:59:19.213+0000] {filesystem.py:64} INFO - Poking for file C:/Users/geron/Documents/dados/dados.json
[2024-02-19T21:59:29.232+0000] {base.py:73} INFO - Using connection ID 'fs_default' for task execution.
[2024-02-19T21:59:29.233+0000] {filesystem.py:64} INFO - Poking for file C:/Users/geron/Documents/dados/dados.json
[2024-02-19T21:59:39.256+0000] {base.py:73} INFO - Using connection ID 'fs_default' for task execution.
[2024-02-19T21:59:39.257+0000] {filesystem.py:64} INFO - Poking for file C:/Users/geron/Documents/dados/dados.json
[2024-02-19T21:59:49.270+0000] {base.py:73} INFO - Using connection ID 'fs_default' for task execution.
[2024-02-19T21:59:49.271+0000] {filesystem.py:64} INFO - Poking for file C:/Users/geron/Documents/dados/dados.json
[2024-02-19T21:59:59.299+0000] {base.py:73} INFO - Using connection ID 'fs_default' for task execution.
[2024-02-19T21:59:59.300+0000] {filesystem.py:64} INFO - Poking for file C:/Users/geron/Documents/dados/dados.json
[2024-02-19T22:00:09.320+0000] {base.py:73} INFO - Using connection ID 'fs_default' for task execution.
[2024-02-19T22:00:09.321+0000] {filesystem.py:64} INFO - Poking for file C:/Users/geron/Documents/dados/dados.json
[2024-02-19T22:00:19.347+0000] {base.py:73} INFO - Using connection ID 'fs_default' for task execution.
[2024-02-19T22:00:19.349+0000] {filesystem.py:64} INFO - Poking for file C:/Users/geron/Documents/dados/dados.json
[2024-02-19T22:00:29.364+0000] {base.py:73} INFO - Using connection ID 'fs_default' for task execution.
[2024-02-19T22:00:29.365+0000] {filesystem.py:64} INFO - Poking for file C:/Users/geron/Documents/dados/dados.json
[2024-02-19T22:00:39.391+0000] {base.py:73} INFO - Using connection ID 'fs_default' for task execution.
[2024-02-19T22:00:39.393+0000] {filesystem.py:64} INFO - Poking for file C:/Users/geron/Documents/dados/dados.json
[2024-02-19T22:00:49.410+0000] {base.py:73} INFO - Using connection ID 'fs_default' for task execution.
[2024-02-19T22:00:49.411+0000] {filesystem.py:64} INFO - Poking for file C:/Users/geron/Documents/dados/dados.json
[2024-02-19T22:00:59.430+0000] {base.py:73} INFO - Using connection ID 'fs_default' for task execution.
[2024-02-19T22:00:59.431+0000] {filesystem.py:64} INFO - Poking for file C:/Users/geron/Documents/dados/dados.json
[2024-02-19T22:01:09.455+0000] {base.py:73} INFO - Using connection ID 'fs_default' for task execution.
[2024-02-19T22:01:09.456+0000] {filesystem.py:64} INFO - Poking for file C:/Users/geron/Documents/dados/dados.json
[2024-02-19T22:01:19.476+0000] {base.py:73} INFO - Using connection ID 'fs_default' for task execution.
[2024-02-19T22:01:19.477+0000] {filesystem.py:64} INFO - Poking for file C:/Users/geron/Documents/dados/dados.json
[2024-02-19T22:01:29.506+0000] {base.py:73} INFO - Using connection ID 'fs_default' for task execution.
[2024-02-19T22:01:29.507+0000] {filesystem.py:64} INFO - Poking for file C:/Users/geron/Documents/dados/dados.json
[2024-02-19T22:01:39.533+0000] {base.py:73} INFO - Using connection ID 'fs_default' for task execution.
[2024-02-19T22:01:39.534+0000] {filesystem.py:64} INFO - Poking for file C:/Users/geron/Documents/dados/dados.json
[2024-02-19T22:01:49.556+0000] {base.py:73} INFO - Using connection ID 'fs_default' for task execution.
[2024-02-19T22:01:49.557+0000] {filesystem.py:64} INFO - Poking for file C:/Users/geron/Documents/dados/dados.json
[2024-02-19T22:01:59.577+0000] {base.py:73} INFO - Using connection ID 'fs_default' for task execution.
[2024-02-19T22:01:59.578+0000] {filesystem.py:64} INFO - Poking for file C:/Users/geron/Documents/dados/dados.json
[2024-02-19T22:02:09.600+0000] {base.py:73} INFO - Using connection ID 'fs_default' for task execution.
[2024-02-19T22:02:09.602+0000] {filesystem.py:64} INFO - Poking for file C:/Users/geron/Documents/dados/dados.json
[2024-02-19T22:02:19.625+0000] {base.py:73} INFO - Using connection ID 'fs_default' for task execution.
[2024-02-19T22:02:19.626+0000] {filesystem.py:64} INFO - Poking for file C:/Users/geron/Documents/dados/dados.json
[2024-02-19T22:02:29.649+0000] {base.py:73} INFO - Using connection ID 'fs_default' for task execution.
[2024-02-19T22:02:29.651+0000] {filesystem.py:64} INFO - Poking for file C:/Users/geron/Documents/dados/dados.json
[2024-02-19T22:02:39.668+0000] {base.py:73} INFO - Using connection ID 'fs_default' for task execution.
[2024-02-19T22:02:39.669+0000] {filesystem.py:64} INFO - Poking for file C:/Users/geron/Documents/dados/dados.json
[2024-02-19T22:02:49.688+0000] {base.py:73} INFO - Using connection ID 'fs_default' for task execution.
[2024-02-19T22:02:49.690+0000] {filesystem.py:64} INFO - Poking for file C:/Users/geron/Documents/dados/dados.json
[2024-02-19T22:02:59.713+0000] {base.py:73} INFO - Using connection ID 'fs_default' for task execution.
[2024-02-19T22:02:59.714+0000] {filesystem.py:64} INFO - Poking for file C:/Users/geron/Documents/dados/dados.json
[2024-02-19T22:03:09.730+0000] {base.py:73} INFO - Using connection ID 'fs_default' for task execution.
[2024-02-19T22:03:09.731+0000] {filesystem.py:64} INFO - Poking for file C:/Users/geron/Documents/dados/dados.json
[2024-02-19T22:03:19.752+0000] {base.py:73} INFO - Using connection ID 'fs_default' for task execution.
[2024-02-19T22:03:19.753+0000] {filesystem.py:64} INFO - Poking for file C:/Users/geron/Documents/dados/dados.json
[2024-02-19T22:03:29.769+0000] {base.py:73} INFO - Using connection ID 'fs_default' for task execution.
[2024-02-19T22:03:29.770+0000] {filesystem.py:64} INFO - Poking for file C:/Users/geron/Documents/dados/dados.json
[2024-02-19T22:03:39.803+0000] {base.py:73} INFO - Using connection ID 'fs_default' for task execution.
[2024-02-19T22:03:39.805+0000] {filesystem.py:64} INFO - Poking for file C:/Users/geron/Documents/dados/dados.json
[2024-02-19T22:03:49.821+0000] {base.py:73} INFO - Using connection ID 'fs_default' for task execution.
[2024-02-19T22:03:49.823+0000] {filesystem.py:64} INFO - Poking for file C:/Users/geron/Documents/dados/dados.json
[2024-02-19T22:03:59.840+0000] {base.py:73} INFO - Using connection ID 'fs_default' for task execution.
[2024-02-19T22:03:59.840+0000] {filesystem.py:64} INFO - Poking for file C:/Users/geron/Documents/dados/dados.json
[2024-02-19T22:04:09.862+0000] {base.py:73} INFO - Using connection ID 'fs_default' for task execution.
[2024-02-19T22:04:09.863+0000] {filesystem.py:64} INFO - Poking for file C:/Users/geron/Documents/dados/dados.json
[2024-02-19T22:04:19.878+0000] {base.py:73} INFO - Using connection ID 'fs_default' for task execution.
[2024-02-19T22:04:19.879+0000] {filesystem.py:64} INFO - Poking for file C:/Users/geron/Documents/dados/dados.json
[2024-02-19T22:04:29.896+0000] {base.py:73} INFO - Using connection ID 'fs_default' for task execution.
[2024-02-19T22:04:29.896+0000] {filesystem.py:64} INFO - Poking for file C:/Users/geron/Documents/dados/dados.json
[2024-02-19T22:04:39.917+0000] {base.py:73} INFO - Using connection ID 'fs_default' for task execution.
[2024-02-19T22:04:39.918+0000] {filesystem.py:64} INFO - Poking for file C:/Users/geron/Documents/dados/dados.json
[2024-02-19T22:04:49.941+0000] {base.py:73} INFO - Using connection ID 'fs_default' for task execution.
[2024-02-19T22:04:49.942+0000] {filesystem.py:64} INFO - Poking for file C:/Users/geron/Documents/dados/dados.json
[2024-02-19T22:04:59.972+0000] {base.py:73} INFO - Using connection ID 'fs_default' for task execution.
[2024-02-19T22:04:59.973+0000] {filesystem.py:64} INFO - Poking for file C:/Users/geron/Documents/dados/dados.json
[2024-02-19T22:05:09.988+0000] {base.py:73} INFO - Using connection ID 'fs_default' for task execution.
[2024-02-19T22:05:09.989+0000] {filesystem.py:64} INFO - Poking for file C:/Users/geron/Documents/dados/dados.json
[2024-02-19T22:05:20.010+0000] {base.py:73} INFO - Using connection ID 'fs_default' for task execution.
[2024-02-19T22:05:20.011+0000] {filesystem.py:64} INFO - Poking for file C:/Users/geron/Documents/dados/dados.json
[2024-02-19T22:05:30.032+0000] {base.py:73} INFO - Using connection ID 'fs_default' for task execution.
[2024-02-19T22:05:30.033+0000] {filesystem.py:64} INFO - Poking for file C:/Users/geron/Documents/dados/dados.json
[2024-02-19T22:05:40.058+0000] {base.py:73} INFO - Using connection ID 'fs_default' for task execution.
[2024-02-19T22:05:40.059+0000] {filesystem.py:64} INFO - Poking for file C:/Users/geron/Documents/dados/dados.json
[2024-02-19T22:05:50.070+0000] {base.py:73} INFO - Using connection ID 'fs_default' for task execution.
[2024-02-19T22:05:50.071+0000] {filesystem.py:64} INFO - Poking for file C:/Users/geron/Documents/dados/dados.json
[2024-02-19T22:06:00.091+0000] {base.py:73} INFO - Using connection ID 'fs_default' for task execution.
[2024-02-19T22:06:00.093+0000] {filesystem.py:64} INFO - Poking for file C:/Users/geron/Documents/dados/dados.json
[2024-02-19T22:06:10.111+0000] {base.py:73} INFO - Using connection ID 'fs_default' for task execution.
[2024-02-19T22:06:10.112+0000] {filesystem.py:64} INFO - Poking for file C:/Users/geron/Documents/dados/dados.json
[2024-02-19T22:06:20.129+0000] {base.py:73} INFO - Using connection ID 'fs_default' for task execution.
[2024-02-19T22:06:20.130+0000] {filesystem.py:64} INFO - Poking for file C:/Users/geron/Documents/dados/dados.json
[2024-02-19T22:06:30.152+0000] {base.py:73} INFO - Using connection ID 'fs_default' for task execution.
[2024-02-19T22:06:30.153+0000] {filesystem.py:64} INFO - Poking for file C:/Users/geron/Documents/dados/dados.json
[2024-02-19T22:06:40.168+0000] {base.py:73} INFO - Using connection ID 'fs_default' for task execution.
[2024-02-19T22:06:40.169+0000] {filesystem.py:64} INFO - Poking for file C:/Users/geron/Documents/dados/dados.json
[2024-02-19T22:06:50.196+0000] {base.py:73} INFO - Using connection ID 'fs_default' for task execution.
[2024-02-19T22:06:50.201+0000] {filesystem.py:64} INFO - Poking for file C:/Users/geron/Documents/dados/dados.json
[2024-02-19T22:07:00.223+0000] {base.py:73} INFO - Using connection ID 'fs_default' for task execution.
[2024-02-19T22:07:00.224+0000] {filesystem.py:64} INFO - Poking for file C:/Users/geron/Documents/dados/dados.json
[2024-02-19T22:07:10.247+0000] {base.py:73} INFO - Using connection ID 'fs_default' for task execution.
[2024-02-19T22:07:10.249+0000] {filesystem.py:64} INFO - Poking for file C:/Users/geron/Documents/dados/dados.json
[2024-02-19T22:07:20.267+0000] {base.py:73} INFO - Using connection ID 'fs_default' for task execution.
[2024-02-19T22:07:20.268+0000] {filesystem.py:64} INFO - Poking for file C:/Users/geron/Documents/dados/dados.json
[2024-02-19T22:07:30.292+0000] {base.py:73} INFO - Using connection ID 'fs_default' for task execution.
[2024-02-19T22:07:30.293+0000] {filesystem.py:64} INFO - Poking for file C:/Users/geron/Documents/dados/dados.json
[2024-02-19T22:07:40.315+0000] {base.py:73} INFO - Using connection ID 'fs_default' for task execution.
[2024-02-19T22:07:40.316+0000] {filesystem.py:64} INFO - Poking for file C:/Users/geron/Documents/dados/dados.json
[2024-02-19T22:07:50.340+0000] {base.py:73} INFO - Using connection ID 'fs_default' for task execution.
[2024-02-19T22:07:50.341+0000] {filesystem.py:64} INFO - Poking for file C:/Users/geron/Documents/dados/dados.json
[2024-02-19T22:08:00.362+0000] {base.py:73} INFO - Using connection ID 'fs_default' for task execution.
[2024-02-19T22:08:00.363+0000] {filesystem.py:64} INFO - Poking for file C:/Users/geron/Documents/dados/dados.json
[2024-02-19T22:08:10.385+0000] {base.py:73} INFO - Using connection ID 'fs_default' for task execution.
[2024-02-19T22:08:10.386+0000] {filesystem.py:64} INFO - Poking for file C:/Users/geron/Documents/dados/dados.json
[2024-02-19T22:08:20.406+0000] {base.py:73} INFO - Using connection ID 'fs_default' for task execution.
[2024-02-19T22:08:20.409+0000] {filesystem.py:64} INFO - Poking for file C:/Users/geron/Documents/dados/dados.json
[2024-02-19T22:08:30.433+0000] {base.py:73} INFO - Using connection ID 'fs_default' for task execution.
[2024-02-19T22:08:30.435+0000] {filesystem.py:64} INFO - Poking for file C:/Users/geron/Documents/dados/dados.json
[2024-02-19T22:08:40.470+0000] {base.py:73} INFO - Using connection ID 'fs_default' for task execution.
[2024-02-19T22:08:40.474+0000] {filesystem.py:64} INFO - Poking for file C:/Users/geron/Documents/dados/dados.json
[2024-02-19T22:08:50.498+0000] {base.py:73} INFO - Using connection ID 'fs_default' for task execution.
[2024-02-19T22:08:50.498+0000] {filesystem.py:64} INFO - Poking for file C:/Users/geron/Documents/dados/dados.json
[2024-02-19T22:09:00.522+0000] {base.py:73} INFO - Using connection ID 'fs_default' for task execution.
[2024-02-19T22:09:00.523+0000] {filesystem.py:64} INFO - Poking for file C:/Users/geron/Documents/dados/dados.json
[2024-02-19T22:09:10.544+0000] {base.py:73} INFO - Using connection ID 'fs_default' for task execution.
[2024-02-19T22:09:10.545+0000] {filesystem.py:64} INFO - Poking for file C:/Users/geron/Documents/dados/dados.json
[2024-02-19T22:09:20.576+0000] {base.py:73} INFO - Using connection ID 'fs_default' for task execution.
[2024-02-19T22:09:20.583+0000] {filesystem.py:64} INFO - Poking for file C:/Users/geron/Documents/dados/dados.json
[2024-02-19T22:09:30.604+0000] {base.py:73} INFO - Using connection ID 'fs_default' for task execution.
[2024-02-19T22:09:30.605+0000] {filesystem.py:64} INFO - Poking for file C:/Users/geron/Documents/dados/dados.json
[2024-02-19T22:09:40.622+0000] {base.py:73} INFO - Using connection ID 'fs_default' for task execution.
[2024-02-19T22:09:40.623+0000] {filesystem.py:64} INFO - Poking for file C:/Users/geron/Documents/dados/dados.json
[2024-02-19T22:09:50.640+0000] {base.py:73} INFO - Using connection ID 'fs_default' for task execution.
[2024-02-19T22:09:50.641+0000] {filesystem.py:64} INFO - Poking for file C:/Users/geron/Documents/dados/dados.json
[2024-02-19T22:10:00.663+0000] {base.py:73} INFO - Using connection ID 'fs_default' for task execution.
[2024-02-19T22:10:00.664+0000] {filesystem.py:64} INFO - Poking for file C:/Users/geron/Documents/dados/dados.json
[2024-02-19T22:10:10.701+0000] {base.py:73} INFO - Using connection ID 'fs_default' for task execution.
[2024-02-19T22:10:10.703+0000] {filesystem.py:64} INFO - Poking for file C:/Users/geron/Documents/dados/dados.json
[2024-02-19T22:10:20.719+0000] {base.py:73} INFO - Using connection ID 'fs_default' for task execution.
[2024-02-19T22:10:20.720+0000] {filesystem.py:64} INFO - Poking for file C:/Users/geron/Documents/dados/dados.json
[2024-02-19T22:10:30.742+0000] {base.py:73} INFO - Using connection ID 'fs_default' for task execution.
[2024-02-19T22:10:30.744+0000] {filesystem.py:64} INFO - Poking for file C:/Users/geron/Documents/dados/dados.json
[2024-02-19T22:10:40.762+0000] {base.py:73} INFO - Using connection ID 'fs_default' for task execution.
[2024-02-19T22:10:40.763+0000] {filesystem.py:64} INFO - Poking for file C:/Users/geron/Documents/dados/dados.json
[2024-02-19T22:10:50.784+0000] {base.py:73} INFO - Using connection ID 'fs_default' for task execution.
[2024-02-19T22:10:50.786+0000] {filesystem.py:64} INFO - Poking for file C:/Users/geron/Documents/dados/dados.json
[2024-02-19T22:11:00.802+0000] {base.py:73} INFO - Using connection ID 'fs_default' for task execution.
[2024-02-19T22:11:00.803+0000] {filesystem.py:64} INFO - Poking for file C:/Users/geron/Documents/dados/dados.json
[2024-02-19T22:11:10.823+0000] {base.py:73} INFO - Using connection ID 'fs_default' for task execution.
[2024-02-19T22:11:10.824+0000] {filesystem.py:64} INFO - Poking for file C:/Users/geron/Documents/dados/dados.json
[2024-02-19T22:11:20.841+0000] {base.py:73} INFO - Using connection ID 'fs_default' for task execution.
[2024-02-19T22:11:20.842+0000] {filesystem.py:64} INFO - Poking for file C:/Users/geron/Documents/dados/dados.json
[2024-02-19T22:11:30.861+0000] {base.py:73} INFO - Using connection ID 'fs_default' for task execution.
[2024-02-19T22:11:30.862+0000] {filesystem.py:64} INFO - Poking for file C:/Users/geron/Documents/dados/dados.json
[2024-02-19T22:11:40.884+0000] {base.py:73} INFO - Using connection ID 'fs_default' for task execution.
[2024-02-19T22:11:40.885+0000] {filesystem.py:64} INFO - Poking for file C:/Users/geron/Documents/dados/dados.json
[2024-02-19T22:11:50.900+0000] {base.py:73} INFO - Using connection ID 'fs_default' for task execution.
[2024-02-19T22:11:50.901+0000] {filesystem.py:64} INFO - Poking for file C:/Users/geron/Documents/dados/dados.json
[2024-02-19T22:12:00.976+0000] {base.py:73} INFO - Using connection ID 'fs_default' for task execution.
[2024-02-19T22:12:00.991+0000] {filesystem.py:64} INFO - Poking for file C:/Users/geron/Documents/dados/dados.json
[2024-02-19T22:12:11.012+0000] {base.py:73} INFO - Using connection ID 'fs_default' for task execution.
[2024-02-19T22:12:11.013+0000] {filesystem.py:64} INFO - Poking for file C:/Users/geron/Documents/dados/dados.json
[2024-02-19T22:12:21.042+0000] {base.py:73} INFO - Using connection ID 'fs_default' for task execution.
[2024-02-19T22:12:21.044+0000] {filesystem.py:64} INFO - Poking for file C:/Users/geron/Documents/dados/dados.json
[2024-02-19T22:12:31.075+0000] {base.py:73} INFO - Using connection ID 'fs_default' for task execution.
[2024-02-19T22:12:31.080+0000] {filesystem.py:64} INFO - Poking for file C:/Users/geron/Documents/dados/dados.json
[2024-02-19T22:12:41.109+0000] {base.py:73} INFO - Using connection ID 'fs_default' for task execution.
[2024-02-19T22:12:41.110+0000] {filesystem.py:64} INFO - Poking for file C:/Users/geron/Documents/dados/dados.json
[2024-02-19T22:12:51.129+0000] {base.py:73} INFO - Using connection ID 'fs_default' for task execution.
[2024-02-19T22:12:51.130+0000] {filesystem.py:64} INFO - Poking for file C:/Users/geron/Documents/dados/dados.json
[2024-02-19T22:13:01.153+0000] {base.py:73} INFO - Using connection ID 'fs_default' for task execution.
[2024-02-19T22:13:01.157+0000] {filesystem.py:64} INFO - Poking for file C:/Users/geron/Documents/dados/dados.json
[2024-02-19T22:13:11.185+0000] {base.py:73} INFO - Using connection ID 'fs_default' for task execution.
[2024-02-19T22:13:11.188+0000] {filesystem.py:64} INFO - Poking for file C:/Users/geron/Documents/dados/dados.json
[2024-02-19T22:13:21.216+0000] {base.py:73} INFO - Using connection ID 'fs_default' for task execution.
[2024-02-19T22:13:21.217+0000] {filesystem.py:64} INFO - Poking for file C:/Users/geron/Documents/dados/dados.json
[2024-02-19T22:13:31.236+0000] {base.py:73} INFO - Using connection ID 'fs_default' for task execution.
[2024-02-19T22:13:31.238+0000] {filesystem.py:64} INFO - Poking for file C:/Users/geron/Documents/dados/dados.json
[2024-02-19T22:13:41.263+0000] {base.py:73} INFO - Using connection ID 'fs_default' for task execution.
[2024-02-19T22:13:41.265+0000] {filesystem.py:64} INFO - Poking for file C:/Users/geron/Documents/dados/dados.json
[2024-02-19T22:13:51.285+0000] {base.py:73} INFO - Using connection ID 'fs_default' for task execution.
[2024-02-19T22:13:51.286+0000] {filesystem.py:64} INFO - Poking for file C:/Users/geron/Documents/dados/dados.json
[2024-02-19T22:14:01.310+0000] {base.py:73} INFO - Using connection ID 'fs_default' for task execution.
[2024-02-19T22:14:01.312+0000] {filesystem.py:64} INFO - Poking for file C:/Users/geron/Documents/dados/dados.json
[2024-02-19T22:14:11.333+0000] {base.py:73} INFO - Using connection ID 'fs_default' for task execution.
[2024-02-19T22:14:11.334+0000] {filesystem.py:64} INFO - Poking for file C:/Users/geron/Documents/dados/dados.json
[2024-02-19T22:14:21.364+0000] {base.py:73} INFO - Using connection ID 'fs_default' for task execution.
[2024-02-19T22:14:21.377+0000] {filesystem.py:64} INFO - Poking for file C:/Users/geron/Documents/dados/dados.json
[2024-02-19T22:14:31.444+0000] {base.py:73} INFO - Using connection ID 'fs_default' for task execution.
[2024-02-19T22:14:31.446+0000] {filesystem.py:64} INFO - Poking for file C:/Users/geron/Documents/dados/dados.json
[2024-02-19T22:14:41.490+0000] {base.py:73} INFO - Using connection ID 'fs_default' for task execution.
[2024-02-19T22:14:41.491+0000] {filesystem.py:64} INFO - Poking for file C:/Users/geron/Documents/dados/dados.json
[2024-02-19T22:14:51.531+0000] {base.py:73} INFO - Using connection ID 'fs_default' for task execution.
[2024-02-19T22:14:51.537+0000] {filesystem.py:64} INFO - Poking for file C:/Users/geron/Documents/dados/dados.json
[2024-02-19T22:15:01.559+0000] {base.py:73} INFO - Using connection ID 'fs_default' for task execution.
[2024-02-19T22:15:01.560+0000] {filesystem.py:64} INFO - Poking for file C:/Users/geron/Documents/dados/dados.json
[2024-02-19T22:15:11.583+0000] {base.py:73} INFO - Using connection ID 'fs_default' for task execution.
[2024-02-19T22:15:11.585+0000] {filesystem.py:64} INFO - Poking for file C:/Users/geron/Documents/dados/dados.json
[2024-02-19T22:15:21.616+0000] {base.py:73} INFO - Using connection ID 'fs_default' for task execution.
[2024-02-19T22:15:21.618+0000] {filesystem.py:64} INFO - Poking for file C:/Users/geron/Documents/dados/dados.json
[2024-02-19T22:15:31.659+0000] {base.py:73} INFO - Using connection ID 'fs_default' for task execution.
[2024-02-19T22:15:31.672+0000] {filesystem.py:64} INFO - Poking for file C:/Users/geron/Documents/dados/dados.json
[2024-02-19T22:15:41.719+0000] {base.py:73} INFO - Using connection ID 'fs_default' for task execution.
[2024-02-19T22:15:41.745+0000] {filesystem.py:64} INFO - Poking for file C:/Users/geron/Documents/dados/dados.json
[2024-02-19T22:15:51.795+0000] {base.py:73} INFO - Using connection ID 'fs_default' for task execution.
[2024-02-19T22:15:51.803+0000] {filesystem.py:64} INFO - Poking for file C:/Users/geron/Documents/dados/dados.json
[2024-02-19T22:16:01.836+0000] {base.py:73} INFO - Using connection ID 'fs_default' for task execution.
[2024-02-19T22:16:01.849+0000] {filesystem.py:64} INFO - Poking for file C:/Users/geron/Documents/dados/dados.json
[2024-02-19T22:16:12.028+0000] {base.py:73} INFO - Using connection ID 'fs_default' for task execution.
[2024-02-19T22:16:12.035+0000] {filesystem.py:64} INFO - Poking for file C:/Users/geron/Documents/dados/dados.json
[2024-02-19T22:16:22.080+0000] {base.py:73} INFO - Using connection ID 'fs_default' for task execution.
[2024-02-19T22:16:22.091+0000] {filesystem.py:64} INFO - Poking for file C:/Users/geron/Documents/dados/dados.json
[2024-02-19T22:16:32.134+0000] {base.py:73} INFO - Using connection ID 'fs_default' for task execution.
[2024-02-19T22:16:32.144+0000] {filesystem.py:64} INFO - Poking for file C:/Users/geron/Documents/dados/dados.json
[2024-02-19T22:16:42.210+0000] {base.py:73} INFO - Using connection ID 'fs_default' for task execution.
[2024-02-19T22:16:42.222+0000] {filesystem.py:64} INFO - Poking for file C:/Users/geron/Documents/dados/dados.json
[2024-02-19T22:16:52.258+0000] {base.py:73} INFO - Using connection ID 'fs_default' for task execution.
[2024-02-19T22:16:52.259+0000] {filesystem.py:64} INFO - Poking for file C:/Users/geron/Documents/dados/dados.json
[2024-02-19T22:17:02.281+0000] {base.py:73} INFO - Using connection ID 'fs_default' for task execution.
[2024-02-19T22:17:02.283+0000] {filesystem.py:64} INFO - Poking for file C:/Users/geron/Documents/dados/dados.json
[2024-02-19T22:17:12.320+0000] {base.py:73} INFO - Using connection ID 'fs_default' for task execution.
[2024-02-19T22:17:12.327+0000] {filesystem.py:64} INFO - Poking for file C:/Users/geron/Documents/dados/dados.json
[2024-02-19T22:17:22.375+0000] {base.py:73} INFO - Using connection ID 'fs_default' for task execution.
[2024-02-19T22:17:22.400+0000] {filesystem.py:64} INFO - Poking for file C:/Users/geron/Documents/dados/dados.json
[2024-02-19T22:17:32.451+0000] {base.py:73} INFO - Using connection ID 'fs_default' for task execution.
[2024-02-19T22:17:32.452+0000] {filesystem.py:64} INFO - Poking for file C:/Users/geron/Documents/dados/dados.json
[2024-02-19T22:17:42.491+0000] {base.py:73} INFO - Using connection ID 'fs_default' for task execution.
[2024-02-19T22:17:42.537+0000] {filesystem.py:64} INFO - Poking for file C:/Users/geron/Documents/dados/dados.json
[2024-02-19T22:17:52.585+0000] {base.py:73} INFO - Using connection ID 'fs_default' for task execution.
[2024-02-19T22:17:52.598+0000] {filesystem.py:64} INFO - Poking for file C:/Users/geron/Documents/dados/dados.json
[2024-02-19T22:18:02.655+0000] {base.py:73} INFO - Using connection ID 'fs_default' for task execution.
[2024-02-19T22:18:02.662+0000] {filesystem.py:64} INFO - Poking for file C:/Users/geron/Documents/dados/dados.json
[2024-02-19T22:18:12.702+0000] {base.py:73} INFO - Using connection ID 'fs_default' for task execution.
[2024-02-19T22:18:12.710+0000] {filesystem.py:64} INFO - Poking for file C:/Users/geron/Documents/dados/dados.json
[2024-02-19T22:18:22.737+0000] {base.py:73} INFO - Using connection ID 'fs_default' for task execution.
[2024-02-19T22:18:22.739+0000] {filesystem.py:64} INFO - Poking for file C:/Users/geron/Documents/dados/dados.json
[2024-02-19T22:18:32.770+0000] {base.py:73} INFO - Using connection ID 'fs_default' for task execution.
[2024-02-19T22:18:32.775+0000] {filesystem.py:64} INFO - Poking for file C:/Users/geron/Documents/dados/dados.json
[2024-02-19T22:18:42.847+0000] {base.py:73} INFO - Using connection ID 'fs_default' for task execution.
[2024-02-19T22:18:42.849+0000] {filesystem.py:64} INFO - Poking for file C:/Users/geron/Documents/dados/dados.json
[2024-02-19T22:18:52.916+0000] {base.py:73} INFO - Using connection ID 'fs_default' for task execution.
[2024-02-19T22:18:52.923+0000] {filesystem.py:64} INFO - Poking for file C:/Users/geron/Documents/dados/dados.json
[2024-02-19T22:19:02.962+0000] {base.py:73} INFO - Using connection ID 'fs_default' for task execution.
[2024-02-19T22:19:02.970+0000] {filesystem.py:64} INFO - Poking for file C:/Users/geron/Documents/dados/dados.json
[2024-02-19T22:19:13.012+0000] {base.py:73} INFO - Using connection ID 'fs_default' for task execution.
[2024-02-19T22:19:13.014+0000] {filesystem.py:64} INFO - Poking for file C:/Users/geron/Documents/dados/dados.json
[2024-02-19T22:19:23.061+0000] {base.py:73} INFO - Using connection ID 'fs_default' for task execution.
[2024-02-19T22:19:23.070+0000] {filesystem.py:64} INFO - Poking for file C:/Users/geron/Documents/dados/dados.json
[2024-02-19T22:19:33.210+0000] {base.py:73} INFO - Using connection ID 'fs_default' for task execution.
[2024-02-19T22:19:33.243+0000] {filesystem.py:64} INFO - Poking for file C:/Users/geron/Documents/dados/dados.json
[2024-02-19T22:19:43.327+0000] {base.py:73} INFO - Using connection ID 'fs_default' for task execution.
[2024-02-19T22:19:43.334+0000] {filesystem.py:64} INFO - Poking for file C:/Users/geron/Documents/dados/dados.json
[2024-02-19T22:19:53.361+0000] {base.py:73} INFO - Using connection ID 'fs_default' for task execution.
[2024-02-19T22:19:53.405+0000] {filesystem.py:64} INFO - Poking for file C:/Users/geron/Documents/dados/dados.json
[2024-02-19T22:20:03.443+0000] {base.py:73} INFO - Using connection ID 'fs_default' for task execution.
[2024-02-19T22:20:03.445+0000] {filesystem.py:64} INFO - Poking for file C:/Users/geron/Documents/dados/dados.json
[2024-02-19T22:20:13.485+0000] {base.py:73} INFO - Using connection ID 'fs_default' for task execution.
[2024-02-19T22:20:13.487+0000] {filesystem.py:64} INFO - Poking for file C:/Users/geron/Documents/dados/dados.json
[2024-02-19T22:20:23.516+0000] {base.py:73} INFO - Using connection ID 'fs_default' for task execution.
[2024-02-19T22:20:23.519+0000] {filesystem.py:64} INFO - Poking for file C:/Users/geron/Documents/dados/dados.json
[2024-02-19T22:20:33.545+0000] {base.py:73} INFO - Using connection ID 'fs_default' for task execution.
[2024-02-19T22:20:33.548+0000] {filesystem.py:64} INFO - Poking for file C:/Users/geron/Documents/dados/dados.json
[2024-02-19T22:20:43.571+0000] {base.py:73} INFO - Using connection ID 'fs_default' for task execution.
[2024-02-19T22:20:43.572+0000] {filesystem.py:64} INFO - Poking for file C:/Users/geron/Documents/dados/dados.json
[2024-02-19T22:20:53.595+0000] {base.py:73} INFO - Using connection ID 'fs_default' for task execution.
[2024-02-19T22:20:53.599+0000] {filesystem.py:64} INFO - Poking for file C:/Users/geron/Documents/dados/dados.json
[2024-02-19T22:21:03.624+0000] {base.py:73} INFO - Using connection ID 'fs_default' for task execution.
[2024-02-19T22:21:03.632+0000] {filesystem.py:64} INFO - Poking for file C:/Users/geron/Documents/dados/dados.json
[2024-02-19T22:21:13.656+0000] {base.py:73} INFO - Using connection ID 'fs_default' for task execution.
[2024-02-19T22:21:13.657+0000] {filesystem.py:64} INFO - Poking for file C:/Users/geron/Documents/dados/dados.json
[2024-02-19T22:21:23.684+0000] {base.py:73} INFO - Using connection ID 'fs_default' for task execution.
[2024-02-19T22:21:23.685+0000] {filesystem.py:64} INFO - Poking for file C:/Users/geron/Documents/dados/dados.json
[2024-02-19T22:21:33.719+0000] {base.py:73} INFO - Using connection ID 'fs_default' for task execution.
[2024-02-19T22:21:33.721+0000] {filesystem.py:64} INFO - Poking for file C:/Users/geron/Documents/dados/dados.json
[2024-02-19T22:21:43.747+0000] {base.py:73} INFO - Using connection ID 'fs_default' for task execution.
[2024-02-19T22:21:43.749+0000] {filesystem.py:64} INFO - Poking for file C:/Users/geron/Documents/dados/dados.json
[2024-02-19T22:21:53.771+0000] {base.py:73} INFO - Using connection ID 'fs_default' for task execution.
[2024-02-19T22:21:53.772+0000] {filesystem.py:64} INFO - Poking for file C:/Users/geron/Documents/dados/dados.json
[2024-02-19T22:22:03.789+0000] {base.py:73} INFO - Using connection ID 'fs_default' for task execution.
[2024-02-19T22:22:03.790+0000] {filesystem.py:64} INFO - Poking for file C:/Users/geron/Documents/dados/dados.json
[2024-02-19T22:22:13.809+0000] {base.py:73} INFO - Using connection ID 'fs_default' for task execution.
[2024-02-19T22:22:13.810+0000] {filesystem.py:64} INFO - Poking for file C:/Users/geron/Documents/dados/dados.json
[2024-02-19T22:22:23.830+0000] {base.py:73} INFO - Using connection ID 'fs_default' for task execution.
[2024-02-19T22:22:23.831+0000] {filesystem.py:64} INFO - Poking for file C:/Users/geron/Documents/dados/dados.json
[2024-02-19T22:22:33.849+0000] {base.py:73} INFO - Using connection ID 'fs_default' for task execution.
[2024-02-19T22:22:33.851+0000] {filesystem.py:64} INFO - Poking for file C:/Users/geron/Documents/dados/dados.json
[2024-02-19T22:22:43.870+0000] {base.py:73} INFO - Using connection ID 'fs_default' for task execution.
[2024-02-19T22:22:43.871+0000] {filesystem.py:64} INFO - Poking for file C:/Users/geron/Documents/dados/dados.json
[2024-02-19T22:22:53.899+0000] {base.py:73} INFO - Using connection ID 'fs_default' for task execution.
[2024-02-19T22:22:53.900+0000] {filesystem.py:64} INFO - Poking for file C:/Users/geron/Documents/dados/dados.json
[2024-02-19T22:23:03.923+0000] {base.py:73} INFO - Using connection ID 'fs_default' for task execution.
[2024-02-19T22:23:03.924+0000] {filesystem.py:64} INFO - Poking for file C:/Users/geron/Documents/dados/dados.json
[2024-02-19T22:23:13.947+0000] {base.py:73} INFO - Using connection ID 'fs_default' for task execution.
[2024-02-19T22:23:13.948+0000] {filesystem.py:64} INFO - Poking for file C:/Users/geron/Documents/dados/dados.json
[2024-02-19T22:23:24.007+0000] {base.py:73} INFO - Using connection ID 'fs_default' for task execution.
[2024-02-19T22:23:24.009+0000] {filesystem.py:64} INFO - Poking for file C:/Users/geron/Documents/dados/dados.json
[2024-02-19T22:23:34.041+0000] {base.py:73} INFO - Using connection ID 'fs_default' for task execution.
[2024-02-19T22:23:34.042+0000] {filesystem.py:64} INFO - Poking for file C:/Users/geron/Documents/dados/dados.json
[2024-02-19T22:23:44.061+0000] {base.py:73} INFO - Using connection ID 'fs_default' for task execution.
[2024-02-19T22:23:44.062+0000] {filesystem.py:64} INFO - Poking for file C:/Users/geron/Documents/dados/dados.json
[2024-02-19T22:23:54.092+0000] {base.py:73} INFO - Using connection ID 'fs_default' for task execution.
[2024-02-19T22:23:54.100+0000] {filesystem.py:64} INFO - Poking for file C:/Users/geron/Documents/dados/dados.json
[2024-02-19T22:24:04.125+0000] {base.py:73} INFO - Using connection ID 'fs_default' for task execution.
[2024-02-19T22:24:04.127+0000] {filesystem.py:64} INFO - Poking for file C:/Users/geron/Documents/dados/dados.json
[2024-02-19T22:24:14.152+0000] {base.py:73} INFO - Using connection ID 'fs_default' for task execution.
[2024-02-19T22:24:14.153+0000] {filesystem.py:64} INFO - Poking for file C:/Users/geron/Documents/dados/dados.json
[2024-02-19T22:24:24.183+0000] {base.py:73} INFO - Using connection ID 'fs_default' for task execution.
[2024-02-19T22:24:24.184+0000] {filesystem.py:64} INFO - Poking for file C:/Users/geron/Documents/dados/dados.json
[2024-02-19T22:24:34.208+0000] {base.py:73} INFO - Using connection ID 'fs_default' for task execution.
[2024-02-19T22:24:34.209+0000] {filesystem.py:64} INFO - Poking for file C:/Users/geron/Documents/dados/dados.json
[2024-02-19T22:24:44.231+0000] {base.py:73} INFO - Using connection ID 'fs_default' for task execution.
[2024-02-19T22:24:44.232+0000] {filesystem.py:64} INFO - Poking for file C:/Users/geron/Documents/dados/dados.json
[2024-02-19T22:24:54.249+0000] {base.py:73} INFO - Using connection ID 'fs_default' for task execution.
[2024-02-19T22:24:54.251+0000] {filesystem.py:64} INFO - Poking for file C:/Users/geron/Documents/dados/dados.json
[2024-02-19T22:25:04.273+0000] {base.py:73} INFO - Using connection ID 'fs_default' for task execution.
[2024-02-19T22:25:04.274+0000] {filesystem.py:64} INFO - Poking for file C:/Users/geron/Documents/dados/dados.json
[2024-02-19T22:25:14.301+0000] {base.py:73} INFO - Using connection ID 'fs_default' for task execution.
[2024-02-19T22:25:14.302+0000] {filesystem.py:64} INFO - Poking for file C:/Users/geron/Documents/dados/dados.json
[2024-02-19T22:25:24.326+0000] {base.py:73} INFO - Using connection ID 'fs_default' for task execution.
[2024-02-19T22:25:24.327+0000] {filesystem.py:64} INFO - Poking for file C:/Users/geron/Documents/dados/dados.json
[2024-02-19T22:25:34.362+0000] {base.py:73} INFO - Using connection ID 'fs_default' for task execution.
[2024-02-19T22:25:34.373+0000] {filesystem.py:64} INFO - Poking for file C:/Users/geron/Documents/dados/dados.json
[2024-02-19T22:25:44.398+0000] {base.py:73} INFO - Using connection ID 'fs_default' for task execution.
[2024-02-19T22:25:44.399+0000] {filesystem.py:64} INFO - Poking for file C:/Users/geron/Documents/dados/dados.json
[2024-02-19T22:25:54.415+0000] {base.py:73} INFO - Using connection ID 'fs_default' for task execution.
[2024-02-19T22:25:54.415+0000] {filesystem.py:64} INFO - Poking for file C:/Users/geron/Documents/dados/dados.json
[2024-02-19T22:26:04.438+0000] {base.py:73} INFO - Using connection ID 'fs_default' for task execution.
[2024-02-19T22:26:04.440+0000] {filesystem.py:64} INFO - Poking for file C:/Users/geron/Documents/dados/dados.json
[2024-02-19T22:26:14.469+0000] {base.py:73} INFO - Using connection ID 'fs_default' for task execution.
[2024-02-19T22:26:14.472+0000] {filesystem.py:64} INFO - Poking for file C:/Users/geron/Documents/dados/dados.json
[2024-02-19T22:26:24.496+0000] {base.py:73} INFO - Using connection ID 'fs_default' for task execution.
[2024-02-19T22:26:24.497+0000] {filesystem.py:64} INFO - Poking for file C:/Users/geron/Documents/dados/dados.json
[2024-02-19T22:26:34.518+0000] {base.py:73} INFO - Using connection ID 'fs_default' for task execution.
[2024-02-19T22:26:34.519+0000] {filesystem.py:64} INFO - Poking for file C:/Users/geron/Documents/dados/dados.json
[2024-02-19T22:26:44.539+0000] {base.py:73} INFO - Using connection ID 'fs_default' for task execution.
[2024-02-19T22:26:44.541+0000] {filesystem.py:64} INFO - Poking for file C:/Users/geron/Documents/dados/dados.json
[2024-02-19T22:26:54.563+0000] {base.py:73} INFO - Using connection ID 'fs_default' for task execution.
[2024-02-19T22:26:54.565+0000] {filesystem.py:64} INFO - Poking for file C:/Users/geron/Documents/dados/dados.json
[2024-02-19T22:27:04.589+0000] {base.py:73} INFO - Using connection ID 'fs_default' for task execution.
[2024-02-19T22:27:04.591+0000] {filesystem.py:64} INFO - Poking for file C:/Users/geron/Documents/dados/dados.json
[2024-02-19T22:27:14.609+0000] {base.py:73} INFO - Using connection ID 'fs_default' for task execution.
[2024-02-19T22:27:14.611+0000] {filesystem.py:64} INFO - Poking for file C:/Users/geron/Documents/dados/dados.json
[2024-02-19T22:27:24.632+0000] {base.py:73} INFO - Using connection ID 'fs_default' for task execution.
[2024-02-19T22:27:24.633+0000] {filesystem.py:64} INFO - Poking for file C:/Users/geron/Documents/dados/dados.json
[2024-02-19T22:27:34.671+0000] {base.py:73} INFO - Using connection ID 'fs_default' for task execution.
[2024-02-19T22:27:34.680+0000] {filesystem.py:64} INFO - Poking for file C:/Users/geron/Documents/dados/dados.json
[2024-02-19T22:27:44.703+0000] {base.py:73} INFO - Using connection ID 'fs_default' for task execution.
[2024-02-19T22:27:44.705+0000] {filesystem.py:64} INFO - Poking for file C:/Users/geron/Documents/dados/dados.json
[2024-02-19T22:27:54.730+0000] {base.py:73} INFO - Using connection ID 'fs_default' for task execution.
[2024-02-19T22:27:54.731+0000] {filesystem.py:64} INFO - Poking for file C:/Users/geron/Documents/dados/dados.json
[2024-02-19T22:28:04.744+0000] {base.py:73} INFO - Using connection ID 'fs_default' for task execution.
[2024-02-19T22:28:04.745+0000] {filesystem.py:64} INFO - Poking for file C:/Users/geron/Documents/dados/dados.json
[2024-02-19T22:28:14.775+0000] {base.py:73} INFO - Using connection ID 'fs_default' for task execution.
[2024-02-19T22:28:14.780+0000] {filesystem.py:64} INFO - Poking for file C:/Users/geron/Documents/dados/dados.json
[2024-02-19T22:28:24.801+0000] {base.py:73} INFO - Using connection ID 'fs_default' for task execution.
[2024-02-19T22:28:24.802+0000] {filesystem.py:64} INFO - Poking for file C:/Users/geron/Documents/dados/dados.json
[2024-02-19T22:28:34.856+0000] {base.py:73} INFO - Using connection ID 'fs_default' for task execution.
[2024-02-19T22:28:34.862+0000] {filesystem.py:64} INFO - Poking for file C:/Users/geron/Documents/dados/dados.json
[2024-02-19T22:28:44.902+0000] {base.py:73} INFO - Using connection ID 'fs_default' for task execution.
[2024-02-19T22:28:44.904+0000] {filesystem.py:64} INFO - Poking for file C:/Users/geron/Documents/dados/dados.json
[2024-02-19T22:28:54.921+0000] {base.py:73} INFO - Using connection ID 'fs_default' for task execution.
[2024-02-19T22:28:54.922+0000] {filesystem.py:64} INFO - Poking for file C:/Users/geron/Documents/dados/dados.json
[2024-02-19T22:29:04.946+0000] {base.py:73} INFO - Using connection ID 'fs_default' for task execution.
[2024-02-19T22:29:04.947+0000] {filesystem.py:64} INFO - Poking for file C:/Users/geron/Documents/dados/dados.json
[2024-02-19T22:29:14.965+0000] {base.py:73} INFO - Using connection ID 'fs_default' for task execution.
[2024-02-19T22:29:14.966+0000] {filesystem.py:64} INFO - Poking for file C:/Users/geron/Documents/dados/dados.json
[2024-02-19T22:29:24.995+0000] {base.py:73} INFO - Using connection ID 'fs_default' for task execution.
[2024-02-19T22:29:24.997+0000] {filesystem.py:64} INFO - Poking for file C:/Users/geron/Documents/dados/dados.json
[2024-02-19T22:29:35.016+0000] {base.py:73} INFO - Using connection ID 'fs_default' for task execution.
[2024-02-19T22:29:35.017+0000] {filesystem.py:64} INFO - Poking for file C:/Users/geron/Documents/dados/dados.json
[2024-02-19T22:29:45.041+0000] {base.py:73} INFO - Using connection ID 'fs_default' for task execution.
[2024-02-19T22:29:45.042+0000] {filesystem.py:64} INFO - Poking for file C:/Users/geron/Documents/dados/dados.json
[2024-02-19T22:29:55.064+0000] {base.py:73} INFO - Using connection ID 'fs_default' for task execution.
[2024-02-19T22:29:55.065+0000] {filesystem.py:64} INFO - Poking for file C:/Users/geron/Documents/dados/dados.json
[2024-02-19T22:30:05.089+0000] {base.py:73} INFO - Using connection ID 'fs_default' for task execution.
[2024-02-19T22:30:05.090+0000] {filesystem.py:64} INFO - Poking for file C:/Users/geron/Documents/dados/dados.json
[2024-02-19T22:30:15.112+0000] {base.py:73} INFO - Using connection ID 'fs_default' for task execution.
[2024-02-19T22:30:15.113+0000] {filesystem.py:64} INFO - Poking for file C:/Users/geron/Documents/dados/dados.json
[2024-02-19T22:30:25.139+0000] {base.py:73} INFO - Using connection ID 'fs_default' for task execution.
[2024-02-19T22:30:25.143+0000] {filesystem.py:64} INFO - Poking for file C:/Users/geron/Documents/dados/dados.json
[2024-02-19T22:30:35.160+0000] {base.py:73} INFO - Using connection ID 'fs_default' for task execution.
[2024-02-19T22:30:35.161+0000] {filesystem.py:64} INFO - Poking for file C:/Users/geron/Documents/dados/dados.json
[2024-02-19T22:30:45.185+0000] {base.py:73} INFO - Using connection ID 'fs_default' for task execution.
[2024-02-19T22:30:45.186+0000] {filesystem.py:64} INFO - Poking for file C:/Users/geron/Documents/dados/dados.json
[2024-02-19T22:30:55.211+0000] {base.py:73} INFO - Using connection ID 'fs_default' for task execution.
[2024-02-19T22:30:55.212+0000] {filesystem.py:64} INFO - Poking for file C:/Users/geron/Documents/dados/dados.json
[2024-02-19T22:31:05.237+0000] {base.py:73} INFO - Using connection ID 'fs_default' for task execution.
[2024-02-19T22:31:05.239+0000] {filesystem.py:64} INFO - Poking for file C:/Users/geron/Documents/dados/dados.json
[2024-02-19T22:31:15.262+0000] {base.py:73} INFO - Using connection ID 'fs_default' for task execution.
[2024-02-19T22:31:15.262+0000] {filesystem.py:64} INFO - Poking for file C:/Users/geron/Documents/dados/dados.json
[2024-02-19T22:31:25.281+0000] {base.py:73} INFO - Using connection ID 'fs_default' for task execution.
[2024-02-19T22:31:25.282+0000] {filesystem.py:64} INFO - Poking for file C:/Users/geron/Documents/dados/dados.json
[2024-02-19T22:31:35.308+0000] {base.py:73} INFO - Using connection ID 'fs_default' for task execution.
[2024-02-19T22:31:35.309+0000] {filesystem.py:64} INFO - Poking for file C:/Users/geron/Documents/dados/dados.json
[2024-02-19T22:31:45.328+0000] {base.py:73} INFO - Using connection ID 'fs_default' for task execution.
[2024-02-19T22:31:45.329+0000] {filesystem.py:64} INFO - Poking for file C:/Users/geron/Documents/dados/dados.json
[2024-02-19T22:31:55.362+0000] {base.py:73} INFO - Using connection ID 'fs_default' for task execution.
[2024-02-19T22:31:55.366+0000] {filesystem.py:64} INFO - Poking for file C:/Users/geron/Documents/dados/dados.json
[2024-02-19T22:32:05.384+0000] {base.py:73} INFO - Using connection ID 'fs_default' for task execution.
[2024-02-19T22:32:05.385+0000] {filesystem.py:64} INFO - Poking for file C:/Users/geron/Documents/dados/dados.json
[2024-02-19T22:32:15.409+0000] {base.py:73} INFO - Using connection ID 'fs_default' for task execution.
[2024-02-19T22:32:15.411+0000] {filesystem.py:64} INFO - Poking for file C:/Users/geron/Documents/dados/dados.json
[2024-02-19T22:32:25.435+0000] {base.py:73} INFO - Using connection ID 'fs_default' for task execution.
[2024-02-19T22:32:25.437+0000] {filesystem.py:64} INFO - Poking for file C:/Users/geron/Documents/dados/dados.json
[2024-02-19T22:32:35.479+0000] {base.py:73} INFO - Using connection ID 'fs_default' for task execution.
[2024-02-19T22:32:35.480+0000] {filesystem.py:64} INFO - Poking for file C:/Users/geron/Documents/dados/dados.json
[2024-02-19T22:32:45.506+0000] {base.py:73} INFO - Using connection ID 'fs_default' for task execution.
[2024-02-19T22:32:45.519+0000] {filesystem.py:64} INFO - Poking for file C:/Users/geron/Documents/dados/dados.json
[2024-02-19T22:32:55.547+0000] {base.py:73} INFO - Using connection ID 'fs_default' for task execution.
[2024-02-19T22:32:55.548+0000] {filesystem.py:64} INFO - Poking for file C:/Users/geron/Documents/dados/dados.json
[2024-02-19T22:33:05.572+0000] {base.py:73} INFO - Using connection ID 'fs_default' for task execution.
[2024-02-19T22:33:05.573+0000] {filesystem.py:64} INFO - Poking for file C:/Users/geron/Documents/dados/dados.json
[2024-02-19T22:33:15.597+0000] {base.py:73} INFO - Using connection ID 'fs_default' for task execution.
[2024-02-19T22:33:15.598+0000] {filesystem.py:64} INFO - Poking for file C:/Users/geron/Documents/dados/dados.json
[2024-02-19T22:33:25.625+0000] {base.py:73} INFO - Using connection ID 'fs_default' for task execution.
[2024-02-19T22:33:25.642+0000] {filesystem.py:64} INFO - Poking for file C:/Users/geron/Documents/dados/dados.json
[2024-02-19T22:33:35.682+0000] {base.py:73} INFO - Using connection ID 'fs_default' for task execution.
[2024-02-19T22:33:35.684+0000] {filesystem.py:64} INFO - Poking for file C:/Users/geron/Documents/dados/dados.json
[2024-02-19T22:33:45.707+0000] {base.py:73} INFO - Using connection ID 'fs_default' for task execution.
[2024-02-19T22:33:45.708+0000] {filesystem.py:64} INFO - Poking for file C:/Users/geron/Documents/dados/dados.json
[2024-02-19T22:33:55.720+0000] {base.py:73} INFO - Using connection ID 'fs_default' for task execution.
[2024-02-19T22:33:55.721+0000] {filesystem.py:64} INFO - Poking for file C:/Users/geron/Documents/dados/dados.json
[2024-02-19T22:34:05.744+0000] {base.py:73} INFO - Using connection ID 'fs_default' for task execution.
[2024-02-19T22:34:05.747+0000] {filesystem.py:64} INFO - Poking for file C:/Users/geron/Documents/dados/dados.json
[2024-02-19T22:34:15.767+0000] {base.py:73} INFO - Using connection ID 'fs_default' for task execution.
[2024-02-19T22:34:15.768+0000] {filesystem.py:64} INFO - Poking for file C:/Users/geron/Documents/dados/dados.json
[2024-02-19T22:34:25.791+0000] {base.py:73} INFO - Using connection ID 'fs_default' for task execution.
[2024-02-19T22:34:25.792+0000] {filesystem.py:64} INFO - Poking for file C:/Users/geron/Documents/dados/dados.json
[2024-02-19T22:34:35.810+0000] {base.py:73} INFO - Using connection ID 'fs_default' for task execution.
[2024-02-19T22:34:35.810+0000] {filesystem.py:64} INFO - Poking for file C:/Users/geron/Documents/dados/dados.json
[2024-02-19T22:34:45.833+0000] {base.py:73} INFO - Using connection ID 'fs_default' for task execution.
[2024-02-19T22:34:45.834+0000] {filesystem.py:64} INFO - Poking for file C:/Users/geron/Documents/dados/dados.json
[2024-02-19T22:34:55.852+0000] {base.py:73} INFO - Using connection ID 'fs_default' for task execution.
[2024-02-19T22:34:55.853+0000] {filesystem.py:64} INFO - Poking for file C:/Users/geron/Documents/dados/dados.json
[2024-02-19T22:35:05.873+0000] {base.py:73} INFO - Using connection ID 'fs_default' for task execution.
[2024-02-19T22:35:05.876+0000] {filesystem.py:64} INFO - Poking for file C:/Users/geron/Documents/dados/dados.json
[2024-02-19T22:35:15.899+0000] {base.py:73} INFO - Using connection ID 'fs_default' for task execution.
[2024-02-19T22:35:15.899+0000] {filesystem.py:64} INFO - Poking for file C:/Users/geron/Documents/dados/dados.json
[2024-02-19T22:35:25.924+0000] {base.py:73} INFO - Using connection ID 'fs_default' for task execution.
[2024-02-19T22:35:25.925+0000] {filesystem.py:64} INFO - Poking for file C:/Users/geron/Documents/dados/dados.json
[2024-02-19T22:35:35.944+0000] {base.py:73} INFO - Using connection ID 'fs_default' for task execution.
[2024-02-19T22:35:35.945+0000] {filesystem.py:64} INFO - Poking for file C:/Users/geron/Documents/dados/dados.json
[2024-02-19T22:35:45.968+0000] {base.py:73} INFO - Using connection ID 'fs_default' for task execution.
[2024-02-19T22:35:45.969+0000] {filesystem.py:64} INFO - Poking for file C:/Users/geron/Documents/dados/dados.json
[2024-02-19T22:35:55.990+0000] {base.py:73} INFO - Using connection ID 'fs_default' for task execution.
[2024-02-19T22:35:55.992+0000] {filesystem.py:64} INFO - Poking for file C:/Users/geron/Documents/dados/dados.json
[2024-02-19T22:36:06.016+0000] {base.py:73} INFO - Using connection ID 'fs_default' for task execution.
[2024-02-19T22:36:06.017+0000] {filesystem.py:64} INFO - Poking for file C:/Users/geron/Documents/dados/dados.json
[2024-02-19T22:36:16.031+0000] {base.py:73} INFO - Using connection ID 'fs_default' for task execution.
[2024-02-19T22:36:16.032+0000] {filesystem.py:64} INFO - Poking for file C:/Users/geron/Documents/dados/dados.json
[2024-02-19T22:36:26.058+0000] {base.py:73} INFO - Using connection ID 'fs_default' for task execution.
[2024-02-19T22:36:26.060+0000] {filesystem.py:64} INFO - Poking for file C:/Users/geron/Documents/dados/dados.json
[2024-02-19T22:36:36.107+0000] {base.py:73} INFO - Using connection ID 'fs_default' for task execution.
[2024-02-19T22:36:36.111+0000] {filesystem.py:64} INFO - Poking for file C:/Users/geron/Documents/dados/dados.json
[2024-02-19T22:36:46.138+0000] {base.py:73} INFO - Using connection ID 'fs_default' for task execution.
[2024-02-19T22:36:46.138+0000] {filesystem.py:64} INFO - Poking for file C:/Users/geron/Documents/dados/dados.json
[2024-02-19T22:36:56.163+0000] {base.py:73} INFO - Using connection ID 'fs_default' for task execution.
[2024-02-19T22:36:56.164+0000] {filesystem.py:64} INFO - Poking for file C:/Users/geron/Documents/dados/dados.json
[2024-02-19T22:37:06.195+0000] {base.py:73} INFO - Using connection ID 'fs_default' for task execution.
[2024-02-19T22:37:06.196+0000] {filesystem.py:64} INFO - Poking for file C:/Users/geron/Documents/dados/dados.json
[2024-02-19T22:37:16.231+0000] {base.py:73} INFO - Using connection ID 'fs_default' for task execution.
[2024-02-19T22:37:16.237+0000] {filesystem.py:64} INFO - Poking for file C:/Users/geron/Documents/dados/dados.json
[2024-02-19T22:37:26.264+0000] {base.py:73} INFO - Using connection ID 'fs_default' for task execution.
[2024-02-19T22:37:26.265+0000] {filesystem.py:64} INFO - Poking for file C:/Users/geron/Documents/dados/dados.json
[2024-02-19T22:37:36.279+0000] {base.py:73} INFO - Using connection ID 'fs_default' for task execution.
[2024-02-19T22:37:36.280+0000] {filesystem.py:64} INFO - Poking for file C:/Users/geron/Documents/dados/dados.json
[2024-02-19T22:37:46.299+0000] {base.py:73} INFO - Using connection ID 'fs_default' for task execution.
[2024-02-19T22:37:46.300+0000] {filesystem.py:64} INFO - Poking for file C:/Users/geron/Documents/dados/dados.json
[2024-02-19T22:37:56.328+0000] {base.py:73} INFO - Using connection ID 'fs_default' for task execution.
[2024-02-19T22:37:56.333+0000] {filesystem.py:64} INFO - Poking for file C:/Users/geron/Documents/dados/dados.json
[2024-02-19T22:38:06.351+0000] {base.py:73} INFO - Using connection ID 'fs_default' for task execution.
[2024-02-19T22:38:06.352+0000] {filesystem.py:64} INFO - Poking for file C:/Users/geron/Documents/dados/dados.json
[2024-02-19T22:38:16.375+0000] {base.py:73} INFO - Using connection ID 'fs_default' for task execution.
[2024-02-19T22:38:16.376+0000] {filesystem.py:64} INFO - Poking for file C:/Users/geron/Documents/dados/dados.json
[2024-02-19T22:38:26.402+0000] {base.py:73} INFO - Using connection ID 'fs_default' for task execution.
[2024-02-19T22:38:26.404+0000] {filesystem.py:64} INFO - Poking for file C:/Users/geron/Documents/dados/dados.json
[2024-02-19T22:38:36.430+0000] {base.py:73} INFO - Using connection ID 'fs_default' for task execution.
[2024-02-19T22:38:36.431+0000] {filesystem.py:64} INFO - Poking for file C:/Users/geron/Documents/dados/dados.json
[2024-02-19T22:38:46.450+0000] {base.py:73} INFO - Using connection ID 'fs_default' for task execution.
[2024-02-19T22:38:46.451+0000] {filesystem.py:64} INFO - Poking for file C:/Users/geron/Documents/dados/dados.json
[2024-02-19T22:38:56.481+0000] {base.py:73} INFO - Using connection ID 'fs_default' for task execution.
[2024-02-19T22:38:56.487+0000] {filesystem.py:64} INFO - Poking for file C:/Users/geron/Documents/dados/dados.json
[2024-02-19T22:39:06.537+0000] {base.py:73} INFO - Using connection ID 'fs_default' for task execution.
[2024-02-19T22:39:06.542+0000] {filesystem.py:64} INFO - Poking for file C:/Users/geron/Documents/dados/dados.json
[2024-02-19T22:39:16.567+0000] {base.py:73} INFO - Using connection ID 'fs_default' for task execution.
[2024-02-19T22:39:16.568+0000] {filesystem.py:64} INFO - Poking for file C:/Users/geron/Documents/dados/dados.json
[2024-02-19T22:39:26.601+0000] {base.py:73} INFO - Using connection ID 'fs_default' for task execution.
[2024-02-19T22:39:26.614+0000] {filesystem.py:64} INFO - Poking for file C:/Users/geron/Documents/dados/dados.json
[2024-02-19T22:39:36.639+0000] {base.py:73} INFO - Using connection ID 'fs_default' for task execution.
[2024-02-19T22:39:36.640+0000] {filesystem.py:64} INFO - Poking for file C:/Users/geron/Documents/dados/dados.json
[2024-02-19T22:39:46.662+0000] {base.py:73} INFO - Using connection ID 'fs_default' for task execution.
[2024-02-19T22:39:46.663+0000] {filesystem.py:64} INFO - Poking for file C:/Users/geron/Documents/dados/dados.json
[2024-02-19T22:39:56.681+0000] {base.py:73} INFO - Using connection ID 'fs_default' for task execution.
[2024-02-19T22:39:56.684+0000] {filesystem.py:64} INFO - Poking for file C:/Users/geron/Documents/dados/dados.json
[2024-02-19T22:40:06.707+0000] {base.py:73} INFO - Using connection ID 'fs_default' for task execution.
[2024-02-19T22:40:06.708+0000] {filesystem.py:64} INFO - Poking for file C:/Users/geron/Documents/dados/dados.json
[2024-02-19T22:40:16.728+0000] {base.py:73} INFO - Using connection ID 'fs_default' for task execution.
[2024-02-19T22:40:16.729+0000] {filesystem.py:64} INFO - Poking for file C:/Users/geron/Documents/dados/dados.json
[2024-02-19T22:40:26.762+0000] {base.py:73} INFO - Using connection ID 'fs_default' for task execution.
[2024-02-19T22:40:26.765+0000] {filesystem.py:64} INFO - Poking for file C:/Users/geron/Documents/dados/dados.json
[2024-02-19T22:40:36.790+0000] {base.py:73} INFO - Using connection ID 'fs_default' for task execution.
[2024-02-19T22:40:36.791+0000] {filesystem.py:64} INFO - Poking for file C:/Users/geron/Documents/dados/dados.json
[2024-02-19T22:40:46.807+0000] {base.py:73} INFO - Using connection ID 'fs_default' for task execution.
[2024-02-19T22:40:46.807+0000] {filesystem.py:64} INFO - Poking for file C:/Users/geron/Documents/dados/dados.json
[2024-02-19T22:40:56.829+0000] {base.py:73} INFO - Using connection ID 'fs_default' for task execution.
[2024-02-19T22:40:56.830+0000] {filesystem.py:64} INFO - Poking for file C:/Users/geron/Documents/dados/dados.json
[2024-02-19T22:41:06.851+0000] {base.py:73} INFO - Using connection ID 'fs_default' for task execution.
[2024-02-19T22:41:06.852+0000] {filesystem.py:64} INFO - Poking for file C:/Users/geron/Documents/dados/dados.json
[2024-02-19T22:41:16.877+0000] {base.py:73} INFO - Using connection ID 'fs_default' for task execution.
[2024-02-19T22:41:16.915+0000] {filesystem.py:64} INFO - Poking for file C:/Users/geron/Documents/dados/dados.json
[2024-02-19T22:41:26.949+0000] {base.py:73} INFO - Using connection ID 'fs_default' for task execution.
[2024-02-19T22:41:26.953+0000] {filesystem.py:64} INFO - Poking for file C:/Users/geron/Documents/dados/dados.json
[2024-02-19T22:41:36.967+0000] {base.py:73} INFO - Using connection ID 'fs_default' for task execution.
[2024-02-19T22:41:36.968+0000] {filesystem.py:64} INFO - Poking for file C:/Users/geron/Documents/dados/dados.json
[2024-02-19T22:41:46.988+0000] {base.py:73} INFO - Using connection ID 'fs_default' for task execution.
[2024-02-19T22:41:46.989+0000] {filesystem.py:64} INFO - Poking for file C:/Users/geron/Documents/dados/dados.json
[2024-02-19T22:41:57.013+0000] {base.py:73} INFO - Using connection ID 'fs_default' for task execution.
[2024-02-19T22:41:57.014+0000] {filesystem.py:64} INFO - Poking for file C:/Users/geron/Documents/dados/dados.json
[2024-02-19T22:42:07.041+0000] {base.py:73} INFO - Using connection ID 'fs_default' for task execution.
[2024-02-19T22:42:07.043+0000] {filesystem.py:64} INFO - Poking for file C:/Users/geron/Documents/dados/dados.json
[2024-02-19T22:42:17.069+0000] {base.py:73} INFO - Using connection ID 'fs_default' for task execution.
[2024-02-19T22:42:17.070+0000] {filesystem.py:64} INFO - Poking for file C:/Users/geron/Documents/dados/dados.json
[2024-02-19T22:42:27.095+0000] {base.py:73} INFO - Using connection ID 'fs_default' for task execution.
[2024-02-19T22:42:27.096+0000] {filesystem.py:64} INFO - Poking for file C:/Users/geron/Documents/dados/dados.json
[2024-02-19T22:42:37.114+0000] {base.py:73} INFO - Using connection ID 'fs_default' for task execution.
[2024-02-19T22:42:37.115+0000] {filesystem.py:64} INFO - Poking for file C:/Users/geron/Documents/dados/dados.json
[2024-02-19T22:42:47.142+0000] {base.py:73} INFO - Using connection ID 'fs_default' for task execution.
[2024-02-19T22:42:47.147+0000] {filesystem.py:64} INFO - Poking for file C:/Users/geron/Documents/dados/dados.json
[2024-02-19T22:42:57.174+0000] {base.py:73} INFO - Using connection ID 'fs_default' for task execution.
[2024-02-19T22:42:57.175+0000] {filesystem.py:64} INFO - Poking for file C:/Users/geron/Documents/dados/dados.json
[2024-02-19T22:43:07.206+0000] {base.py:73} INFO - Using connection ID 'fs_default' for task execution.
[2024-02-19T22:43:07.207+0000] {filesystem.py:64} INFO - Poking for file C:/Users/geron/Documents/dados/dados.json
[2024-02-19T22:43:17.230+0000] {base.py:73} INFO - Using connection ID 'fs_default' for task execution.
[2024-02-19T22:43:17.232+0000] {filesystem.py:64} INFO - Poking for file C:/Users/geron/Documents/dados/dados.json
[2024-02-19T22:43:27.264+0000] {base.py:73} INFO - Using connection ID 'fs_default' for task execution.
[2024-02-19T22:43:27.266+0000] {filesystem.py:64} INFO - Poking for file C:/Users/geron/Documents/dados/dados.json
[2024-02-19T22:43:37.293+0000] {base.py:73} INFO - Using connection ID 'fs_default' for task execution.
[2024-02-19T22:43:37.294+0000] {filesystem.py:64} INFO - Poking for file C:/Users/geron/Documents/dados/dados.json
[2024-02-19T22:43:47.334+0000] {base.py:73} INFO - Using connection ID 'fs_default' for task execution.
[2024-02-19T22:43:47.336+0000] {filesystem.py:64} INFO - Poking for file C:/Users/geron/Documents/dados/dados.json
[2024-02-19T22:43:57.357+0000] {base.py:73} INFO - Using connection ID 'fs_default' for task execution.
[2024-02-19T22:43:57.357+0000] {filesystem.py:64} INFO - Poking for file C:/Users/geron/Documents/dados/dados.json
[2024-02-19T22:44:07.380+0000] {base.py:73} INFO - Using connection ID 'fs_default' for task execution.
[2024-02-19T22:44:07.381+0000] {filesystem.py:64} INFO - Poking for file C:/Users/geron/Documents/dados/dados.json
[2024-02-19T22:44:17.402+0000] {base.py:73} INFO - Using connection ID 'fs_default' for task execution.
[2024-02-19T22:44:17.403+0000] {filesystem.py:64} INFO - Poking for file C:/Users/geron/Documents/dados/dados.json
[2024-02-19T22:44:27.424+0000] {base.py:73} INFO - Using connection ID 'fs_default' for task execution.
[2024-02-19T22:44:27.425+0000] {filesystem.py:64} INFO - Poking for file C:/Users/geron/Documents/dados/dados.json
[2024-02-19T22:44:37.449+0000] {base.py:73} INFO - Using connection ID 'fs_default' for task execution.
[2024-02-19T22:44:37.450+0000] {filesystem.py:64} INFO - Poking for file C:/Users/geron/Documents/dados/dados.json
[2024-02-19T22:44:47.481+0000] {base.py:73} INFO - Using connection ID 'fs_default' for task execution.
[2024-02-19T22:44:47.484+0000] {filesystem.py:64} INFO - Poking for file C:/Users/geron/Documents/dados/dados.json
[2024-02-19T22:44:57.519+0000] {base.py:73} INFO - Using connection ID 'fs_default' for task execution.
[2024-02-19T22:44:57.521+0000] {filesystem.py:64} INFO - Poking for file C:/Users/geron/Documents/dados/dados.json
[2024-02-19T22:45:07.553+0000] {base.py:73} INFO - Using connection ID 'fs_default' for task execution.
[2024-02-19T22:45:07.554+0000] {filesystem.py:64} INFO - Poking for file C:/Users/geron/Documents/dados/dados.json
[2024-02-19T22:45:17.578+0000] {base.py:73} INFO - Using connection ID 'fs_default' for task execution.
[2024-02-19T22:45:17.579+0000] {filesystem.py:64} INFO - Poking for file C:/Users/geron/Documents/dados/dados.json
[2024-02-19T22:45:27.601+0000] {base.py:73} INFO - Using connection ID 'fs_default' for task execution.
[2024-02-19T22:45:27.604+0000] {filesystem.py:64} INFO - Poking for file C:/Users/geron/Documents/dados/dados.json
[2024-02-19T22:45:37.632+0000] {base.py:73} INFO - Using connection ID 'fs_default' for task execution.
[2024-02-19T22:45:37.636+0000] {filesystem.py:64} INFO - Poking for file C:/Users/geron/Documents/dados/dados.json
[2024-02-19T22:45:47.667+0000] {base.py:73} INFO - Using connection ID 'fs_default' for task execution.
[2024-02-19T22:45:47.673+0000] {filesystem.py:64} INFO - Poking for file C:/Users/geron/Documents/dados/dados.json
[2024-02-19T22:45:57.696+0000] {base.py:73} INFO - Using connection ID 'fs_default' for task execution.
[2024-02-19T22:45:57.697+0000] {filesystem.py:64} INFO - Poking for file C:/Users/geron/Documents/dados/dados.json
[2024-02-19T22:46:07.761+0000] {base.py:73} INFO - Using connection ID 'fs_default' for task execution.
[2024-02-19T22:46:07.764+0000] {filesystem.py:64} INFO - Poking for file C:/Users/geron/Documents/dados/dados.json
[2024-02-19T22:46:17.799+0000] {base.py:73} INFO - Using connection ID 'fs_default' for task execution.
[2024-02-19T22:46:17.817+0000] {filesystem.py:64} INFO - Poking for file C:/Users/geron/Documents/dados/dados.json
[2024-02-19T22:46:27.834+0000] {base.py:73} INFO - Using connection ID 'fs_default' for task execution.
[2024-02-19T22:46:27.836+0000] {filesystem.py:64} INFO - Poking for file C:/Users/geron/Documents/dados/dados.json
[2024-02-19T22:46:37.861+0000] {base.py:73} INFO - Using connection ID 'fs_default' for task execution.
[2024-02-19T22:46:37.862+0000] {filesystem.py:64} INFO - Poking for file C:/Users/geron/Documents/dados/dados.json
[2024-02-19T22:46:47.889+0000] {base.py:73} INFO - Using connection ID 'fs_default' for task execution.
[2024-02-19T22:46:47.890+0000] {filesystem.py:64} INFO - Poking for file C:/Users/geron/Documents/dados/dados.json
[2024-02-19T22:46:57.905+0000] {base.py:73} INFO - Using connection ID 'fs_default' for task execution.
[2024-02-19T22:46:57.906+0000] {filesystem.py:64} INFO - Poking for file C:/Users/geron/Documents/dados/dados.json
[2024-02-19T22:47:07.927+0000] {base.py:73} INFO - Using connection ID 'fs_default' for task execution.
[2024-02-19T22:47:07.929+0000] {filesystem.py:64} INFO - Poking for file C:/Users/geron/Documents/dados/dados.json
[2024-02-19T22:47:17.954+0000] {base.py:73} INFO - Using connection ID 'fs_default' for task execution.
[2024-02-19T22:47:17.957+0000] {filesystem.py:64} INFO - Poking for file C:/Users/geron/Documents/dados/dados.json
[2024-02-19T22:47:27.986+0000] {base.py:73} INFO - Using connection ID 'fs_default' for task execution.
[2024-02-19T22:47:27.987+0000] {filesystem.py:64} INFO - Poking for file C:/Users/geron/Documents/dados/dados.json
[2024-02-19T22:47:38.007+0000] {base.py:73} INFO - Using connection ID 'fs_default' for task execution.
[2024-02-19T22:47:38.008+0000] {filesystem.py:64} INFO - Poking for file C:/Users/geron/Documents/dados/dados.json
[2024-02-19T22:47:48.034+0000] {base.py:73} INFO - Using connection ID 'fs_default' for task execution.
[2024-02-19T22:47:48.035+0000] {filesystem.py:64} INFO - Poking for file C:/Users/geron/Documents/dados/dados.json
[2024-02-19T22:47:58.059+0000] {base.py:73} INFO - Using connection ID 'fs_default' for task execution.
[2024-02-19T22:47:58.060+0000] {filesystem.py:64} INFO - Poking for file C:/Users/geron/Documents/dados/dados.json
[2024-02-19T22:48:08.084+0000] {base.py:73} INFO - Using connection ID 'fs_default' for task execution.
[2024-02-19T22:48:08.086+0000] {filesystem.py:64} INFO - Poking for file C:/Users/geron/Documents/dados/dados.json
[2024-02-19T22:48:18.107+0000] {base.py:73} INFO - Using connection ID 'fs_default' for task execution.
[2024-02-19T22:48:18.109+0000] {filesystem.py:64} INFO - Poking for file C:/Users/geron/Documents/dados/dados.json
[2024-02-19T22:48:28.129+0000] {base.py:73} INFO - Using connection ID 'fs_default' for task execution.
[2024-02-19T22:48:28.130+0000] {filesystem.py:64} INFO - Poking for file C:/Users/geron/Documents/dados/dados.json
[2024-02-19T22:48:38.160+0000] {base.py:73} INFO - Using connection ID 'fs_default' for task execution.
[2024-02-19T22:48:38.162+0000] {filesystem.py:64} INFO - Poking for file C:/Users/geron/Documents/dados/dados.json
[2024-02-19T22:48:48.182+0000] {base.py:73} INFO - Using connection ID 'fs_default' for task execution.
[2024-02-19T22:48:48.183+0000] {filesystem.py:64} INFO - Poking for file C:/Users/geron/Documents/dados/dados.json
[2024-02-19T22:48:58.205+0000] {base.py:73} INFO - Using connection ID 'fs_default' for task execution.
[2024-02-19T22:48:58.206+0000] {filesystem.py:64} INFO - Poking for file C:/Users/geron/Documents/dados/dados.json
[2024-02-19T22:49:08.243+0000] {base.py:73} INFO - Using connection ID 'fs_default' for task execution.
[2024-02-19T22:49:08.245+0000] {filesystem.py:64} INFO - Poking for file C:/Users/geron/Documents/dados/dados.json
[2024-02-19T22:49:18.271+0000] {base.py:73} INFO - Using connection ID 'fs_default' for task execution.
[2024-02-19T22:49:18.280+0000] {filesystem.py:64} INFO - Poking for file C:/Users/geron/Documents/dados/dados.json
[2024-02-19T22:49:28.358+0000] {base.py:73} INFO - Using connection ID 'fs_default' for task execution.
[2024-02-19T22:49:28.367+0000] {filesystem.py:64} INFO - Poking for file C:/Users/geron/Documents/dados/dados.json
[2024-02-19T22:49:38.400+0000] {base.py:73} INFO - Using connection ID 'fs_default' for task execution.
[2024-02-19T22:49:38.429+0000] {filesystem.py:64} INFO - Poking for file C:/Users/geron/Documents/dados/dados.json
[2024-02-19T22:49:48.496+0000] {base.py:73} INFO - Using connection ID 'fs_default' for task execution.
[2024-02-19T22:49:48.500+0000] {filesystem.py:64} INFO - Poking for file C:/Users/geron/Documents/dados/dados.json
[2024-02-19T22:49:58.530+0000] {base.py:73} INFO - Using connection ID 'fs_default' for task execution.
[2024-02-19T22:49:58.530+0000] {filesystem.py:64} INFO - Poking for file C:/Users/geron/Documents/dados/dados.json
[2024-02-19T22:50:08.558+0000] {base.py:73} INFO - Using connection ID 'fs_default' for task execution.
[2024-02-19T22:50:08.560+0000] {filesystem.py:64} INFO - Poking for file C:/Users/geron/Documents/dados/dados.json
[2024-02-19T22:50:18.585+0000] {base.py:73} INFO - Using connection ID 'fs_default' for task execution.
[2024-02-19T22:50:18.586+0000] {filesystem.py:64} INFO - Poking for file C:/Users/geron/Documents/dados/dados.json
[2024-02-19T22:50:28.618+0000] {base.py:73} INFO - Using connection ID 'fs_default' for task execution.
[2024-02-19T22:50:28.620+0000] {filesystem.py:64} INFO - Poking for file C:/Users/geron/Documents/dados/dados.json
[2024-02-19T22:50:38.649+0000] {base.py:73} INFO - Using connection ID 'fs_default' for task execution.
[2024-02-19T22:50:38.652+0000] {filesystem.py:64} INFO - Poking for file C:/Users/geron/Documents/dados/dados.json
[2024-02-19T22:50:48.680+0000] {base.py:73} INFO - Using connection ID 'fs_default' for task execution.
[2024-02-19T22:50:48.682+0000] {filesystem.py:64} INFO - Poking for file C:/Users/geron/Documents/dados/dados.json
[2024-02-19T22:50:58.723+0000] {base.py:73} INFO - Using connection ID 'fs_default' for task execution.
[2024-02-19T22:50:58.725+0000] {filesystem.py:64} INFO - Poking for file C:/Users/geron/Documents/dados/dados.json
[2024-02-19T22:51:08.748+0000] {base.py:73} INFO - Using connection ID 'fs_default' for task execution.
[2024-02-19T22:51:08.752+0000] {filesystem.py:64} INFO - Poking for file C:/Users/geron/Documents/dados/dados.json
[2024-02-19T22:51:18.771+0000] {base.py:73} INFO - Using connection ID 'fs_default' for task execution.
[2024-02-19T22:51:18.772+0000] {filesystem.py:64} INFO - Poking for file C:/Users/geron/Documents/dados/dados.json
[2024-02-19T22:51:28.824+0000] {base.py:73} INFO - Using connection ID 'fs_default' for task execution.
[2024-02-19T22:51:28.853+0000] {filesystem.py:64} INFO - Poking for file C:/Users/geron/Documents/dados/dados.json
[2024-02-19T22:51:38.869+0000] {base.py:73} INFO - Using connection ID 'fs_default' for task execution.
[2024-02-19T22:51:38.870+0000] {filesystem.py:64} INFO - Poking for file C:/Users/geron/Documents/dados/dados.json
[2024-02-19T22:51:48.892+0000] {base.py:73} INFO - Using connection ID 'fs_default' for task execution.
[2024-02-19T22:51:48.893+0000] {filesystem.py:64} INFO - Poking for file C:/Users/geron/Documents/dados/dados.json
[2024-02-19T22:51:58.924+0000] {base.py:73} INFO - Using connection ID 'fs_default' for task execution.
[2024-02-19T22:51:58.958+0000] {filesystem.py:64} INFO - Poking for file C:/Users/geron/Documents/dados/dados.json
[2024-02-19T22:52:08.973+0000] {base.py:73} INFO - Using connection ID 'fs_default' for task execution.
[2024-02-19T22:52:08.974+0000] {filesystem.py:64} INFO - Poking for file C:/Users/geron/Documents/dados/dados.json
[2024-02-19T22:52:19.031+0000] {base.py:73} INFO - Using connection ID 'fs_default' for task execution.
[2024-02-19T22:52:19.037+0000] {filesystem.py:64} INFO - Poking for file C:/Users/geron/Documents/dados/dados.json
[2024-02-19T22:52:29.083+0000] {base.py:73} INFO - Using connection ID 'fs_default' for task execution.
[2024-02-19T22:52:29.087+0000] {filesystem.py:64} INFO - Poking for file C:/Users/geron/Documents/dados/dados.json
[2024-02-19T22:52:39.117+0000] {base.py:73} INFO - Using connection ID 'fs_default' for task execution.
[2024-02-19T22:52:39.118+0000] {filesystem.py:64} INFO - Poking for file C:/Users/geron/Documents/dados/dados.json
[2024-02-19T22:52:49.142+0000] {base.py:73} INFO - Using connection ID 'fs_default' for task execution.
[2024-02-19T22:52:49.143+0000] {filesystem.py:64} INFO - Poking for file C:/Users/geron/Documents/dados/dados.json
[2024-02-19T22:52:59.166+0000] {base.py:73} INFO - Using connection ID 'fs_default' for task execution.
[2024-02-19T22:52:59.167+0000] {filesystem.py:64} INFO - Poking for file C:/Users/geron/Documents/dados/dados.json
[2024-02-19T22:53:09.191+0000] {base.py:73} INFO - Using connection ID 'fs_default' for task execution.
[2024-02-19T22:53:09.192+0000] {filesystem.py:64} INFO - Poking for file C:/Users/geron/Documents/dados/dados.json
[2024-02-19T22:53:19.224+0000] {base.py:73} INFO - Using connection ID 'fs_default' for task execution.
[2024-02-19T22:53:19.226+0000] {filesystem.py:64} INFO - Poking for file C:/Users/geron/Documents/dados/dados.json
[2024-02-19T22:53:29.248+0000] {base.py:73} INFO - Using connection ID 'fs_default' for task execution.
[2024-02-19T22:53:29.249+0000] {filesystem.py:64} INFO - Poking for file C:/Users/geron/Documents/dados/dados.json
[2024-02-19T22:53:39.274+0000] {base.py:73} INFO - Using connection ID 'fs_default' for task execution.
[2024-02-19T22:53:39.276+0000] {filesystem.py:64} INFO - Poking for file C:/Users/geron/Documents/dados/dados.json
[2024-02-19T22:53:49.292+0000] {base.py:73} INFO - Using connection ID 'fs_default' for task execution.
[2024-02-19T22:53:49.293+0000] {filesystem.py:64} INFO - Poking for file C:/Users/geron/Documents/dados/dados.json
[2024-02-19T22:53:59.315+0000] {base.py:73} INFO - Using connection ID 'fs_default' for task execution.
[2024-02-19T22:53:59.316+0000] {filesystem.py:64} INFO - Poking for file C:/Users/geron/Documents/dados/dados.json
[2024-02-19T22:54:09.335+0000] {base.py:73} INFO - Using connection ID 'fs_default' for task execution.
[2024-02-19T22:54:09.336+0000] {filesystem.py:64} INFO - Poking for file C:/Users/geron/Documents/dados/dados.json
[2024-02-19T22:54:19.358+0000] {base.py:73} INFO - Using connection ID 'fs_default' for task execution.
[2024-02-19T22:54:19.360+0000] {filesystem.py:64} INFO - Poking for file C:/Users/geron/Documents/dados/dados.json
[2024-02-19T22:54:29.386+0000] {base.py:73} INFO - Using connection ID 'fs_default' for task execution.
[2024-02-19T22:54:29.387+0000] {filesystem.py:64} INFO - Poking for file C:/Users/geron/Documents/dados/dados.json
[2024-02-19T22:54:39.400+0000] {base.py:73} INFO - Using connection ID 'fs_default' for task execution.
[2024-02-19T22:54:39.401+0000] {filesystem.py:64} INFO - Poking for file C:/Users/geron/Documents/dados/dados.json
[2024-02-19T22:54:49.423+0000] {base.py:73} INFO - Using connection ID 'fs_default' for task execution.
[2024-02-19T22:54:49.424+0000] {filesystem.py:64} INFO - Poking for file C:/Users/geron/Documents/dados/dados.json
[2024-02-19T22:54:59.446+0000] {base.py:73} INFO - Using connection ID 'fs_default' for task execution.
[2024-02-19T22:54:59.447+0000] {filesystem.py:64} INFO - Poking for file C:/Users/geron/Documents/dados/dados.json
[2024-02-19T22:55:09.469+0000] {base.py:73} INFO - Using connection ID 'fs_default' for task execution.
[2024-02-19T22:55:09.470+0000] {filesystem.py:64} INFO - Poking for file C:/Users/geron/Documents/dados/dados.json
[2024-02-19T22:55:19.498+0000] {base.py:73} INFO - Using connection ID 'fs_default' for task execution.
[2024-02-19T22:55:19.500+0000] {filesystem.py:64} INFO - Poking for file C:/Users/geron/Documents/dados/dados.json
[2024-02-19T22:55:29.514+0000] {base.py:73} INFO - Using connection ID 'fs_default' for task execution.
[2024-02-19T22:55:29.515+0000] {filesystem.py:64} INFO - Poking for file C:/Users/geron/Documents/dados/dados.json
[2024-02-19T22:55:39.532+0000] {base.py:73} INFO - Using connection ID 'fs_default' for task execution.
[2024-02-19T22:55:39.533+0000] {filesystem.py:64} INFO - Poking for file C:/Users/geron/Documents/dados/dados.json
[2024-02-19T22:55:49.550+0000] {base.py:73} INFO - Using connection ID 'fs_default' for task execution.
[2024-02-19T22:55:49.551+0000] {filesystem.py:64} INFO - Poking for file C:/Users/geron/Documents/dados/dados.json
[2024-02-19T22:55:59.578+0000] {base.py:73} INFO - Using connection ID 'fs_default' for task execution.
[2024-02-19T22:55:59.579+0000] {filesystem.py:64} INFO - Poking for file C:/Users/geron/Documents/dados/dados.json
[2024-02-19T22:56:09.595+0000] {base.py:73} INFO - Using connection ID 'fs_default' for task execution.
[2024-02-19T22:56:09.596+0000] {filesystem.py:64} INFO - Poking for file C:/Users/geron/Documents/dados/dados.json
[2024-02-19T22:56:19.612+0000] {base.py:73} INFO - Using connection ID 'fs_default' for task execution.
[2024-02-19T22:56:19.613+0000] {filesystem.py:64} INFO - Poking for file C:/Users/geron/Documents/dados/dados.json
[2024-02-19T22:56:29.630+0000] {base.py:73} INFO - Using connection ID 'fs_default' for task execution.
[2024-02-19T22:56:29.631+0000] {filesystem.py:64} INFO - Poking for file C:/Users/geron/Documents/dados/dados.json
[2024-02-19T22:56:39.653+0000] {base.py:73} INFO - Using connection ID 'fs_default' for task execution.
[2024-02-19T22:56:39.653+0000] {filesystem.py:64} INFO - Poking for file C:/Users/geron/Documents/dados/dados.json
[2024-02-19T22:56:49.692+0000] {base.py:73} INFO - Using connection ID 'fs_default' for task execution.
[2024-02-19T22:56:49.697+0000] {filesystem.py:64} INFO - Poking for file C:/Users/geron/Documents/dados/dados.json
[2024-02-19T22:56:59.714+0000] {base.py:73} INFO - Using connection ID 'fs_default' for task execution.
[2024-02-19T22:56:59.715+0000] {filesystem.py:64} INFO - Poking for file C:/Users/geron/Documents/dados/dados.json
[2024-02-19T22:57:09.733+0000] {base.py:73} INFO - Using connection ID 'fs_default' for task execution.
[2024-02-19T22:57:09.734+0000] {filesystem.py:64} INFO - Poking for file C:/Users/geron/Documents/dados/dados.json
[2024-02-19T22:57:19.756+0000] {base.py:73} INFO - Using connection ID 'fs_default' for task execution.
[2024-02-19T22:57:19.757+0000] {filesystem.py:64} INFO - Poking for file C:/Users/geron/Documents/dados/dados.json
[2024-02-19T22:57:29.778+0000] {base.py:73} INFO - Using connection ID 'fs_default' for task execution.
[2024-02-19T22:57:29.780+0000] {filesystem.py:64} INFO - Poking for file C:/Users/geron/Documents/dados/dados.json
[2024-02-19T22:57:39.793+0000] {base.py:73} INFO - Using connection ID 'fs_default' for task execution.
[2024-02-19T22:57:39.794+0000] {filesystem.py:64} INFO - Poking for file C:/Users/geron/Documents/dados/dados.json
[2024-02-19T22:57:49.820+0000] {base.py:73} INFO - Using connection ID 'fs_default' for task execution.
[2024-02-19T22:57:49.822+0000] {filesystem.py:64} INFO - Poking for file C:/Users/geron/Documents/dados/dados.json
[2024-02-19T22:57:59.837+0000] {base.py:73} INFO - Using connection ID 'fs_default' for task execution.
[2024-02-19T22:57:59.838+0000] {filesystem.py:64} INFO - Poking for file C:/Users/geron/Documents/dados/dados.json
[2024-02-19T22:58:09.851+0000] {base.py:73} INFO - Using connection ID 'fs_default' for task execution.
[2024-02-19T22:58:09.852+0000] {filesystem.py:64} INFO - Poking for file C:/Users/geron/Documents/dados/dados.json
[2024-02-19T22:58:19.875+0000] {base.py:73} INFO - Using connection ID 'fs_default' for task execution.
[2024-02-19T22:58:19.876+0000] {filesystem.py:64} INFO - Poking for file C:/Users/geron/Documents/dados/dados.json
[2024-02-19T22:58:29.895+0000] {base.py:73} INFO - Using connection ID 'fs_default' for task execution.
[2024-02-19T22:58:29.895+0000] {filesystem.py:64} INFO - Poking for file C:/Users/geron/Documents/dados/dados.json
[2024-02-19T22:58:39.922+0000] {base.py:73} INFO - Using connection ID 'fs_default' for task execution.
[2024-02-19T22:58:39.925+0000] {filesystem.py:64} INFO - Poking for file C:/Users/geron/Documents/dados/dados.json
[2024-02-19T22:58:49.943+0000] {base.py:73} INFO - Using connection ID 'fs_default' for task execution.
[2024-02-19T22:58:49.944+0000] {filesystem.py:64} INFO - Poking for file C:/Users/geron/Documents/dados/dados.json
[2024-02-19T22:58:59.974+0000] {base.py:73} INFO - Using connection ID 'fs_default' for task execution.
[2024-02-19T22:58:59.991+0000] {filesystem.py:64} INFO - Poking for file C:/Users/geron/Documents/dados/dados.json
[2024-02-19T22:59:10.001+0000] {base.py:73} INFO - Using connection ID 'fs_default' for task execution.
[2024-02-19T22:59:10.002+0000] {filesystem.py:64} INFO - Poking for file C:/Users/geron/Documents/dados/dados.json
[2024-02-19T22:59:20.041+0000] {base.py:73} INFO - Using connection ID 'fs_default' for task execution.
[2024-02-19T22:59:20.043+0000] {filesystem.py:64} INFO - Poking for file C:/Users/geron/Documents/dados/dados.json
[2024-02-19T22:59:30.067+0000] {base.py:73} INFO - Using connection ID 'fs_default' for task execution.
[2024-02-19T22:59:30.068+0000] {filesystem.py:64} INFO - Poking for file C:/Users/geron/Documents/dados/dados.json
[2024-02-19T22:59:40.100+0000] {base.py:73} INFO - Using connection ID 'fs_default' for task execution.
[2024-02-19T22:59:40.101+0000] {filesystem.py:64} INFO - Poking for file C:/Users/geron/Documents/dados/dados.json
[2024-02-19T22:59:50.123+0000] {base.py:73} INFO - Using connection ID 'fs_default' for task execution.
[2024-02-19T22:59:50.124+0000] {filesystem.py:64} INFO - Poking for file C:/Users/geron/Documents/dados/dados.json
[2024-02-19T23:00:00.146+0000] {base.py:73} INFO - Using connection ID 'fs_default' for task execution.
[2024-02-19T23:00:00.149+0000] {filesystem.py:64} INFO - Poking for file C:/Users/geron/Documents/dados/dados.json
[2024-02-19T23:00:10.179+0000] {base.py:73} INFO - Using connection ID 'fs_default' for task execution.
[2024-02-19T23:00:10.181+0000] {filesystem.py:64} INFO - Poking for file C:/Users/geron/Documents/dados/dados.json
[2024-02-19T23:00:20.212+0000] {base.py:73} INFO - Using connection ID 'fs_default' for task execution.
[2024-02-19T23:00:20.219+0000] {filesystem.py:64} INFO - Poking for file C:/Users/geron/Documents/dados/dados.json
[2024-02-19T23:00:30.230+0000] {base.py:73} INFO - Using connection ID 'fs_default' for task execution.
[2024-02-19T23:00:30.231+0000] {filesystem.py:64} INFO - Poking for file C:/Users/geron/Documents/dados/dados.json
[2024-02-19T23:00:40.250+0000] {base.py:73} INFO - Using connection ID 'fs_default' for task execution.
[2024-02-19T23:00:40.251+0000] {filesystem.py:64} INFO - Poking for file C:/Users/geron/Documents/dados/dados.json
[2024-02-19T23:00:50.275+0000] {base.py:73} INFO - Using connection ID 'fs_default' for task execution.
[2024-02-19T23:00:50.276+0000] {filesystem.py:64} INFO - Poking for file C:/Users/geron/Documents/dados/dados.json
[2024-02-19T23:01:00.292+0000] {base.py:73} INFO - Using connection ID 'fs_default' for task execution.
[2024-02-19T23:01:00.294+0000] {filesystem.py:64} INFO - Poking for file C:/Users/geron/Documents/dados/dados.json
[2024-02-19T23:01:10.306+0000] {base.py:73} INFO - Using connection ID 'fs_default' for task execution.
[2024-02-19T23:01:10.307+0000] {filesystem.py:64} INFO - Poking for file C:/Users/geron/Documents/dados/dados.json
[2024-02-19T23:01:20.393+0000] {base.py:73} INFO - Using connection ID 'fs_default' for task execution.
[2024-02-19T23:01:20.440+0000] {filesystem.py:64} INFO - Poking for file C:/Users/geron/Documents/dados/dados.json
