[2024-02-20T11:22:11.289+0000] {taskinstance.py:1083} INFO - Dependencies all met for <TaskInstance: windturbine.file_sensor_task manual__2024-02-19T23:44:25.802499+00:00 [queued]>
[2024-02-20T11:22:11.307+0000] {taskinstance.py:1083} INFO - Dependencies all met for <TaskInstance: windturbine.file_sensor_task manual__2024-02-19T23:44:25.802499+00:00 [queued]>
[2024-02-20T11:22:11.308+0000] {taskinstance.py:1279} INFO - 
--------------------------------------------------------------------------------
[2024-02-20T11:22:11.308+0000] {taskinstance.py:1280} INFO - Starting attempt 2 of 2
[2024-02-20T11:22:11.309+0000] {taskinstance.py:1281} INFO - 
--------------------------------------------------------------------------------
[2024-02-20T11:22:11.335+0000] {taskinstance.py:1300} INFO - Executing <Task(FileSensor): file_sensor_task> on 2024-02-19 23:44:25.802499+00:00
[2024-02-20T11:22:11.342+0000] {standard_task_runner.py:55} INFO - Started process 110 to run task
[2024-02-20T11:22:11.348+0000] {standard_task_runner.py:82} INFO - Running: ['***', 'tasks', 'run', 'windturbine', 'file_sensor_task', 'manual__2024-02-19T23:44:25.802499+00:00', '--job-id', '384', '--raw', '--subdir', 'DAGS_FOLDER/windturbine.py', '--cfg-path', '/tmp/tmp7vuq30yy']
[2024-02-20T11:22:11.350+0000] {standard_task_runner.py:83} INFO - Job 384: Subtask file_sensor_task
[2024-02-20T11:22:11.462+0000] {task_command.py:388} INFO - Running <TaskInstance: windturbine.file_sensor_task manual__2024-02-19T23:44:25.802499+00:00 [running]> on host 3718df233244
[2024-02-20T11:22:11.591+0000] {taskinstance.py:1509} INFO - Exporting the following env vars:
AIRFLOW_CTX_DAG_EMAIL=geronimomorais1617@gmail.com
AIRFLOW_CTX_DAG_OWNER=***
AIRFLOW_CTX_DAG_ID=windturbine
AIRFLOW_CTX_TASK_ID=file_sensor_task
AIRFLOW_CTX_EXECUTION_DATE=2024-02-19T23:44:25.802499+00:00
AIRFLOW_CTX_TRY_NUMBER=2
AIRFLOW_CTX_DAG_RUN_ID=manual__2024-02-19T23:44:25.802499+00:00
[2024-02-20T11:22:11.608+0000] {base.py:73} INFO - Using connection ID 'fs_default' for task execution.
[2024-02-20T11:22:11.608+0000] {filesystem.py:64} INFO - Poking for file D:/Github/Projeto_Airflow/***/data/dados.json
[2024-02-20T11:22:21.625+0000] {base.py:73} INFO - Using connection ID 'fs_default' for task execution.
[2024-02-20T11:22:21.627+0000] {filesystem.py:64} INFO - Poking for file D:/Github/Projeto_Airflow/***/data/dados.json
[2024-02-20T11:22:31.643+0000] {base.py:73} INFO - Using connection ID 'fs_default' for task execution.
[2024-02-20T11:22:31.644+0000] {filesystem.py:64} INFO - Poking for file D:/Github/Projeto_Airflow/***/data/dados.json
[2024-02-20T11:22:41.659+0000] {base.py:73} INFO - Using connection ID 'fs_default' for task execution.
[2024-02-20T11:22:41.660+0000] {filesystem.py:64} INFO - Poking for file D:/Github/Projeto_Airflow/***/data/dados.json
[2024-02-20T11:22:51.676+0000] {base.py:73} INFO - Using connection ID 'fs_default' for task execution.
[2024-02-20T11:22:51.677+0000] {filesystem.py:64} INFO - Poking for file D:/Github/Projeto_Airflow/***/data/dados.json
[2024-02-20T11:23:01.698+0000] {base.py:73} INFO - Using connection ID 'fs_default' for task execution.
[2024-02-20T11:23:01.699+0000] {filesystem.py:64} INFO - Poking for file D:/Github/Projeto_Airflow/***/data/dados.json
[2024-02-20T11:23:11.712+0000] {base.py:73} INFO - Using connection ID 'fs_default' for task execution.
[2024-02-20T11:23:11.713+0000] {filesystem.py:64} INFO - Poking for file D:/Github/Projeto_Airflow/***/data/dados.json
[2024-02-20T11:23:21.730+0000] {base.py:73} INFO - Using connection ID 'fs_default' for task execution.
[2024-02-20T11:23:21.731+0000] {filesystem.py:64} INFO - Poking for file D:/Github/Projeto_Airflow/***/data/dados.json
[2024-02-20T11:23:31.744+0000] {base.py:73} INFO - Using connection ID 'fs_default' for task execution.
[2024-02-20T11:23:31.744+0000] {filesystem.py:64} INFO - Poking for file D:/Github/Projeto_Airflow/***/data/dados.json
[2024-02-20T11:23:41.761+0000] {base.py:73} INFO - Using connection ID 'fs_default' for task execution.
[2024-02-20T11:23:41.762+0000] {filesystem.py:64} INFO - Poking for file D:/Github/Projeto_Airflow/***/data/dados.json
[2024-02-20T11:23:51.771+0000] {base.py:73} INFO - Using connection ID 'fs_default' for task execution.
[2024-02-20T11:23:51.772+0000] {filesystem.py:64} INFO - Poking for file D:/Github/Projeto_Airflow/***/data/dados.json
[2024-02-20T11:24:01.791+0000] {base.py:73} INFO - Using connection ID 'fs_default' for task execution.
[2024-02-20T11:24:01.791+0000] {filesystem.py:64} INFO - Poking for file D:/Github/Projeto_Airflow/***/data/dados.json
[2024-02-20T11:24:11.816+0000] {base.py:73} INFO - Using connection ID 'fs_default' for task execution.
[2024-02-20T11:24:11.818+0000] {filesystem.py:64} INFO - Poking for file D:/Github/Projeto_Airflow/***/data/dados.json
[2024-02-20T11:24:21.830+0000] {base.py:73} INFO - Using connection ID 'fs_default' for task execution.
[2024-02-20T11:24:21.831+0000] {filesystem.py:64} INFO - Poking for file D:/Github/Projeto_Airflow/***/data/dados.json
[2024-02-20T11:24:31.849+0000] {base.py:73} INFO - Using connection ID 'fs_default' for task execution.
[2024-02-20T11:24:31.850+0000] {filesystem.py:64} INFO - Poking for file D:/Github/Projeto_Airflow/***/data/dados.json
[2024-02-20T11:24:41.863+0000] {base.py:73} INFO - Using connection ID 'fs_default' for task execution.
[2024-02-20T11:24:41.864+0000] {filesystem.py:64} INFO - Poking for file D:/Github/Projeto_Airflow/***/data/dados.json
[2024-02-20T11:24:51.880+0000] {base.py:73} INFO - Using connection ID 'fs_default' for task execution.
[2024-02-20T11:24:51.881+0000] {filesystem.py:64} INFO - Poking for file D:/Github/Projeto_Airflow/***/data/dados.json
[2024-02-20T11:25:01.890+0000] {base.py:73} INFO - Using connection ID 'fs_default' for task execution.
[2024-02-20T11:25:01.891+0000] {filesystem.py:64} INFO - Poking for file D:/Github/Projeto_Airflow/***/data/dados.json
[2024-02-20T11:25:11.911+0000] {base.py:73} INFO - Using connection ID 'fs_default' for task execution.
[2024-02-20T11:25:11.912+0000] {filesystem.py:64} INFO - Poking for file D:/Github/Projeto_Airflow/***/data/dados.json
[2024-02-20T11:25:21.931+0000] {base.py:73} INFO - Using connection ID 'fs_default' for task execution.
[2024-02-20T11:25:21.931+0000] {filesystem.py:64} INFO - Poking for file D:/Github/Projeto_Airflow/***/data/dados.json
[2024-02-20T11:25:31.949+0000] {base.py:73} INFO - Using connection ID 'fs_default' for task execution.
[2024-02-20T11:25:31.949+0000] {filesystem.py:64} INFO - Poking for file D:/Github/Projeto_Airflow/***/data/dados.json
[2024-02-20T11:25:41.967+0000] {base.py:73} INFO - Using connection ID 'fs_default' for task execution.
[2024-02-20T11:25:41.968+0000] {filesystem.py:64} INFO - Poking for file D:/Github/Projeto_Airflow/***/data/dados.json
[2024-02-20T11:25:51.981+0000] {base.py:73} INFO - Using connection ID 'fs_default' for task execution.
[2024-02-20T11:25:51.981+0000] {filesystem.py:64} INFO - Poking for file D:/Github/Projeto_Airflow/***/data/dados.json
[2024-02-20T11:26:01.999+0000] {base.py:73} INFO - Using connection ID 'fs_default' for task execution.
[2024-02-20T11:26:02.000+0000] {filesystem.py:64} INFO - Poking for file D:/Github/Projeto_Airflow/***/data/dados.json
[2024-02-20T11:26:12.009+0000] {base.py:73} INFO - Using connection ID 'fs_default' for task execution.
[2024-02-20T11:26:12.010+0000] {filesystem.py:64} INFO - Poking for file D:/Github/Projeto_Airflow/***/data/dados.json
[2024-02-20T11:26:22.037+0000] {base.py:73} INFO - Using connection ID 'fs_default' for task execution.
[2024-02-20T11:26:22.038+0000] {filesystem.py:64} INFO - Poking for file D:/Github/Projeto_Airflow/***/data/dados.json
[2024-02-20T11:26:32.050+0000] {base.py:73} INFO - Using connection ID 'fs_default' for task execution.
[2024-02-20T11:26:32.051+0000] {filesystem.py:64} INFO - Poking for file D:/Github/Projeto_Airflow/***/data/dados.json
[2024-02-20T11:26:42.069+0000] {base.py:73} INFO - Using connection ID 'fs_default' for task execution.
[2024-02-20T11:26:42.070+0000] {filesystem.py:64} INFO - Poking for file D:/Github/Projeto_Airflow/***/data/dados.json
[2024-02-20T11:26:52.087+0000] {base.py:73} INFO - Using connection ID 'fs_default' for task execution.
[2024-02-20T11:26:52.087+0000] {filesystem.py:64} INFO - Poking for file D:/Github/Projeto_Airflow/***/data/dados.json
[2024-02-20T11:27:02.099+0000] {base.py:73} INFO - Using connection ID 'fs_default' for task execution.
[2024-02-20T11:27:02.100+0000] {filesystem.py:64} INFO - Poking for file D:/Github/Projeto_Airflow/***/data/dados.json
[2024-02-20T11:27:12.108+0000] {base.py:73} INFO - Using connection ID 'fs_default' for task execution.
[2024-02-20T11:27:12.108+0000] {filesystem.py:64} INFO - Poking for file D:/Github/Projeto_Airflow/***/data/dados.json
[2024-02-20T11:27:22.122+0000] {base.py:73} INFO - Using connection ID 'fs_default' for task execution.
[2024-02-20T11:27:22.123+0000] {filesystem.py:64} INFO - Poking for file D:/Github/Projeto_Airflow/***/data/dados.json
[2024-02-20T11:27:32.138+0000] {base.py:73} INFO - Using connection ID 'fs_default' for task execution.
[2024-02-20T11:27:32.139+0000] {filesystem.py:64} INFO - Poking for file D:/Github/Projeto_Airflow/***/data/dados.json
[2024-02-20T11:27:42.150+0000] {base.py:73} INFO - Using connection ID 'fs_default' for task execution.
[2024-02-20T11:27:42.151+0000] {filesystem.py:64} INFO - Poking for file D:/Github/Projeto_Airflow/***/data/dados.json
[2024-02-20T11:27:52.169+0000] {base.py:73} INFO - Using connection ID 'fs_default' for task execution.
[2024-02-20T11:27:52.170+0000] {filesystem.py:64} INFO - Poking for file D:/Github/Projeto_Airflow/***/data/dados.json
[2024-02-20T11:28:02.187+0000] {base.py:73} INFO - Using connection ID 'fs_default' for task execution.
[2024-02-20T11:28:02.188+0000] {filesystem.py:64} INFO - Poking for file D:/Github/Projeto_Airflow/***/data/dados.json
[2024-02-20T11:28:12.207+0000] {base.py:73} INFO - Using connection ID 'fs_default' for task execution.
[2024-02-20T11:28:12.208+0000] {filesystem.py:64} INFO - Poking for file D:/Github/Projeto_Airflow/***/data/dados.json
[2024-02-20T11:28:22.221+0000] {base.py:73} INFO - Using connection ID 'fs_default' for task execution.
[2024-02-20T11:28:22.222+0000] {filesystem.py:64} INFO - Poking for file D:/Github/Projeto_Airflow/***/data/dados.json
[2024-02-20T11:28:32.241+0000] {base.py:73} INFO - Using connection ID 'fs_default' for task execution.
[2024-02-20T11:28:32.242+0000] {filesystem.py:64} INFO - Poking for file D:/Github/Projeto_Airflow/***/data/dados.json
[2024-02-20T11:28:42.254+0000] {base.py:73} INFO - Using connection ID 'fs_default' for task execution.
[2024-02-20T11:28:42.255+0000] {filesystem.py:64} INFO - Poking for file D:/Github/Projeto_Airflow/***/data/dados.json
[2024-02-20T11:28:52.274+0000] {base.py:73} INFO - Using connection ID 'fs_default' for task execution.
[2024-02-20T11:28:52.275+0000] {filesystem.py:64} INFO - Poking for file D:/Github/Projeto_Airflow/***/data/dados.json
[2024-02-20T11:29:02.287+0000] {base.py:73} INFO - Using connection ID 'fs_default' for task execution.
[2024-02-20T11:29:02.288+0000] {filesystem.py:64} INFO - Poking for file D:/Github/Projeto_Airflow/***/data/dados.json
[2024-02-20T11:29:12.300+0000] {base.py:73} INFO - Using connection ID 'fs_default' for task execution.
[2024-02-20T11:29:12.301+0000] {filesystem.py:64} INFO - Poking for file D:/Github/Projeto_Airflow/***/data/dados.json
[2024-02-20T11:29:22.317+0000] {base.py:73} INFO - Using connection ID 'fs_default' for task execution.
[2024-02-20T11:29:22.318+0000] {filesystem.py:64} INFO - Poking for file D:/Github/Projeto_Airflow/***/data/dados.json
[2024-02-20T11:29:32.332+0000] {base.py:73} INFO - Using connection ID 'fs_default' for task execution.
[2024-02-20T11:29:32.334+0000] {filesystem.py:64} INFO - Poking for file D:/Github/Projeto_Airflow/***/data/dados.json
[2024-02-20T11:29:42.351+0000] {base.py:73} INFO - Using connection ID 'fs_default' for task execution.
[2024-02-20T11:29:42.352+0000] {filesystem.py:64} INFO - Poking for file D:/Github/Projeto_Airflow/***/data/dados.json
[2024-02-20T11:29:52.366+0000] {base.py:73} INFO - Using connection ID 'fs_default' for task execution.
[2024-02-20T11:29:52.367+0000] {filesystem.py:64} INFO - Poking for file D:/Github/Projeto_Airflow/***/data/dados.json
[2024-02-20T11:30:02.378+0000] {base.py:73} INFO - Using connection ID 'fs_default' for task execution.
[2024-02-20T11:30:02.379+0000] {filesystem.py:64} INFO - Poking for file D:/Github/Projeto_Airflow/***/data/dados.json
[2024-02-20T11:30:12.399+0000] {base.py:73} INFO - Using connection ID 'fs_default' for task execution.
[2024-02-20T11:30:12.400+0000] {filesystem.py:64} INFO - Poking for file D:/Github/Projeto_Airflow/***/data/dados.json
[2024-02-20T11:30:22.423+0000] {base.py:73} INFO - Using connection ID 'fs_default' for task execution.
[2024-02-20T11:30:22.424+0000] {filesystem.py:64} INFO - Poking for file D:/Github/Projeto_Airflow/***/data/dados.json
[2024-02-20T11:30:32.453+0000] {base.py:73} INFO - Using connection ID 'fs_default' for task execution.
[2024-02-20T11:30:32.455+0000] {filesystem.py:64} INFO - Poking for file D:/Github/Projeto_Airflow/***/data/dados.json
[2024-02-20T11:30:42.495+0000] {base.py:73} INFO - Using connection ID 'fs_default' for task execution.
[2024-02-20T11:30:42.501+0000] {filesystem.py:64} INFO - Poking for file D:/Github/Projeto_Airflow/***/data/dados.json
[2024-02-20T11:30:52.579+0000] {base.py:73} INFO - Using connection ID 'fs_default' for task execution.
[2024-02-20T11:30:52.583+0000] {filesystem.py:64} INFO - Poking for file D:/Github/Projeto_Airflow/***/data/dados.json
[2024-02-20T11:31:02.638+0000] {base.py:73} INFO - Using connection ID 'fs_default' for task execution.
[2024-02-20T11:31:02.661+0000] {filesystem.py:64} INFO - Poking for file D:/Github/Projeto_Airflow/***/data/dados.json
[2024-02-20T11:31:12.728+0000] {base.py:73} INFO - Using connection ID 'fs_default' for task execution.
[2024-02-20T11:31:12.730+0000] {filesystem.py:64} INFO - Poking for file D:/Github/Projeto_Airflow/***/data/dados.json
[2024-02-20T11:31:22.758+0000] {base.py:73} INFO - Using connection ID 'fs_default' for task execution.
[2024-02-20T11:31:22.759+0000] {filesystem.py:64} INFO - Poking for file D:/Github/Projeto_Airflow/***/data/dados.json
[2024-02-20T11:31:32.782+0000] {base.py:73} INFO - Using connection ID 'fs_default' for task execution.
[2024-02-20T11:31:32.783+0000] {filesystem.py:64} INFO - Poking for file D:/Github/Projeto_Airflow/***/data/dados.json
[2024-02-20T11:31:42.806+0000] {base.py:73} INFO - Using connection ID 'fs_default' for task execution.
[2024-02-20T11:31:42.807+0000] {filesystem.py:64} INFO - Poking for file D:/Github/Projeto_Airflow/***/data/dados.json
[2024-02-20T11:31:52.836+0000] {base.py:73} INFO - Using connection ID 'fs_default' for task execution.
[2024-02-20T11:31:52.838+0000] {filesystem.py:64} INFO - Poking for file D:/Github/Projeto_Airflow/***/data/dados.json
[2024-02-20T11:32:02.874+0000] {base.py:73} INFO - Using connection ID 'fs_default' for task execution.
[2024-02-20T11:32:02.895+0000] {filesystem.py:64} INFO - Poking for file D:/Github/Projeto_Airflow/***/data/dados.json
[2024-02-20T11:32:12.988+0000] {base.py:73} INFO - Using connection ID 'fs_default' for task execution.
[2024-02-20T11:32:12.996+0000] {filesystem.py:64} INFO - Poking for file D:/Github/Projeto_Airflow/***/data/dados.json
[2024-02-20T11:32:17.640+0000] {local_task_job.py:273} WARNING - State of this instance has been externally set to None. Terminating instance.
[2024-02-20T11:32:17.683+0000] {process_utils.py:133} INFO - Sending Signals.SIGTERM to group 110. PIDs of all processes in the group: [110]
[2024-02-20T11:32:17.695+0000] {process_utils.py:84} INFO - Sending the signal Signals.SIGTERM to group 110
[2024-02-20T11:32:17.699+0000] {taskinstance.py:1479} ERROR - Received SIGTERM. Terminating subprocesses.
[2024-02-20T11:32:17.776+0000] {taskinstance.py:1768} ERROR - Task failed with exception
Traceback (most recent call last):
  File "/home/airflow/.local/lib/python3.7/site-packages/airflow/sensors/base.py", line 226, in execute
    time.sleep(self._get_next_poke_interval(started_at, run_duration, try_number))
  File "/home/airflow/.local/lib/python3.7/site-packages/airflow/models/taskinstance.py", line 1481, in signal_handler
    raise AirflowException("Task received SIGTERM signal")
airflow.exceptions.AirflowException: Task received SIGTERM signal
[2024-02-20T11:32:17.814+0000] {taskinstance.py:1323} INFO - Marking task as FAILED. dag_id=windturbine, task_id=file_sensor_task, execution_date=20240219T234425, start_date=20240220T112211, end_date=20240220T113217
[2024-02-20T11:32:17.957+0000] {warnings.py:110} WARNING - /home/***/.local/lib/python3.7/site-packages/***/utils/email.py:152: RemovedInAirflow3Warning: Fetching SMTP credentials from configuration variables will be deprecated in a future release. Please set credentials using a connection instead.
  send_mime_email(e_from=mail_from, e_to=recipients, mime_msg=msg, conn_id=conn_id, dryrun=dryrun)

[2024-02-20T11:32:17.965+0000] {email.py:268} INFO - Email alerting: attempt 1
[2024-02-20T11:32:19.984+0000] {email.py:280} INFO - Sent an alert email to ['geronimomorais1617@gmail.com']
[2024-02-20T11:32:23.141+0000] {standard_task_runner.py:105} ERROR - Failed to execute job 384 for task file_sensor_task (Task received SIGTERM signal; 110)
[2024-02-20T11:32:23.384+0000] {process_utils.py:79} INFO - Process psutil.Process(pid=110, status='terminated', exitcode=1, started='11:22:10') (110) terminated with exit code 1
