[2024-02-19T23:50:01.230+0000] {taskinstance.py:1083} INFO - Dependencies all met for <TaskInstance: windturbine.file_sensor_task scheduled__2024-02-19T23:45:00+00:00 [queued]>
[2024-02-19T23:50:01.251+0000] {taskinstance.py:1083} INFO - Dependencies all met for <TaskInstance: windturbine.file_sensor_task scheduled__2024-02-19T23:45:00+00:00 [queued]>
[2024-02-19T23:50:01.251+0000] {taskinstance.py:1279} INFO - 
--------------------------------------------------------------------------------
[2024-02-19T23:50:01.252+0000] {taskinstance.py:1280} INFO - Starting attempt 1 of 2
[2024-02-19T23:50:01.252+0000] {taskinstance.py:1281} INFO - 
--------------------------------------------------------------------------------
[2024-02-19T23:50:01.277+0000] {taskinstance.py:1300} INFO - Executing <Task(FileSensor): file_sensor_task> on 2024-02-19 23:45:00+00:00
[2024-02-19T23:50:01.283+0000] {standard_task_runner.py:55} INFO - Started process 528 to run task
[2024-02-19T23:50:01.288+0000] {standard_task_runner.py:82} INFO - Running: ['***', 'tasks', 'run', 'windturbine', 'file_sensor_task', 'scheduled__2024-02-19T23:45:00+00:00', '--job-id', '379', '--raw', '--subdir', 'DAGS_FOLDER/windturbine.py', '--cfg-path', '/tmp/tmpwcexpt18']
[2024-02-19T23:50:01.289+0000] {standard_task_runner.py:83} INFO - Job 379: Subtask file_sensor_task
[2024-02-19T23:50:01.382+0000] {task_command.py:388} INFO - Running <TaskInstance: windturbine.file_sensor_task scheduled__2024-02-19T23:45:00+00:00 [running]> on host 8e39027b9702
[2024-02-19T23:50:01.489+0000] {taskinstance.py:1509} INFO - Exporting the following env vars:
AIRFLOW_CTX_DAG_EMAIL=geronimomorais1617@gmail.com
AIRFLOW_CTX_DAG_OWNER=***
AIRFLOW_CTX_DAG_ID=windturbine
AIRFLOW_CTX_TASK_ID=file_sensor_task
AIRFLOW_CTX_EXECUTION_DATE=2024-02-19T23:45:00+00:00
AIRFLOW_CTX_TRY_NUMBER=1
AIRFLOW_CTX_DAG_RUN_ID=scheduled__2024-02-19T23:45:00+00:00
[2024-02-19T23:50:01.503+0000] {base.py:73} INFO - Using connection ID 'fs_default' for task execution.
[2024-02-19T23:50:01.504+0000] {filesystem.py:64} INFO - Poking for file D:/Github/Projeto_Airflow/***/data/dados.json
[2024-02-19T23:50:11.517+0000] {base.py:73} INFO - Using connection ID 'fs_default' for task execution.
[2024-02-19T23:50:11.518+0000] {filesystem.py:64} INFO - Poking for file D:/Github/Projeto_Airflow/***/data/dados.json
[2024-02-19T23:50:21.540+0000] {base.py:73} INFO - Using connection ID 'fs_default' for task execution.
[2024-02-19T23:50:21.541+0000] {filesystem.py:64} INFO - Poking for file D:/Github/Projeto_Airflow/***/data/dados.json
[2024-02-19T23:50:31.558+0000] {base.py:73} INFO - Using connection ID 'fs_default' for task execution.
[2024-02-19T23:50:31.559+0000] {filesystem.py:64} INFO - Poking for file D:/Github/Projeto_Airflow/***/data/dados.json
[2024-02-19T23:50:41.581+0000] {base.py:73} INFO - Using connection ID 'fs_default' for task execution.
[2024-02-19T23:50:41.582+0000] {filesystem.py:64} INFO - Poking for file D:/Github/Projeto_Airflow/***/data/dados.json
[2024-02-19T23:50:51.603+0000] {base.py:73} INFO - Using connection ID 'fs_default' for task execution.
[2024-02-19T23:50:51.604+0000] {filesystem.py:64} INFO - Poking for file D:/Github/Projeto_Airflow/***/data/dados.json
[2024-02-19T23:51:01.614+0000] {base.py:73} INFO - Using connection ID 'fs_default' for task execution.
[2024-02-19T23:51:01.615+0000] {filesystem.py:64} INFO - Poking for file D:/Github/Projeto_Airflow/***/data/dados.json
[2024-02-19T23:51:11.629+0000] {base.py:73} INFO - Using connection ID 'fs_default' for task execution.
[2024-02-19T23:51:11.630+0000] {filesystem.py:64} INFO - Poking for file D:/Github/Projeto_Airflow/***/data/dados.json
[2024-02-19T23:51:21.654+0000] {base.py:73} INFO - Using connection ID 'fs_default' for task execution.
[2024-02-19T23:51:21.655+0000] {filesystem.py:64} INFO - Poking for file D:/Github/Projeto_Airflow/***/data/dados.json
[2024-02-19T23:51:31.668+0000] {base.py:73} INFO - Using connection ID 'fs_default' for task execution.
[2024-02-19T23:51:31.669+0000] {filesystem.py:64} INFO - Poking for file D:/Github/Projeto_Airflow/***/data/dados.json
[2024-02-19T23:51:41.687+0000] {base.py:73} INFO - Using connection ID 'fs_default' for task execution.
[2024-02-19T23:51:41.688+0000] {filesystem.py:64} INFO - Poking for file D:/Github/Projeto_Airflow/***/data/dados.json
[2024-02-19T23:51:51.707+0000] {base.py:73} INFO - Using connection ID 'fs_default' for task execution.
[2024-02-19T23:51:51.708+0000] {filesystem.py:64} INFO - Poking for file D:/Github/Projeto_Airflow/***/data/dados.json
[2024-02-19T23:52:01.728+0000] {base.py:73} INFO - Using connection ID 'fs_default' for task execution.
[2024-02-19T23:52:01.729+0000] {filesystem.py:64} INFO - Poking for file D:/Github/Projeto_Airflow/***/data/dados.json
[2024-02-19T23:52:11.747+0000] {base.py:73} INFO - Using connection ID 'fs_default' for task execution.
[2024-02-19T23:52:11.793+0000] {filesystem.py:64} INFO - Poking for file D:/Github/Projeto_Airflow/***/data/dados.json
[2024-02-19T23:52:21.809+0000] {base.py:73} INFO - Using connection ID 'fs_default' for task execution.
[2024-02-19T23:52:21.810+0000] {filesystem.py:64} INFO - Poking for file D:/Github/Projeto_Airflow/***/data/dados.json
[2024-02-19T23:52:31.829+0000] {base.py:73} INFO - Using connection ID 'fs_default' for task execution.
[2024-02-19T23:52:31.830+0000] {filesystem.py:64} INFO - Poking for file D:/Github/Projeto_Airflow/***/data/dados.json
[2024-02-19T23:52:41.847+0000] {base.py:73} INFO - Using connection ID 'fs_default' for task execution.
[2024-02-19T23:52:41.848+0000] {filesystem.py:64} INFO - Poking for file D:/Github/Projeto_Airflow/***/data/dados.json
[2024-02-19T23:52:51.861+0000] {base.py:73} INFO - Using connection ID 'fs_default' for task execution.
[2024-02-19T23:52:51.862+0000] {filesystem.py:64} INFO - Poking for file D:/Github/Projeto_Airflow/***/data/dados.json
[2024-02-19T23:53:01.882+0000] {base.py:73} INFO - Using connection ID 'fs_default' for task execution.
[2024-02-19T23:53:01.883+0000] {filesystem.py:64} INFO - Poking for file D:/Github/Projeto_Airflow/***/data/dados.json
[2024-02-19T23:53:11.905+0000] {base.py:73} INFO - Using connection ID 'fs_default' for task execution.
[2024-02-19T23:53:11.906+0000] {filesystem.py:64} INFO - Poking for file D:/Github/Projeto_Airflow/***/data/dados.json
[2024-02-19T23:53:21.918+0000] {base.py:73} INFO - Using connection ID 'fs_default' for task execution.
[2024-02-19T23:53:21.919+0000] {filesystem.py:64} INFO - Poking for file D:/Github/Projeto_Airflow/***/data/dados.json
[2024-02-19T23:53:31.940+0000] {base.py:73} INFO - Using connection ID 'fs_default' for task execution.
[2024-02-19T23:53:31.941+0000] {filesystem.py:64} INFO - Poking for file D:/Github/Projeto_Airflow/***/data/dados.json
