[2024-02-19T22:12:03.307+0000] {taskinstance.py:1083} INFO - Dependencies all met for <TaskInstance: windturbine.verified_file scheduled__2024-02-19T22:09:00+00:00 [queued]>
[2024-02-19T22:12:03.346+0000] {taskinstance.py:1083} INFO - Dependencies all met for <TaskInstance: windturbine.verified_file scheduled__2024-02-19T22:09:00+00:00 [queued]>
[2024-02-19T22:12:03.362+0000] {taskinstance.py:1279} INFO - 
--------------------------------------------------------------------------------
[2024-02-19T22:12:03.369+0000] {taskinstance.py:1280} INFO - Starting attempt 1 of 2
[2024-02-19T22:12:03.378+0000] {taskinstance.py:1281} INFO - 
--------------------------------------------------------------------------------
[2024-02-19T22:12:03.462+0000] {taskinstance.py:1300} INFO - Executing <Task(FileSensor): verified_file> on 2024-02-19 22:09:00+00:00
[2024-02-19T22:12:03.475+0000] {standard_task_runner.py:55} INFO - Started process 1300 to run task
[2024-02-19T22:12:03.484+0000] {standard_task_runner.py:82} INFO - Running: ['***', 'tasks', 'run', 'windturbine', 'verified_file', 'scheduled__2024-02-19T22:09:00+00:00', '--job-id', '327', '--raw', '--subdir', 'DAGS_FOLDER/windturbine.py', '--cfg-path', '/tmp/tmpa_2h8uxp']
[2024-02-19T22:12:03.486+0000] {standard_task_runner.py:83} INFO - Job 327: Subtask verified_file
[2024-02-19T22:12:03.742+0000] {task_command.py:388} INFO - Running <TaskInstance: windturbine.verified_file scheduled__2024-02-19T22:09:00+00:00 [running]> on host 425a6ccfa80e
[2024-02-19T22:12:03.966+0000] {taskinstance.py:1509} INFO - Exporting the following env vars:
AIRFLOW_CTX_DAG_EMAIL=geronimomorais1617@gmail.com
AIRFLOW_CTX_DAG_OWNER=***
AIRFLOW_CTX_DAG_ID=windturbine
AIRFLOW_CTX_TASK_ID=verified_file
AIRFLOW_CTX_EXECUTION_DATE=2024-02-19T22:09:00+00:00
AIRFLOW_CTX_TRY_NUMBER=1
AIRFLOW_CTX_DAG_RUN_ID=scheduled__2024-02-19T22:09:00+00:00
[2024-02-19T22:12:03.992+0000] {base.py:73} INFO - Using connection ID 'fs_default' for task execution.
[2024-02-19T22:12:03.993+0000] {filesystem.py:64} INFO - Poking for file C:/Users/geron/Documents/dados/dados.json
[2024-02-19T22:12:14.020+0000] {base.py:73} INFO - Using connection ID 'fs_default' for task execution.
[2024-02-19T22:12:14.022+0000] {filesystem.py:64} INFO - Poking for file C:/Users/geron/Documents/dados/dados.json
[2024-02-19T22:12:24.046+0000] {base.py:73} INFO - Using connection ID 'fs_default' for task execution.
[2024-02-19T22:12:24.048+0000] {filesystem.py:64} INFO - Poking for file C:/Users/geron/Documents/dados/dados.json
[2024-02-19T22:12:34.080+0000] {base.py:73} INFO - Using connection ID 'fs_default' for task execution.
[2024-02-19T22:12:34.082+0000] {filesystem.py:64} INFO - Poking for file C:/Users/geron/Documents/dados/dados.json
[2024-02-19T22:12:44.107+0000] {base.py:73} INFO - Using connection ID 'fs_default' for task execution.
[2024-02-19T22:12:44.108+0000] {filesystem.py:64} INFO - Poking for file C:/Users/geron/Documents/dados/dados.json
[2024-02-19T22:12:54.158+0000] {base.py:73} INFO - Using connection ID 'fs_default' for task execution.
[2024-02-19T22:12:54.169+0000] {filesystem.py:64} INFO - Poking for file C:/Users/geron/Documents/dados/dados.json
[2024-02-19T22:13:04.194+0000] {base.py:73} INFO - Using connection ID 'fs_default' for task execution.
[2024-02-19T22:13:04.195+0000] {filesystem.py:64} INFO - Poking for file C:/Users/geron/Documents/dados/dados.json
[2024-02-19T22:13:14.221+0000] {base.py:73} INFO - Using connection ID 'fs_default' for task execution.
[2024-02-19T22:13:14.223+0000] {filesystem.py:64} INFO - Poking for file C:/Users/geron/Documents/dados/dados.json
[2024-02-19T22:13:24.246+0000] {base.py:73} INFO - Using connection ID 'fs_default' for task execution.
[2024-02-19T22:13:24.247+0000] {filesystem.py:64} INFO - Poking for file C:/Users/geron/Documents/dados/dados.json
[2024-02-19T22:13:34.263+0000] {base.py:73} INFO - Using connection ID 'fs_default' for task execution.
[2024-02-19T22:13:34.264+0000] {filesystem.py:64} INFO - Poking for file C:/Users/geron/Documents/dados/dados.json
[2024-02-19T22:13:44.288+0000] {base.py:73} INFO - Using connection ID 'fs_default' for task execution.
[2024-02-19T22:13:44.290+0000] {filesystem.py:64} INFO - Poking for file C:/Users/geron/Documents/dados/dados.json
[2024-02-19T22:13:54.312+0000] {base.py:73} INFO - Using connection ID 'fs_default' for task execution.
[2024-02-19T22:13:54.313+0000] {filesystem.py:64} INFO - Poking for file C:/Users/geron/Documents/dados/dados.json
[2024-02-19T22:14:04.337+0000] {base.py:73} INFO - Using connection ID 'fs_default' for task execution.
[2024-02-19T22:14:04.338+0000] {filesystem.py:64} INFO - Poking for file C:/Users/geron/Documents/dados/dados.json
[2024-02-19T22:14:14.386+0000] {base.py:73} INFO - Using connection ID 'fs_default' for task execution.
[2024-02-19T22:14:14.390+0000] {filesystem.py:64} INFO - Poking for file C:/Users/geron/Documents/dados/dados.json
[2024-02-19T22:14:24.424+0000] {base.py:73} INFO - Using connection ID 'fs_default' for task execution.
[2024-02-19T22:14:24.427+0000] {filesystem.py:64} INFO - Poking for file C:/Users/geron/Documents/dados/dados.json
[2024-02-19T22:14:34.460+0000] {base.py:73} INFO - Using connection ID 'fs_default' for task execution.
[2024-02-19T22:14:34.467+0000] {filesystem.py:64} INFO - Poking for file C:/Users/geron/Documents/dados/dados.json
[2024-02-19T22:14:44.490+0000] {base.py:73} INFO - Using connection ID 'fs_default' for task execution.
[2024-02-19T22:14:44.491+0000] {filesystem.py:64} INFO - Poking for file C:/Users/geron/Documents/dados/dados.json
[2024-02-19T22:14:54.521+0000] {base.py:73} INFO - Using connection ID 'fs_default' for task execution.
[2024-02-19T22:14:54.523+0000] {filesystem.py:64} INFO - Poking for file C:/Users/geron/Documents/dados/dados.json
[2024-02-19T22:15:04.552+0000] {base.py:73} INFO - Using connection ID 'fs_default' for task execution.
[2024-02-19T22:15:04.555+0000] {filesystem.py:64} INFO - Poking for file C:/Users/geron/Documents/dados/dados.json
[2024-02-19T22:15:14.585+0000] {base.py:73} INFO - Using connection ID 'fs_default' for task execution.
[2024-02-19T22:15:14.599+0000] {filesystem.py:64} INFO - Poking for file C:/Users/geron/Documents/dados/dados.json
[2024-02-19T22:15:24.631+0000] {base.py:73} INFO - Using connection ID 'fs_default' for task execution.
[2024-02-19T22:15:24.633+0000] {filesystem.py:64} INFO - Poking for file C:/Users/geron/Documents/dados/dados.json
[2024-02-19T22:15:34.690+0000] {base.py:73} INFO - Using connection ID 'fs_default' for task execution.
[2024-02-19T22:15:34.736+0000] {filesystem.py:64} INFO - Poking for file C:/Users/geron/Documents/dados/dados.json
[2024-02-19T22:15:44.839+0000] {base.py:73} INFO - Using connection ID 'fs_default' for task execution.
[2024-02-19T22:15:44.974+0000] {filesystem.py:64} INFO - Poking for file C:/Users/geron/Documents/dados/dados.json
[2024-02-19T22:15:55.060+0000] {base.py:73} INFO - Using connection ID 'fs_default' for task execution.
[2024-02-19T22:15:55.061+0000] {filesystem.py:64} INFO - Poking for file C:/Users/geron/Documents/dados/dados.json
[2024-02-19T22:16:05.111+0000] {base.py:73} INFO - Using connection ID 'fs_default' for task execution.
[2024-02-19T22:16:05.124+0000] {filesystem.py:64} INFO - Poking for file C:/Users/geron/Documents/dados/dados.json
[2024-02-19T22:16:15.151+0000] {base.py:73} INFO - Using connection ID 'fs_default' for task execution.
[2024-02-19T22:16:15.154+0000] {filesystem.py:64} INFO - Poking for file C:/Users/geron/Documents/dados/dados.json
[2024-02-19T22:16:25.192+0000] {base.py:73} INFO - Using connection ID 'fs_default' for task execution.
[2024-02-19T22:16:25.200+0000] {filesystem.py:64} INFO - Poking for file C:/Users/geron/Documents/dados/dados.json
[2024-02-19T22:16:35.230+0000] {base.py:73} INFO - Using connection ID 'fs_default' for task execution.
[2024-02-19T22:16:35.252+0000] {filesystem.py:64} INFO - Poking for file C:/Users/geron/Documents/dados/dados.json
[2024-02-19T22:16:45.300+0000] {base.py:73} INFO - Using connection ID 'fs_default' for task execution.
[2024-02-19T22:16:45.316+0000] {filesystem.py:64} INFO - Poking for file C:/Users/geron/Documents/dados/dados.json
[2024-02-19T22:16:55.348+0000] {base.py:73} INFO - Using connection ID 'fs_default' for task execution.
[2024-02-19T22:16:55.355+0000] {filesystem.py:64} INFO - Poking for file C:/Users/geron/Documents/dados/dados.json
[2024-02-19T22:17:05.387+0000] {base.py:73} INFO - Using connection ID 'fs_default' for task execution.
[2024-02-19T22:17:05.389+0000] {filesystem.py:64} INFO - Poking for file C:/Users/geron/Documents/dados/dados.json
[2024-02-19T22:17:15.407+0000] {base.py:73} INFO - Using connection ID 'fs_default' for task execution.
[2024-02-19T22:17:15.408+0000] {filesystem.py:64} INFO - Poking for file C:/Users/geron/Documents/dados/dados.json
[2024-02-19T22:17:25.446+0000] {base.py:73} INFO - Using connection ID 'fs_default' for task execution.
[2024-02-19T22:17:25.462+0000] {filesystem.py:64} INFO - Poking for file C:/Users/geron/Documents/dados/dados.json
[2024-02-19T22:17:35.516+0000] {base.py:73} INFO - Using connection ID 'fs_default' for task execution.
[2024-02-19T22:17:35.527+0000] {filesystem.py:64} INFO - Poking for file C:/Users/geron/Documents/dados/dados.json
[2024-02-19T22:17:45.576+0000] {base.py:73} INFO - Using connection ID 'fs_default' for task execution.
[2024-02-19T22:17:45.579+0000] {filesystem.py:64} INFO - Poking for file C:/Users/geron/Documents/dados/dados.json
[2024-02-19T22:17:55.632+0000] {base.py:73} INFO - Using connection ID 'fs_default' for task execution.
[2024-02-19T22:17:55.647+0000] {filesystem.py:64} INFO - Poking for file C:/Users/geron/Documents/dados/dados.json
[2024-02-19T22:18:05.712+0000] {base.py:73} INFO - Using connection ID 'fs_default' for task execution.
[2024-02-19T22:18:05.736+0000] {filesystem.py:64} INFO - Poking for file C:/Users/geron/Documents/dados/dados.json
[2024-02-19T22:18:15.772+0000] {base.py:73} INFO - Using connection ID 'fs_default' for task execution.
[2024-02-19T22:18:15.773+0000] {filesystem.py:64} INFO - Poking for file C:/Users/geron/Documents/dados/dados.json
[2024-02-19T22:18:25.808+0000] {base.py:73} INFO - Using connection ID 'fs_default' for task execution.
[2024-02-19T22:18:25.817+0000] {filesystem.py:64} INFO - Poking for file C:/Users/geron/Documents/dados/dados.json
[2024-02-19T22:18:35.923+0000] {base.py:73} INFO - Using connection ID 'fs_default' for task execution.
[2024-02-19T22:18:35.936+0000] {filesystem.py:64} INFO - Poking for file C:/Users/geron/Documents/dados/dados.json
[2024-02-19T22:18:45.995+0000] {base.py:73} INFO - Using connection ID 'fs_default' for task execution.
[2024-02-19T22:18:45.999+0000] {filesystem.py:64} INFO - Poking for file C:/Users/geron/Documents/dados/dados.json
[2024-02-19T22:18:56.036+0000] {base.py:73} INFO - Using connection ID 'fs_default' for task execution.
[2024-02-19T22:18:56.075+0000] {filesystem.py:64} INFO - Poking for file C:/Users/geron/Documents/dados/dados.json
[2024-02-19T22:19:06.163+0000] {base.py:73} INFO - Using connection ID 'fs_default' for task execution.
[2024-02-19T22:19:06.176+0000] {filesystem.py:64} INFO - Poking for file C:/Users/geron/Documents/dados/dados.json
[2024-02-19T22:19:16.221+0000] {base.py:73} INFO - Using connection ID 'fs_default' for task execution.
[2024-02-19T22:19:16.323+0000] {filesystem.py:64} INFO - Poking for file C:/Users/geron/Documents/dados/dados.json
[2024-02-19T22:19:26.499+0000] {base.py:73} INFO - Using connection ID 'fs_default' for task execution.
[2024-02-19T22:19:26.517+0000] {filesystem.py:64} INFO - Poking for file C:/Users/geron/Documents/dados/dados.json
[2024-02-19T22:19:36.648+0000] {base.py:73} INFO - Using connection ID 'fs_default' for task execution.
[2024-02-19T22:19:36.662+0000] {filesystem.py:64} INFO - Poking for file C:/Users/geron/Documents/dados/dados.json
[2024-02-19T22:19:46.742+0000] {base.py:73} INFO - Using connection ID 'fs_default' for task execution.
[2024-02-19T22:19:46.783+0000] {filesystem.py:64} INFO - Poking for file C:/Users/geron/Documents/dados/dados.json
[2024-02-19T22:19:56.884+0000] {base.py:73} INFO - Using connection ID 'fs_default' for task execution.
[2024-02-19T22:19:56.892+0000] {filesystem.py:64} INFO - Poking for file C:/Users/geron/Documents/dados/dados.json
[2024-02-19T22:20:06.913+0000] {base.py:73} INFO - Using connection ID 'fs_default' for task execution.
[2024-02-19T22:20:06.914+0000] {filesystem.py:64} INFO - Poking for file C:/Users/geron/Documents/dados/dados.json
[2024-02-19T22:20:16.939+0000] {base.py:73} INFO - Using connection ID 'fs_default' for task execution.
[2024-02-19T22:20:16.941+0000] {filesystem.py:64} INFO - Poking for file C:/Users/geron/Documents/dados/dados.json
[2024-02-19T22:20:26.969+0000] {base.py:73} INFO - Using connection ID 'fs_default' for task execution.
[2024-02-19T22:20:26.970+0000] {filesystem.py:64} INFO - Poking for file C:/Users/geron/Documents/dados/dados.json
[2024-02-19T22:20:36.988+0000] {base.py:73} INFO - Using connection ID 'fs_default' for task execution.
[2024-02-19T22:20:36.989+0000] {filesystem.py:64} INFO - Poking for file C:/Users/geron/Documents/dados/dados.json
[2024-02-19T22:20:47.011+0000] {base.py:73} INFO - Using connection ID 'fs_default' for task execution.
[2024-02-19T22:20:47.012+0000] {filesystem.py:64} INFO - Poking for file C:/Users/geron/Documents/dados/dados.json
[2024-02-19T22:20:57.042+0000] {base.py:73} INFO - Using connection ID 'fs_default' for task execution.
[2024-02-19T22:20:57.045+0000] {filesystem.py:64} INFO - Poking for file C:/Users/geron/Documents/dados/dados.json
[2024-02-19T22:21:07.063+0000] {base.py:73} INFO - Using connection ID 'fs_default' for task execution.
[2024-02-19T22:21:07.064+0000] {filesystem.py:64} INFO - Poking for file C:/Users/geron/Documents/dados/dados.json
[2024-02-19T22:21:17.083+0000] {base.py:73} INFO - Using connection ID 'fs_default' for task execution.
[2024-02-19T22:21:17.084+0000] {filesystem.py:64} INFO - Poking for file C:/Users/geron/Documents/dados/dados.json
[2024-02-19T22:21:27.115+0000] {base.py:73} INFO - Using connection ID 'fs_default' for task execution.
[2024-02-19T22:21:27.117+0000] {filesystem.py:64} INFO - Poking for file C:/Users/geron/Documents/dados/dados.json
[2024-02-19T22:21:37.141+0000] {base.py:73} INFO - Using connection ID 'fs_default' for task execution.
[2024-02-19T22:21:37.143+0000] {filesystem.py:64} INFO - Poking for file C:/Users/geron/Documents/dados/dados.json
[2024-02-19T22:21:47.171+0000] {base.py:73} INFO - Using connection ID 'fs_default' for task execution.
[2024-02-19T22:21:47.173+0000] {filesystem.py:64} INFO - Poking for file C:/Users/geron/Documents/dados/dados.json
[2024-02-19T22:21:57.191+0000] {base.py:73} INFO - Using connection ID 'fs_default' for task execution.
[2024-02-19T22:21:57.192+0000] {filesystem.py:64} INFO - Poking for file C:/Users/geron/Documents/dados/dados.json
[2024-02-19T22:22:07.213+0000] {base.py:73} INFO - Using connection ID 'fs_default' for task execution.
[2024-02-19T22:22:07.214+0000] {filesystem.py:64} INFO - Poking for file C:/Users/geron/Documents/dados/dados.json
[2024-02-19T22:22:17.231+0000] {base.py:73} INFO - Using connection ID 'fs_default' for task execution.
[2024-02-19T22:22:17.232+0000] {filesystem.py:64} INFO - Poking for file C:/Users/geron/Documents/dados/dados.json
[2024-02-19T22:22:27.256+0000] {base.py:73} INFO - Using connection ID 'fs_default' for task execution.
[2024-02-19T22:22:27.257+0000] {filesystem.py:64} INFO - Poking for file C:/Users/geron/Documents/dados/dados.json
[2024-02-19T22:22:37.276+0000] {base.py:73} INFO - Using connection ID 'fs_default' for task execution.
[2024-02-19T22:22:37.277+0000] {filesystem.py:64} INFO - Poking for file C:/Users/geron/Documents/dados/dados.json
[2024-02-19T22:22:47.299+0000] {base.py:73} INFO - Using connection ID 'fs_default' for task execution.
[2024-02-19T22:22:47.300+0000] {filesystem.py:64} INFO - Poking for file C:/Users/geron/Documents/dados/dados.json
[2024-02-19T22:22:57.319+0000] {base.py:73} INFO - Using connection ID 'fs_default' for task execution.
[2024-02-19T22:22:57.320+0000] {filesystem.py:64} INFO - Poking for file C:/Users/geron/Documents/dados/dados.json
[2024-02-19T22:23:07.339+0000] {base.py:73} INFO - Using connection ID 'fs_default' for task execution.
[2024-02-19T22:23:07.340+0000] {filesystem.py:64} INFO - Poking for file C:/Users/geron/Documents/dados/dados.json
[2024-02-19T22:23:17.363+0000] {base.py:73} INFO - Using connection ID 'fs_default' for task execution.
[2024-02-19T22:23:17.364+0000] {filesystem.py:64} INFO - Poking for file C:/Users/geron/Documents/dados/dados.json
[2024-02-19T22:23:27.383+0000] {base.py:73} INFO - Using connection ID 'fs_default' for task execution.
[2024-02-19T22:23:27.384+0000] {filesystem.py:64} INFO - Poking for file C:/Users/geron/Documents/dados/dados.json
[2024-02-19T22:23:37.410+0000] {base.py:73} INFO - Using connection ID 'fs_default' for task execution.
[2024-02-19T22:23:37.412+0000] {filesystem.py:64} INFO - Poking for file C:/Users/geron/Documents/dados/dados.json
[2024-02-19T22:23:47.430+0000] {base.py:73} INFO - Using connection ID 'fs_default' for task execution.
[2024-02-19T22:23:47.431+0000] {filesystem.py:64} INFO - Poking for file C:/Users/geron/Documents/dados/dados.json
[2024-02-19T22:23:57.455+0000] {base.py:73} INFO - Using connection ID 'fs_default' for task execution.
[2024-02-19T22:23:57.457+0000] {filesystem.py:64} INFO - Poking for file C:/Users/geron/Documents/dados/dados.json
[2024-02-19T22:24:07.483+0000] {base.py:73} INFO - Using connection ID 'fs_default' for task execution.
[2024-02-19T22:24:07.484+0000] {filesystem.py:64} INFO - Poking for file C:/Users/geron/Documents/dados/dados.json
[2024-02-19T22:24:17.509+0000] {base.py:73} INFO - Using connection ID 'fs_default' for task execution.
[2024-02-19T22:24:17.511+0000] {filesystem.py:64} INFO - Poking for file C:/Users/geron/Documents/dados/dados.json
[2024-02-19T22:24:27.535+0000] {base.py:73} INFO - Using connection ID 'fs_default' for task execution.
[2024-02-19T22:24:27.536+0000] {filesystem.py:64} INFO - Poking for file C:/Users/geron/Documents/dados/dados.json
[2024-02-19T22:24:37.561+0000] {base.py:73} INFO - Using connection ID 'fs_default' for task execution.
[2024-02-19T22:24:37.562+0000] {filesystem.py:64} INFO - Poking for file C:/Users/geron/Documents/dados/dados.json
[2024-02-19T22:24:47.576+0000] {base.py:73} INFO - Using connection ID 'fs_default' for task execution.
[2024-02-19T22:24:47.577+0000] {filesystem.py:64} INFO - Poking for file C:/Users/geron/Documents/dados/dados.json
[2024-02-19T22:24:57.597+0000] {base.py:73} INFO - Using connection ID 'fs_default' for task execution.
[2024-02-19T22:24:57.598+0000] {filesystem.py:64} INFO - Poking for file C:/Users/geron/Documents/dados/dados.json
[2024-02-19T22:25:07.636+0000] {base.py:73} INFO - Using connection ID 'fs_default' for task execution.
[2024-02-19T22:25:07.641+0000] {filesystem.py:64} INFO - Poking for file C:/Users/geron/Documents/dados/dados.json
[2024-02-19T22:25:17.669+0000] {base.py:73} INFO - Using connection ID 'fs_default' for task execution.
[2024-02-19T22:25:17.670+0000] {filesystem.py:64} INFO - Poking for file C:/Users/geron/Documents/dados/dados.json
[2024-02-19T22:25:27.701+0000] {base.py:73} INFO - Using connection ID 'fs_default' for task execution.
[2024-02-19T22:25:27.703+0000] {filesystem.py:64} INFO - Poking for file C:/Users/geron/Documents/dados/dados.json
[2024-02-19T22:25:37.732+0000] {base.py:73} INFO - Using connection ID 'fs_default' for task execution.
[2024-02-19T22:25:37.734+0000] {filesystem.py:64} INFO - Poking for file C:/Users/geron/Documents/dados/dados.json
[2024-02-19T22:25:47.764+0000] {base.py:73} INFO - Using connection ID 'fs_default' for task execution.
[2024-02-19T22:25:47.766+0000] {filesystem.py:64} INFO - Poking for file C:/Users/geron/Documents/dados/dados.json
[2024-02-19T22:25:57.788+0000] {base.py:73} INFO - Using connection ID 'fs_default' for task execution.
[2024-02-19T22:25:57.789+0000] {filesystem.py:64} INFO - Poking for file C:/Users/geron/Documents/dados/dados.json
[2024-02-19T22:26:07.813+0000] {base.py:73} INFO - Using connection ID 'fs_default' for task execution.
[2024-02-19T22:26:07.814+0000] {filesystem.py:64} INFO - Poking for file C:/Users/geron/Documents/dados/dados.json
[2024-02-19T22:26:17.836+0000] {base.py:73} INFO - Using connection ID 'fs_default' for task execution.
[2024-02-19T22:26:17.837+0000] {filesystem.py:64} INFO - Poking for file C:/Users/geron/Documents/dados/dados.json
[2024-02-19T22:26:27.859+0000] {base.py:73} INFO - Using connection ID 'fs_default' for task execution.
[2024-02-19T22:26:27.860+0000] {filesystem.py:64} INFO - Poking for file C:/Users/geron/Documents/dados/dados.json
[2024-02-19T22:26:37.885+0000] {base.py:73} INFO - Using connection ID 'fs_default' for task execution.
[2024-02-19T22:26:37.886+0000] {filesystem.py:64} INFO - Poking for file C:/Users/geron/Documents/dados/dados.json
[2024-02-19T22:26:47.916+0000] {base.py:73} INFO - Using connection ID 'fs_default' for task execution.
[2024-02-19T22:26:47.917+0000] {filesystem.py:64} INFO - Poking for file C:/Users/geron/Documents/dados/dados.json
[2024-02-19T22:26:57.937+0000] {base.py:73} INFO - Using connection ID 'fs_default' for task execution.
[2024-02-19T22:26:57.938+0000] {filesystem.py:64} INFO - Poking for file C:/Users/geron/Documents/dados/dados.json
[2024-02-19T22:27:07.963+0000] {base.py:73} INFO - Using connection ID 'fs_default' for task execution.
[2024-02-19T22:27:07.964+0000] {filesystem.py:64} INFO - Poking for file C:/Users/geron/Documents/dados/dados.json
[2024-02-19T22:27:18.023+0000] {base.py:73} INFO - Using connection ID 'fs_default' for task execution.
[2024-02-19T22:27:18.039+0000] {filesystem.py:64} INFO - Poking for file C:/Users/geron/Documents/dados/dados.json
[2024-02-19T22:27:28.092+0000] {base.py:73} INFO - Using connection ID 'fs_default' for task execution.
[2024-02-19T22:27:28.093+0000] {filesystem.py:64} INFO - Poking for file C:/Users/geron/Documents/dados/dados.json
[2024-02-19T22:27:38.136+0000] {base.py:73} INFO - Using connection ID 'fs_default' for task execution.
[2024-02-19T22:27:38.149+0000] {filesystem.py:64} INFO - Poking for file C:/Users/geron/Documents/dados/dados.json
[2024-02-19T22:27:48.175+0000] {base.py:73} INFO - Using connection ID 'fs_default' for task execution.
[2024-02-19T22:27:48.178+0000] {filesystem.py:64} INFO - Poking for file C:/Users/geron/Documents/dados/dados.json
[2024-02-19T22:27:58.223+0000] {base.py:73} INFO - Using connection ID 'fs_default' for task execution.
[2024-02-19T22:27:58.239+0000] {filesystem.py:64} INFO - Poking for file C:/Users/geron/Documents/dados/dados.json
[2024-02-19T22:28:08.268+0000] {base.py:73} INFO - Using connection ID 'fs_default' for task execution.
[2024-02-19T22:28:08.269+0000] {filesystem.py:64} INFO - Poking for file C:/Users/geron/Documents/dados/dados.json
[2024-02-19T22:28:18.296+0000] {base.py:73} INFO - Using connection ID 'fs_default' for task execution.
[2024-02-19T22:28:18.304+0000] {filesystem.py:64} INFO - Poking for file C:/Users/geron/Documents/dados/dados.json
[2024-02-19T22:28:28.338+0000] {base.py:73} INFO - Using connection ID 'fs_default' for task execution.
[2024-02-19T22:28:28.341+0000] {filesystem.py:64} INFO - Poking for file C:/Users/geron/Documents/dados/dados.json
[2024-02-19T22:28:38.355+0000] {base.py:73} INFO - Using connection ID 'fs_default' for task execution.
[2024-02-19T22:28:38.356+0000] {filesystem.py:64} INFO - Poking for file C:/Users/geron/Documents/dados/dados.json
[2024-02-19T22:28:48.375+0000] {base.py:73} INFO - Using connection ID 'fs_default' for task execution.
[2024-02-19T22:28:48.376+0000] {filesystem.py:64} INFO - Poking for file C:/Users/geron/Documents/dados/dados.json
[2024-02-19T22:28:58.400+0000] {base.py:73} INFO - Using connection ID 'fs_default' for task execution.
[2024-02-19T22:28:58.401+0000] {filesystem.py:64} INFO - Poking for file C:/Users/geron/Documents/dados/dados.json
[2024-02-19T22:29:08.428+0000] {base.py:73} INFO - Using connection ID 'fs_default' for task execution.
[2024-02-19T22:29:08.429+0000] {filesystem.py:64} INFO - Poking for file C:/Users/geron/Documents/dados/dados.json
[2024-02-19T22:29:18.454+0000] {base.py:73} INFO - Using connection ID 'fs_default' for task execution.
[2024-02-19T22:29:18.455+0000] {filesystem.py:64} INFO - Poking for file C:/Users/geron/Documents/dados/dados.json
[2024-02-19T22:29:28.482+0000] {base.py:73} INFO - Using connection ID 'fs_default' for task execution.
[2024-02-19T22:29:28.483+0000] {filesystem.py:64} INFO - Poking for file C:/Users/geron/Documents/dados/dados.json
[2024-02-19T22:29:38.511+0000] {base.py:73} INFO - Using connection ID 'fs_default' for task execution.
[2024-02-19T22:29:38.512+0000] {filesystem.py:64} INFO - Poking for file C:/Users/geron/Documents/dados/dados.json
[2024-02-19T22:29:48.531+0000] {base.py:73} INFO - Using connection ID 'fs_default' for task execution.
[2024-02-19T22:29:48.533+0000] {filesystem.py:64} INFO - Poking for file C:/Users/geron/Documents/dados/dados.json
[2024-02-19T22:29:58.560+0000] {base.py:73} INFO - Using connection ID 'fs_default' for task execution.
[2024-02-19T22:29:58.561+0000] {filesystem.py:64} INFO - Poking for file C:/Users/geron/Documents/dados/dados.json
[2024-02-19T22:30:08.574+0000] {base.py:73} INFO - Using connection ID 'fs_default' for task execution.
[2024-02-19T22:30:08.575+0000] {filesystem.py:64} INFO - Poking for file C:/Users/geron/Documents/dados/dados.json
[2024-02-19T22:30:18.596+0000] {base.py:73} INFO - Using connection ID 'fs_default' for task execution.
[2024-02-19T22:30:18.597+0000] {filesystem.py:64} INFO - Poking for file C:/Users/geron/Documents/dados/dados.json
[2024-02-19T22:30:28.616+0000] {base.py:73} INFO - Using connection ID 'fs_default' for task execution.
[2024-02-19T22:30:28.617+0000] {filesystem.py:64} INFO - Poking for file C:/Users/geron/Documents/dados/dados.json
[2024-02-19T22:30:38.636+0000] {base.py:73} INFO - Using connection ID 'fs_default' for task execution.
[2024-02-19T22:30:38.637+0000] {filesystem.py:64} INFO - Poking for file C:/Users/geron/Documents/dados/dados.json
[2024-02-19T22:30:48.661+0000] {base.py:73} INFO - Using connection ID 'fs_default' for task execution.
[2024-02-19T22:30:48.671+0000] {filesystem.py:64} INFO - Poking for file C:/Users/geron/Documents/dados/dados.json
[2024-02-19T22:30:58.697+0000] {base.py:73} INFO - Using connection ID 'fs_default' for task execution.
[2024-02-19T22:30:58.703+0000] {filesystem.py:64} INFO - Poking for file C:/Users/geron/Documents/dados/dados.json
[2024-02-19T22:31:08.722+0000] {base.py:73} INFO - Using connection ID 'fs_default' for task execution.
[2024-02-19T22:31:08.723+0000] {filesystem.py:64} INFO - Poking for file C:/Users/geron/Documents/dados/dados.json
[2024-02-19T22:31:18.743+0000] {base.py:73} INFO - Using connection ID 'fs_default' for task execution.
[2024-02-19T22:31:18.744+0000] {filesystem.py:64} INFO - Poking for file C:/Users/geron/Documents/dados/dados.json
[2024-02-19T22:31:28.764+0000] {base.py:73} INFO - Using connection ID 'fs_default' for task execution.
[2024-02-19T22:31:28.766+0000] {filesystem.py:64} INFO - Poking for file C:/Users/geron/Documents/dados/dados.json
[2024-02-19T22:31:38.803+0000] {base.py:73} INFO - Using connection ID 'fs_default' for task execution.
[2024-02-19T22:31:38.809+0000] {filesystem.py:64} INFO - Poking for file C:/Users/geron/Documents/dados/dados.json
[2024-02-19T22:31:48.834+0000] {base.py:73} INFO - Using connection ID 'fs_default' for task execution.
[2024-02-19T22:31:48.835+0000] {filesystem.py:64} INFO - Poking for file C:/Users/geron/Documents/dados/dados.json
[2024-02-19T22:31:58.859+0000] {base.py:73} INFO - Using connection ID 'fs_default' for task execution.
[2024-02-19T22:31:58.860+0000] {filesystem.py:64} INFO - Poking for file C:/Users/geron/Documents/dados/dados.json
[2024-02-19T22:32:08.881+0000] {base.py:73} INFO - Using connection ID 'fs_default' for task execution.
[2024-02-19T22:32:08.882+0000] {filesystem.py:64} INFO - Poking for file C:/Users/geron/Documents/dados/dados.json
[2024-02-19T22:32:18.917+0000] {base.py:73} INFO - Using connection ID 'fs_default' for task execution.
[2024-02-19T22:32:18.921+0000] {filesystem.py:64} INFO - Poking for file C:/Users/geron/Documents/dados/dados.json
[2024-02-19T22:32:28.946+0000] {base.py:73} INFO - Using connection ID 'fs_default' for task execution.
[2024-02-19T22:32:28.947+0000] {filesystem.py:64} INFO - Poking for file C:/Users/geron/Documents/dados/dados.json
[2024-02-19T22:32:38.962+0000] {base.py:73} INFO - Using connection ID 'fs_default' for task execution.
[2024-02-19T22:32:38.963+0000] {filesystem.py:64} INFO - Poking for file C:/Users/geron/Documents/dados/dados.json
[2024-02-19T22:32:48.985+0000] {base.py:73} INFO - Using connection ID 'fs_default' for task execution.
[2024-02-19T22:32:48.987+0000] {filesystem.py:64} INFO - Poking for file C:/Users/geron/Documents/dados/dados.json
[2024-02-19T22:32:59.003+0000] {base.py:73} INFO - Using connection ID 'fs_default' for task execution.
[2024-02-19T22:32:59.004+0000] {filesystem.py:64} INFO - Poking for file C:/Users/geron/Documents/dados/dados.json
[2024-02-19T22:33:09.029+0000] {base.py:73} INFO - Using connection ID 'fs_default' for task execution.
[2024-02-19T22:33:09.034+0000] {filesystem.py:64} INFO - Poking for file C:/Users/geron/Documents/dados/dados.json
[2024-02-19T22:33:19.057+0000] {base.py:73} INFO - Using connection ID 'fs_default' for task execution.
[2024-02-19T22:33:19.058+0000] {filesystem.py:64} INFO - Poking for file C:/Users/geron/Documents/dados/dados.json
[2024-02-19T22:33:29.077+0000] {base.py:73} INFO - Using connection ID 'fs_default' for task execution.
[2024-02-19T22:33:29.079+0000] {filesystem.py:64} INFO - Poking for file C:/Users/geron/Documents/dados/dados.json
[2024-02-19T22:33:39.108+0000] {base.py:73} INFO - Using connection ID 'fs_default' for task execution.
[2024-02-19T22:33:39.109+0000] {filesystem.py:64} INFO - Poking for file C:/Users/geron/Documents/dados/dados.json
[2024-02-19T22:33:49.132+0000] {base.py:73} INFO - Using connection ID 'fs_default' for task execution.
[2024-02-19T22:33:49.133+0000] {filesystem.py:64} INFO - Poking for file C:/Users/geron/Documents/dados/dados.json
[2024-02-19T22:33:59.151+0000] {base.py:73} INFO - Using connection ID 'fs_default' for task execution.
[2024-02-19T22:33:59.152+0000] {filesystem.py:64} INFO - Poking for file C:/Users/geron/Documents/dados/dados.json
[2024-02-19T22:34:09.178+0000] {base.py:73} INFO - Using connection ID 'fs_default' for task execution.
[2024-02-19T22:34:09.179+0000] {filesystem.py:64} INFO - Poking for file C:/Users/geron/Documents/dados/dados.json
[2024-02-19T22:34:19.200+0000] {base.py:73} INFO - Using connection ID 'fs_default' for task execution.
[2024-02-19T22:34:19.201+0000] {filesystem.py:64} INFO - Poking for file C:/Users/geron/Documents/dados/dados.json
[2024-02-19T22:34:29.224+0000] {base.py:73} INFO - Using connection ID 'fs_default' for task execution.
[2024-02-19T22:34:29.225+0000] {filesystem.py:64} INFO - Poking for file C:/Users/geron/Documents/dados/dados.json
[2024-02-19T22:34:39.249+0000] {base.py:73} INFO - Using connection ID 'fs_default' for task execution.
[2024-02-19T22:34:39.250+0000] {filesystem.py:64} INFO - Poking for file C:/Users/geron/Documents/dados/dados.json
[2024-02-19T22:34:49.272+0000] {base.py:73} INFO - Using connection ID 'fs_default' for task execution.
[2024-02-19T22:34:49.273+0000] {filesystem.py:64} INFO - Poking for file C:/Users/geron/Documents/dados/dados.json
[2024-02-19T22:34:59.292+0000] {base.py:73} INFO - Using connection ID 'fs_default' for task execution.
[2024-02-19T22:34:59.294+0000] {filesystem.py:64} INFO - Poking for file C:/Users/geron/Documents/dados/dados.json
[2024-02-19T22:35:09.310+0000] {base.py:73} INFO - Using connection ID 'fs_default' for task execution.
[2024-02-19T22:35:09.311+0000] {filesystem.py:64} INFO - Poking for file C:/Users/geron/Documents/dados/dados.json
[2024-02-19T22:35:19.333+0000] {base.py:73} INFO - Using connection ID 'fs_default' for task execution.
[2024-02-19T22:35:19.335+0000] {filesystem.py:64} INFO - Poking for file C:/Users/geron/Documents/dados/dados.json
[2024-02-19T22:35:29.363+0000] {base.py:73} INFO - Using connection ID 'fs_default' for task execution.
[2024-02-19T22:35:29.365+0000] {filesystem.py:64} INFO - Poking for file C:/Users/geron/Documents/dados/dados.json
[2024-02-19T22:35:39.391+0000] {base.py:73} INFO - Using connection ID 'fs_default' for task execution.
[2024-02-19T22:35:39.392+0000] {filesystem.py:64} INFO - Poking for file C:/Users/geron/Documents/dados/dados.json
[2024-02-19T22:35:49.411+0000] {base.py:73} INFO - Using connection ID 'fs_default' for task execution.
[2024-02-19T22:35:49.412+0000] {filesystem.py:64} INFO - Poking for file C:/Users/geron/Documents/dados/dados.json
[2024-02-19T22:35:59.430+0000] {base.py:73} INFO - Using connection ID 'fs_default' for task execution.
[2024-02-19T22:35:59.431+0000] {filesystem.py:64} INFO - Poking for file C:/Users/geron/Documents/dados/dados.json
[2024-02-19T22:36:09.454+0000] {base.py:73} INFO - Using connection ID 'fs_default' for task execution.
[2024-02-19T22:36:09.455+0000] {filesystem.py:64} INFO - Poking for file C:/Users/geron/Documents/dados/dados.json
[2024-02-19T22:36:19.498+0000] {base.py:73} INFO - Using connection ID 'fs_default' for task execution.
[2024-02-19T22:36:19.500+0000] {filesystem.py:64} INFO - Poking for file C:/Users/geron/Documents/dados/dados.json
[2024-02-19T22:36:29.537+0000] {base.py:73} INFO - Using connection ID 'fs_default' for task execution.
[2024-02-19T22:36:29.540+0000] {filesystem.py:64} INFO - Poking for file C:/Users/geron/Documents/dados/dados.json
[2024-02-19T22:36:39.580+0000] {base.py:73} INFO - Using connection ID 'fs_default' for task execution.
[2024-02-19T22:36:39.584+0000] {filesystem.py:64} INFO - Poking for file C:/Users/geron/Documents/dados/dados.json
[2024-02-19T22:36:49.607+0000] {base.py:73} INFO - Using connection ID 'fs_default' for task execution.
[2024-02-19T22:36:49.608+0000] {filesystem.py:64} INFO - Poking for file C:/Users/geron/Documents/dados/dados.json
[2024-02-19T22:36:59.638+0000] {base.py:73} INFO - Using connection ID 'fs_default' for task execution.
[2024-02-19T22:36:59.641+0000] {filesystem.py:64} INFO - Poking for file C:/Users/geron/Documents/dados/dados.json
[2024-02-19T22:37:09.667+0000] {base.py:73} INFO - Using connection ID 'fs_default' for task execution.
[2024-02-19T22:37:09.669+0000] {filesystem.py:64} INFO - Poking for file C:/Users/geron/Documents/dados/dados.json
[2024-02-19T22:37:19.691+0000] {base.py:73} INFO - Using connection ID 'fs_default' for task execution.
[2024-02-19T22:37:19.693+0000] {filesystem.py:64} INFO - Poking for file C:/Users/geron/Documents/dados/dados.json
[2024-02-19T22:37:29.712+0000] {base.py:73} INFO - Using connection ID 'fs_default' for task execution.
[2024-02-19T22:37:29.713+0000] {filesystem.py:64} INFO - Poking for file C:/Users/geron/Documents/dados/dados.json
[2024-02-19T22:37:39.739+0000] {base.py:73} INFO - Using connection ID 'fs_default' for task execution.
[2024-02-19T22:37:39.739+0000] {filesystem.py:64} INFO - Poking for file C:/Users/geron/Documents/dados/dados.json
[2024-02-19T22:37:49.764+0000] {base.py:73} INFO - Using connection ID 'fs_default' for task execution.
[2024-02-19T22:37:49.766+0000] {filesystem.py:64} INFO - Poking for file C:/Users/geron/Documents/dados/dados.json
[2024-02-19T22:37:59.799+0000] {base.py:73} INFO - Using connection ID 'fs_default' for task execution.
[2024-02-19T22:37:59.800+0000] {filesystem.py:64} INFO - Poking for file C:/Users/geron/Documents/dados/dados.json
[2024-02-19T22:38:09.826+0000] {base.py:73} INFO - Using connection ID 'fs_default' for task execution.
[2024-02-19T22:38:09.827+0000] {filesystem.py:64} INFO - Poking for file C:/Users/geron/Documents/dados/dados.json
[2024-02-19T22:38:19.848+0000] {base.py:73} INFO - Using connection ID 'fs_default' for task execution.
[2024-02-19T22:38:19.849+0000] {filesystem.py:64} INFO - Poking for file C:/Users/geron/Documents/dados/dados.json
[2024-02-19T22:38:29.873+0000] {base.py:73} INFO - Using connection ID 'fs_default' for task execution.
[2024-02-19T22:38:29.874+0000] {filesystem.py:64} INFO - Poking for file C:/Users/geron/Documents/dados/dados.json
[2024-02-19T22:38:39.901+0000] {base.py:73} INFO - Using connection ID 'fs_default' for task execution.
[2024-02-19T22:38:39.902+0000] {filesystem.py:64} INFO - Poking for file C:/Users/geron/Documents/dados/dados.json
[2024-02-19T22:38:49.922+0000] {base.py:73} INFO - Using connection ID 'fs_default' for task execution.
[2024-02-19T22:38:49.923+0000] {filesystem.py:64} INFO - Poking for file C:/Users/geron/Documents/dados/dados.json
[2024-02-19T22:38:59.938+0000] {base.py:73} INFO - Using connection ID 'fs_default' for task execution.
[2024-02-19T22:38:59.939+0000] {filesystem.py:64} INFO - Poking for file C:/Users/geron/Documents/dados/dados.json
[2024-02-19T22:39:09.958+0000] {base.py:73} INFO - Using connection ID 'fs_default' for task execution.
[2024-02-19T22:39:09.959+0000] {filesystem.py:64} INFO - Poking for file C:/Users/geron/Documents/dados/dados.json
[2024-02-19T22:39:19.987+0000] {base.py:73} INFO - Using connection ID 'fs_default' for task execution.
[2024-02-19T22:39:19.989+0000] {filesystem.py:64} INFO - Poking for file C:/Users/geron/Documents/dados/dados.json
[2024-02-19T22:39:30.011+0000] {base.py:73} INFO - Using connection ID 'fs_default' for task execution.
[2024-02-19T22:39:30.015+0000] {filesystem.py:64} INFO - Poking for file C:/Users/geron/Documents/dados/dados.json
[2024-02-19T22:39:40.037+0000] {base.py:73} INFO - Using connection ID 'fs_default' for task execution.
[2024-02-19T22:39:40.039+0000] {filesystem.py:64} INFO - Poking for file C:/Users/geron/Documents/dados/dados.json
[2024-02-19T22:39:50.063+0000] {base.py:73} INFO - Using connection ID 'fs_default' for task execution.
[2024-02-19T22:39:50.064+0000] {filesystem.py:64} INFO - Poking for file C:/Users/geron/Documents/dados/dados.json
[2024-02-19T22:40:00.090+0000] {base.py:73} INFO - Using connection ID 'fs_default' for task execution.
[2024-02-19T22:40:00.092+0000] {filesystem.py:64} INFO - Poking for file C:/Users/geron/Documents/dados/dados.json
[2024-02-19T22:40:10.113+0000] {base.py:73} INFO - Using connection ID 'fs_default' for task execution.
[2024-02-19T22:40:10.115+0000] {filesystem.py:64} INFO - Poking for file C:/Users/geron/Documents/dados/dados.json
[2024-02-19T22:40:20.145+0000] {base.py:73} INFO - Using connection ID 'fs_default' for task execution.
[2024-02-19T22:40:20.149+0000] {filesystem.py:64} INFO - Poking for file C:/Users/geron/Documents/dados/dados.json
[2024-02-19T22:40:30.175+0000] {base.py:73} INFO - Using connection ID 'fs_default' for task execution.
[2024-02-19T22:40:30.176+0000] {filesystem.py:64} INFO - Poking for file C:/Users/geron/Documents/dados/dados.json
[2024-02-19T22:40:40.200+0000] {base.py:73} INFO - Using connection ID 'fs_default' for task execution.
[2024-02-19T22:40:40.201+0000] {filesystem.py:64} INFO - Poking for file C:/Users/geron/Documents/dados/dados.json
[2024-02-19T22:40:50.221+0000] {base.py:73} INFO - Using connection ID 'fs_default' for task execution.
[2024-02-19T22:40:50.222+0000] {filesystem.py:64} INFO - Poking for file C:/Users/geron/Documents/dados/dados.json
[2024-02-19T22:41:00.248+0000] {base.py:73} INFO - Using connection ID 'fs_default' for task execution.
[2024-02-19T22:41:00.249+0000] {filesystem.py:64} INFO - Poking for file C:/Users/geron/Documents/dados/dados.json
[2024-02-19T22:41:10.271+0000] {base.py:73} INFO - Using connection ID 'fs_default' for task execution.
[2024-02-19T22:41:10.273+0000] {filesystem.py:64} INFO - Poking for file C:/Users/geron/Documents/dados/dados.json
[2024-02-19T22:41:20.296+0000] {base.py:73} INFO - Using connection ID 'fs_default' for task execution.
[2024-02-19T22:41:20.297+0000] {filesystem.py:64} INFO - Poking for file C:/Users/geron/Documents/dados/dados.json
[2024-02-19T22:41:30.320+0000] {base.py:73} INFO - Using connection ID 'fs_default' for task execution.
[2024-02-19T22:41:30.322+0000] {filesystem.py:64} INFO - Poking for file C:/Users/geron/Documents/dados/dados.json
[2024-02-19T22:41:40.343+0000] {base.py:73} INFO - Using connection ID 'fs_default' for task execution.
[2024-02-19T22:41:40.344+0000] {filesystem.py:64} INFO - Poking for file C:/Users/geron/Documents/dados/dados.json
[2024-02-19T22:41:50.368+0000] {base.py:73} INFO - Using connection ID 'fs_default' for task execution.
[2024-02-19T22:41:50.369+0000] {filesystem.py:64} INFO - Poking for file C:/Users/geron/Documents/dados/dados.json
[2024-02-19T22:42:00.387+0000] {base.py:73} INFO - Using connection ID 'fs_default' for task execution.
[2024-02-19T22:42:00.390+0000] {filesystem.py:64} INFO - Poking for file C:/Users/geron/Documents/dados/dados.json
[2024-02-19T22:42:10.417+0000] {base.py:73} INFO - Using connection ID 'fs_default' for task execution.
[2024-02-19T22:42:10.418+0000] {filesystem.py:64} INFO - Poking for file C:/Users/geron/Documents/dados/dados.json
[2024-02-19T22:42:20.435+0000] {base.py:73} INFO - Using connection ID 'fs_default' for task execution.
[2024-02-19T22:42:20.436+0000] {filesystem.py:64} INFO - Poking for file C:/Users/geron/Documents/dados/dados.json
[2024-02-19T22:42:30.460+0000] {base.py:73} INFO - Using connection ID 'fs_default' for task execution.
[2024-02-19T22:42:30.461+0000] {filesystem.py:64} INFO - Poking for file C:/Users/geron/Documents/dados/dados.json
[2024-02-19T22:42:40.487+0000] {base.py:73} INFO - Using connection ID 'fs_default' for task execution.
[2024-02-19T22:42:40.488+0000] {filesystem.py:64} INFO - Poking for file C:/Users/geron/Documents/dados/dados.json
[2024-02-19T22:42:50.515+0000] {base.py:73} INFO - Using connection ID 'fs_default' for task execution.
[2024-02-19T22:42:50.516+0000] {filesystem.py:64} INFO - Poking for file C:/Users/geron/Documents/dados/dados.json
[2024-02-19T22:43:00.544+0000] {base.py:73} INFO - Using connection ID 'fs_default' for task execution.
[2024-02-19T22:43:00.545+0000] {filesystem.py:64} INFO - Poking for file C:/Users/geron/Documents/dados/dados.json
[2024-02-19T22:43:10.580+0000] {base.py:73} INFO - Using connection ID 'fs_default' for task execution.
[2024-02-19T22:43:10.581+0000] {filesystem.py:64} INFO - Poking for file C:/Users/geron/Documents/dados/dados.json
[2024-02-19T22:43:20.611+0000] {base.py:73} INFO - Using connection ID 'fs_default' for task execution.
[2024-02-19T22:43:20.615+0000] {filesystem.py:64} INFO - Poking for file C:/Users/geron/Documents/dados/dados.json
[2024-02-19T22:43:30.638+0000] {base.py:73} INFO - Using connection ID 'fs_default' for task execution.
[2024-02-19T22:43:30.639+0000] {filesystem.py:64} INFO - Poking for file C:/Users/geron/Documents/dados/dados.json
[2024-02-19T22:43:40.665+0000] {base.py:73} INFO - Using connection ID 'fs_default' for task execution.
[2024-02-19T22:43:40.671+0000] {filesystem.py:64} INFO - Poking for file C:/Users/geron/Documents/dados/dados.json
[2024-02-19T22:43:50.692+0000] {base.py:73} INFO - Using connection ID 'fs_default' for task execution.
[2024-02-19T22:43:50.694+0000] {filesystem.py:64} INFO - Poking for file C:/Users/geron/Documents/dados/dados.json
[2024-02-19T22:44:00.723+0000] {base.py:73} INFO - Using connection ID 'fs_default' for task execution.
[2024-02-19T22:44:00.724+0000] {filesystem.py:64} INFO - Poking for file C:/Users/geron/Documents/dados/dados.json
[2024-02-19T22:44:10.749+0000] {base.py:73} INFO - Using connection ID 'fs_default' for task execution.
[2024-02-19T22:44:10.751+0000] {filesystem.py:64} INFO - Poking for file C:/Users/geron/Documents/dados/dados.json
[2024-02-19T22:44:20.787+0000] {base.py:73} INFO - Using connection ID 'fs_default' for task execution.
[2024-02-19T22:44:20.793+0000] {filesystem.py:64} INFO - Poking for file C:/Users/geron/Documents/dados/dados.json
[2024-02-19T22:44:30.821+0000] {base.py:73} INFO - Using connection ID 'fs_default' for task execution.
[2024-02-19T22:44:30.823+0000] {filesystem.py:64} INFO - Poking for file C:/Users/geron/Documents/dados/dados.json
[2024-02-19T22:44:40.852+0000] {base.py:73} INFO - Using connection ID 'fs_default' for task execution.
[2024-02-19T22:44:40.855+0000] {filesystem.py:64} INFO - Poking for file C:/Users/geron/Documents/dados/dados.json
[2024-02-19T22:44:50.878+0000] {base.py:73} INFO - Using connection ID 'fs_default' for task execution.
[2024-02-19T22:44:50.879+0000] {filesystem.py:64} INFO - Poking for file C:/Users/geron/Documents/dados/dados.json
[2024-02-19T22:45:00.929+0000] {base.py:73} INFO - Using connection ID 'fs_default' for task execution.
[2024-02-19T22:45:00.931+0000] {filesystem.py:64} INFO - Poking for file C:/Users/geron/Documents/dados/dados.json
[2024-02-19T22:45:10.957+0000] {base.py:73} INFO - Using connection ID 'fs_default' for task execution.
[2024-02-19T22:45:10.958+0000] {filesystem.py:64} INFO - Poking for file C:/Users/geron/Documents/dados/dados.json
[2024-02-19T22:45:20.998+0000] {base.py:73} INFO - Using connection ID 'fs_default' for task execution.
[2024-02-19T22:45:21.002+0000] {filesystem.py:64} INFO - Poking for file C:/Users/geron/Documents/dados/dados.json
[2024-02-19T22:45:31.032+0000] {base.py:73} INFO - Using connection ID 'fs_default' for task execution.
[2024-02-19T22:45:31.033+0000] {filesystem.py:64} INFO - Poking for file C:/Users/geron/Documents/dados/dados.json
[2024-02-19T22:45:41.066+0000] {base.py:73} INFO - Using connection ID 'fs_default' for task execution.
[2024-02-19T22:45:41.073+0000] {filesystem.py:64} INFO - Poking for file C:/Users/geron/Documents/dados/dados.json
[2024-02-19T22:45:51.092+0000] {base.py:73} INFO - Using connection ID 'fs_default' for task execution.
[2024-02-19T22:45:51.095+0000] {filesystem.py:64} INFO - Poking for file C:/Users/geron/Documents/dados/dados.json
[2024-02-19T22:46:01.118+0000] {base.py:73} INFO - Using connection ID 'fs_default' for task execution.
[2024-02-19T22:46:01.120+0000] {filesystem.py:64} INFO - Poking for file C:/Users/geron/Documents/dados/dados.json
[2024-02-19T22:46:11.145+0000] {base.py:73} INFO - Using connection ID 'fs_default' for task execution.
[2024-02-19T22:46:11.146+0000] {filesystem.py:64} INFO - Poking for file C:/Users/geron/Documents/dados/dados.json
[2024-02-19T22:46:21.164+0000] {base.py:73} INFO - Using connection ID 'fs_default' for task execution.
[2024-02-19T22:46:21.165+0000] {filesystem.py:64} INFO - Poking for file C:/Users/geron/Documents/dados/dados.json
[2024-02-19T22:46:31.188+0000] {base.py:73} INFO - Using connection ID 'fs_default' for task execution.
[2024-02-19T22:46:31.190+0000] {filesystem.py:64} INFO - Poking for file C:/Users/geron/Documents/dados/dados.json
[2024-02-19T22:46:41.208+0000] {base.py:73} INFO - Using connection ID 'fs_default' for task execution.
[2024-02-19T22:46:41.212+0000] {filesystem.py:64} INFO - Poking for file C:/Users/geron/Documents/dados/dados.json
[2024-02-19T22:46:51.241+0000] {base.py:73} INFO - Using connection ID 'fs_default' for task execution.
[2024-02-19T22:46:51.242+0000] {filesystem.py:64} INFO - Poking for file C:/Users/geron/Documents/dados/dados.json
[2024-02-19T22:47:01.262+0000] {base.py:73} INFO - Using connection ID 'fs_default' for task execution.
[2024-02-19T22:47:01.263+0000] {filesystem.py:64} INFO - Poking for file C:/Users/geron/Documents/dados/dados.json
[2024-02-19T22:47:11.282+0000] {base.py:73} INFO - Using connection ID 'fs_default' for task execution.
[2024-02-19T22:47:11.283+0000] {filesystem.py:64} INFO - Poking for file C:/Users/geron/Documents/dados/dados.json
[2024-02-19T22:47:21.304+0000] {base.py:73} INFO - Using connection ID 'fs_default' for task execution.
[2024-02-19T22:47:21.305+0000] {filesystem.py:64} INFO - Poking for file C:/Users/geron/Documents/dados/dados.json
[2024-02-19T22:47:31.328+0000] {base.py:73} INFO - Using connection ID 'fs_default' for task execution.
[2024-02-19T22:47:31.331+0000] {filesystem.py:64} INFO - Poking for file C:/Users/geron/Documents/dados/dados.json
[2024-02-19T22:47:41.354+0000] {base.py:73} INFO - Using connection ID 'fs_default' for task execution.
[2024-02-19T22:47:41.355+0000] {filesystem.py:64} INFO - Poking for file C:/Users/geron/Documents/dados/dados.json
[2024-02-19T22:47:51.371+0000] {base.py:73} INFO - Using connection ID 'fs_default' for task execution.
[2024-02-19T22:47:51.371+0000] {filesystem.py:64} INFO - Poking for file C:/Users/geron/Documents/dados/dados.json
[2024-02-19T22:48:01.395+0000] {base.py:73} INFO - Using connection ID 'fs_default' for task execution.
[2024-02-19T22:48:01.397+0000] {filesystem.py:64} INFO - Poking for file C:/Users/geron/Documents/dados/dados.json
[2024-02-19T22:48:11.410+0000] {base.py:73} INFO - Using connection ID 'fs_default' for task execution.
[2024-02-19T22:48:11.411+0000] {filesystem.py:64} INFO - Poking for file C:/Users/geron/Documents/dados/dados.json
[2024-02-19T22:48:21.435+0000] {base.py:73} INFO - Using connection ID 'fs_default' for task execution.
[2024-02-19T22:48:21.436+0000] {filesystem.py:64} INFO - Poking for file C:/Users/geron/Documents/dados/dados.json
[2024-02-19T22:48:31.463+0000] {base.py:73} INFO - Using connection ID 'fs_default' for task execution.
[2024-02-19T22:48:31.465+0000] {filesystem.py:64} INFO - Poking for file C:/Users/geron/Documents/dados/dados.json
[2024-02-19T22:48:41.481+0000] {base.py:73} INFO - Using connection ID 'fs_default' for task execution.
[2024-02-19T22:48:41.482+0000] {filesystem.py:64} INFO - Poking for file C:/Users/geron/Documents/dados/dados.json
[2024-02-19T22:48:51.504+0000] {base.py:73} INFO - Using connection ID 'fs_default' for task execution.
[2024-02-19T22:48:51.505+0000] {filesystem.py:64} INFO - Poking for file C:/Users/geron/Documents/dados/dados.json
[2024-02-19T22:49:01.528+0000] {base.py:73} INFO - Using connection ID 'fs_default' for task execution.
[2024-02-19T22:49:01.534+0000] {filesystem.py:64} INFO - Poking for file C:/Users/geron/Documents/dados/dados.json
[2024-02-19T22:49:11.559+0000] {base.py:73} INFO - Using connection ID 'fs_default' for task execution.
[2024-02-19T22:49:11.565+0000] {filesystem.py:64} INFO - Poking for file C:/Users/geron/Documents/dados/dados.json
[2024-02-19T22:49:21.612+0000] {base.py:73} INFO - Using connection ID 'fs_default' for task execution.
[2024-02-19T22:49:21.654+0000] {filesystem.py:64} INFO - Poking for file C:/Users/geron/Documents/dados/dados.json
[2024-02-19T22:49:31.707+0000] {base.py:73} INFO - Using connection ID 'fs_default' for task execution.
[2024-02-19T22:49:31.720+0000] {filesystem.py:64} INFO - Poking for file C:/Users/geron/Documents/dados/dados.json
[2024-02-19T22:49:41.777+0000] {base.py:73} INFO - Using connection ID 'fs_default' for task execution.
[2024-02-19T22:49:41.778+0000] {filesystem.py:64} INFO - Poking for file C:/Users/geron/Documents/dados/dados.json
[2024-02-19T22:49:51.798+0000] {base.py:73} INFO - Using connection ID 'fs_default' for task execution.
[2024-02-19T22:49:51.801+0000] {filesystem.py:64} INFO - Poking for file C:/Users/geron/Documents/dados/dados.json
[2024-02-19T22:50:01.830+0000] {base.py:73} INFO - Using connection ID 'fs_default' for task execution.
[2024-02-19T22:50:01.831+0000] {filesystem.py:64} INFO - Poking for file C:/Users/geron/Documents/dados/dados.json
[2024-02-19T22:50:11.852+0000] {base.py:73} INFO - Using connection ID 'fs_default' for task execution.
[2024-02-19T22:50:11.854+0000] {filesystem.py:64} INFO - Poking for file C:/Users/geron/Documents/dados/dados.json
[2024-02-19T22:50:21.877+0000] {base.py:73} INFO - Using connection ID 'fs_default' for task execution.
[2024-02-19T22:50:21.880+0000] {filesystem.py:64} INFO - Poking for file C:/Users/geron/Documents/dados/dados.json
[2024-02-19T22:50:31.904+0000] {base.py:73} INFO - Using connection ID 'fs_default' for task execution.
[2024-02-19T22:50:31.906+0000] {filesystem.py:64} INFO - Poking for file C:/Users/geron/Documents/dados/dados.json
[2024-02-19T22:50:41.923+0000] {base.py:73} INFO - Using connection ID 'fs_default' for task execution.
[2024-02-19T22:50:41.923+0000] {filesystem.py:64} INFO - Poking for file C:/Users/geron/Documents/dados/dados.json
[2024-02-19T22:50:51.945+0000] {base.py:73} INFO - Using connection ID 'fs_default' for task execution.
[2024-02-19T22:50:51.946+0000] {filesystem.py:64} INFO - Poking for file C:/Users/geron/Documents/dados/dados.json
[2024-02-19T22:51:01.964+0000] {base.py:73} INFO - Using connection ID 'fs_default' for task execution.
[2024-02-19T22:51:01.966+0000] {filesystem.py:64} INFO - Poking for file C:/Users/geron/Documents/dados/dados.json
[2024-02-19T22:51:11.990+0000] {base.py:73} INFO - Using connection ID 'fs_default' for task execution.
[2024-02-19T22:51:11.991+0000] {filesystem.py:64} INFO - Poking for file C:/Users/geron/Documents/dados/dados.json
[2024-02-19T22:51:22.015+0000] {base.py:73} INFO - Using connection ID 'fs_default' for task execution.
[2024-02-19T22:51:22.016+0000] {filesystem.py:64} INFO - Poking for file C:/Users/geron/Documents/dados/dados.json
[2024-02-19T22:51:32.046+0000] {base.py:73} INFO - Using connection ID 'fs_default' for task execution.
[2024-02-19T22:51:32.050+0000] {filesystem.py:64} INFO - Poking for file C:/Users/geron/Documents/dados/dados.json
[2024-02-19T22:51:42.070+0000] {base.py:73} INFO - Using connection ID 'fs_default' for task execution.
[2024-02-19T22:51:42.071+0000] {filesystem.py:64} INFO - Poking for file C:/Users/geron/Documents/dados/dados.json
[2024-02-19T22:51:52.093+0000] {base.py:73} INFO - Using connection ID 'fs_default' for task execution.
[2024-02-19T22:51:52.095+0000] {filesystem.py:64} INFO - Poking for file C:/Users/geron/Documents/dados/dados.json
[2024-02-19T22:52:02.118+0000] {base.py:73} INFO - Using connection ID 'fs_default' for task execution.
[2024-02-19T22:52:02.119+0000] {filesystem.py:64} INFO - Poking for file C:/Users/geron/Documents/dados/dados.json
[2024-02-19T22:52:12.143+0000] {base.py:73} INFO - Using connection ID 'fs_default' for task execution.
[2024-02-19T22:52:12.145+0000] {filesystem.py:64} INFO - Poking for file C:/Users/geron/Documents/dados/dados.json
[2024-02-19T22:52:22.168+0000] {base.py:73} INFO - Using connection ID 'fs_default' for task execution.
[2024-02-19T22:52:22.170+0000] {filesystem.py:64} INFO - Poking for file C:/Users/geron/Documents/dados/dados.json
[2024-02-19T22:52:32.193+0000] {base.py:73} INFO - Using connection ID 'fs_default' for task execution.
[2024-02-19T22:52:32.194+0000] {filesystem.py:64} INFO - Poking for file C:/Users/geron/Documents/dados/dados.json
[2024-02-19T22:52:42.247+0000] {base.py:73} INFO - Using connection ID 'fs_default' for task execution.
[2024-02-19T22:52:42.259+0000] {filesystem.py:64} INFO - Poking for file C:/Users/geron/Documents/dados/dados.json
[2024-02-19T22:52:52.299+0000] {base.py:73} INFO - Using connection ID 'fs_default' for task execution.
[2024-02-19T22:52:52.300+0000] {filesystem.py:64} INFO - Poking for file C:/Users/geron/Documents/dados/dados.json
[2024-02-19T22:53:02.338+0000] {base.py:73} INFO - Using connection ID 'fs_default' for task execution.
[2024-02-19T22:53:02.339+0000] {filesystem.py:64} INFO - Poking for file C:/Users/geron/Documents/dados/dados.json
[2024-02-19T22:53:12.358+0000] {base.py:73} INFO - Using connection ID 'fs_default' for task execution.
[2024-02-19T22:53:12.359+0000] {filesystem.py:64} INFO - Poking for file C:/Users/geron/Documents/dados/dados.json
[2024-02-19T22:53:22.379+0000] {base.py:73} INFO - Using connection ID 'fs_default' for task execution.
[2024-02-19T22:53:22.380+0000] {filesystem.py:64} INFO - Poking for file C:/Users/geron/Documents/dados/dados.json
[2024-02-19T22:53:32.402+0000] {base.py:73} INFO - Using connection ID 'fs_default' for task execution.
[2024-02-19T22:53:32.404+0000] {filesystem.py:64} INFO - Poking for file C:/Users/geron/Documents/dados/dados.json
[2024-02-19T22:53:42.424+0000] {base.py:73} INFO - Using connection ID 'fs_default' for task execution.
[2024-02-19T22:53:42.425+0000] {filesystem.py:64} INFO - Poking for file C:/Users/geron/Documents/dados/dados.json
[2024-02-19T22:53:52.448+0000] {base.py:73} INFO - Using connection ID 'fs_default' for task execution.
[2024-02-19T22:53:52.449+0000] {filesystem.py:64} INFO - Poking for file C:/Users/geron/Documents/dados/dados.json
[2024-02-19T22:54:02.469+0000] {base.py:73} INFO - Using connection ID 'fs_default' for task execution.
[2024-02-19T22:54:02.470+0000] {filesystem.py:64} INFO - Poking for file C:/Users/geron/Documents/dados/dados.json
[2024-02-19T22:54:12.528+0000] {base.py:73} INFO - Using connection ID 'fs_default' for task execution.
[2024-02-19T22:54:12.536+0000] {filesystem.py:64} INFO - Poking for file C:/Users/geron/Documents/dados/dados.json
[2024-02-19T22:54:22.558+0000] {base.py:73} INFO - Using connection ID 'fs_default' for task execution.
[2024-02-19T22:54:22.559+0000] {filesystem.py:64} INFO - Poking for file C:/Users/geron/Documents/dados/dados.json
[2024-02-19T22:54:32.580+0000] {base.py:73} INFO - Using connection ID 'fs_default' for task execution.
[2024-02-19T22:54:32.581+0000] {filesystem.py:64} INFO - Poking for file C:/Users/geron/Documents/dados/dados.json
[2024-02-19T22:54:42.598+0000] {base.py:73} INFO - Using connection ID 'fs_default' for task execution.
[2024-02-19T22:54:42.599+0000] {filesystem.py:64} INFO - Poking for file C:/Users/geron/Documents/dados/dados.json
[2024-02-19T22:54:52.623+0000] {base.py:73} INFO - Using connection ID 'fs_default' for task execution.
[2024-02-19T22:54:52.624+0000] {filesystem.py:64} INFO - Poking for file C:/Users/geron/Documents/dados/dados.json
[2024-02-19T22:55:02.641+0000] {base.py:73} INFO - Using connection ID 'fs_default' for task execution.
[2024-02-19T22:55:02.642+0000] {filesystem.py:64} INFO - Poking for file C:/Users/geron/Documents/dados/dados.json
[2024-02-19T22:55:12.659+0000] {base.py:73} INFO - Using connection ID 'fs_default' for task execution.
[2024-02-19T22:55:12.660+0000] {filesystem.py:64} INFO - Poking for file C:/Users/geron/Documents/dados/dados.json
[2024-02-19T22:55:22.679+0000] {base.py:73} INFO - Using connection ID 'fs_default' for task execution.
[2024-02-19T22:55:22.680+0000] {filesystem.py:64} INFO - Poking for file C:/Users/geron/Documents/dados/dados.json
[2024-02-19T22:55:32.708+0000] {base.py:73} INFO - Using connection ID 'fs_default' for task execution.
[2024-02-19T22:55:32.709+0000] {filesystem.py:64} INFO - Poking for file C:/Users/geron/Documents/dados/dados.json
[2024-02-19T22:55:42.737+0000] {base.py:73} INFO - Using connection ID 'fs_default' for task execution.
[2024-02-19T22:55:42.739+0000] {filesystem.py:64} INFO - Poking for file C:/Users/geron/Documents/dados/dados.json
[2024-02-19T22:55:52.760+0000] {base.py:73} INFO - Using connection ID 'fs_default' for task execution.
[2024-02-19T22:55:52.762+0000] {filesystem.py:64} INFO - Poking for file C:/Users/geron/Documents/dados/dados.json
[2024-02-19T22:56:02.782+0000] {base.py:73} INFO - Using connection ID 'fs_default' for task execution.
[2024-02-19T22:56:02.783+0000] {filesystem.py:64} INFO - Poking for file C:/Users/geron/Documents/dados/dados.json
[2024-02-19T22:56:12.798+0000] {base.py:73} INFO - Using connection ID 'fs_default' for task execution.
[2024-02-19T22:56:12.799+0000] {filesystem.py:64} INFO - Poking for file C:/Users/geron/Documents/dados/dados.json
[2024-02-19T22:56:22.816+0000] {base.py:73} INFO - Using connection ID 'fs_default' for task execution.
[2024-02-19T22:56:22.817+0000] {filesystem.py:64} INFO - Poking for file C:/Users/geron/Documents/dados/dados.json
[2024-02-19T22:56:32.841+0000] {base.py:73} INFO - Using connection ID 'fs_default' for task execution.
[2024-02-19T22:56:32.842+0000] {filesystem.py:64} INFO - Poking for file C:/Users/geron/Documents/dados/dados.json
[2024-02-19T22:56:42.865+0000] {base.py:73} INFO - Using connection ID 'fs_default' for task execution.
[2024-02-19T22:56:42.866+0000] {filesystem.py:64} INFO - Poking for file C:/Users/geron/Documents/dados/dados.json
[2024-02-19T22:56:52.881+0000] {base.py:73} INFO - Using connection ID 'fs_default' for task execution.
[2024-02-19T22:56:52.882+0000] {filesystem.py:64} INFO - Poking for file C:/Users/geron/Documents/dados/dados.json
[2024-02-19T22:57:02.903+0000] {base.py:73} INFO - Using connection ID 'fs_default' for task execution.
[2024-02-19T22:57:02.904+0000] {filesystem.py:64} INFO - Poking for file C:/Users/geron/Documents/dados/dados.json
[2024-02-19T22:57:12.920+0000] {base.py:73} INFO - Using connection ID 'fs_default' for task execution.
[2024-02-19T22:57:12.921+0000] {filesystem.py:64} INFO - Poking for file C:/Users/geron/Documents/dados/dados.json
[2024-02-19T22:57:22.943+0000] {base.py:73} INFO - Using connection ID 'fs_default' for task execution.
[2024-02-19T22:57:22.944+0000] {filesystem.py:64} INFO - Poking for file C:/Users/geron/Documents/dados/dados.json
[2024-02-19T22:57:32.964+0000] {base.py:73} INFO - Using connection ID 'fs_default' for task execution.
[2024-02-19T22:57:32.965+0000] {filesystem.py:64} INFO - Poking for file C:/Users/geron/Documents/dados/dados.json
[2024-02-19T22:57:42.983+0000] {base.py:73} INFO - Using connection ID 'fs_default' for task execution.
[2024-02-19T22:57:42.984+0000] {filesystem.py:64} INFO - Poking for file C:/Users/geron/Documents/dados/dados.json
[2024-02-19T22:57:53.018+0000] {base.py:73} INFO - Using connection ID 'fs_default' for task execution.
[2024-02-19T22:57:53.022+0000] {filesystem.py:64} INFO - Poking for file C:/Users/geron/Documents/dados/dados.json
[2024-02-19T22:58:03.054+0000] {base.py:73} INFO - Using connection ID 'fs_default' for task execution.
[2024-02-19T22:58:03.055+0000] {filesystem.py:64} INFO - Poking for file C:/Users/geron/Documents/dados/dados.json
[2024-02-19T22:58:13.077+0000] {base.py:73} INFO - Using connection ID 'fs_default' for task execution.
[2024-02-19T22:58:13.078+0000] {filesystem.py:64} INFO - Poking for file C:/Users/geron/Documents/dados/dados.json
[2024-02-19T22:58:23.100+0000] {base.py:73} INFO - Using connection ID 'fs_default' for task execution.
[2024-02-19T22:58:23.101+0000] {filesystem.py:64} INFO - Poking for file C:/Users/geron/Documents/dados/dados.json
[2024-02-19T22:58:33.129+0000] {base.py:73} INFO - Using connection ID 'fs_default' for task execution.
[2024-02-19T22:58:33.130+0000] {filesystem.py:64} INFO - Poking for file C:/Users/geron/Documents/dados/dados.json
[2024-02-19T22:58:43.156+0000] {base.py:73} INFO - Using connection ID 'fs_default' for task execution.
[2024-02-19T22:58:43.157+0000] {filesystem.py:64} INFO - Poking for file C:/Users/geron/Documents/dados/dados.json
[2024-02-19T22:58:53.166+0000] {base.py:73} INFO - Using connection ID 'fs_default' for task execution.
[2024-02-19T22:58:53.166+0000] {filesystem.py:64} INFO - Poking for file C:/Users/geron/Documents/dados/dados.json
[2024-02-19T22:59:03.192+0000] {base.py:73} INFO - Using connection ID 'fs_default' for task execution.
[2024-02-19T22:59:03.193+0000] {filesystem.py:64} INFO - Poking for file C:/Users/geron/Documents/dados/dados.json
[2024-02-19T22:59:13.213+0000] {base.py:73} INFO - Using connection ID 'fs_default' for task execution.
[2024-02-19T22:59:13.214+0000] {filesystem.py:64} INFO - Poking for file C:/Users/geron/Documents/dados/dados.json
[2024-02-19T22:59:23.232+0000] {base.py:73} INFO - Using connection ID 'fs_default' for task execution.
[2024-02-19T22:59:23.233+0000] {filesystem.py:64} INFO - Poking for file C:/Users/geron/Documents/dados/dados.json
[2024-02-19T22:59:33.252+0000] {base.py:73} INFO - Using connection ID 'fs_default' for task execution.
[2024-02-19T22:59:33.253+0000] {filesystem.py:64} INFO - Poking for file C:/Users/geron/Documents/dados/dados.json
[2024-02-19T22:59:43.271+0000] {base.py:73} INFO - Using connection ID 'fs_default' for task execution.
[2024-02-19T22:59:43.272+0000] {filesystem.py:64} INFO - Poking for file C:/Users/geron/Documents/dados/dados.json
[2024-02-19T22:59:53.288+0000] {base.py:73} INFO - Using connection ID 'fs_default' for task execution.
[2024-02-19T22:59:53.289+0000] {filesystem.py:64} INFO - Poking for file C:/Users/geron/Documents/dados/dados.json
[2024-02-19T23:00:03.315+0000] {base.py:73} INFO - Using connection ID 'fs_default' for task execution.
[2024-02-19T23:00:03.316+0000] {filesystem.py:64} INFO - Poking for file C:/Users/geron/Documents/dados/dados.json
[2024-02-19T23:00:13.337+0000] {base.py:73} INFO - Using connection ID 'fs_default' for task execution.
[2024-02-19T23:00:13.356+0000] {filesystem.py:64} INFO - Poking for file C:/Users/geron/Documents/dados/dados.json
[2024-02-19T23:00:23.389+0000] {base.py:73} INFO - Using connection ID 'fs_default' for task execution.
[2024-02-19T23:00:23.403+0000] {filesystem.py:64} INFO - Poking for file C:/Users/geron/Documents/dados/dados.json
[2024-02-19T23:00:33.428+0000] {base.py:73} INFO - Using connection ID 'fs_default' for task execution.
[2024-02-19T23:00:33.429+0000] {filesystem.py:64} INFO - Poking for file C:/Users/geron/Documents/dados/dados.json
[2024-02-19T23:00:43.447+0000] {base.py:73} INFO - Using connection ID 'fs_default' for task execution.
[2024-02-19T23:00:43.448+0000] {filesystem.py:64} INFO - Poking for file C:/Users/geron/Documents/dados/dados.json
[2024-02-19T23:00:53.480+0000] {base.py:73} INFO - Using connection ID 'fs_default' for task execution.
[2024-02-19T23:00:53.481+0000] {filesystem.py:64} INFO - Poking for file C:/Users/geron/Documents/dados/dados.json
[2024-02-19T23:01:03.518+0000] {base.py:73} INFO - Using connection ID 'fs_default' for task execution.
[2024-02-19T23:01:03.526+0000] {filesystem.py:64} INFO - Poking for file C:/Users/geron/Documents/dados/dados.json
[2024-02-19T23:01:13.552+0000] {base.py:73} INFO - Using connection ID 'fs_default' for task execution.
[2024-02-19T23:01:13.553+0000] {filesystem.py:64} INFO - Poking for file C:/Users/geron/Documents/dados/dados.json
[2024-02-19T23:01:23.578+0000] {base.py:73} INFO - Using connection ID 'fs_default' for task execution.
[2024-02-19T23:01:23.579+0000] {filesystem.py:64} INFO - Poking for file C:/Users/geron/Documents/dados/dados.json
