[2024-02-19T23:10:06.693+0000] {taskinstance.py:1083} INFO - Dependencies all met for <TaskInstance: windturbine.verified_file manual__2024-02-19T22:16:37.545117+00:00 [queued]>
[2024-02-19T23:10:06.810+0000] {taskinstance.py:1083} INFO - Dependencies all met for <TaskInstance: windturbine.verified_file manual__2024-02-19T22:16:37.545117+00:00 [queued]>
[2024-02-19T23:10:06.811+0000] {taskinstance.py:1279} INFO - 
--------------------------------------------------------------------------------
[2024-02-19T23:10:06.822+0000] {taskinstance.py:1280} INFO - Starting attempt 2 of 2
[2024-02-19T23:10:06.823+0000] {taskinstance.py:1281} INFO - 
--------------------------------------------------------------------------------
[2024-02-19T23:10:07.015+0000] {taskinstance.py:1300} INFO - Executing <Task(FileSensor): verified_file> on 2024-02-19 22:16:37.545117+00:00
[2024-02-19T23:10:07.031+0000] {standard_task_runner.py:55} INFO - Started process 126 to run task
[2024-02-19T23:10:07.070+0000] {standard_task_runner.py:82} INFO - Running: ['***', 'tasks', 'run', 'windturbine', 'verified_file', 'manual__2024-02-19T22:16:37.545117+00:00', '--job-id', '341', '--raw', '--subdir', 'DAGS_FOLDER/windturbine.py', '--cfg-path', '/tmp/tmpsmb_7bx1']
[2024-02-19T23:10:07.087+0000] {standard_task_runner.py:83} INFO - Job 341: Subtask verified_file
[2024-02-19T23:10:07.749+0000] {task_command.py:388} INFO - Running <TaskInstance: windturbine.verified_file manual__2024-02-19T22:16:37.545117+00:00 [running]> on host 6c060d40c228
[2024-02-19T23:10:08.454+0000] {taskinstance.py:1509} INFO - Exporting the following env vars:
AIRFLOW_CTX_DAG_EMAIL=geronimomorais1617@gmail.com
AIRFLOW_CTX_DAG_OWNER=***
AIRFLOW_CTX_DAG_ID=windturbine
AIRFLOW_CTX_TASK_ID=verified_file
AIRFLOW_CTX_EXECUTION_DATE=2024-02-19T22:16:37.545117+00:00
AIRFLOW_CTX_TRY_NUMBER=2
AIRFLOW_CTX_DAG_RUN_ID=manual__2024-02-19T22:16:37.545117+00:00
[2024-02-19T23:10:08.488+0000] {base.py:73} INFO - Using connection ID 'fs_default' for task execution.
[2024-02-19T23:10:08.503+0000] {filesystem.py:64} INFO - Poking for file D:/Github/Projeto_Airflow/***/data
[2024-02-19T23:10:18.524+0000] {base.py:73} INFO - Using connection ID 'fs_default' for task execution.
[2024-02-19T23:10:18.525+0000] {filesystem.py:64} INFO - Poking for file D:/Github/Projeto_Airflow/***/data
[2024-02-19T23:10:28.541+0000] {base.py:73} INFO - Using connection ID 'fs_default' for task execution.
[2024-02-19T23:10:28.542+0000] {filesystem.py:64} INFO - Poking for file D:/Github/Projeto_Airflow/***/data
[2024-02-19T23:10:38.571+0000] {base.py:73} INFO - Using connection ID 'fs_default' for task execution.
[2024-02-19T23:10:38.581+0000] {filesystem.py:64} INFO - Poking for file D:/Github/Projeto_Airflow/***/data
[2024-02-19T23:10:48.643+0000] {base.py:73} INFO - Using connection ID 'fs_default' for task execution.
[2024-02-19T23:10:48.649+0000] {filesystem.py:64} INFO - Poking for file D:/Github/Projeto_Airflow/***/data
[2024-02-19T23:10:58.674+0000] {base.py:73} INFO - Using connection ID 'fs_default' for task execution.
[2024-02-19T23:10:58.675+0000] {filesystem.py:64} INFO - Poking for file D:/Github/Projeto_Airflow/***/data
[2024-02-19T23:11:08.689+0000] {base.py:73} INFO - Using connection ID 'fs_default' for task execution.
[2024-02-19T23:11:08.690+0000] {filesystem.py:64} INFO - Poking for file D:/Github/Projeto_Airflow/***/data
[2024-02-19T23:11:18.714+0000] {base.py:73} INFO - Using connection ID 'fs_default' for task execution.
[2024-02-19T23:11:18.715+0000] {filesystem.py:64} INFO - Poking for file D:/Github/Projeto_Airflow/***/data
[2024-02-19T23:11:28.729+0000] {base.py:73} INFO - Using connection ID 'fs_default' for task execution.
[2024-02-19T23:11:28.730+0000] {filesystem.py:64} INFO - Poking for file D:/Github/Projeto_Airflow/***/data
[2024-02-19T23:11:38.750+0000] {base.py:73} INFO - Using connection ID 'fs_default' for task execution.
[2024-02-19T23:11:38.751+0000] {filesystem.py:64} INFO - Poking for file D:/Github/Projeto_Airflow/***/data
[2024-02-19T23:11:48.814+0000] {base.py:73} INFO - Using connection ID 'fs_default' for task execution.
[2024-02-19T23:11:48.825+0000] {filesystem.py:64} INFO - Poking for file D:/Github/Projeto_Airflow/***/data
[2024-02-19T23:11:58.847+0000] {base.py:73} INFO - Using connection ID 'fs_default' for task execution.
[2024-02-19T23:11:58.848+0000] {filesystem.py:64} INFO - Poking for file D:/Github/Projeto_Airflow/***/data
[2024-02-19T23:12:08.870+0000] {base.py:73} INFO - Using connection ID 'fs_default' for task execution.
[2024-02-19T23:12:08.872+0000] {filesystem.py:64} INFO - Poking for file D:/Github/Projeto_Airflow/***/data
[2024-02-19T23:12:18.923+0000] {base.py:73} INFO - Using connection ID 'fs_default' for task execution.
[2024-02-19T23:12:18.926+0000] {filesystem.py:64} INFO - Poking for file D:/Github/Projeto_Airflow/***/data
[2024-02-19T23:12:28.983+0000] {base.py:73} INFO - Using connection ID 'fs_default' for task execution.
[2024-02-19T23:12:28.998+0000] {filesystem.py:64} INFO - Poking for file D:/Github/Projeto_Airflow/***/data
[2024-02-19T23:12:39.091+0000] {base.py:73} INFO - Using connection ID 'fs_default' for task execution.
[2024-02-19T23:12:39.103+0000] {filesystem.py:64} INFO - Poking for file D:/Github/Projeto_Airflow/***/data
[2024-02-19T23:12:49.145+0000] {base.py:73} INFO - Using connection ID 'fs_default' for task execution.
[2024-02-19T23:12:49.146+0000] {filesystem.py:64} INFO - Poking for file D:/Github/Projeto_Airflow/***/data
[2024-02-19T23:12:59.224+0000] {base.py:73} INFO - Using connection ID 'fs_default' for task execution.
[2024-02-19T23:12:59.249+0000] {filesystem.py:64} INFO - Poking for file D:/Github/Projeto_Airflow/***/data
[2024-02-19T23:13:09.301+0000] {base.py:73} INFO - Using connection ID 'fs_default' for task execution.
[2024-02-19T23:13:09.302+0000] {filesystem.py:64} INFO - Poking for file D:/Github/Projeto_Airflow/***/data
[2024-02-19T23:13:19.327+0000] {base.py:73} INFO - Using connection ID 'fs_default' for task execution.
[2024-02-19T23:13:19.329+0000] {filesystem.py:64} INFO - Poking for file D:/Github/Projeto_Airflow/***/data
[2024-02-19T23:13:29.353+0000] {base.py:73} INFO - Using connection ID 'fs_default' for task execution.
[2024-02-19T23:13:29.355+0000] {filesystem.py:64} INFO - Poking for file D:/Github/Projeto_Airflow/***/data
[2024-02-19T23:13:39.384+0000] {base.py:73} INFO - Using connection ID 'fs_default' for task execution.
[2024-02-19T23:13:39.385+0000] {filesystem.py:64} INFO - Poking for file D:/Github/Projeto_Airflow/***/data
[2024-02-19T23:13:49.430+0000] {base.py:73} INFO - Using connection ID 'fs_default' for task execution.
[2024-02-19T23:13:49.432+0000] {filesystem.py:64} INFO - Poking for file D:/Github/Projeto_Airflow/***/data
[2024-02-19T23:13:59.470+0000] {base.py:73} INFO - Using connection ID 'fs_default' for task execution.
[2024-02-19T23:13:59.480+0000] {filesystem.py:64} INFO - Poking for file D:/Github/Projeto_Airflow/***/data
[2024-02-19T23:14:09.544+0000] {base.py:73} INFO - Using connection ID 'fs_default' for task execution.
[2024-02-19T23:14:09.663+0000] {filesystem.py:64} INFO - Poking for file D:/Github/Projeto_Airflow/***/data
[2024-02-19T23:14:19.760+0000] {base.py:73} INFO - Using connection ID 'fs_default' for task execution.
[2024-02-19T23:14:19.775+0000] {filesystem.py:64} INFO - Poking for file D:/Github/Projeto_Airflow/***/data
[2024-02-19T23:14:29.839+0000] {base.py:73} INFO - Using connection ID 'fs_default' for task execution.
[2024-02-19T23:14:29.860+0000] {filesystem.py:64} INFO - Poking for file D:/Github/Projeto_Airflow/***/data
[2024-02-19T23:14:39.895+0000] {base.py:73} INFO - Using connection ID 'fs_default' for task execution.
[2024-02-19T23:14:39.908+0000] {filesystem.py:64} INFO - Poking for file D:/Github/Projeto_Airflow/***/data
[2024-02-19T23:14:49.976+0000] {base.py:73} INFO - Using connection ID 'fs_default' for task execution.
[2024-02-19T23:14:49.983+0000] {filesystem.py:64} INFO - Poking for file D:/Github/Projeto_Airflow/***/data
[2024-02-19T23:15:00.022+0000] {base.py:73} INFO - Using connection ID 'fs_default' for task execution.
[2024-02-19T23:15:00.026+0000] {filesystem.py:64} INFO - Poking for file D:/Github/Projeto_Airflow/***/data
[2024-02-19T23:15:10.110+0000] {base.py:73} INFO - Using connection ID 'fs_default' for task execution.
[2024-02-19T23:15:10.121+0000] {filesystem.py:64} INFO - Poking for file D:/Github/Projeto_Airflow/***/data
[2024-02-19T23:15:20.140+0000] {base.py:73} INFO - Using connection ID 'fs_default' for task execution.
[2024-02-19T23:15:20.141+0000] {filesystem.py:64} INFO - Poking for file D:/Github/Projeto_Airflow/***/data
[2024-02-19T23:15:30.181+0000] {base.py:73} INFO - Using connection ID 'fs_default' for task execution.
[2024-02-19T23:15:30.198+0000] {filesystem.py:64} INFO - Poking for file D:/Github/Projeto_Airflow/***/data
[2024-02-19T23:15:40.246+0000] {base.py:73} INFO - Using connection ID 'fs_default' for task execution.
[2024-02-19T23:15:40.299+0000] {filesystem.py:64} INFO - Poking for file D:/Github/Projeto_Airflow/***/data
[2024-02-19T23:15:50.377+0000] {base.py:73} INFO - Using connection ID 'fs_default' for task execution.
[2024-02-19T23:15:50.379+0000] {filesystem.py:64} INFO - Poking for file D:/Github/Projeto_Airflow/***/data
[2024-02-19T23:16:00.407+0000] {base.py:73} INFO - Using connection ID 'fs_default' for task execution.
[2024-02-19T23:16:00.410+0000] {filesystem.py:64} INFO - Poking for file D:/Github/Projeto_Airflow/***/data
[2024-02-19T23:16:10.439+0000] {base.py:73} INFO - Using connection ID 'fs_default' for task execution.
[2024-02-19T23:16:10.440+0000] {filesystem.py:64} INFO - Poking for file D:/Github/Projeto_Airflow/***/data
[2024-02-19T23:16:20.467+0000] {base.py:73} INFO - Using connection ID 'fs_default' for task execution.
[2024-02-19T23:16:20.469+0000] {filesystem.py:64} INFO - Poking for file D:/Github/Projeto_Airflow/***/data
[2024-02-19T23:16:30.505+0000] {base.py:73} INFO - Using connection ID 'fs_default' for task execution.
[2024-02-19T23:16:30.508+0000] {filesystem.py:64} INFO - Poking for file D:/Github/Projeto_Airflow/***/data
[2024-02-19T23:16:40.537+0000] {base.py:73} INFO - Using connection ID 'fs_default' for task execution.
[2024-02-19T23:16:40.538+0000] {filesystem.py:64} INFO - Poking for file D:/Github/Projeto_Airflow/***/data
[2024-02-19T23:16:50.555+0000] {base.py:73} INFO - Using connection ID 'fs_default' for task execution.
[2024-02-19T23:16:50.556+0000] {filesystem.py:64} INFO - Poking for file D:/Github/Projeto_Airflow/***/data
[2024-02-19T23:17:00.574+0000] {base.py:73} INFO - Using connection ID 'fs_default' for task execution.
[2024-02-19T23:17:00.575+0000] {filesystem.py:64} INFO - Poking for file D:/Github/Projeto_Airflow/***/data
[2024-02-19T23:17:10.583+0000] {base.py:73} INFO - Using connection ID 'fs_default' for task execution.
[2024-02-19T23:17:10.584+0000] {filesystem.py:64} INFO - Poking for file D:/Github/Projeto_Airflow/***/data
[2024-02-19T23:17:20.592+0000] {base.py:73} INFO - Using connection ID 'fs_default' for task execution.
[2024-02-19T23:17:20.593+0000] {filesystem.py:64} INFO - Poking for file D:/Github/Projeto_Airflow/***/data
[2024-02-19T23:17:30.607+0000] {base.py:73} INFO - Using connection ID 'fs_default' for task execution.
[2024-02-19T23:17:30.608+0000] {filesystem.py:64} INFO - Poking for file D:/Github/Projeto_Airflow/***/data
[2024-02-19T23:17:40.628+0000] {base.py:73} INFO - Using connection ID 'fs_default' for task execution.
[2024-02-19T23:17:40.629+0000] {filesystem.py:64} INFO - Poking for file D:/Github/Projeto_Airflow/***/data
[2024-02-19T23:17:50.650+0000] {base.py:73} INFO - Using connection ID 'fs_default' for task execution.
[2024-02-19T23:17:50.651+0000] {filesystem.py:64} INFO - Poking for file D:/Github/Projeto_Airflow/***/data
[2024-02-19T23:18:00.674+0000] {base.py:73} INFO - Using connection ID 'fs_default' for task execution.
[2024-02-19T23:18:00.675+0000] {filesystem.py:64} INFO - Poking for file D:/Github/Projeto_Airflow/***/data
[2024-02-19T23:18:10.696+0000] {base.py:73} INFO - Using connection ID 'fs_default' for task execution.
[2024-02-19T23:18:10.697+0000] {filesystem.py:64} INFO - Poking for file D:/Github/Projeto_Airflow/***/data
[2024-02-19T23:18:20.722+0000] {base.py:73} INFO - Using connection ID 'fs_default' for task execution.
[2024-02-19T23:18:20.727+0000] {filesystem.py:64} INFO - Poking for file D:/Github/Projeto_Airflow/***/data
[2024-02-19T23:18:30.753+0000] {base.py:73} INFO - Using connection ID 'fs_default' for task execution.
[2024-02-19T23:18:30.758+0000] {filesystem.py:64} INFO - Poking for file D:/Github/Projeto_Airflow/***/data
