[2024-02-19T21:42:01.508+0000] {taskinstance.py:1083} INFO - Dependencies all met for <TaskInstance: windturbine.verified_file scheduled__2024-02-19T21:39:00+00:00 [queued]>
[2024-02-19T21:42:01.525+0000] {taskinstance.py:1083} INFO - Dependencies all met for <TaskInstance: windturbine.verified_file scheduled__2024-02-19T21:39:00+00:00 [queued]>
[2024-02-19T21:42:01.525+0000] {taskinstance.py:1279} INFO - 
--------------------------------------------------------------------------------
[2024-02-19T21:42:01.526+0000] {taskinstance.py:1280} INFO - Starting attempt 1 of 2
[2024-02-19T21:42:01.526+0000] {taskinstance.py:1281} INFO - 
--------------------------------------------------------------------------------
[2024-02-19T21:42:01.552+0000] {taskinstance.py:1300} INFO - Executing <Task(FileSensor): verified_file> on 2024-02-19 21:39:00+00:00
[2024-02-19T21:42:01.557+0000] {standard_task_runner.py:55} INFO - Started process 10160 to run task
[2024-02-19T21:42:01.562+0000] {standard_task_runner.py:82} INFO - Running: ['***', 'tasks', 'run', 'windturbine', 'verified_file', 'scheduled__2024-02-19T21:39:00+00:00', '--job-id', '312', '--raw', '--subdir', 'DAGS_FOLDER/windturbine.py', '--cfg-path', '/tmp/tmp7yq85jlk']
[2024-02-19T21:42:01.563+0000] {standard_task_runner.py:83} INFO - Job 312: Subtask verified_file
[2024-02-19T21:42:01.708+0000] {task_command.py:388} INFO - Running <TaskInstance: windturbine.verified_file scheduled__2024-02-19T21:39:00+00:00 [running]> on host 9276533319a9
[2024-02-19T21:42:02.018+0000] {taskinstance.py:1509} INFO - Exporting the following env vars:
AIRFLOW_CTX_DAG_EMAIL=geronimomorais1617@gmail.com
AIRFLOW_CTX_DAG_OWNER=***
AIRFLOW_CTX_DAG_ID=windturbine
AIRFLOW_CTX_TASK_ID=verified_file
AIRFLOW_CTX_EXECUTION_DATE=2024-02-19T21:39:00+00:00
AIRFLOW_CTX_TRY_NUMBER=1
AIRFLOW_CTX_DAG_RUN_ID=scheduled__2024-02-19T21:39:00+00:00
[2024-02-19T21:42:02.052+0000] {base.py:73} INFO - Using connection ID 'fs_default' for task execution.
[2024-02-19T21:42:02.054+0000] {filesystem.py:64} INFO - Poking for file /opt/***/data/data.json
[2024-02-19T21:42:12.074+0000] {base.py:73} INFO - Using connection ID 'fs_default' for task execution.
[2024-02-19T21:42:12.074+0000] {filesystem.py:64} INFO - Poking for file /opt/***/data/data.json
[2024-02-19T21:42:22.087+0000] {base.py:73} INFO - Using connection ID 'fs_default' for task execution.
[2024-02-19T21:42:22.088+0000] {filesystem.py:64} INFO - Poking for file /opt/***/data/data.json
[2024-02-19T21:42:32.104+0000] {base.py:73} INFO - Using connection ID 'fs_default' for task execution.
[2024-02-19T21:42:32.105+0000] {filesystem.py:64} INFO - Poking for file /opt/***/data/data.json
[2024-02-19T21:42:42.129+0000] {base.py:73} INFO - Using connection ID 'fs_default' for task execution.
[2024-02-19T21:42:42.130+0000] {filesystem.py:64} INFO - Poking for file /opt/***/data/data.json
[2024-02-19T21:42:52.166+0000] {base.py:73} INFO - Using connection ID 'fs_default' for task execution.
[2024-02-19T21:42:52.167+0000] {filesystem.py:64} INFO - Poking for file /opt/***/data/data.json
[2024-02-19T21:43:02.186+0000] {base.py:73} INFO - Using connection ID 'fs_default' for task execution.
[2024-02-19T21:43:02.187+0000] {filesystem.py:64} INFO - Poking for file /opt/***/data/data.json
[2024-02-19T21:43:12.201+0000] {base.py:73} INFO - Using connection ID 'fs_default' for task execution.
[2024-02-19T21:43:12.202+0000] {filesystem.py:64} INFO - Poking for file /opt/***/data/data.json
[2024-02-19T21:43:22.221+0000] {base.py:73} INFO - Using connection ID 'fs_default' for task execution.
[2024-02-19T21:43:22.222+0000] {filesystem.py:64} INFO - Poking for file /opt/***/data/data.json
[2024-02-19T21:43:32.238+0000] {base.py:73} INFO - Using connection ID 'fs_default' for task execution.
[2024-02-19T21:43:32.239+0000] {filesystem.py:64} INFO - Poking for file /opt/***/data/data.json
[2024-02-19T21:43:42.262+0000] {base.py:73} INFO - Using connection ID 'fs_default' for task execution.
[2024-02-19T21:43:42.263+0000] {filesystem.py:64} INFO - Poking for file /opt/***/data/data.json
[2024-02-19T21:43:52.283+0000] {base.py:73} INFO - Using connection ID 'fs_default' for task execution.
[2024-02-19T21:43:52.285+0000] {filesystem.py:64} INFO - Poking for file /opt/***/data/data.json
[2024-02-19T21:44:02.303+0000] {base.py:73} INFO - Using connection ID 'fs_default' for task execution.
[2024-02-19T21:44:02.304+0000] {filesystem.py:64} INFO - Poking for file /opt/***/data/data.json
[2024-02-19T21:44:12.341+0000] {base.py:73} INFO - Using connection ID 'fs_default' for task execution.
[2024-02-19T21:44:12.342+0000] {filesystem.py:64} INFO - Poking for file /opt/***/data/data.json
[2024-02-19T21:44:22.454+0000] {base.py:73} INFO - Using connection ID 'fs_default' for task execution.
[2024-02-19T21:44:22.455+0000] {filesystem.py:64} INFO - Poking for file /opt/***/data/data.json
[2024-02-19T21:44:32.474+0000] {base.py:73} INFO - Using connection ID 'fs_default' for task execution.
[2024-02-19T21:44:32.479+0000] {filesystem.py:64} INFO - Poking for file /opt/***/data/data.json
[2024-02-19T21:44:42.499+0000] {base.py:73} INFO - Using connection ID 'fs_default' for task execution.
[2024-02-19T21:44:42.500+0000] {filesystem.py:64} INFO - Poking for file /opt/***/data/data.json
[2024-02-19T21:44:52.532+0000] {base.py:73} INFO - Using connection ID 'fs_default' for task execution.
[2024-02-19T21:44:52.534+0000] {filesystem.py:64} INFO - Poking for file /opt/***/data/data.json
[2024-02-19T21:45:02.560+0000] {base.py:73} INFO - Using connection ID 'fs_default' for task execution.
[2024-02-19T21:45:02.560+0000] {filesystem.py:64} INFO - Poking for file /opt/***/data/data.json
[2024-02-19T21:45:12.583+0000] {base.py:73} INFO - Using connection ID 'fs_default' for task execution.
[2024-02-19T21:45:12.585+0000] {filesystem.py:64} INFO - Poking for file /opt/***/data/data.json
[2024-02-19T21:45:22.606+0000] {base.py:73} INFO - Using connection ID 'fs_default' for task execution.
[2024-02-19T21:45:22.607+0000] {filesystem.py:64} INFO - Poking for file /opt/***/data/data.json
[2024-02-19T21:45:32.621+0000] {base.py:73} INFO - Using connection ID 'fs_default' for task execution.
[2024-02-19T21:45:32.621+0000] {filesystem.py:64} INFO - Poking for file /opt/***/data/data.json
[2024-02-19T21:45:42.645+0000] {base.py:73} INFO - Using connection ID 'fs_default' for task execution.
[2024-02-19T21:45:42.646+0000] {filesystem.py:64} INFO - Poking for file /opt/***/data/data.json
[2024-02-19T21:45:52.663+0000] {base.py:73} INFO - Using connection ID 'fs_default' for task execution.
[2024-02-19T21:45:52.664+0000] {filesystem.py:64} INFO - Poking for file /opt/***/data/data.json
[2024-02-19T21:46:02.684+0000] {base.py:73} INFO - Using connection ID 'fs_default' for task execution.
[2024-02-19T21:46:02.685+0000] {filesystem.py:64} INFO - Poking for file /opt/***/data/data.json
[2024-02-19T21:46:12.705+0000] {base.py:73} INFO - Using connection ID 'fs_default' for task execution.
[2024-02-19T21:46:12.706+0000] {filesystem.py:64} INFO - Poking for file /opt/***/data/data.json
[2024-02-19T21:46:22.720+0000] {base.py:73} INFO - Using connection ID 'fs_default' for task execution.
[2024-02-19T21:46:22.721+0000] {filesystem.py:64} INFO - Poking for file /opt/***/data/data.json
[2024-02-19T21:46:32.745+0000] {base.py:73} INFO - Using connection ID 'fs_default' for task execution.
[2024-02-19T21:46:32.746+0000] {filesystem.py:64} INFO - Poking for file /opt/***/data/data.json
[2024-02-19T21:46:42.775+0000] {base.py:73} INFO - Using connection ID 'fs_default' for task execution.
[2024-02-19T21:46:42.834+0000] {filesystem.py:64} INFO - Poking for file /opt/***/data/data.json
[2024-02-19T21:46:52.868+0000] {base.py:73} INFO - Using connection ID 'fs_default' for task execution.
[2024-02-19T21:46:52.869+0000] {filesystem.py:64} INFO - Poking for file /opt/***/data/data.json
[2024-02-19T21:47:02.894+0000] {base.py:73} INFO - Using connection ID 'fs_default' for task execution.
[2024-02-19T21:47:02.895+0000] {filesystem.py:64} INFO - Poking for file /opt/***/data/data.json
[2024-02-19T21:47:12.912+0000] {base.py:73} INFO - Using connection ID 'fs_default' for task execution.
[2024-02-19T21:47:12.913+0000] {filesystem.py:64} INFO - Poking for file /opt/***/data/data.json
[2024-02-19T21:47:22.934+0000] {base.py:73} INFO - Using connection ID 'fs_default' for task execution.
[2024-02-19T21:47:22.939+0000] {filesystem.py:64} INFO - Poking for file /opt/***/data/data.json
[2024-02-19T21:47:32.958+0000] {base.py:73} INFO - Using connection ID 'fs_default' for task execution.
[2024-02-19T21:47:32.959+0000] {filesystem.py:64} INFO - Poking for file /opt/***/data/data.json
[2024-02-19T21:47:42.986+0000] {base.py:73} INFO - Using connection ID 'fs_default' for task execution.
[2024-02-19T21:47:42.988+0000] {filesystem.py:64} INFO - Poking for file /opt/***/data/data.json
[2024-02-19T21:47:52.999+0000] {base.py:73} INFO - Using connection ID 'fs_default' for task execution.
[2024-02-19T21:47:53.000+0000] {filesystem.py:64} INFO - Poking for file /opt/***/data/data.json
[2024-02-19T21:48:03.026+0000] {base.py:73} INFO - Using connection ID 'fs_default' for task execution.
[2024-02-19T21:48:03.027+0000] {filesystem.py:64} INFO - Poking for file /opt/***/data/data.json
[2024-02-19T21:48:13.037+0000] {base.py:73} INFO - Using connection ID 'fs_default' for task execution.
[2024-02-19T21:48:13.038+0000] {filesystem.py:64} INFO - Poking for file /opt/***/data/data.json
[2024-02-19T21:48:23.075+0000] {base.py:73} INFO - Using connection ID 'fs_default' for task execution.
[2024-02-19T21:48:23.087+0000] {filesystem.py:64} INFO - Poking for file /opt/***/data/data.json
