[2024-02-19T21:54:31.715+0000] {taskinstance.py:1083} INFO - Dependencies all met for <TaskInstance: windturbine.verified_file manual__2024-02-19T21:54:18.255548+00:00 [queued]>
[2024-02-19T21:54:31.817+0000] {taskinstance.py:1083} INFO - Dependencies all met for <TaskInstance: windturbine.verified_file manual__2024-02-19T21:54:18.255548+00:00 [queued]>
[2024-02-19T21:54:31.831+0000] {taskinstance.py:1279} INFO - 
--------------------------------------------------------------------------------
[2024-02-19T21:54:31.834+0000] {taskinstance.py:1280} INFO - Starting attempt 1 of 2
[2024-02-19T21:54:31.836+0000] {taskinstance.py:1281} INFO - 
--------------------------------------------------------------------------------
[2024-02-19T21:54:32.008+0000] {taskinstance.py:1300} INFO - Executing <Task(FileSensor): verified_file> on 2024-02-19 21:54:18.255548+00:00
[2024-02-19T21:54:32.031+0000] {standard_task_runner.py:55} INFO - Started process 317 to run task
[2024-02-19T21:54:32.050+0000] {standard_task_runner.py:82} INFO - Running: ['***', 'tasks', 'run', 'windturbine', 'verified_file', 'manual__2024-02-19T21:54:18.255548+00:00', '--job-id', '320', '--raw', '--subdir', 'DAGS_FOLDER/windturbine.py', '--cfg-path', '/tmp/tmp1i4ms9j_']
[2024-02-19T21:54:32.062+0000] {standard_task_runner.py:83} INFO - Job 320: Subtask verified_file
[2024-02-19T21:54:32.762+0000] {task_command.py:388} INFO - Running <TaskInstance: windturbine.verified_file manual__2024-02-19T21:54:18.255548+00:00 [running]> on host 425a6ccfa80e
[2024-02-19T21:54:33.426+0000] {taskinstance.py:1509} INFO - Exporting the following env vars:
AIRFLOW_CTX_DAG_EMAIL=geronimomorais1617@gmail.com
AIRFLOW_CTX_DAG_OWNER=***
AIRFLOW_CTX_DAG_ID=windturbine
AIRFLOW_CTX_TASK_ID=verified_file
AIRFLOW_CTX_EXECUTION_DATE=2024-02-19T21:54:18.255548+00:00
AIRFLOW_CTX_TRY_NUMBER=1
AIRFLOW_CTX_DAG_RUN_ID=manual__2024-02-19T21:54:18.255548+00:00
[2024-02-19T21:54:33.508+0000] {base.py:73} INFO - Using connection ID 'fs_default' for task execution.
[2024-02-19T21:54:33.523+0000] {filesystem.py:64} INFO - Poking for file C:/Users/geron/Documents/dados/dados.json
[2024-02-19T21:54:43.571+0000] {base.py:73} INFO - Using connection ID 'fs_default' for task execution.
[2024-02-19T21:54:43.572+0000] {filesystem.py:64} INFO - Poking for file C:/Users/geron/Documents/dados/dados.json
[2024-02-19T21:54:53.592+0000] {base.py:73} INFO - Using connection ID 'fs_default' for task execution.
[2024-02-19T21:54:53.593+0000] {filesystem.py:64} INFO - Poking for file C:/Users/geron/Documents/dados/dados.json
[2024-02-19T21:55:03.622+0000] {base.py:73} INFO - Using connection ID 'fs_default' for task execution.
[2024-02-19T21:55:03.629+0000] {filesystem.py:64} INFO - Poking for file C:/Users/geron/Documents/dados/dados.json
[2024-02-19T21:55:13.652+0000] {base.py:73} INFO - Using connection ID 'fs_default' for task execution.
[2024-02-19T21:55:13.654+0000] {filesystem.py:64} INFO - Poking for file C:/Users/geron/Documents/dados/dados.json
[2024-02-19T21:55:23.685+0000] {base.py:73} INFO - Using connection ID 'fs_default' for task execution.
[2024-02-19T21:55:23.686+0000] {filesystem.py:64} INFO - Poking for file C:/Users/geron/Documents/dados/dados.json
[2024-02-19T21:55:33.715+0000] {base.py:73} INFO - Using connection ID 'fs_default' for task execution.
[2024-02-19T21:55:33.716+0000] {filesystem.py:64} INFO - Poking for file C:/Users/geron/Documents/dados/dados.json
[2024-02-19T21:55:43.749+0000] {base.py:73} INFO - Using connection ID 'fs_default' for task execution.
[2024-02-19T21:55:43.754+0000] {filesystem.py:64} INFO - Poking for file C:/Users/geron/Documents/dados/dados.json
[2024-02-19T21:55:53.782+0000] {base.py:73} INFO - Using connection ID 'fs_default' for task execution.
[2024-02-19T21:55:53.784+0000] {filesystem.py:64} INFO - Poking for file C:/Users/geron/Documents/dados/dados.json
[2024-02-19T21:56:03.805+0000] {base.py:73} INFO - Using connection ID 'fs_default' for task execution.
[2024-02-19T21:56:03.806+0000] {filesystem.py:64} INFO - Poking for file C:/Users/geron/Documents/dados/dados.json
[2024-02-19T21:56:13.830+0000] {base.py:73} INFO - Using connection ID 'fs_default' for task execution.
[2024-02-19T21:56:13.832+0000] {filesystem.py:64} INFO - Poking for file C:/Users/geron/Documents/dados/dados.json
[2024-02-19T21:56:23.849+0000] {base.py:73} INFO - Using connection ID 'fs_default' for task execution.
[2024-02-19T21:56:23.849+0000] {filesystem.py:64} INFO - Poking for file C:/Users/geron/Documents/dados/dados.json
[2024-02-19T21:56:33.894+0000] {base.py:73} INFO - Using connection ID 'fs_default' for task execution.
[2024-02-19T21:56:33.902+0000] {filesystem.py:64} INFO - Poking for file C:/Users/geron/Documents/dados/dados.json
[2024-02-19T21:56:43.918+0000] {base.py:73} INFO - Using connection ID 'fs_default' for task execution.
[2024-02-19T21:56:43.919+0000] {filesystem.py:64} INFO - Poking for file C:/Users/geron/Documents/dados/dados.json
[2024-02-19T21:56:53.950+0000] {base.py:73} INFO - Using connection ID 'fs_default' for task execution.
[2024-02-19T21:56:53.952+0000] {filesystem.py:64} INFO - Poking for file C:/Users/geron/Documents/dados/dados.json
[2024-02-19T21:57:03.983+0000] {base.py:73} INFO - Using connection ID 'fs_default' for task execution.
[2024-02-19T21:57:03.984+0000] {filesystem.py:64} INFO - Poking for file C:/Users/geron/Documents/dados/dados.json
[2024-02-19T21:57:14.000+0000] {base.py:73} INFO - Using connection ID 'fs_default' for task execution.
[2024-02-19T21:57:14.003+0000] {filesystem.py:64} INFO - Poking for file C:/Users/geron/Documents/dados/dados.json
[2024-02-19T21:57:24.023+0000] {base.py:73} INFO - Using connection ID 'fs_default' for task execution.
[2024-02-19T21:57:24.024+0000] {filesystem.py:64} INFO - Poking for file C:/Users/geron/Documents/dados/dados.json
[2024-02-19T21:57:34.052+0000] {base.py:73} INFO - Using connection ID 'fs_default' for task execution.
[2024-02-19T21:57:34.053+0000] {filesystem.py:64} INFO - Poking for file C:/Users/geron/Documents/dados/dados.json
[2024-02-19T21:57:44.082+0000] {base.py:73} INFO - Using connection ID 'fs_default' for task execution.
[2024-02-19T21:57:44.084+0000] {filesystem.py:64} INFO - Poking for file C:/Users/geron/Documents/dados/dados.json
[2024-02-19T21:57:54.121+0000] {base.py:73} INFO - Using connection ID 'fs_default' for task execution.
[2024-02-19T21:57:54.126+0000] {filesystem.py:64} INFO - Poking for file C:/Users/geron/Documents/dados/dados.json
[2024-02-19T21:58:04.153+0000] {base.py:73} INFO - Using connection ID 'fs_default' for task execution.
[2024-02-19T21:58:04.154+0000] {filesystem.py:64} INFO - Poking for file C:/Users/geron/Documents/dados/dados.json
[2024-02-19T21:58:14.188+0000] {base.py:73} INFO - Using connection ID 'fs_default' for task execution.
[2024-02-19T21:58:14.189+0000] {filesystem.py:64} INFO - Poking for file C:/Users/geron/Documents/dados/dados.json
[2024-02-19T21:58:24.236+0000] {base.py:73} INFO - Using connection ID 'fs_default' for task execution.
[2024-02-19T21:58:24.237+0000] {filesystem.py:64} INFO - Poking for file C:/Users/geron/Documents/dados/dados.json
[2024-02-19T21:58:34.264+0000] {base.py:73} INFO - Using connection ID 'fs_default' for task execution.
[2024-02-19T21:58:34.277+0000] {filesystem.py:64} INFO - Poking for file C:/Users/geron/Documents/dados/dados.json
[2024-02-19T21:58:44.317+0000] {base.py:73} INFO - Using connection ID 'fs_default' for task execution.
[2024-02-19T21:58:44.318+0000] {filesystem.py:64} INFO - Poking for file C:/Users/geron/Documents/dados/dados.json
[2024-02-19T21:58:54.338+0000] {base.py:73} INFO - Using connection ID 'fs_default' for task execution.
[2024-02-19T21:58:54.342+0000] {filesystem.py:64} INFO - Poking for file C:/Users/geron/Documents/dados/dados.json
[2024-02-19T21:59:04.367+0000] {base.py:73} INFO - Using connection ID 'fs_default' for task execution.
[2024-02-19T21:59:04.369+0000] {filesystem.py:64} INFO - Poking for file C:/Users/geron/Documents/dados/dados.json
[2024-02-19T21:59:14.397+0000] {base.py:73} INFO - Using connection ID 'fs_default' for task execution.
[2024-02-19T21:59:14.399+0000] {filesystem.py:64} INFO - Poking for file C:/Users/geron/Documents/dados/dados.json
[2024-02-19T21:59:24.425+0000] {base.py:73} INFO - Using connection ID 'fs_default' for task execution.
[2024-02-19T21:59:24.426+0000] {filesystem.py:64} INFO - Poking for file C:/Users/geron/Documents/dados/dados.json
[2024-02-19T21:59:34.444+0000] {base.py:73} INFO - Using connection ID 'fs_default' for task execution.
[2024-02-19T21:59:34.445+0000] {filesystem.py:64} INFO - Poking for file C:/Users/geron/Documents/dados/dados.json
[2024-02-19T21:59:44.467+0000] {base.py:73} INFO - Using connection ID 'fs_default' for task execution.
[2024-02-19T21:59:44.468+0000] {filesystem.py:64} INFO - Poking for file C:/Users/geron/Documents/dados/dados.json
[2024-02-19T21:59:54.493+0000] {base.py:73} INFO - Using connection ID 'fs_default' for task execution.
[2024-02-19T21:59:54.494+0000] {filesystem.py:64} INFO - Poking for file C:/Users/geron/Documents/dados/dados.json
[2024-02-19T22:00:04.522+0000] {base.py:73} INFO - Using connection ID 'fs_default' for task execution.
[2024-02-19T22:00:04.524+0000] {filesystem.py:64} INFO - Poking for file C:/Users/geron/Documents/dados/dados.json
[2024-02-19T22:00:14.545+0000] {base.py:73} INFO - Using connection ID 'fs_default' for task execution.
[2024-02-19T22:00:14.546+0000] {filesystem.py:64} INFO - Poking for file C:/Users/geron/Documents/dados/dados.json
[2024-02-19T22:00:24.582+0000] {base.py:73} INFO - Using connection ID 'fs_default' for task execution.
[2024-02-19T22:00:24.583+0000] {filesystem.py:64} INFO - Poking for file C:/Users/geron/Documents/dados/dados.json
[2024-02-19T22:00:34.608+0000] {base.py:73} INFO - Using connection ID 'fs_default' for task execution.
[2024-02-19T22:00:34.611+0000] {filesystem.py:64} INFO - Poking for file C:/Users/geron/Documents/dados/dados.json
[2024-02-19T22:00:44.634+0000] {base.py:73} INFO - Using connection ID 'fs_default' for task execution.
[2024-02-19T22:00:44.635+0000] {filesystem.py:64} INFO - Poking for file C:/Users/geron/Documents/dados/dados.json
[2024-02-19T22:00:54.653+0000] {base.py:73} INFO - Using connection ID 'fs_default' for task execution.
[2024-02-19T22:00:54.654+0000] {filesystem.py:64} INFO - Poking for file C:/Users/geron/Documents/dados/dados.json
[2024-02-19T22:01:04.670+0000] {base.py:73} INFO - Using connection ID 'fs_default' for task execution.
[2024-02-19T22:01:04.671+0000] {filesystem.py:64} INFO - Poking for file C:/Users/geron/Documents/dados/dados.json
[2024-02-19T22:01:14.697+0000] {base.py:73} INFO - Using connection ID 'fs_default' for task execution.
[2024-02-19T22:01:14.698+0000] {filesystem.py:64} INFO - Poking for file C:/Users/geron/Documents/dados/dados.json
[2024-02-19T22:01:24.721+0000] {base.py:73} INFO - Using connection ID 'fs_default' for task execution.
[2024-02-19T22:01:24.722+0000] {filesystem.py:64} INFO - Poking for file C:/Users/geron/Documents/dados/dados.json
[2024-02-19T22:01:34.739+0000] {base.py:73} INFO - Using connection ID 'fs_default' for task execution.
[2024-02-19T22:01:34.740+0000] {filesystem.py:64} INFO - Poking for file C:/Users/geron/Documents/dados/dados.json
[2024-02-19T22:01:44.759+0000] {base.py:73} INFO - Using connection ID 'fs_default' for task execution.
[2024-02-19T22:01:44.760+0000] {filesystem.py:64} INFO - Poking for file C:/Users/geron/Documents/dados/dados.json
[2024-02-19T22:01:54.779+0000] {base.py:73} INFO - Using connection ID 'fs_default' for task execution.
[2024-02-19T22:01:54.780+0000] {filesystem.py:64} INFO - Poking for file C:/Users/geron/Documents/dados/dados.json
[2024-02-19T22:02:04.797+0000] {base.py:73} INFO - Using connection ID 'fs_default' for task execution.
[2024-02-19T22:02:04.798+0000] {filesystem.py:64} INFO - Poking for file C:/Users/geron/Documents/dados/dados.json
[2024-02-19T22:02:14.824+0000] {base.py:73} INFO - Using connection ID 'fs_default' for task execution.
[2024-02-19T22:02:14.826+0000] {filesystem.py:64} INFO - Poking for file C:/Users/geron/Documents/dados/dados.json
[2024-02-19T22:02:24.854+0000] {base.py:73} INFO - Using connection ID 'fs_default' for task execution.
[2024-02-19T22:02:24.856+0000] {filesystem.py:64} INFO - Poking for file C:/Users/geron/Documents/dados/dados.json
[2024-02-19T22:02:34.881+0000] {base.py:73} INFO - Using connection ID 'fs_default' for task execution.
[2024-02-19T22:02:34.882+0000] {filesystem.py:64} INFO - Poking for file C:/Users/geron/Documents/dados/dados.json
[2024-02-19T22:02:44.907+0000] {base.py:73} INFO - Using connection ID 'fs_default' for task execution.
[2024-02-19T22:02:44.908+0000] {filesystem.py:64} INFO - Poking for file C:/Users/geron/Documents/dados/dados.json
[2024-02-19T22:02:54.928+0000] {base.py:73} INFO - Using connection ID 'fs_default' for task execution.
[2024-02-19T22:02:54.929+0000] {filesystem.py:64} INFO - Poking for file C:/Users/geron/Documents/dados/dados.json
[2024-02-19T22:03:04.958+0000] {base.py:73} INFO - Using connection ID 'fs_default' for task execution.
[2024-02-19T22:03:04.960+0000] {filesystem.py:64} INFO - Poking for file C:/Users/geron/Documents/dados/dados.json
[2024-02-19T22:03:14.976+0000] {base.py:73} INFO - Using connection ID 'fs_default' for task execution.
[2024-02-19T22:03:14.977+0000] {filesystem.py:64} INFO - Poking for file C:/Users/geron/Documents/dados/dados.json
[2024-02-19T22:03:25.003+0000] {base.py:73} INFO - Using connection ID 'fs_default' for task execution.
[2024-02-19T22:03:25.004+0000] {filesystem.py:64} INFO - Poking for file C:/Users/geron/Documents/dados/dados.json
[2024-02-19T22:03:35.019+0000] {base.py:73} INFO - Using connection ID 'fs_default' for task execution.
[2024-02-19T22:03:35.020+0000] {filesystem.py:64} INFO - Poking for file C:/Users/geron/Documents/dados/dados.json
[2024-02-19T22:03:45.041+0000] {base.py:73} INFO - Using connection ID 'fs_default' for task execution.
[2024-02-19T22:03:45.042+0000] {filesystem.py:64} INFO - Poking for file C:/Users/geron/Documents/dados/dados.json
[2024-02-19T22:03:55.064+0000] {base.py:73} INFO - Using connection ID 'fs_default' for task execution.
[2024-02-19T22:03:55.066+0000] {filesystem.py:64} INFO - Poking for file C:/Users/geron/Documents/dados/dados.json
[2024-02-19T22:04:05.086+0000] {base.py:73} INFO - Using connection ID 'fs_default' for task execution.
[2024-02-19T22:04:05.087+0000] {filesystem.py:64} INFO - Poking for file C:/Users/geron/Documents/dados/dados.json
[2024-02-19T22:04:15.116+0000] {base.py:73} INFO - Using connection ID 'fs_default' for task execution.
[2024-02-19T22:04:15.118+0000] {filesystem.py:64} INFO - Poking for file C:/Users/geron/Documents/dados/dados.json
[2024-02-19T22:04:25.138+0000] {base.py:73} INFO - Using connection ID 'fs_default' for task execution.
[2024-02-19T22:04:25.139+0000] {filesystem.py:64} INFO - Poking for file C:/Users/geron/Documents/dados/dados.json
[2024-02-19T22:04:35.163+0000] {base.py:73} INFO - Using connection ID 'fs_default' for task execution.
[2024-02-19T22:04:35.166+0000] {filesystem.py:64} INFO - Poking for file C:/Users/geron/Documents/dados/dados.json
[2024-02-19T22:04:45.190+0000] {base.py:73} INFO - Using connection ID 'fs_default' for task execution.
[2024-02-19T22:04:45.192+0000] {filesystem.py:64} INFO - Poking for file C:/Users/geron/Documents/dados/dados.json
[2024-02-19T22:04:55.215+0000] {base.py:73} INFO - Using connection ID 'fs_default' for task execution.
[2024-02-19T22:04:55.216+0000] {filesystem.py:64} INFO - Poking for file C:/Users/geron/Documents/dados/dados.json
[2024-02-19T22:05:05.241+0000] {base.py:73} INFO - Using connection ID 'fs_default' for task execution.
[2024-02-19T22:05:05.242+0000] {filesystem.py:64} INFO - Poking for file C:/Users/geron/Documents/dados/dados.json
[2024-02-19T22:05:15.261+0000] {base.py:73} INFO - Using connection ID 'fs_default' for task execution.
[2024-02-19T22:05:15.262+0000] {filesystem.py:64} INFO - Poking for file C:/Users/geron/Documents/dados/dados.json
[2024-02-19T22:05:25.291+0000] {base.py:73} INFO - Using connection ID 'fs_default' for task execution.
[2024-02-19T22:05:25.295+0000] {filesystem.py:64} INFO - Poking for file C:/Users/geron/Documents/dados/dados.json
[2024-02-19T22:05:35.320+0000] {base.py:73} INFO - Using connection ID 'fs_default' for task execution.
[2024-02-19T22:05:35.321+0000] {filesystem.py:64} INFO - Poking for file C:/Users/geron/Documents/dados/dados.json
[2024-02-19T22:05:45.344+0000] {base.py:73} INFO - Using connection ID 'fs_default' for task execution.
[2024-02-19T22:05:45.344+0000] {filesystem.py:64} INFO - Poking for file C:/Users/geron/Documents/dados/dados.json
[2024-02-19T22:05:55.360+0000] {base.py:73} INFO - Using connection ID 'fs_default' for task execution.
[2024-02-19T22:05:55.361+0000] {filesystem.py:64} INFO - Poking for file C:/Users/geron/Documents/dados/dados.json
[2024-02-19T22:06:05.381+0000] {base.py:73} INFO - Using connection ID 'fs_default' for task execution.
[2024-02-19T22:06:05.382+0000] {filesystem.py:64} INFO - Poking for file C:/Users/geron/Documents/dados/dados.json
[2024-02-19T22:06:15.408+0000] {base.py:73} INFO - Using connection ID 'fs_default' for task execution.
[2024-02-19T22:06:15.409+0000] {filesystem.py:64} INFO - Poking for file C:/Users/geron/Documents/dados/dados.json
[2024-02-19T22:06:25.429+0000] {base.py:73} INFO - Using connection ID 'fs_default' for task execution.
[2024-02-19T22:06:25.430+0000] {filesystem.py:64} INFO - Poking for file C:/Users/geron/Documents/dados/dados.json
[2024-02-19T22:06:35.456+0000] {base.py:73} INFO - Using connection ID 'fs_default' for task execution.
[2024-02-19T22:06:35.460+0000] {filesystem.py:64} INFO - Poking for file C:/Users/geron/Documents/dados/dados.json
[2024-02-19T22:06:45.486+0000] {base.py:73} INFO - Using connection ID 'fs_default' for task execution.
[2024-02-19T22:06:45.487+0000] {filesystem.py:64} INFO - Poking for file C:/Users/geron/Documents/dados/dados.json
[2024-02-19T22:06:55.510+0000] {base.py:73} INFO - Using connection ID 'fs_default' for task execution.
[2024-02-19T22:06:55.511+0000] {filesystem.py:64} INFO - Poking for file C:/Users/geron/Documents/dados/dados.json
[2024-02-19T22:07:05.530+0000] {base.py:73} INFO - Using connection ID 'fs_default' for task execution.
[2024-02-19T22:07:05.532+0000] {filesystem.py:64} INFO - Poking for file C:/Users/geron/Documents/dados/dados.json
[2024-02-19T22:07:15.558+0000] {base.py:73} INFO - Using connection ID 'fs_default' for task execution.
[2024-02-19T22:07:15.559+0000] {filesystem.py:64} INFO - Poking for file C:/Users/geron/Documents/dados/dados.json
[2024-02-19T22:07:25.579+0000] {base.py:73} INFO - Using connection ID 'fs_default' for task execution.
[2024-02-19T22:07:25.580+0000] {filesystem.py:64} INFO - Poking for file C:/Users/geron/Documents/dados/dados.json
[2024-02-19T22:07:35.598+0000] {base.py:73} INFO - Using connection ID 'fs_default' for task execution.
[2024-02-19T22:07:35.599+0000] {filesystem.py:64} INFO - Poking for file C:/Users/geron/Documents/dados/dados.json
[2024-02-19T22:07:45.619+0000] {base.py:73} INFO - Using connection ID 'fs_default' for task execution.
[2024-02-19T22:07:45.620+0000] {filesystem.py:64} INFO - Poking for file C:/Users/geron/Documents/dados/dados.json
[2024-02-19T22:07:55.644+0000] {base.py:73} INFO - Using connection ID 'fs_default' for task execution.
[2024-02-19T22:07:55.646+0000] {filesystem.py:64} INFO - Poking for file C:/Users/geron/Documents/dados/dados.json
[2024-02-19T22:08:05.674+0000] {base.py:73} INFO - Using connection ID 'fs_default' for task execution.
[2024-02-19T22:08:05.675+0000] {filesystem.py:64} INFO - Poking for file C:/Users/geron/Documents/dados/dados.json
[2024-02-19T22:08:15.691+0000] {base.py:73} INFO - Using connection ID 'fs_default' for task execution.
[2024-02-19T22:08:15.692+0000] {filesystem.py:64} INFO - Poking for file C:/Users/geron/Documents/dados/dados.json
[2024-02-19T22:08:25.718+0000] {base.py:73} INFO - Using connection ID 'fs_default' for task execution.
[2024-02-19T22:08:25.719+0000] {filesystem.py:64} INFO - Poking for file C:/Users/geron/Documents/dados/dados.json
[2024-02-19T22:08:35.738+0000] {base.py:73} INFO - Using connection ID 'fs_default' for task execution.
[2024-02-19T22:08:35.739+0000] {filesystem.py:64} INFO - Poking for file C:/Users/geron/Documents/dados/dados.json
[2024-02-19T22:08:45.756+0000] {base.py:73} INFO - Using connection ID 'fs_default' for task execution.
[2024-02-19T22:08:45.763+0000] {filesystem.py:64} INFO - Poking for file C:/Users/geron/Documents/dados/dados.json
[2024-02-19T22:08:55.778+0000] {base.py:73} INFO - Using connection ID 'fs_default' for task execution.
[2024-02-19T22:08:55.778+0000] {filesystem.py:64} INFO - Poking for file C:/Users/geron/Documents/dados/dados.json
[2024-02-19T22:09:05.799+0000] {base.py:73} INFO - Using connection ID 'fs_default' for task execution.
[2024-02-19T22:09:05.800+0000] {filesystem.py:64} INFO - Poking for file C:/Users/geron/Documents/dados/dados.json
[2024-02-19T22:09:15.824+0000] {base.py:73} INFO - Using connection ID 'fs_default' for task execution.
[2024-02-19T22:09:15.825+0000] {filesystem.py:64} INFO - Poking for file C:/Users/geron/Documents/dados/dados.json
[2024-02-19T22:09:25.845+0000] {base.py:73} INFO - Using connection ID 'fs_default' for task execution.
[2024-02-19T22:09:25.846+0000] {filesystem.py:64} INFO - Poking for file C:/Users/geron/Documents/dados/dados.json
[2024-02-19T22:09:35.882+0000] {base.py:73} INFO - Using connection ID 'fs_default' for task execution.
[2024-02-19T22:09:35.885+0000] {filesystem.py:64} INFO - Poking for file C:/Users/geron/Documents/dados/dados.json
[2024-02-19T22:09:45.908+0000] {base.py:73} INFO - Using connection ID 'fs_default' for task execution.
[2024-02-19T22:09:45.909+0000] {filesystem.py:64} INFO - Poking for file C:/Users/geron/Documents/dados/dados.json
[2024-02-19T22:09:55.933+0000] {base.py:73} INFO - Using connection ID 'fs_default' for task execution.
[2024-02-19T22:09:55.935+0000] {filesystem.py:64} INFO - Poking for file C:/Users/geron/Documents/dados/dados.json
[2024-02-19T22:10:05.955+0000] {base.py:73} INFO - Using connection ID 'fs_default' for task execution.
[2024-02-19T22:10:05.955+0000] {filesystem.py:64} INFO - Poking for file C:/Users/geron/Documents/dados/dados.json
[2024-02-19T22:10:15.973+0000] {base.py:73} INFO - Using connection ID 'fs_default' for task execution.
[2024-02-19T22:10:15.974+0000] {filesystem.py:64} INFO - Poking for file C:/Users/geron/Documents/dados/dados.json
[2024-02-19T22:10:25.994+0000] {base.py:73} INFO - Using connection ID 'fs_default' for task execution.
[2024-02-19T22:10:25.995+0000] {filesystem.py:64} INFO - Poking for file C:/Users/geron/Documents/dados/dados.json
[2024-02-19T22:10:36.021+0000] {base.py:73} INFO - Using connection ID 'fs_default' for task execution.
[2024-02-19T22:10:36.022+0000] {filesystem.py:64} INFO - Poking for file C:/Users/geron/Documents/dados/dados.json
[2024-02-19T22:10:46.051+0000] {base.py:73} INFO - Using connection ID 'fs_default' for task execution.
[2024-02-19T22:10:46.052+0000] {filesystem.py:64} INFO - Poking for file C:/Users/geron/Documents/dados/dados.json
[2024-02-19T22:10:56.072+0000] {base.py:73} INFO - Using connection ID 'fs_default' for task execution.
[2024-02-19T22:10:56.073+0000] {filesystem.py:64} INFO - Poking for file C:/Users/geron/Documents/dados/dados.json
[2024-02-19T22:11:06.111+0000] {base.py:73} INFO - Using connection ID 'fs_default' for task execution.
[2024-02-19T22:11:06.115+0000] {filesystem.py:64} INFO - Poking for file C:/Users/geron/Documents/dados/dados.json
[2024-02-19T22:11:16.130+0000] {base.py:73} INFO - Using connection ID 'fs_default' for task execution.
[2024-02-19T22:11:16.131+0000] {filesystem.py:64} INFO - Poking for file C:/Users/geron/Documents/dados/dados.json
[2024-02-19T22:11:26.165+0000] {base.py:73} INFO - Using connection ID 'fs_default' for task execution.
[2024-02-19T22:11:26.166+0000] {filesystem.py:64} INFO - Poking for file C:/Users/geron/Documents/dados/dados.json
[2024-02-19T22:11:36.180+0000] {base.py:73} INFO - Using connection ID 'fs_default' for task execution.
[2024-02-19T22:11:36.181+0000] {filesystem.py:64} INFO - Poking for file C:/Users/geron/Documents/dados/dados.json
[2024-02-19T22:11:46.207+0000] {base.py:73} INFO - Using connection ID 'fs_default' for task execution.
[2024-02-19T22:11:46.208+0000] {filesystem.py:64} INFO - Poking for file C:/Users/geron/Documents/dados/dados.json
[2024-02-19T22:11:56.232+0000] {base.py:73} INFO - Using connection ID 'fs_default' for task execution.
[2024-02-19T22:11:56.233+0000] {filesystem.py:64} INFO - Poking for file C:/Users/geron/Documents/dados/dados.json
[2024-02-19T22:12:06.251+0000] {base.py:73} INFO - Using connection ID 'fs_default' for task execution.
[2024-02-19T22:12:06.252+0000] {filesystem.py:64} INFO - Poking for file C:/Users/geron/Documents/dados/dados.json
[2024-02-19T22:12:16.270+0000] {base.py:73} INFO - Using connection ID 'fs_default' for task execution.
[2024-02-19T22:12:16.272+0000] {filesystem.py:64} INFO - Poking for file C:/Users/geron/Documents/dados/dados.json
[2024-02-19T22:12:26.295+0000] {base.py:73} INFO - Using connection ID 'fs_default' for task execution.
[2024-02-19T22:12:26.296+0000] {filesystem.py:64} INFO - Poking for file C:/Users/geron/Documents/dados/dados.json
[2024-02-19T22:12:36.313+0000] {base.py:73} INFO - Using connection ID 'fs_default' for task execution.
[2024-02-19T22:12:36.314+0000] {filesystem.py:64} INFO - Poking for file C:/Users/geron/Documents/dados/dados.json
[2024-02-19T22:12:46.341+0000] {base.py:73} INFO - Using connection ID 'fs_default' for task execution.
[2024-02-19T22:12:46.342+0000] {filesystem.py:64} INFO - Poking for file C:/Users/geron/Documents/dados/dados.json
[2024-02-19T22:12:56.356+0000] {base.py:73} INFO - Using connection ID 'fs_default' for task execution.
[2024-02-19T22:12:56.357+0000] {filesystem.py:64} INFO - Poking for file C:/Users/geron/Documents/dados/dados.json
[2024-02-19T22:13:06.384+0000] {base.py:73} INFO - Using connection ID 'fs_default' for task execution.
[2024-02-19T22:13:06.385+0000] {filesystem.py:64} INFO - Poking for file C:/Users/geron/Documents/dados/dados.json
[2024-02-19T22:13:16.400+0000] {base.py:73} INFO - Using connection ID 'fs_default' for task execution.
[2024-02-19T22:13:16.401+0000] {filesystem.py:64} INFO - Poking for file C:/Users/geron/Documents/dados/dados.json
[2024-02-19T22:13:26.424+0000] {base.py:73} INFO - Using connection ID 'fs_default' for task execution.
[2024-02-19T22:13:26.425+0000] {filesystem.py:64} INFO - Poking for file C:/Users/geron/Documents/dados/dados.json
[2024-02-19T22:13:36.441+0000] {base.py:73} INFO - Using connection ID 'fs_default' for task execution.
[2024-02-19T22:13:36.442+0000] {filesystem.py:64} INFO - Poking for file C:/Users/geron/Documents/dados/dados.json
[2024-02-19T22:13:46.460+0000] {base.py:73} INFO - Using connection ID 'fs_default' for task execution.
[2024-02-19T22:13:46.461+0000] {filesystem.py:64} INFO - Poking for file C:/Users/geron/Documents/dados/dados.json
[2024-02-19T22:13:56.484+0000] {base.py:73} INFO - Using connection ID 'fs_default' for task execution.
[2024-02-19T22:13:56.486+0000] {filesystem.py:64} INFO - Poking for file C:/Users/geron/Documents/dados/dados.json
[2024-02-19T22:14:06.501+0000] {base.py:73} INFO - Using connection ID 'fs_default' for task execution.
[2024-02-19T22:14:06.502+0000] {filesystem.py:64} INFO - Poking for file C:/Users/geron/Documents/dados/dados.json
[2024-02-19T22:14:16.530+0000] {base.py:73} INFO - Using connection ID 'fs_default' for task execution.
[2024-02-19T22:14:16.539+0000] {filesystem.py:64} INFO - Poking for file C:/Users/geron/Documents/dados/dados.json
[2024-02-19T22:14:26.578+0000] {base.py:73} INFO - Using connection ID 'fs_default' for task execution.
[2024-02-19T22:14:26.580+0000] {filesystem.py:64} INFO - Poking for file C:/Users/geron/Documents/dados/dados.json
[2024-02-19T22:14:36.606+0000] {base.py:73} INFO - Using connection ID 'fs_default' for task execution.
[2024-02-19T22:14:36.617+0000] {filesystem.py:64} INFO - Poking for file C:/Users/geron/Documents/dados/dados.json
[2024-02-19T22:14:46.642+0000] {base.py:73} INFO - Using connection ID 'fs_default' for task execution.
[2024-02-19T22:14:46.644+0000] {filesystem.py:64} INFO - Poking for file C:/Users/geron/Documents/dados/dados.json
[2024-02-19T22:14:56.669+0000] {base.py:73} INFO - Using connection ID 'fs_default' for task execution.
[2024-02-19T22:14:56.671+0000] {filesystem.py:64} INFO - Poking for file C:/Users/geron/Documents/dados/dados.json
[2024-02-19T22:15:06.693+0000] {base.py:73} INFO - Using connection ID 'fs_default' for task execution.
[2024-02-19T22:15:06.694+0000] {filesystem.py:64} INFO - Poking for file C:/Users/geron/Documents/dados/dados.json
[2024-02-19T22:15:16.731+0000] {base.py:73} INFO - Using connection ID 'fs_default' for task execution.
[2024-02-19T22:15:16.746+0000] {filesystem.py:64} INFO - Poking for file C:/Users/geron/Documents/dados/dados.json
[2024-02-19T22:15:26.781+0000] {base.py:73} INFO - Using connection ID 'fs_default' for task execution.
[2024-02-19T22:15:26.788+0000] {filesystem.py:64} INFO - Poking for file C:/Users/geron/Documents/dados/dados.json
[2024-02-19T22:15:36.826+0000] {base.py:73} INFO - Using connection ID 'fs_default' for task execution.
[2024-02-19T22:15:36.872+0000] {filesystem.py:64} INFO - Poking for file C:/Users/geron/Documents/dados/dados.json
[2024-02-19T22:15:46.969+0000] {base.py:73} INFO - Using connection ID 'fs_default' for task execution.
[2024-02-19T22:15:46.982+0000] {filesystem.py:64} INFO - Poking for file C:/Users/geron/Documents/dados/dados.json
[2024-02-19T22:15:57.041+0000] {base.py:73} INFO - Using connection ID 'fs_default' for task execution.
[2024-02-19T22:15:57.054+0000] {filesystem.py:64} INFO - Poking for file C:/Users/geron/Documents/dados/dados.json
[2024-02-19T22:16:07.115+0000] {base.py:73} INFO - Using connection ID 'fs_default' for task execution.
[2024-02-19T22:16:07.120+0000] {filesystem.py:64} INFO - Poking for file C:/Users/geron/Documents/dados/dados.json
[2024-02-19T22:16:17.147+0000] {base.py:73} INFO - Using connection ID 'fs_default' for task execution.
[2024-02-19T22:16:17.149+0000] {filesystem.py:64} INFO - Poking for file C:/Users/geron/Documents/dados/dados.json
[2024-02-19T22:16:27.191+0000] {base.py:73} INFO - Using connection ID 'fs_default' for task execution.
[2024-02-19T22:16:27.197+0000] {filesystem.py:64} INFO - Poking for file C:/Users/geron/Documents/dados/dados.json
[2024-02-19T22:16:37.245+0000] {base.py:73} INFO - Using connection ID 'fs_default' for task execution.
[2024-02-19T22:16:37.258+0000] {filesystem.py:64} INFO - Poking for file C:/Users/geron/Documents/dados/dados.json
[2024-02-19T22:16:47.300+0000] {base.py:73} INFO - Using connection ID 'fs_default' for task execution.
[2024-02-19T22:16:47.305+0000] {filesystem.py:64} INFO - Poking for file C:/Users/geron/Documents/dados/dados.json
[2024-02-19T22:16:57.340+0000] {base.py:73} INFO - Using connection ID 'fs_default' for task execution.
[2024-02-19T22:16:57.347+0000] {filesystem.py:64} INFO - Poking for file C:/Users/geron/Documents/dados/dados.json
[2024-02-19T22:17:07.387+0000] {base.py:73} INFO - Using connection ID 'fs_default' for task execution.
[2024-02-19T22:17:07.401+0000] {filesystem.py:64} INFO - Poking for file C:/Users/geron/Documents/dados/dados.json
[2024-02-19T22:17:17.445+0000] {base.py:73} INFO - Using connection ID 'fs_default' for task execution.
[2024-02-19T22:17:17.466+0000] {filesystem.py:64} INFO - Poking for file C:/Users/geron/Documents/dados/dados.json
[2024-02-19T22:17:27.513+0000] {base.py:73} INFO - Using connection ID 'fs_default' for task execution.
[2024-02-19T22:17:27.661+0000] {filesystem.py:64} INFO - Poking for file C:/Users/geron/Documents/dados/dados.json
[2024-02-19T22:17:37.939+0000] {base.py:73} INFO - Using connection ID 'fs_default' for task execution.
[2024-02-19T22:17:37.951+0000] {filesystem.py:64} INFO - Poking for file C:/Users/geron/Documents/dados/dados.json
[2024-02-19T22:17:48.035+0000] {base.py:73} INFO - Using connection ID 'fs_default' for task execution.
[2024-02-19T22:17:48.046+0000] {filesystem.py:64} INFO - Poking for file C:/Users/geron/Documents/dados/dados.json
[2024-02-19T22:17:58.121+0000] {base.py:73} INFO - Using connection ID 'fs_default' for task execution.
[2024-02-19T22:17:58.123+0000] {filesystem.py:64} INFO - Poking for file C:/Users/geron/Documents/dados/dados.json
[2024-02-19T22:18:08.163+0000] {base.py:73} INFO - Using connection ID 'fs_default' for task execution.
[2024-02-19T22:18:08.174+0000] {filesystem.py:64} INFO - Poking for file C:/Users/geron/Documents/dados/dados.json
[2024-02-19T22:18:18.216+0000] {base.py:73} INFO - Using connection ID 'fs_default' for task execution.
[2024-02-19T22:18:18.219+0000] {filesystem.py:64} INFO - Poking for file C:/Users/geron/Documents/dados/dados.json
[2024-02-19T22:18:28.266+0000] {base.py:73} INFO - Using connection ID 'fs_default' for task execution.
[2024-02-19T22:18:28.322+0000] {filesystem.py:64} INFO - Poking for file C:/Users/geron/Documents/dados/dados.json
[2024-02-19T22:18:38.412+0000] {base.py:73} INFO - Using connection ID 'fs_default' for task execution.
[2024-02-19T22:18:38.431+0000] {filesystem.py:64} INFO - Poking for file C:/Users/geron/Documents/dados/dados.json
[2024-02-19T22:18:48.485+0000] {base.py:73} INFO - Using connection ID 'fs_default' for task execution.
[2024-02-19T22:18:48.500+0000] {filesystem.py:64} INFO - Poking for file C:/Users/geron/Documents/dados/dados.json
[2024-02-19T22:18:58.557+0000] {base.py:73} INFO - Using connection ID 'fs_default' for task execution.
[2024-02-19T22:18:58.576+0000] {filesystem.py:64} INFO - Poking for file C:/Users/geron/Documents/dados/dados.json
[2024-02-19T22:19:08.679+0000] {base.py:73} INFO - Using connection ID 'fs_default' for task execution.
[2024-02-19T22:19:08.681+0000] {filesystem.py:64} INFO - Poking for file C:/Users/geron/Documents/dados/dados.json
[2024-02-19T22:19:18.806+0000] {base.py:73} INFO - Using connection ID 'fs_default' for task execution.
[2024-02-19T22:19:18.821+0000] {filesystem.py:64} INFO - Poking for file C:/Users/geron/Documents/dados/dados.json
[2024-02-19T22:19:28.902+0000] {base.py:73} INFO - Using connection ID 'fs_default' for task execution.
[2024-02-19T22:19:28.911+0000] {filesystem.py:64} INFO - Poking for file C:/Users/geron/Documents/dados/dados.json
[2024-02-19T22:19:38.970+0000] {base.py:73} INFO - Using connection ID 'fs_default' for task execution.
[2024-02-19T22:19:38.985+0000] {filesystem.py:64} INFO - Poking for file C:/Users/geron/Documents/dados/dados.json
[2024-02-19T22:19:49.021+0000] {base.py:73} INFO - Using connection ID 'fs_default' for task execution.
[2024-02-19T22:19:49.023+0000] {filesystem.py:64} INFO - Poking for file C:/Users/geron/Documents/dados/dados.json
[2024-02-19T22:19:59.110+0000] {base.py:73} INFO - Using connection ID 'fs_default' for task execution.
[2024-02-19T22:19:59.134+0000] {filesystem.py:64} INFO - Poking for file C:/Users/geron/Documents/dados/dados.json
[2024-02-19T22:20:09.175+0000] {base.py:73} INFO - Using connection ID 'fs_default' for task execution.
[2024-02-19T22:20:09.176+0000] {filesystem.py:64} INFO - Poking for file C:/Users/geron/Documents/dados/dados.json
[2024-02-19T22:20:19.205+0000] {base.py:73} INFO - Using connection ID 'fs_default' for task execution.
[2024-02-19T22:20:19.207+0000] {filesystem.py:64} INFO - Poking for file C:/Users/geron/Documents/dados/dados.json
[2024-02-19T22:20:29.228+0000] {base.py:73} INFO - Using connection ID 'fs_default' for task execution.
[2024-02-19T22:20:29.235+0000] {filesystem.py:64} INFO - Poking for file C:/Users/geron/Documents/dados/dados.json
[2024-02-19T22:20:39.263+0000] {base.py:73} INFO - Using connection ID 'fs_default' for task execution.
[2024-02-19T22:20:39.265+0000] {filesystem.py:64} INFO - Poking for file C:/Users/geron/Documents/dados/dados.json
[2024-02-19T22:20:49.286+0000] {base.py:73} INFO - Using connection ID 'fs_default' for task execution.
[2024-02-19T22:20:49.287+0000] {filesystem.py:64} INFO - Poking for file C:/Users/geron/Documents/dados/dados.json
[2024-02-19T22:20:59.319+0000] {base.py:73} INFO - Using connection ID 'fs_default' for task execution.
[2024-02-19T22:20:59.320+0000] {filesystem.py:64} INFO - Poking for file C:/Users/geron/Documents/dados/dados.json
[2024-02-19T22:21:09.352+0000] {base.py:73} INFO - Using connection ID 'fs_default' for task execution.
[2024-02-19T22:21:09.354+0000] {filesystem.py:64} INFO - Poking for file C:/Users/geron/Documents/dados/dados.json
[2024-02-19T22:21:19.384+0000] {base.py:73} INFO - Using connection ID 'fs_default' for task execution.
[2024-02-19T22:21:19.386+0000] {filesystem.py:64} INFO - Poking for file C:/Users/geron/Documents/dados/dados.json
[2024-02-19T22:21:29.423+0000] {base.py:73} INFO - Using connection ID 'fs_default' for task execution.
[2024-02-19T22:21:29.424+0000] {filesystem.py:64} INFO - Poking for file C:/Users/geron/Documents/dados/dados.json
[2024-02-19T22:21:39.446+0000] {base.py:73} INFO - Using connection ID 'fs_default' for task execution.
[2024-02-19T22:21:39.447+0000] {filesystem.py:64} INFO - Poking for file C:/Users/geron/Documents/dados/dados.json
[2024-02-19T22:21:49.470+0000] {base.py:73} INFO - Using connection ID 'fs_default' for task execution.
[2024-02-19T22:21:49.473+0000] {filesystem.py:64} INFO - Poking for file C:/Users/geron/Documents/dados/dados.json
[2024-02-19T22:21:59.497+0000] {base.py:73} INFO - Using connection ID 'fs_default' for task execution.
[2024-02-19T22:21:59.501+0000] {filesystem.py:64} INFO - Poking for file C:/Users/geron/Documents/dados/dados.json
[2024-02-19T22:22:09.540+0000] {base.py:73} INFO - Using connection ID 'fs_default' for task execution.
[2024-02-19T22:22:09.555+0000] {filesystem.py:64} INFO - Poking for file C:/Users/geron/Documents/dados/dados.json
[2024-02-19T22:22:19.581+0000] {base.py:73} INFO - Using connection ID 'fs_default' for task execution.
[2024-02-19T22:22:19.586+0000] {filesystem.py:64} INFO - Poking for file C:/Users/geron/Documents/dados/dados.json
[2024-02-19T22:22:29.608+0000] {base.py:73} INFO - Using connection ID 'fs_default' for task execution.
[2024-02-19T22:22:29.617+0000] {filesystem.py:64} INFO - Poking for file C:/Users/geron/Documents/dados/dados.json
[2024-02-19T22:22:39.643+0000] {base.py:73} INFO - Using connection ID 'fs_default' for task execution.
[2024-02-19T22:22:39.644+0000] {filesystem.py:64} INFO - Poking for file C:/Users/geron/Documents/dados/dados.json
[2024-02-19T22:22:49.665+0000] {base.py:73} INFO - Using connection ID 'fs_default' for task execution.
[2024-02-19T22:22:49.666+0000] {filesystem.py:64} INFO - Poking for file C:/Users/geron/Documents/dados/dados.json
[2024-02-19T22:22:59.690+0000] {base.py:73} INFO - Using connection ID 'fs_default' for task execution.
[2024-02-19T22:22:59.691+0000] {filesystem.py:64} INFO - Poking for file C:/Users/geron/Documents/dados/dados.json
[2024-02-19T22:23:09.712+0000] {base.py:73} INFO - Using connection ID 'fs_default' for task execution.
[2024-02-19T22:23:09.714+0000] {filesystem.py:64} INFO - Poking for file C:/Users/geron/Documents/dados/dados.json
[2024-02-19T22:23:19.742+0000] {base.py:73} INFO - Using connection ID 'fs_default' for task execution.
[2024-02-19T22:23:19.744+0000] {filesystem.py:64} INFO - Poking for file C:/Users/geron/Documents/dados/dados.json
[2024-02-19T22:23:29.768+0000] {base.py:73} INFO - Using connection ID 'fs_default' for task execution.
[2024-02-19T22:23:29.769+0000] {filesystem.py:64} INFO - Poking for file C:/Users/geron/Documents/dados/dados.json
[2024-02-19T22:23:39.790+0000] {base.py:73} INFO - Using connection ID 'fs_default' for task execution.
[2024-02-19T22:23:39.824+0000] {filesystem.py:64} INFO - Poking for file C:/Users/geron/Documents/dados/dados.json
[2024-02-19T22:23:49.846+0000] {base.py:73} INFO - Using connection ID 'fs_default' for task execution.
[2024-02-19T22:23:49.848+0000] {filesystem.py:64} INFO - Poking for file C:/Users/geron/Documents/dados/dados.json
[2024-02-19T22:23:59.905+0000] {base.py:73} INFO - Using connection ID 'fs_default' for task execution.
[2024-02-19T22:23:59.910+0000] {filesystem.py:64} INFO - Poking for file C:/Users/geron/Documents/dados/dados.json
[2024-02-19T22:24:09.954+0000] {base.py:73} INFO - Using connection ID 'fs_default' for task execution.
[2024-02-19T22:24:09.966+0000] {filesystem.py:64} INFO - Poking for file C:/Users/geron/Documents/dados/dados.json
[2024-02-19T22:24:19.999+0000] {base.py:73} INFO - Using connection ID 'fs_default' for task execution.
[2024-02-19T22:24:20.004+0000] {filesystem.py:64} INFO - Poking for file C:/Users/geron/Documents/dados/dados.json
[2024-02-19T22:24:30.031+0000] {base.py:73} INFO - Using connection ID 'fs_default' for task execution.
[2024-02-19T22:24:30.033+0000] {filesystem.py:64} INFO - Poking for file C:/Users/geron/Documents/dados/dados.json
[2024-02-19T22:24:40.064+0000] {base.py:73} INFO - Using connection ID 'fs_default' for task execution.
[2024-02-19T22:24:40.065+0000] {filesystem.py:64} INFO - Poking for file C:/Users/geron/Documents/dados/dados.json
[2024-02-19T22:24:50.102+0000] {base.py:73} INFO - Using connection ID 'fs_default' for task execution.
[2024-02-19T22:24:50.103+0000] {filesystem.py:64} INFO - Poking for file C:/Users/geron/Documents/dados/dados.json
[2024-02-19T22:25:00.137+0000] {base.py:73} INFO - Using connection ID 'fs_default' for task execution.
[2024-02-19T22:25:00.143+0000] {filesystem.py:64} INFO - Poking for file C:/Users/geron/Documents/dados/dados.json
[2024-02-19T22:25:10.181+0000] {base.py:73} INFO - Using connection ID 'fs_default' for task execution.
[2024-02-19T22:25:10.182+0000] {filesystem.py:64} INFO - Poking for file C:/Users/geron/Documents/dados/dados.json
[2024-02-19T22:25:20.199+0000] {base.py:73} INFO - Using connection ID 'fs_default' for task execution.
[2024-02-19T22:25:20.200+0000] {filesystem.py:64} INFO - Poking for file C:/Users/geron/Documents/dados/dados.json
[2024-02-19T22:25:30.219+0000] {base.py:73} INFO - Using connection ID 'fs_default' for task execution.
[2024-02-19T22:25:30.222+0000] {filesystem.py:64} INFO - Poking for file C:/Users/geron/Documents/dados/dados.json
[2024-02-19T22:25:40.237+0000] {base.py:73} INFO - Using connection ID 'fs_default' for task execution.
[2024-02-19T22:25:40.238+0000] {filesystem.py:64} INFO - Poking for file C:/Users/geron/Documents/dados/dados.json
[2024-02-19T22:25:50.262+0000] {base.py:73} INFO - Using connection ID 'fs_default' for task execution.
[2024-02-19T22:25:50.263+0000] {filesystem.py:64} INFO - Poking for file C:/Users/geron/Documents/dados/dados.json
[2024-02-19T22:26:00.278+0000] {base.py:73} INFO - Using connection ID 'fs_default' for task execution.
[2024-02-19T22:26:00.279+0000] {filesystem.py:64} INFO - Poking for file C:/Users/geron/Documents/dados/dados.json
[2024-02-19T22:26:10.310+0000] {base.py:73} INFO - Using connection ID 'fs_default' for task execution.
[2024-02-19T22:26:10.312+0000] {filesystem.py:64} INFO - Poking for file C:/Users/geron/Documents/dados/dados.json
[2024-02-19T22:26:20.339+0000] {base.py:73} INFO - Using connection ID 'fs_default' for task execution.
[2024-02-19T22:26:20.341+0000] {filesystem.py:64} INFO - Poking for file C:/Users/geron/Documents/dados/dados.json
[2024-02-19T22:26:30.364+0000] {base.py:73} INFO - Using connection ID 'fs_default' for task execution.
[2024-02-19T22:26:30.365+0000] {filesystem.py:64} INFO - Poking for file C:/Users/geron/Documents/dados/dados.json
[2024-02-19T22:26:40.387+0000] {base.py:73} INFO - Using connection ID 'fs_default' for task execution.
[2024-02-19T22:26:40.388+0000] {filesystem.py:64} INFO - Poking for file C:/Users/geron/Documents/dados/dados.json
[2024-02-19T22:26:50.411+0000] {base.py:73} INFO - Using connection ID 'fs_default' for task execution.
[2024-02-19T22:26:50.412+0000] {filesystem.py:64} INFO - Poking for file C:/Users/geron/Documents/dados/dados.json
[2024-02-19T22:27:00.443+0000] {base.py:73} INFO - Using connection ID 'fs_default' for task execution.
[2024-02-19T22:27:00.444+0000] {filesystem.py:64} INFO - Poking for file C:/Users/geron/Documents/dados/dados.json
[2024-02-19T22:27:10.469+0000] {base.py:73} INFO - Using connection ID 'fs_default' for task execution.
[2024-02-19T22:27:10.470+0000] {filesystem.py:64} INFO - Poking for file C:/Users/geron/Documents/dados/dados.json
[2024-02-19T22:27:20.492+0000] {base.py:73} INFO - Using connection ID 'fs_default' for task execution.
[2024-02-19T22:27:20.493+0000] {filesystem.py:64} INFO - Poking for file C:/Users/geron/Documents/dados/dados.json
[2024-02-19T22:27:30.520+0000] {base.py:73} INFO - Using connection ID 'fs_default' for task execution.
[2024-02-19T22:27:30.521+0000] {filesystem.py:64} INFO - Poking for file C:/Users/geron/Documents/dados/dados.json
[2024-02-19T22:27:40.552+0000] {base.py:73} INFO - Using connection ID 'fs_default' for task execution.
[2024-02-19T22:27:40.559+0000] {filesystem.py:64} INFO - Poking for file C:/Users/geron/Documents/dados/dados.json
[2024-02-19T22:27:50.586+0000] {base.py:73} INFO - Using connection ID 'fs_default' for task execution.
[2024-02-19T22:27:50.587+0000] {filesystem.py:64} INFO - Poking for file C:/Users/geron/Documents/dados/dados.json
[2024-02-19T22:28:00.615+0000] {base.py:73} INFO - Using connection ID 'fs_default' for task execution.
[2024-02-19T22:28:00.618+0000] {filesystem.py:64} INFO - Poking for file C:/Users/geron/Documents/dados/dados.json
[2024-02-19T22:28:10.645+0000] {base.py:73} INFO - Using connection ID 'fs_default' for task execution.
[2024-02-19T22:28:10.647+0000] {filesystem.py:64} INFO - Poking for file C:/Users/geron/Documents/dados/dados.json
[2024-02-19T22:28:20.675+0000] {base.py:73} INFO - Using connection ID 'fs_default' for task execution.
[2024-02-19T22:28:20.676+0000] {filesystem.py:64} INFO - Poking for file C:/Users/geron/Documents/dados/dados.json
[2024-02-19T22:28:30.698+0000] {base.py:73} INFO - Using connection ID 'fs_default' for task execution.
[2024-02-19T22:28:30.701+0000] {filesystem.py:64} INFO - Poking for file C:/Users/geron/Documents/dados/dados.json
[2024-02-19T22:28:40.721+0000] {base.py:73} INFO - Using connection ID 'fs_default' for task execution.
[2024-02-19T22:28:40.722+0000] {filesystem.py:64} INFO - Poking for file C:/Users/geron/Documents/dados/dados.json
[2024-02-19T22:28:50.752+0000] {base.py:73} INFO - Using connection ID 'fs_default' for task execution.
[2024-02-19T22:28:50.756+0000] {filesystem.py:64} INFO - Poking for file C:/Users/geron/Documents/dados/dados.json
[2024-02-19T22:29:00.783+0000] {base.py:73} INFO - Using connection ID 'fs_default' for task execution.
[2024-02-19T22:29:00.784+0000] {filesystem.py:64} INFO - Poking for file C:/Users/geron/Documents/dados/dados.json
[2024-02-19T22:29:10.812+0000] {base.py:73} INFO - Using connection ID 'fs_default' for task execution.
[2024-02-19T22:29:10.813+0000] {filesystem.py:64} INFO - Poking for file C:/Users/geron/Documents/dados/dados.json
[2024-02-19T22:29:20.865+0000] {base.py:73} INFO - Using connection ID 'fs_default' for task execution.
[2024-02-19T22:29:20.878+0000] {filesystem.py:64} INFO - Poking for file C:/Users/geron/Documents/dados/dados.json
[2024-02-19T22:29:30.906+0000] {base.py:73} INFO - Using connection ID 'fs_default' for task execution.
[2024-02-19T22:29:30.907+0000] {filesystem.py:64} INFO - Poking for file C:/Users/geron/Documents/dados/dados.json
[2024-02-19T22:29:40.934+0000] {base.py:73} INFO - Using connection ID 'fs_default' for task execution.
[2024-02-19T22:29:40.936+0000] {filesystem.py:64} INFO - Poking for file C:/Users/geron/Documents/dados/dados.json
[2024-02-19T22:29:50.961+0000] {base.py:73} INFO - Using connection ID 'fs_default' for task execution.
[2024-02-19T22:29:50.962+0000] {filesystem.py:64} INFO - Poking for file C:/Users/geron/Documents/dados/dados.json
[2024-02-19T22:30:00.984+0000] {base.py:73} INFO - Using connection ID 'fs_default' for task execution.
[2024-02-19T22:30:00.986+0000] {filesystem.py:64} INFO - Poking for file C:/Users/geron/Documents/dados/dados.json
[2024-02-19T22:30:11.008+0000] {base.py:73} INFO - Using connection ID 'fs_default' for task execution.
[2024-02-19T22:30:11.009+0000] {filesystem.py:64} INFO - Poking for file C:/Users/geron/Documents/dados/dados.json
[2024-02-19T22:30:21.021+0000] {base.py:73} INFO - Using connection ID 'fs_default' for task execution.
[2024-02-19T22:30:21.021+0000] {filesystem.py:64} INFO - Poking for file C:/Users/geron/Documents/dados/dados.json
[2024-02-19T22:30:31.043+0000] {base.py:73} INFO - Using connection ID 'fs_default' for task execution.
[2024-02-19T22:30:31.045+0000] {filesystem.py:64} INFO - Poking for file C:/Users/geron/Documents/dados/dados.json
[2024-02-19T22:30:41.065+0000] {base.py:73} INFO - Using connection ID 'fs_default' for task execution.
[2024-02-19T22:30:41.066+0000] {filesystem.py:64} INFO - Poking for file C:/Users/geron/Documents/dados/dados.json
[2024-02-19T22:30:51.090+0000] {base.py:73} INFO - Using connection ID 'fs_default' for task execution.
[2024-02-19T22:30:51.092+0000] {filesystem.py:64} INFO - Poking for file C:/Users/geron/Documents/dados/dados.json
[2024-02-19T22:31:01.112+0000] {base.py:73} INFO - Using connection ID 'fs_default' for task execution.
[2024-02-19T22:31:01.113+0000] {filesystem.py:64} INFO - Poking for file C:/Users/geron/Documents/dados/dados.json
[2024-02-19T22:31:11.131+0000] {base.py:73} INFO - Using connection ID 'fs_default' for task execution.
[2024-02-19T22:31:11.132+0000] {filesystem.py:64} INFO - Poking for file C:/Users/geron/Documents/dados/dados.json
[2024-02-19T22:31:21.156+0000] {base.py:73} INFO - Using connection ID 'fs_default' for task execution.
[2024-02-19T22:31:21.157+0000] {filesystem.py:64} INFO - Poking for file C:/Users/geron/Documents/dados/dados.json
[2024-02-19T22:31:31.183+0000] {base.py:73} INFO - Using connection ID 'fs_default' for task execution.
[2024-02-19T22:31:31.185+0000] {filesystem.py:64} INFO - Poking for file C:/Users/geron/Documents/dados/dados.json
[2024-02-19T22:31:41.206+0000] {base.py:73} INFO - Using connection ID 'fs_default' for task execution.
[2024-02-19T22:31:41.207+0000] {filesystem.py:64} INFO - Poking for file C:/Users/geron/Documents/dados/dados.json
[2024-02-19T22:31:51.223+0000] {base.py:73} INFO - Using connection ID 'fs_default' for task execution.
[2024-02-19T22:31:51.224+0000] {filesystem.py:64} INFO - Poking for file C:/Users/geron/Documents/dados/dados.json
[2024-02-19T22:32:01.250+0000] {base.py:73} INFO - Using connection ID 'fs_default' for task execution.
[2024-02-19T22:32:01.251+0000] {filesystem.py:64} INFO - Poking for file C:/Users/geron/Documents/dados/dados.json
[2024-02-19T22:32:11.281+0000] {base.py:73} INFO - Using connection ID 'fs_default' for task execution.
[2024-02-19T22:32:11.284+0000] {filesystem.py:64} INFO - Poking for file C:/Users/geron/Documents/dados/dados.json
[2024-02-19T22:32:21.307+0000] {base.py:73} INFO - Using connection ID 'fs_default' for task execution.
[2024-02-19T22:32:21.309+0000] {filesystem.py:64} INFO - Poking for file C:/Users/geron/Documents/dados/dados.json
[2024-02-19T22:32:31.337+0000] {base.py:73} INFO - Using connection ID 'fs_default' for task execution.
[2024-02-19T22:32:31.338+0000] {filesystem.py:64} INFO - Poking for file C:/Users/geron/Documents/dados/dados.json
[2024-02-19T22:32:41.359+0000] {base.py:73} INFO - Using connection ID 'fs_default' for task execution.
[2024-02-19T22:32:41.361+0000] {filesystem.py:64} INFO - Poking for file C:/Users/geron/Documents/dados/dados.json
[2024-02-19T22:32:51.385+0000] {base.py:73} INFO - Using connection ID 'fs_default' for task execution.
[2024-02-19T22:32:51.386+0000] {filesystem.py:64} INFO - Poking for file C:/Users/geron/Documents/dados/dados.json
[2024-02-19T22:33:01.409+0000] {base.py:73} INFO - Using connection ID 'fs_default' for task execution.
[2024-02-19T22:33:01.410+0000] {filesystem.py:64} INFO - Poking for file C:/Users/geron/Documents/dados/dados.json
[2024-02-19T22:33:11.434+0000] {base.py:73} INFO - Using connection ID 'fs_default' for task execution.
[2024-02-19T22:33:11.435+0000] {filesystem.py:64} INFO - Poking for file C:/Users/geron/Documents/dados/dados.json
[2024-02-19T22:33:21.458+0000] {base.py:73} INFO - Using connection ID 'fs_default' for task execution.
[2024-02-19T22:33:21.459+0000] {filesystem.py:64} INFO - Poking for file C:/Users/geron/Documents/dados/dados.json
[2024-02-19T22:33:31.497+0000] {base.py:73} INFO - Using connection ID 'fs_default' for task execution.
[2024-02-19T22:33:31.499+0000] {filesystem.py:64} INFO - Poking for file C:/Users/geron/Documents/dados/dados.json
[2024-02-19T22:33:41.526+0000] {base.py:73} INFO - Using connection ID 'fs_default' for task execution.
[2024-02-19T22:33:41.528+0000] {filesystem.py:64} INFO - Poking for file C:/Users/geron/Documents/dados/dados.json
[2024-02-19T22:33:51.549+0000] {base.py:73} INFO - Using connection ID 'fs_default' for task execution.
[2024-02-19T22:33:51.551+0000] {filesystem.py:64} INFO - Poking for file C:/Users/geron/Documents/dados/dados.json
[2024-02-19T22:34:01.578+0000] {base.py:73} INFO - Using connection ID 'fs_default' for task execution.
[2024-02-19T22:34:01.579+0000] {filesystem.py:64} INFO - Poking for file C:/Users/geron/Documents/dados/dados.json
[2024-02-19T22:34:11.605+0000] {base.py:73} INFO - Using connection ID 'fs_default' for task execution.
[2024-02-19T22:34:11.607+0000] {filesystem.py:64} INFO - Poking for file C:/Users/geron/Documents/dados/dados.json
[2024-02-19T22:34:21.632+0000] {base.py:73} INFO - Using connection ID 'fs_default' for task execution.
[2024-02-19T22:34:21.633+0000] {filesystem.py:64} INFO - Poking for file C:/Users/geron/Documents/dados/dados.json
[2024-02-19T22:34:31.653+0000] {base.py:73} INFO - Using connection ID 'fs_default' for task execution.
[2024-02-19T22:34:31.654+0000] {filesystem.py:64} INFO - Poking for file C:/Users/geron/Documents/dados/dados.json
[2024-02-19T22:34:41.674+0000] {base.py:73} INFO - Using connection ID 'fs_default' for task execution.
[2024-02-19T22:34:41.675+0000] {filesystem.py:64} INFO - Poking for file C:/Users/geron/Documents/dados/dados.json
[2024-02-19T22:34:51.694+0000] {base.py:73} INFO - Using connection ID 'fs_default' for task execution.
[2024-02-19T22:34:51.695+0000] {filesystem.py:64} INFO - Poking for file C:/Users/geron/Documents/dados/dados.json
[2024-02-19T22:35:01.720+0000] {base.py:73} INFO - Using connection ID 'fs_default' for task execution.
[2024-02-19T22:35:01.723+0000] {filesystem.py:64} INFO - Poking for file C:/Users/geron/Documents/dados/dados.json
[2024-02-19T22:35:11.753+0000] {base.py:73} INFO - Using connection ID 'fs_default' for task execution.
[2024-02-19T22:35:11.754+0000] {filesystem.py:64} INFO - Poking for file C:/Users/geron/Documents/dados/dados.json
[2024-02-19T22:35:21.778+0000] {base.py:73} INFO - Using connection ID 'fs_default' for task execution.
[2024-02-19T22:35:21.780+0000] {filesystem.py:64} INFO - Poking for file C:/Users/geron/Documents/dados/dados.json
[2024-02-19T22:35:31.803+0000] {base.py:73} INFO - Using connection ID 'fs_default' for task execution.
[2024-02-19T22:35:31.804+0000] {filesystem.py:64} INFO - Poking for file C:/Users/geron/Documents/dados/dados.json
[2024-02-19T22:35:41.822+0000] {base.py:73} INFO - Using connection ID 'fs_default' for task execution.
[2024-02-19T22:35:41.824+0000] {filesystem.py:64} INFO - Poking for file C:/Users/geron/Documents/dados/dados.json
[2024-02-19T22:35:51.846+0000] {base.py:73} INFO - Using connection ID 'fs_default' for task execution.
[2024-02-19T22:35:51.847+0000] {filesystem.py:64} INFO - Poking for file C:/Users/geron/Documents/dados/dados.json
[2024-02-19T22:36:01.872+0000] {base.py:73} INFO - Using connection ID 'fs_default' for task execution.
[2024-02-19T22:36:01.873+0000] {filesystem.py:64} INFO - Poking for file C:/Users/geron/Documents/dados/dados.json
[2024-02-19T22:36:11.902+0000] {base.py:73} INFO - Using connection ID 'fs_default' for task execution.
[2024-02-19T22:36:11.904+0000] {filesystem.py:64} INFO - Poking for file C:/Users/geron/Documents/dados/dados.json
[2024-02-19T22:36:21.948+0000] {base.py:73} INFO - Using connection ID 'fs_default' for task execution.
[2024-02-19T22:36:21.949+0000] {filesystem.py:64} INFO - Poking for file C:/Users/geron/Documents/dados/dados.json
[2024-02-19T22:36:31.971+0000] {base.py:73} INFO - Using connection ID 'fs_default' for task execution.
[2024-02-19T22:36:31.972+0000] {filesystem.py:64} INFO - Poking for file C:/Users/geron/Documents/dados/dados.json
[2024-02-19T22:36:41.999+0000] {base.py:73} INFO - Using connection ID 'fs_default' for task execution.
[2024-02-19T22:36:42.000+0000] {filesystem.py:64} INFO - Poking for file C:/Users/geron/Documents/dados/dados.json
[2024-02-19T22:36:52.024+0000] {base.py:73} INFO - Using connection ID 'fs_default' for task execution.
[2024-02-19T22:36:52.026+0000] {filesystem.py:64} INFO - Poking for file C:/Users/geron/Documents/dados/dados.json
[2024-02-19T22:37:02.039+0000] {base.py:73} INFO - Using connection ID 'fs_default' for task execution.
[2024-02-19T22:37:02.040+0000] {filesystem.py:64} INFO - Poking for file C:/Users/geron/Documents/dados/dados.json
[2024-02-19T22:37:12.058+0000] {base.py:73} INFO - Using connection ID 'fs_default' for task execution.
[2024-02-19T22:37:12.059+0000] {filesystem.py:64} INFO - Poking for file C:/Users/geron/Documents/dados/dados.json
[2024-02-19T22:37:22.080+0000] {base.py:73} INFO - Using connection ID 'fs_default' for task execution.
[2024-02-19T22:37:22.082+0000] {filesystem.py:64} INFO - Poking for file C:/Users/geron/Documents/dados/dados.json
[2024-02-19T22:37:32.105+0000] {base.py:73} INFO - Using connection ID 'fs_default' for task execution.
[2024-02-19T22:37:32.114+0000] {filesystem.py:64} INFO - Poking for file C:/Users/geron/Documents/dados/dados.json
[2024-02-19T22:37:42.130+0000] {base.py:73} INFO - Using connection ID 'fs_default' for task execution.
[2024-02-19T22:37:42.130+0000] {filesystem.py:64} INFO - Poking for file C:/Users/geron/Documents/dados/dados.json
[2024-02-19T22:37:52.166+0000] {base.py:73} INFO - Using connection ID 'fs_default' for task execution.
[2024-02-19T22:37:52.168+0000] {filesystem.py:64} INFO - Poking for file C:/Users/geron/Documents/dados/dados.json
[2024-02-19T22:38:02.192+0000] {base.py:73} INFO - Using connection ID 'fs_default' for task execution.
[2024-02-19T22:38:02.193+0000] {filesystem.py:64} INFO - Poking for file C:/Users/geron/Documents/dados/dados.json
[2024-02-19T22:38:12.209+0000] {base.py:73} INFO - Using connection ID 'fs_default' for task execution.
[2024-02-19T22:38:12.210+0000] {filesystem.py:64} INFO - Poking for file C:/Users/geron/Documents/dados/dados.json
[2024-02-19T22:38:22.228+0000] {base.py:73} INFO - Using connection ID 'fs_default' for task execution.
[2024-02-19T22:38:22.229+0000] {filesystem.py:64} INFO - Poking for file C:/Users/geron/Documents/dados/dados.json
[2024-02-19T22:38:32.252+0000] {base.py:73} INFO - Using connection ID 'fs_default' for task execution.
[2024-02-19T22:38:32.253+0000] {filesystem.py:64} INFO - Poking for file C:/Users/geron/Documents/dados/dados.json
[2024-02-19T22:38:42.267+0000] {base.py:73} INFO - Using connection ID 'fs_default' for task execution.
[2024-02-19T22:38:42.268+0000] {filesystem.py:64} INFO - Poking for file C:/Users/geron/Documents/dados/dados.json
[2024-02-19T22:38:52.290+0000] {base.py:73} INFO - Using connection ID 'fs_default' for task execution.
[2024-02-19T22:38:52.291+0000] {filesystem.py:64} INFO - Poking for file C:/Users/geron/Documents/dados/dados.json
[2024-02-19T22:39:02.314+0000] {base.py:73} INFO - Using connection ID 'fs_default' for task execution.
[2024-02-19T22:39:02.315+0000] {filesystem.py:64} INFO - Poking for file C:/Users/geron/Documents/dados/dados.json
[2024-02-19T22:39:12.368+0000] {base.py:73} INFO - Using connection ID 'fs_default' for task execution.
[2024-02-19T22:39:12.369+0000] {filesystem.py:64} INFO - Poking for file C:/Users/geron/Documents/dados/dados.json
[2024-02-19T22:39:22.399+0000] {base.py:73} INFO - Using connection ID 'fs_default' for task execution.
[2024-02-19T22:39:22.401+0000] {filesystem.py:64} INFO - Poking for file C:/Users/geron/Documents/dados/dados.json
[2024-02-19T22:39:32.426+0000] {base.py:73} INFO - Using connection ID 'fs_default' for task execution.
[2024-02-19T22:39:32.428+0000] {filesystem.py:64} INFO - Poking for file C:/Users/geron/Documents/dados/dados.json
[2024-02-19T22:39:42.456+0000] {base.py:73} INFO - Using connection ID 'fs_default' for task execution.
[2024-02-19T22:39:42.463+0000] {filesystem.py:64} INFO - Poking for file C:/Users/geron/Documents/dados/dados.json
[2024-02-19T22:39:52.479+0000] {base.py:73} INFO - Using connection ID 'fs_default' for task execution.
[2024-02-19T22:39:52.480+0000] {filesystem.py:64} INFO - Poking for file C:/Users/geron/Documents/dados/dados.json
[2024-02-19T22:40:02.499+0000] {base.py:73} INFO - Using connection ID 'fs_default' for task execution.
[2024-02-19T22:40:02.501+0000] {filesystem.py:64} INFO - Poking for file C:/Users/geron/Documents/dados/dados.json
[2024-02-19T22:40:12.527+0000] {base.py:73} INFO - Using connection ID 'fs_default' for task execution.
[2024-02-19T22:40:12.528+0000] {filesystem.py:64} INFO - Poking for file C:/Users/geron/Documents/dados/dados.json
[2024-02-19T22:40:22.548+0000] {base.py:73} INFO - Using connection ID 'fs_default' for task execution.
[2024-02-19T22:40:22.549+0000] {filesystem.py:64} INFO - Poking for file C:/Users/geron/Documents/dados/dados.json
[2024-02-19T22:40:32.571+0000] {base.py:73} INFO - Using connection ID 'fs_default' for task execution.
[2024-02-19T22:40:32.573+0000] {filesystem.py:64} INFO - Poking for file C:/Users/geron/Documents/dados/dados.json
[2024-02-19T22:40:42.610+0000] {base.py:73} INFO - Using connection ID 'fs_default' for task execution.
[2024-02-19T22:40:42.629+0000] {filesystem.py:64} INFO - Poking for file C:/Users/geron/Documents/dados/dados.json
[2024-02-19T22:40:52.659+0000] {base.py:73} INFO - Using connection ID 'fs_default' for task execution.
[2024-02-19T22:40:52.660+0000] {filesystem.py:64} INFO - Poking for file C:/Users/geron/Documents/dados/dados.json
[2024-02-19T22:41:02.678+0000] {base.py:73} INFO - Using connection ID 'fs_default' for task execution.
[2024-02-19T22:41:02.679+0000] {filesystem.py:64} INFO - Poking for file C:/Users/geron/Documents/dados/dados.json
[2024-02-19T22:41:12.696+0000] {base.py:73} INFO - Using connection ID 'fs_default' for task execution.
[2024-02-19T22:41:12.697+0000] {filesystem.py:64} INFO - Poking for file C:/Users/geron/Documents/dados/dados.json
[2024-02-19T22:41:22.721+0000] {base.py:73} INFO - Using connection ID 'fs_default' for task execution.
[2024-02-19T22:41:22.722+0000] {filesystem.py:64} INFO - Poking for file C:/Users/geron/Documents/dados/dados.json
[2024-02-19T22:41:32.742+0000] {base.py:73} INFO - Using connection ID 'fs_default' for task execution.
[2024-02-19T22:41:32.744+0000] {filesystem.py:64} INFO - Poking for file C:/Users/geron/Documents/dados/dados.json
[2024-02-19T22:41:42.766+0000] {base.py:73} INFO - Using connection ID 'fs_default' for task execution.
[2024-02-19T22:41:42.767+0000] {filesystem.py:64} INFO - Poking for file C:/Users/geron/Documents/dados/dados.json
[2024-02-19T22:41:52.788+0000] {base.py:73} INFO - Using connection ID 'fs_default' for task execution.
[2024-02-19T22:41:52.789+0000] {filesystem.py:64} INFO - Poking for file C:/Users/geron/Documents/dados/dados.json
[2024-02-19T22:42:02.806+0000] {base.py:73} INFO - Using connection ID 'fs_default' for task execution.
[2024-02-19T22:42:02.807+0000] {filesystem.py:64} INFO - Poking for file C:/Users/geron/Documents/dados/dados.json
[2024-02-19T22:42:12.835+0000] {base.py:73} INFO - Using connection ID 'fs_default' for task execution.
[2024-02-19T22:42:12.836+0000] {filesystem.py:64} INFO - Poking for file C:/Users/geron/Documents/dados/dados.json
[2024-02-19T22:42:22.853+0000] {base.py:73} INFO - Using connection ID 'fs_default' for task execution.
[2024-02-19T22:42:22.854+0000] {filesystem.py:64} INFO - Poking for file C:/Users/geron/Documents/dados/dados.json
[2024-02-19T22:42:32.874+0000] {base.py:73} INFO - Using connection ID 'fs_default' for task execution.
[2024-02-19T22:42:32.875+0000] {filesystem.py:64} INFO - Poking for file C:/Users/geron/Documents/dados/dados.json
[2024-02-19T22:42:42.896+0000] {base.py:73} INFO - Using connection ID 'fs_default' for task execution.
[2024-02-19T22:42:42.897+0000] {filesystem.py:64} INFO - Poking for file C:/Users/geron/Documents/dados/dados.json
[2024-02-19T22:42:52.915+0000] {base.py:73} INFO - Using connection ID 'fs_default' for task execution.
[2024-02-19T22:42:52.916+0000] {filesystem.py:64} INFO - Poking for file C:/Users/geron/Documents/dados/dados.json
[2024-02-19T22:43:02.939+0000] {base.py:73} INFO - Using connection ID 'fs_default' for task execution.
[2024-02-19T22:43:02.940+0000] {filesystem.py:64} INFO - Poking for file C:/Users/geron/Documents/dados/dados.json
[2024-02-19T22:43:12.962+0000] {base.py:73} INFO - Using connection ID 'fs_default' for task execution.
[2024-02-19T22:43:12.964+0000] {filesystem.py:64} INFO - Poking for file C:/Users/geron/Documents/dados/dados.json
[2024-02-19T22:43:22.999+0000] {base.py:73} INFO - Using connection ID 'fs_default' for task execution.
[2024-02-19T22:43:23.004+0000] {filesystem.py:64} INFO - Poking for file C:/Users/geron/Documents/dados/dados.json
[2024-02-19T22:43:33.041+0000] {base.py:73} INFO - Using connection ID 'fs_default' for task execution.
[2024-02-19T22:43:33.042+0000] {filesystem.py:64} INFO - Poking for file C:/Users/geron/Documents/dados/dados.json
[2024-02-19T22:43:43.061+0000] {base.py:73} INFO - Using connection ID 'fs_default' for task execution.
[2024-02-19T22:43:43.062+0000] {filesystem.py:64} INFO - Poking for file C:/Users/geron/Documents/dados/dados.json
[2024-02-19T22:43:53.086+0000] {base.py:73} INFO - Using connection ID 'fs_default' for task execution.
[2024-02-19T22:43:53.087+0000] {filesystem.py:64} INFO - Poking for file C:/Users/geron/Documents/dados/dados.json
[2024-02-19T22:44:03.113+0000] {base.py:73} INFO - Using connection ID 'fs_default' for task execution.
[2024-02-19T22:44:03.117+0000] {filesystem.py:64} INFO - Poking for file C:/Users/geron/Documents/dados/dados.json
[2024-02-19T22:44:13.139+0000] {base.py:73} INFO - Using connection ID 'fs_default' for task execution.
[2024-02-19T22:44:13.140+0000] {filesystem.py:64} INFO - Poking for file C:/Users/geron/Documents/dados/dados.json
[2024-02-19T22:44:23.160+0000] {base.py:73} INFO - Using connection ID 'fs_default' for task execution.
[2024-02-19T22:44:23.166+0000] {filesystem.py:64} INFO - Poking for file C:/Users/geron/Documents/dados/dados.json
[2024-02-19T22:44:33.200+0000] {base.py:73} INFO - Using connection ID 'fs_default' for task execution.
[2024-02-19T22:44:33.201+0000] {filesystem.py:64} INFO - Poking for file C:/Users/geron/Documents/dados/dados.json
[2024-02-19T22:44:43.227+0000] {base.py:73} INFO - Using connection ID 'fs_default' for task execution.
[2024-02-19T22:44:43.228+0000] {filesystem.py:64} INFO - Poking for file C:/Users/geron/Documents/dados/dados.json
[2024-02-19T22:44:53.254+0000] {base.py:73} INFO - Using connection ID 'fs_default' for task execution.
[2024-02-19T22:44:53.256+0000] {filesystem.py:64} INFO - Poking for file C:/Users/geron/Documents/dados/dados.json
[2024-02-19T22:45:03.280+0000] {base.py:73} INFO - Using connection ID 'fs_default' for task execution.
[2024-02-19T22:45:03.284+0000] {filesystem.py:64} INFO - Poking for file C:/Users/geron/Documents/dados/dados.json
[2024-02-19T22:45:13.311+0000] {base.py:73} INFO - Using connection ID 'fs_default' for task execution.
[2024-02-19T22:45:13.312+0000] {filesystem.py:64} INFO - Poking for file C:/Users/geron/Documents/dados/dados.json
[2024-02-19T22:45:23.341+0000] {base.py:73} INFO - Using connection ID 'fs_default' for task execution.
[2024-02-19T22:45:23.363+0000] {filesystem.py:64} INFO - Poking for file C:/Users/geron/Documents/dados/dados.json
[2024-02-19T22:45:33.391+0000] {base.py:73} INFO - Using connection ID 'fs_default' for task execution.
[2024-02-19T22:45:33.392+0000] {filesystem.py:64} INFO - Poking for file C:/Users/geron/Documents/dados/dados.json
[2024-02-19T22:45:43.418+0000] {base.py:73} INFO - Using connection ID 'fs_default' for task execution.
[2024-02-19T22:45:43.419+0000] {filesystem.py:64} INFO - Poking for file C:/Users/geron/Documents/dados/dados.json
[2024-02-19T22:45:53.441+0000] {base.py:73} INFO - Using connection ID 'fs_default' for task execution.
[2024-02-19T22:45:53.442+0000] {filesystem.py:64} INFO - Poking for file C:/Users/geron/Documents/dados/dados.json
[2024-02-19T22:46:03.466+0000] {base.py:73} INFO - Using connection ID 'fs_default' for task execution.
[2024-02-19T22:46:03.467+0000] {filesystem.py:64} INFO - Poking for file C:/Users/geron/Documents/dados/dados.json
[2024-02-19T22:46:13.489+0000] {base.py:73} INFO - Using connection ID 'fs_default' for task execution.
[2024-02-19T22:46:13.490+0000] {filesystem.py:64} INFO - Poking for file C:/Users/geron/Documents/dados/dados.json
[2024-02-19T22:46:23.529+0000] {base.py:73} INFO - Using connection ID 'fs_default' for task execution.
[2024-02-19T22:46:23.535+0000] {filesystem.py:64} INFO - Poking for file C:/Users/geron/Documents/dados/dados.json
[2024-02-19T22:46:33.575+0000] {base.py:73} INFO - Using connection ID 'fs_default' for task execution.
[2024-02-19T22:46:33.577+0000] {filesystem.py:64} INFO - Poking for file C:/Users/geron/Documents/dados/dados.json
[2024-02-19T22:46:43.609+0000] {base.py:73} INFO - Using connection ID 'fs_default' for task execution.
[2024-02-19T22:46:43.611+0000] {filesystem.py:64} INFO - Poking for file C:/Users/geron/Documents/dados/dados.json
[2024-02-19T22:46:53.647+0000] {base.py:73} INFO - Using connection ID 'fs_default' for task execution.
[2024-02-19T22:46:53.651+0000] {filesystem.py:64} INFO - Poking for file C:/Users/geron/Documents/dados/dados.json
[2024-02-19T22:47:03.677+0000] {base.py:73} INFO - Using connection ID 'fs_default' for task execution.
[2024-02-19T22:47:03.678+0000] {filesystem.py:64} INFO - Poking for file C:/Users/geron/Documents/dados/dados.json
[2024-02-19T22:47:13.721+0000] {base.py:73} INFO - Using connection ID 'fs_default' for task execution.
[2024-02-19T22:47:13.725+0000] {filesystem.py:64} INFO - Poking for file C:/Users/geron/Documents/dados/dados.json
[2024-02-19T22:47:23.755+0000] {base.py:73} INFO - Using connection ID 'fs_default' for task execution.
[2024-02-19T22:47:23.757+0000] {filesystem.py:64} INFO - Poking for file C:/Users/geron/Documents/dados/dados.json
[2024-02-19T22:47:33.772+0000] {base.py:73} INFO - Using connection ID 'fs_default' for task execution.
[2024-02-19T22:47:33.772+0000] {filesystem.py:64} INFO - Poking for file C:/Users/geron/Documents/dados/dados.json
[2024-02-19T22:47:43.797+0000] {base.py:73} INFO - Using connection ID 'fs_default' for task execution.
[2024-02-19T22:47:43.799+0000] {filesystem.py:64} INFO - Poking for file C:/Users/geron/Documents/dados/dados.json
[2024-02-19T22:47:53.823+0000] {base.py:73} INFO - Using connection ID 'fs_default' for task execution.
[2024-02-19T22:47:53.833+0000] {filesystem.py:64} INFO - Poking for file C:/Users/geron/Documents/dados/dados.json
[2024-02-19T22:48:03.858+0000] {base.py:73} INFO - Using connection ID 'fs_default' for task execution.
[2024-02-19T22:48:03.859+0000] {filesystem.py:64} INFO - Poking for file C:/Users/geron/Documents/dados/dados.json
[2024-02-19T22:48:13.883+0000] {base.py:73} INFO - Using connection ID 'fs_default' for task execution.
[2024-02-19T22:48:13.884+0000] {filesystem.py:64} INFO - Poking for file C:/Users/geron/Documents/dados/dados.json
[2024-02-19T22:48:23.903+0000] {base.py:73} INFO - Using connection ID 'fs_default' for task execution.
[2024-02-19T22:48:23.904+0000] {filesystem.py:64} INFO - Poking for file C:/Users/geron/Documents/dados/dados.json
[2024-02-19T22:48:33.921+0000] {base.py:73} INFO - Using connection ID 'fs_default' for task execution.
[2024-02-19T22:48:33.922+0000] {filesystem.py:64} INFO - Poking for file C:/Users/geron/Documents/dados/dados.json
[2024-02-19T22:48:43.947+0000] {base.py:73} INFO - Using connection ID 'fs_default' for task execution.
[2024-02-19T22:48:43.949+0000] {filesystem.py:64} INFO - Poking for file C:/Users/geron/Documents/dados/dados.json
[2024-02-19T22:48:53.973+0000] {base.py:73} INFO - Using connection ID 'fs_default' for task execution.
[2024-02-19T22:48:53.974+0000] {filesystem.py:64} INFO - Poking for file C:/Users/geron/Documents/dados/dados.json
[2024-02-19T22:49:03.996+0000] {base.py:73} INFO - Using connection ID 'fs_default' for task execution.
[2024-02-19T22:49:03.997+0000] {filesystem.py:64} INFO - Poking for file C:/Users/geron/Documents/dados/dados.json
[2024-02-19T22:49:14.015+0000] {base.py:73} INFO - Using connection ID 'fs_default' for task execution.
[2024-02-19T22:49:14.016+0000] {filesystem.py:64} INFO - Poking for file C:/Users/geron/Documents/dados/dados.json
[2024-02-19T22:49:24.036+0000] {base.py:73} INFO - Using connection ID 'fs_default' for task execution.
[2024-02-19T22:49:24.048+0000] {filesystem.py:64} INFO - Poking for file C:/Users/geron/Documents/dados/dados.json
[2024-02-19T22:49:34.159+0000] {base.py:73} INFO - Using connection ID 'fs_default' for task execution.
[2024-02-19T22:49:34.163+0000] {filesystem.py:64} INFO - Poking for file C:/Users/geron/Documents/dados/dados.json
[2024-02-19T22:49:44.210+0000] {base.py:73} INFO - Using connection ID 'fs_default' for task execution.
[2024-02-19T22:49:44.211+0000] {filesystem.py:64} INFO - Poking for file C:/Users/geron/Documents/dados/dados.json
[2024-02-19T22:49:54.257+0000] {base.py:73} INFO - Using connection ID 'fs_default' for task execution.
[2024-02-19T22:49:54.276+0000] {filesystem.py:64} INFO - Poking for file C:/Users/geron/Documents/dados/dados.json
[2024-02-19T22:50:04.311+0000] {base.py:73} INFO - Using connection ID 'fs_default' for task execution.
[2024-02-19T22:50:04.312+0000] {filesystem.py:64} INFO - Poking for file C:/Users/geron/Documents/dados/dados.json
[2024-02-19T22:50:14.354+0000] {base.py:73} INFO - Using connection ID 'fs_default' for task execution.
[2024-02-19T22:50:14.357+0000] {filesystem.py:64} INFO - Poking for file C:/Users/geron/Documents/dados/dados.json
[2024-02-19T22:50:24.378+0000] {base.py:73} INFO - Using connection ID 'fs_default' for task execution.
[2024-02-19T22:50:24.379+0000] {filesystem.py:64} INFO - Poking for file C:/Users/geron/Documents/dados/dados.json
[2024-02-19T22:50:34.392+0000] {base.py:73} INFO - Using connection ID 'fs_default' for task execution.
[2024-02-19T22:50:34.393+0000] {filesystem.py:64} INFO - Poking for file C:/Users/geron/Documents/dados/dados.json
[2024-02-19T22:50:44.415+0000] {base.py:73} INFO - Using connection ID 'fs_default' for task execution.
[2024-02-19T22:50:44.415+0000] {filesystem.py:64} INFO - Poking for file C:/Users/geron/Documents/dados/dados.json
[2024-02-19T22:50:54.438+0000] {base.py:73} INFO - Using connection ID 'fs_default' for task execution.
[2024-02-19T22:50:54.439+0000] {filesystem.py:64} INFO - Poking for file C:/Users/geron/Documents/dados/dados.json
[2024-02-19T22:51:04.464+0000] {base.py:73} INFO - Using connection ID 'fs_default' for task execution.
[2024-02-19T22:51:04.465+0000] {filesystem.py:64} INFO - Poking for file C:/Users/geron/Documents/dados/dados.json
[2024-02-19T22:51:14.479+0000] {base.py:73} INFO - Using connection ID 'fs_default' for task execution.
[2024-02-19T22:51:14.480+0000] {filesystem.py:64} INFO - Poking for file C:/Users/geron/Documents/dados/dados.json
[2024-02-19T22:51:24.527+0000] {base.py:73} INFO - Using connection ID 'fs_default' for task execution.
[2024-02-19T22:51:24.529+0000] {filesystem.py:64} INFO - Poking for file C:/Users/geron/Documents/dados/dados.json
[2024-02-19T22:51:34.560+0000] {base.py:73} INFO - Using connection ID 'fs_default' for task execution.
[2024-02-19T22:51:34.561+0000] {filesystem.py:64} INFO - Poking for file C:/Users/geron/Documents/dados/dados.json
[2024-02-19T22:51:44.583+0000] {base.py:73} INFO - Using connection ID 'fs_default' for task execution.
[2024-02-19T22:51:44.584+0000] {filesystem.py:64} INFO - Poking for file C:/Users/geron/Documents/dados/dados.json
[2024-02-19T22:51:54.598+0000] {base.py:73} INFO - Using connection ID 'fs_default' for task execution.
[2024-02-19T22:51:54.599+0000] {filesystem.py:64} INFO - Poking for file C:/Users/geron/Documents/dados/dados.json
[2024-02-19T22:52:04.633+0000] {base.py:73} INFO - Using connection ID 'fs_default' for task execution.
[2024-02-19T22:52:04.635+0000] {filesystem.py:64} INFO - Poking for file C:/Users/geron/Documents/dados/dados.json
[2024-02-19T22:52:14.654+0000] {base.py:73} INFO - Using connection ID 'fs_default' for task execution.
[2024-02-19T22:52:14.655+0000] {filesystem.py:64} INFO - Poking for file C:/Users/geron/Documents/dados/dados.json
[2024-02-19T22:52:24.675+0000] {base.py:73} INFO - Using connection ID 'fs_default' for task execution.
[2024-02-19T22:52:24.677+0000] {filesystem.py:64} INFO - Poking for file C:/Users/geron/Documents/dados/dados.json
[2024-02-19T22:52:34.723+0000] {base.py:73} INFO - Using connection ID 'fs_default' for task execution.
[2024-02-19T22:52:34.737+0000] {filesystem.py:64} INFO - Poking for file C:/Users/geron/Documents/dados/dados.json
[2024-02-19T22:52:44.782+0000] {base.py:73} INFO - Using connection ID 'fs_default' for task execution.
[2024-02-19T22:52:44.788+0000] {filesystem.py:64} INFO - Poking for file C:/Users/geron/Documents/dados/dados.json
[2024-02-19T22:52:54.842+0000] {base.py:73} INFO - Using connection ID 'fs_default' for task execution.
[2024-02-19T22:52:54.844+0000] {filesystem.py:64} INFO - Poking for file C:/Users/geron/Documents/dados/dados.json
[2024-02-19T22:53:04.886+0000] {base.py:73} INFO - Using connection ID 'fs_default' for task execution.
[2024-02-19T22:53:04.887+0000] {filesystem.py:64} INFO - Poking for file C:/Users/geron/Documents/dados/dados.json
[2024-02-19T22:53:14.938+0000] {base.py:73} INFO - Using connection ID 'fs_default' for task execution.
[2024-02-19T22:53:14.940+0000] {filesystem.py:64} INFO - Poking for file C:/Users/geron/Documents/dados/dados.json
[2024-02-19T22:53:24.964+0000] {base.py:73} INFO - Using connection ID 'fs_default' for task execution.
[2024-02-19T22:53:24.978+0000] {filesystem.py:64} INFO - Poking for file C:/Users/geron/Documents/dados/dados.json
[2024-02-19T22:53:35.011+0000] {base.py:73} INFO - Using connection ID 'fs_default' for task execution.
[2024-02-19T22:53:35.017+0000] {filesystem.py:64} INFO - Poking for file C:/Users/geron/Documents/dados/dados.json
[2024-02-19T22:53:45.045+0000] {base.py:73} INFO - Using connection ID 'fs_default' for task execution.
[2024-02-19T22:53:45.046+0000] {filesystem.py:64} INFO - Poking for file C:/Users/geron/Documents/dados/dados.json
[2024-02-19T22:53:55.079+0000] {base.py:73} INFO - Using connection ID 'fs_default' for task execution.
[2024-02-19T22:53:55.100+0000] {filesystem.py:64} INFO - Poking for file C:/Users/geron/Documents/dados/dados.json
[2024-02-19T22:54:05.122+0000] {base.py:73} INFO - Using connection ID 'fs_default' for task execution.
[2024-02-19T22:54:05.123+0000] {filesystem.py:64} INFO - Poking for file C:/Users/geron/Documents/dados/dados.json
[2024-02-19T22:54:15.193+0000] {base.py:73} INFO - Using connection ID 'fs_default' for task execution.
[2024-02-19T22:54:15.202+0000] {filesystem.py:64} INFO - Poking for file C:/Users/geron/Documents/dados/dados.json
[2024-02-19T22:54:25.226+0000] {base.py:73} INFO - Using connection ID 'fs_default' for task execution.
[2024-02-19T22:54:25.227+0000] {filesystem.py:64} INFO - Poking for file C:/Users/geron/Documents/dados/dados.json
[2024-02-19T22:54:35.257+0000] {base.py:73} INFO - Using connection ID 'fs_default' for task execution.
[2024-02-19T22:54:35.260+0000] {filesystem.py:64} INFO - Poking for file C:/Users/geron/Documents/dados/dados.json
[2024-02-19T22:54:45.282+0000] {base.py:73} INFO - Using connection ID 'fs_default' for task execution.
[2024-02-19T22:54:45.282+0000] {filesystem.py:64} INFO - Poking for file C:/Users/geron/Documents/dados/dados.json
[2024-02-19T22:54:55.304+0000] {base.py:73} INFO - Using connection ID 'fs_default' for task execution.
[2024-02-19T22:54:55.305+0000] {filesystem.py:64} INFO - Poking for file C:/Users/geron/Documents/dados/dados.json
[2024-02-19T22:55:05.325+0000] {base.py:73} INFO - Using connection ID 'fs_default' for task execution.
[2024-02-19T22:55:05.327+0000] {filesystem.py:64} INFO - Poking for file C:/Users/geron/Documents/dados/dados.json
[2024-02-19T22:55:15.347+0000] {base.py:73} INFO - Using connection ID 'fs_default' for task execution.
[2024-02-19T22:55:15.348+0000] {filesystem.py:64} INFO - Poking for file C:/Users/geron/Documents/dados/dados.json
[2024-02-19T22:55:25.369+0000] {base.py:73} INFO - Using connection ID 'fs_default' for task execution.
[2024-02-19T22:55:25.370+0000] {filesystem.py:64} INFO - Poking for file C:/Users/geron/Documents/dados/dados.json
[2024-02-19T22:55:35.391+0000] {base.py:73} INFO - Using connection ID 'fs_default' for task execution.
[2024-02-19T22:55:35.392+0000] {filesystem.py:64} INFO - Poking for file C:/Users/geron/Documents/dados/dados.json
[2024-02-19T22:55:45.424+0000] {base.py:73} INFO - Using connection ID 'fs_default' for task execution.
[2024-02-19T22:55:45.432+0000] {filesystem.py:64} INFO - Poking for file C:/Users/geron/Documents/dados/dados.json
[2024-02-19T22:55:55.457+0000] {base.py:73} INFO - Using connection ID 'fs_default' for task execution.
[2024-02-19T22:55:55.458+0000] {filesystem.py:64} INFO - Poking for file C:/Users/geron/Documents/dados/dados.json
[2024-02-19T22:56:05.475+0000] {base.py:73} INFO - Using connection ID 'fs_default' for task execution.
[2024-02-19T22:56:05.476+0000] {filesystem.py:64} INFO - Poking for file C:/Users/geron/Documents/dados/dados.json
[2024-02-19T22:56:15.495+0000] {base.py:73} INFO - Using connection ID 'fs_default' for task execution.
[2024-02-19T22:56:15.496+0000] {filesystem.py:64} INFO - Poking for file C:/Users/geron/Documents/dados/dados.json
[2024-02-19T22:56:25.512+0000] {base.py:73} INFO - Using connection ID 'fs_default' for task execution.
[2024-02-19T22:56:25.513+0000] {filesystem.py:64} INFO - Poking for file C:/Users/geron/Documents/dados/dados.json
[2024-02-19T22:56:35.536+0000] {base.py:73} INFO - Using connection ID 'fs_default' for task execution.
[2024-02-19T22:56:35.554+0000] {filesystem.py:64} INFO - Poking for file C:/Users/geron/Documents/dados/dados.json
[2024-02-19T22:56:45.570+0000] {base.py:73} INFO - Using connection ID 'fs_default' for task execution.
[2024-02-19T22:56:45.571+0000] {filesystem.py:64} INFO - Poking for file C:/Users/geron/Documents/dados/dados.json
[2024-02-19T22:56:55.592+0000] {base.py:73} INFO - Using connection ID 'fs_default' for task execution.
[2024-02-19T22:56:55.592+0000] {filesystem.py:64} INFO - Poking for file C:/Users/geron/Documents/dados/dados.json
[2024-02-19T22:57:05.614+0000] {base.py:73} INFO - Using connection ID 'fs_default' for task execution.
[2024-02-19T22:57:05.615+0000] {filesystem.py:64} INFO - Poking for file C:/Users/geron/Documents/dados/dados.json
[2024-02-19T22:57:15.637+0000] {base.py:73} INFO - Using connection ID 'fs_default' for task execution.
[2024-02-19T22:57:15.638+0000] {filesystem.py:64} INFO - Poking for file C:/Users/geron/Documents/dados/dados.json
[2024-02-19T22:57:25.651+0000] {base.py:73} INFO - Using connection ID 'fs_default' for task execution.
[2024-02-19T22:57:25.652+0000] {filesystem.py:64} INFO - Poking for file C:/Users/geron/Documents/dados/dados.json
[2024-02-19T22:57:35.679+0000] {base.py:73} INFO - Using connection ID 'fs_default' for task execution.
[2024-02-19T22:57:35.680+0000] {filesystem.py:64} INFO - Poking for file C:/Users/geron/Documents/dados/dados.json
[2024-02-19T22:57:45.705+0000] {base.py:73} INFO - Using connection ID 'fs_default' for task execution.
[2024-02-19T22:57:45.706+0000] {filesystem.py:64} INFO - Poking for file C:/Users/geron/Documents/dados/dados.json
[2024-02-19T22:57:55.740+0000] {base.py:73} INFO - Using connection ID 'fs_default' for task execution.
[2024-02-19T22:57:55.741+0000] {filesystem.py:64} INFO - Poking for file C:/Users/geron/Documents/dados/dados.json
[2024-02-19T22:58:05.762+0000] {base.py:73} INFO - Using connection ID 'fs_default' for task execution.
[2024-02-19T22:58:05.763+0000] {filesystem.py:64} INFO - Poking for file C:/Users/geron/Documents/dados/dados.json
[2024-02-19T22:58:15.779+0000] {base.py:73} INFO - Using connection ID 'fs_default' for task execution.
[2024-02-19T22:58:15.780+0000] {filesystem.py:64} INFO - Poking for file C:/Users/geron/Documents/dados/dados.json
[2024-02-19T22:58:25.809+0000] {base.py:73} INFO - Using connection ID 'fs_default' for task execution.
[2024-02-19T22:58:25.810+0000] {filesystem.py:64} INFO - Poking for file C:/Users/geron/Documents/dados/dados.json
[2024-02-19T22:58:35.826+0000] {base.py:73} INFO - Using connection ID 'fs_default' for task execution.
[2024-02-19T22:58:35.827+0000] {filesystem.py:64} INFO - Poking for file C:/Users/geron/Documents/dados/dados.json
[2024-02-19T22:58:45.851+0000] {base.py:73} INFO - Using connection ID 'fs_default' for task execution.
[2024-02-19T22:58:45.852+0000] {filesystem.py:64} INFO - Poking for file C:/Users/geron/Documents/dados/dados.json
[2024-02-19T22:58:55.901+0000] {base.py:73} INFO - Using connection ID 'fs_default' for task execution.
[2024-02-19T22:58:55.906+0000] {filesystem.py:64} INFO - Poking for file C:/Users/geron/Documents/dados/dados.json
[2024-02-19T22:59:05.930+0000] {base.py:73} INFO - Using connection ID 'fs_default' for task execution.
[2024-02-19T22:59:05.932+0000] {filesystem.py:64} INFO - Poking for file C:/Users/geron/Documents/dados/dados.json
[2024-02-19T22:59:15.971+0000] {base.py:73} INFO - Using connection ID 'fs_default' for task execution.
[2024-02-19T22:59:15.975+0000] {filesystem.py:64} INFO - Poking for file C:/Users/geron/Documents/dados/dados.json
[2024-02-19T22:59:26.019+0000] {base.py:73} INFO - Using connection ID 'fs_default' for task execution.
[2024-02-19T22:59:26.025+0000] {filesystem.py:64} INFO - Poking for file C:/Users/geron/Documents/dados/dados.json
[2024-02-19T22:59:36.070+0000] {base.py:73} INFO - Using connection ID 'fs_default' for task execution.
[2024-02-19T22:59:36.078+0000] {filesystem.py:64} INFO - Poking for file C:/Users/geron/Documents/dados/dados.json
[2024-02-19T22:59:46.090+0000] {base.py:73} INFO - Using connection ID 'fs_default' for task execution.
[2024-02-19T22:59:46.091+0000] {filesystem.py:64} INFO - Poking for file C:/Users/geron/Documents/dados/dados.json
[2024-02-19T22:59:56.127+0000] {base.py:73} INFO - Using connection ID 'fs_default' for task execution.
[2024-02-19T22:59:56.129+0000] {filesystem.py:64} INFO - Poking for file C:/Users/geron/Documents/dados/dados.json
[2024-02-19T23:00:06.168+0000] {base.py:73} INFO - Using connection ID 'fs_default' for task execution.
[2024-02-19T23:00:06.169+0000] {filesystem.py:64} INFO - Poking for file C:/Users/geron/Documents/dados/dados.json
[2024-02-19T23:00:16.209+0000] {base.py:73} INFO - Using connection ID 'fs_default' for task execution.
[2024-02-19T23:00:16.215+0000] {filesystem.py:64} INFO - Poking for file C:/Users/geron/Documents/dados/dados.json
[2024-02-19T23:00:26.235+0000] {base.py:73} INFO - Using connection ID 'fs_default' for task execution.
[2024-02-19T23:00:26.236+0000] {filesystem.py:64} INFO - Poking for file C:/Users/geron/Documents/dados/dados.json
[2024-02-19T23:00:36.248+0000] {base.py:73} INFO - Using connection ID 'fs_default' for task execution.
[2024-02-19T23:00:36.249+0000] {filesystem.py:64} INFO - Poking for file C:/Users/geron/Documents/dados/dados.json
[2024-02-19T23:00:46.271+0000] {base.py:73} INFO - Using connection ID 'fs_default' for task execution.
[2024-02-19T23:00:46.272+0000] {filesystem.py:64} INFO - Poking for file C:/Users/geron/Documents/dados/dados.json
[2024-02-19T23:00:56.313+0000] {base.py:73} INFO - Using connection ID 'fs_default' for task execution.
[2024-02-19T23:00:56.319+0000] {filesystem.py:64} INFO - Poking for file C:/Users/geron/Documents/dados/dados.json
[2024-02-19T23:01:06.353+0000] {base.py:73} INFO - Using connection ID 'fs_default' for task execution.
[2024-02-19T23:01:06.354+0000] {filesystem.py:64} INFO - Poking for file C:/Users/geron/Documents/dados/dados.json
[2024-02-19T23:01:16.389+0000] {base.py:73} INFO - Using connection ID 'fs_default' for task execution.
[2024-02-19T23:01:16.402+0000] {filesystem.py:64} INFO - Poking for file C:/Users/geron/Documents/dados/dados.json
