[2024-02-19T23:10:06.550+0000] {taskinstance.py:1083} INFO - Dependencies all met for <TaskInstance: windturbine.verified_file manual__2024-02-19T22:14:29.482478+00:00 [queued]>
[2024-02-19T23:10:06.682+0000] {taskinstance.py:1083} INFO - Dependencies all met for <TaskInstance: windturbine.verified_file manual__2024-02-19T22:14:29.482478+00:00 [queued]>
[2024-02-19T23:10:06.690+0000] {taskinstance.py:1279} INFO - 
--------------------------------------------------------------------------------
[2024-02-19T23:10:06.694+0000] {taskinstance.py:1280} INFO - Starting attempt 2 of 2
[2024-02-19T23:10:06.696+0000] {taskinstance.py:1281} INFO - 
--------------------------------------------------------------------------------
[2024-02-19T23:10:06.858+0000] {taskinstance.py:1300} INFO - Executing <Task(FileSensor): verified_file> on 2024-02-19 22:14:29.482478+00:00
[2024-02-19T23:10:06.889+0000] {standard_task_runner.py:55} INFO - Started process 124 to run task
[2024-02-19T23:10:06.944+0000] {standard_task_runner.py:82} INFO - Running: ['***', 'tasks', 'run', 'windturbine', 'verified_file', 'manual__2024-02-19T22:14:29.482478+00:00', '--job-id', '342', '--raw', '--subdir', 'DAGS_FOLDER/windturbine.py', '--cfg-path', '/tmp/tmpbuzp8r_w']
[2024-02-19T23:10:06.962+0000] {standard_task_runner.py:83} INFO - Job 342: Subtask verified_file
[2024-02-19T23:10:07.742+0000] {task_command.py:388} INFO - Running <TaskInstance: windturbine.verified_file manual__2024-02-19T22:14:29.482478+00:00 [running]> on host 6c060d40c228
[2024-02-19T23:10:08.290+0000] {taskinstance.py:1509} INFO - Exporting the following env vars:
AIRFLOW_CTX_DAG_EMAIL=geronimomorais1617@gmail.com
AIRFLOW_CTX_DAG_OWNER=***
AIRFLOW_CTX_DAG_ID=windturbine
AIRFLOW_CTX_TASK_ID=verified_file
AIRFLOW_CTX_EXECUTION_DATE=2024-02-19T22:14:29.482478+00:00
AIRFLOW_CTX_TRY_NUMBER=2
AIRFLOW_CTX_DAG_RUN_ID=manual__2024-02-19T22:14:29.482478+00:00
[2024-02-19T23:10:08.402+0000] {base.py:73} INFO - Using connection ID 'fs_default' for task execution.
[2024-02-19T23:10:08.412+0000] {filesystem.py:64} INFO - Poking for file D:/Github/Projeto_Airflow/***/data
[2024-02-19T23:10:18.443+0000] {base.py:73} INFO - Using connection ID 'fs_default' for task execution.
[2024-02-19T23:10:18.447+0000] {filesystem.py:64} INFO - Poking for file D:/Github/Projeto_Airflow/***/data
[2024-02-19T23:10:28.466+0000] {base.py:73} INFO - Using connection ID 'fs_default' for task execution.
[2024-02-19T23:10:28.466+0000] {filesystem.py:64} INFO - Poking for file D:/Github/Projeto_Airflow/***/data
[2024-02-19T23:10:38.489+0000] {base.py:73} INFO - Using connection ID 'fs_default' for task execution.
[2024-02-19T23:10:38.492+0000] {filesystem.py:64} INFO - Poking for file D:/Github/Projeto_Airflow/***/data
[2024-02-19T23:10:48.520+0000] {base.py:73} INFO - Using connection ID 'fs_default' for task execution.
[2024-02-19T23:10:48.521+0000] {filesystem.py:64} INFO - Poking for file D:/Github/Projeto_Airflow/***/data
[2024-02-19T23:10:58.540+0000] {base.py:73} INFO - Using connection ID 'fs_default' for task execution.
[2024-02-19T23:10:58.541+0000] {filesystem.py:64} INFO - Poking for file D:/Github/Projeto_Airflow/***/data
[2024-02-19T23:11:08.559+0000] {base.py:73} INFO - Using connection ID 'fs_default' for task execution.
[2024-02-19T23:11:08.560+0000] {filesystem.py:64} INFO - Poking for file D:/Github/Projeto_Airflow/***/data
[2024-02-19T23:11:18.579+0000] {base.py:73} INFO - Using connection ID 'fs_default' for task execution.
[2024-02-19T23:11:18.580+0000] {filesystem.py:64} INFO - Poking for file D:/Github/Projeto_Airflow/***/data
[2024-02-19T23:11:28.603+0000] {base.py:73} INFO - Using connection ID 'fs_default' for task execution.
[2024-02-19T23:11:28.604+0000] {filesystem.py:64} INFO - Poking for file D:/Github/Projeto_Airflow/***/data
[2024-02-19T23:11:38.630+0000] {base.py:73} INFO - Using connection ID 'fs_default' for task execution.
[2024-02-19T23:11:38.631+0000] {filesystem.py:64} INFO - Poking for file D:/Github/Projeto_Airflow/***/data
[2024-02-19T23:11:48.673+0000] {base.py:73} INFO - Using connection ID 'fs_default' for task execution.
[2024-02-19T23:11:48.691+0000] {filesystem.py:64} INFO - Poking for file D:/Github/Projeto_Airflow/***/data
[2024-02-19T23:11:58.724+0000] {base.py:73} INFO - Using connection ID 'fs_default' for task execution.
[2024-02-19T23:11:58.725+0000] {filesystem.py:64} INFO - Poking for file D:/Github/Projeto_Airflow/***/data
[2024-02-19T23:12:08.751+0000] {base.py:73} INFO - Using connection ID 'fs_default' for task execution.
[2024-02-19T23:12:08.752+0000] {filesystem.py:64} INFO - Poking for file D:/Github/Projeto_Airflow/***/data
[2024-02-19T23:12:18.784+0000] {base.py:73} INFO - Using connection ID 'fs_default' for task execution.
[2024-02-19T23:12:18.809+0000] {filesystem.py:64} INFO - Poking for file D:/Github/Projeto_Airflow/***/data
[2024-02-19T23:12:28.870+0000] {base.py:73} INFO - Using connection ID 'fs_default' for task execution.
[2024-02-19T23:12:28.885+0000] {filesystem.py:64} INFO - Poking for file D:/Github/Projeto_Airflow/***/data
[2024-02-19T23:12:39.011+0000] {base.py:73} INFO - Using connection ID 'fs_default' for task execution.
[2024-02-19T23:12:39.033+0000] {filesystem.py:64} INFO - Poking for file D:/Github/Projeto_Airflow/***/data
[2024-02-19T23:12:49.117+0000] {base.py:73} INFO - Using connection ID 'fs_default' for task execution.
[2024-02-19T23:12:49.135+0000] {filesystem.py:64} INFO - Poking for file D:/Github/Projeto_Airflow/***/data
[2024-02-19T23:12:59.196+0000] {base.py:73} INFO - Using connection ID 'fs_default' for task execution.
[2024-02-19T23:12:59.249+0000] {filesystem.py:64} INFO - Poking for file D:/Github/Projeto_Airflow/***/data
[2024-02-19T23:13:09.282+0000] {base.py:73} INFO - Using connection ID 'fs_default' for task execution.
[2024-02-19T23:13:09.283+0000] {filesystem.py:64} INFO - Poking for file D:/Github/Projeto_Airflow/***/data
[2024-02-19T23:13:19.314+0000] {base.py:73} INFO - Using connection ID 'fs_default' for task execution.
[2024-02-19T23:13:19.316+0000] {filesystem.py:64} INFO - Poking for file D:/Github/Projeto_Airflow/***/data
[2024-02-19T23:13:29.339+0000] {base.py:73} INFO - Using connection ID 'fs_default' for task execution.
[2024-02-19T23:13:29.340+0000] {filesystem.py:64} INFO - Poking for file D:/Github/Projeto_Airflow/***/data
[2024-02-19T23:13:39.368+0000] {base.py:73} INFO - Using connection ID 'fs_default' for task execution.
[2024-02-19T23:13:39.373+0000] {filesystem.py:64} INFO - Poking for file D:/Github/Projeto_Airflow/***/data
[2024-02-19T23:13:49.412+0000] {base.py:73} INFO - Using connection ID 'fs_default' for task execution.
[2024-02-19T23:13:49.416+0000] {filesystem.py:64} INFO - Poking for file D:/Github/Projeto_Airflow/***/data
[2024-02-19T23:13:59.439+0000] {base.py:73} INFO - Using connection ID 'fs_default' for task execution.
[2024-02-19T23:13:59.441+0000] {filesystem.py:64} INFO - Poking for file D:/Github/Projeto_Airflow/***/data
[2024-02-19T23:14:09.525+0000] {base.py:73} INFO - Using connection ID 'fs_default' for task execution.
[2024-02-19T23:14:09.663+0000] {filesystem.py:64} INFO - Poking for file D:/Github/Projeto_Airflow/***/data
[2024-02-19T23:14:19.746+0000] {base.py:73} INFO - Using connection ID 'fs_default' for task execution.
[2024-02-19T23:14:19.774+0000] {filesystem.py:64} INFO - Poking for file D:/Github/Projeto_Airflow/***/data
[2024-02-19T23:14:29.845+0000] {base.py:73} INFO - Using connection ID 'fs_default' for task execution.
[2024-02-19T23:14:29.848+0000] {filesystem.py:64} INFO - Poking for file D:/Github/Projeto_Airflow/***/data
[2024-02-19T23:14:39.910+0000] {base.py:73} INFO - Using connection ID 'fs_default' for task execution.
[2024-02-19T23:14:39.920+0000] {filesystem.py:64} INFO - Poking for file D:/Github/Projeto_Airflow/***/data
[2024-02-19T23:14:50.004+0000] {base.py:73} INFO - Using connection ID 'fs_default' for task execution.
[2024-02-19T23:14:50.010+0000] {filesystem.py:64} INFO - Poking for file D:/Github/Projeto_Airflow/***/data
[2024-02-19T23:15:00.046+0000] {base.py:73} INFO - Using connection ID 'fs_default' for task execution.
[2024-02-19T23:15:00.050+0000] {filesystem.py:64} INFO - Poking for file D:/Github/Projeto_Airflow/***/data
[2024-02-19T23:15:10.178+0000] {base.py:73} INFO - Using connection ID 'fs_default' for task execution.
[2024-02-19T23:15:10.184+0000] {filesystem.py:64} INFO - Poking for file D:/Github/Projeto_Airflow/***/data
[2024-02-19T23:15:20.200+0000] {base.py:73} INFO - Using connection ID 'fs_default' for task execution.
[2024-02-19T23:15:20.201+0000] {filesystem.py:64} INFO - Poking for file D:/Github/Projeto_Airflow/***/data
[2024-02-19T23:15:30.260+0000] {base.py:73} INFO - Using connection ID 'fs_default' for task execution.
[2024-02-19T23:15:30.261+0000] {filesystem.py:64} INFO - Poking for file D:/Github/Projeto_Airflow/***/data
[2024-02-19T23:15:40.303+0000] {base.py:73} INFO - Using connection ID 'fs_default' for task execution.
[2024-02-19T23:15:40.329+0000] {filesystem.py:64} INFO - Poking for file D:/Github/Projeto_Airflow/***/data
[2024-02-19T23:15:50.411+0000] {base.py:73} INFO - Using connection ID 'fs_default' for task execution.
[2024-02-19T23:15:50.413+0000] {filesystem.py:64} INFO - Poking for file D:/Github/Projeto_Airflow/***/data
[2024-02-19T23:16:00.438+0000] {base.py:73} INFO - Using connection ID 'fs_default' for task execution.
[2024-02-19T23:16:00.439+0000] {filesystem.py:64} INFO - Poking for file D:/Github/Projeto_Airflow/***/data
[2024-02-19T23:16:10.463+0000] {base.py:73} INFO - Using connection ID 'fs_default' for task execution.
[2024-02-19T23:16:10.464+0000] {filesystem.py:64} INFO - Poking for file D:/Github/Projeto_Airflow/***/data
[2024-02-19T23:16:20.489+0000] {base.py:73} INFO - Using connection ID 'fs_default' for task execution.
[2024-02-19T23:16:20.490+0000] {filesystem.py:64} INFO - Poking for file D:/Github/Projeto_Airflow/***/data
[2024-02-19T23:16:30.512+0000] {base.py:73} INFO - Using connection ID 'fs_default' for task execution.
[2024-02-19T23:16:30.515+0000] {filesystem.py:64} INFO - Poking for file D:/Github/Projeto_Airflow/***/data
[2024-02-19T23:16:40.552+0000] {base.py:73} INFO - Using connection ID 'fs_default' for task execution.
[2024-02-19T23:16:40.553+0000] {filesystem.py:64} INFO - Poking for file D:/Github/Projeto_Airflow/***/data
[2024-02-19T23:16:50.571+0000] {base.py:73} INFO - Using connection ID 'fs_default' for task execution.
[2024-02-19T23:16:50.572+0000] {filesystem.py:64} INFO - Poking for file D:/Github/Projeto_Airflow/***/data
[2024-02-19T23:17:00.587+0000] {base.py:73} INFO - Using connection ID 'fs_default' for task execution.
[2024-02-19T23:17:00.587+0000] {filesystem.py:64} INFO - Poking for file D:/Github/Projeto_Airflow/***/data
[2024-02-19T23:17:10.601+0000] {base.py:73} INFO - Using connection ID 'fs_default' for task execution.
[2024-02-19T23:17:10.602+0000] {filesystem.py:64} INFO - Poking for file D:/Github/Projeto_Airflow/***/data
[2024-02-19T23:17:20.618+0000] {base.py:73} INFO - Using connection ID 'fs_default' for task execution.
[2024-02-19T23:17:20.619+0000] {filesystem.py:64} INFO - Poking for file D:/Github/Projeto_Airflow/***/data
[2024-02-19T23:17:30.635+0000] {base.py:73} INFO - Using connection ID 'fs_default' for task execution.
[2024-02-19T23:17:30.636+0000] {filesystem.py:64} INFO - Poking for file D:/Github/Projeto_Airflow/***/data
[2024-02-19T23:17:40.655+0000] {base.py:73} INFO - Using connection ID 'fs_default' for task execution.
[2024-02-19T23:17:40.656+0000] {filesystem.py:64} INFO - Poking for file D:/Github/Projeto_Airflow/***/data
[2024-02-19T23:17:50.677+0000] {base.py:73} INFO - Using connection ID 'fs_default' for task execution.
[2024-02-19T23:17:50.678+0000] {filesystem.py:64} INFO - Poking for file D:/Github/Projeto_Airflow/***/data
[2024-02-19T23:18:00.696+0000] {base.py:73} INFO - Using connection ID 'fs_default' for task execution.
[2024-02-19T23:18:00.698+0000] {filesystem.py:64} INFO - Poking for file D:/Github/Projeto_Airflow/***/data
[2024-02-19T23:18:10.713+0000] {base.py:73} INFO - Using connection ID 'fs_default' for task execution.
[2024-02-19T23:18:10.713+0000] {filesystem.py:64} INFO - Poking for file D:/Github/Projeto_Airflow/***/data
[2024-02-19T23:18:20.740+0000] {base.py:73} INFO - Using connection ID 'fs_default' for task execution.
[2024-02-19T23:18:20.742+0000] {filesystem.py:64} INFO - Poking for file D:/Github/Projeto_Airflow/***/data
[2024-02-19T23:18:30.760+0000] {base.py:73} INFO - Using connection ID 'fs_default' for task execution.
[2024-02-19T23:18:30.762+0000] {filesystem.py:64} INFO - Poking for file D:/Github/Projeto_Airflow/***/data
