[2024-02-20T11:22:11.298+0000] {taskinstance.py:1083} INFO - Dependencies all met for <TaskInstance: windturbine.file_sensor_task scheduled__2024-02-19T23:35:00+00:00 [queued]>
[2024-02-20T11:22:11.316+0000] {taskinstance.py:1083} INFO - Dependencies all met for <TaskInstance: windturbine.file_sensor_task scheduled__2024-02-19T23:35:00+00:00 [queued]>
[2024-02-20T11:22:11.316+0000] {taskinstance.py:1279} INFO - 
--------------------------------------------------------------------------------
[2024-02-20T11:22:11.317+0000] {taskinstance.py:1280} INFO - Starting attempt 2 of 2
[2024-02-20T11:22:11.317+0000] {taskinstance.py:1281} INFO - 
--------------------------------------------------------------------------------
[2024-02-20T11:22:11.347+0000] {taskinstance.py:1300} INFO - Executing <Task(FileSensor): file_sensor_task> on 2024-02-19 23:35:00+00:00
[2024-02-20T11:22:11.355+0000] {standard_task_runner.py:55} INFO - Started process 111 to run task
[2024-02-20T11:22:11.362+0000] {standard_task_runner.py:82} INFO - Running: ['***', 'tasks', 'run', 'windturbine', 'file_sensor_task', 'scheduled__2024-02-19T23:35:00+00:00', '--job-id', '386', '--raw', '--subdir', 'DAGS_FOLDER/windturbine.py', '--cfg-path', '/tmp/tmpj0zr0vcm']
[2024-02-20T11:22:11.364+0000] {standard_task_runner.py:83} INFO - Job 386: Subtask file_sensor_task
[2024-02-20T11:22:11.479+0000] {task_command.py:388} INFO - Running <TaskInstance: windturbine.file_sensor_task scheduled__2024-02-19T23:35:00+00:00 [running]> on host 3718df233244
[2024-02-20T11:22:11.618+0000] {taskinstance.py:1509} INFO - Exporting the following env vars:
AIRFLOW_CTX_DAG_EMAIL=geronimomorais1617@gmail.com
AIRFLOW_CTX_DAG_OWNER=***
AIRFLOW_CTX_DAG_ID=windturbine
AIRFLOW_CTX_TASK_ID=file_sensor_task
AIRFLOW_CTX_EXECUTION_DATE=2024-02-19T23:35:00+00:00
AIRFLOW_CTX_TRY_NUMBER=2
AIRFLOW_CTX_DAG_RUN_ID=scheduled__2024-02-19T23:35:00+00:00
[2024-02-20T11:22:11.631+0000] {base.py:73} INFO - Using connection ID 'fs_default' for task execution.
[2024-02-20T11:22:11.632+0000] {filesystem.py:64} INFO - Poking for file D:/Github/Projeto_Airflow/***/data/dados.json
[2024-02-20T11:22:21.654+0000] {base.py:73} INFO - Using connection ID 'fs_default' for task execution.
[2024-02-20T11:22:21.655+0000] {filesystem.py:64} INFO - Poking for file D:/Github/Projeto_Airflow/***/data/dados.json
[2024-02-20T11:22:31.671+0000] {base.py:73} INFO - Using connection ID 'fs_default' for task execution.
[2024-02-20T11:22:31.672+0000] {filesystem.py:64} INFO - Poking for file D:/Github/Projeto_Airflow/***/data/dados.json
[2024-02-20T11:22:41.685+0000] {base.py:73} INFO - Using connection ID 'fs_default' for task execution.
[2024-02-20T11:22:41.686+0000] {filesystem.py:64} INFO - Poking for file D:/Github/Projeto_Airflow/***/data/dados.json
[2024-02-20T11:22:51.713+0000] {base.py:73} INFO - Using connection ID 'fs_default' for task execution.
[2024-02-20T11:22:51.714+0000] {filesystem.py:64} INFO - Poking for file D:/Github/Projeto_Airflow/***/data/dados.json
[2024-02-20T11:23:01.732+0000] {base.py:73} INFO - Using connection ID 'fs_default' for task execution.
[2024-02-20T11:23:01.732+0000] {filesystem.py:64} INFO - Poking for file D:/Github/Projeto_Airflow/***/data/dados.json
[2024-02-20T11:23:11.745+0000] {base.py:73} INFO - Using connection ID 'fs_default' for task execution.
[2024-02-20T11:23:11.745+0000] {filesystem.py:64} INFO - Poking for file D:/Github/Projeto_Airflow/***/data/dados.json
[2024-02-20T11:23:21.770+0000] {base.py:73} INFO - Using connection ID 'fs_default' for task execution.
[2024-02-20T11:23:21.771+0000] {filesystem.py:64} INFO - Poking for file D:/Github/Projeto_Airflow/***/data/dados.json
[2024-02-20T11:23:31.782+0000] {base.py:73} INFO - Using connection ID 'fs_default' for task execution.
[2024-02-20T11:23:31.783+0000] {filesystem.py:64} INFO - Poking for file D:/Github/Projeto_Airflow/***/data/dados.json
[2024-02-20T11:23:41.801+0000] {base.py:73} INFO - Using connection ID 'fs_default' for task execution.
[2024-02-20T11:23:41.802+0000] {filesystem.py:64} INFO - Poking for file D:/Github/Projeto_Airflow/***/data/dados.json
[2024-02-20T11:23:51.818+0000] {base.py:73} INFO - Using connection ID 'fs_default' for task execution.
[2024-02-20T11:23:51.819+0000] {filesystem.py:64} INFO - Poking for file D:/Github/Projeto_Airflow/***/data/dados.json
[2024-02-20T11:24:01.838+0000] {base.py:73} INFO - Using connection ID 'fs_default' for task execution.
[2024-02-20T11:24:01.839+0000] {filesystem.py:64} INFO - Poking for file D:/Github/Projeto_Airflow/***/data/dados.json
[2024-02-20T11:24:11.855+0000] {base.py:73} INFO - Using connection ID 'fs_default' for task execution.
[2024-02-20T11:24:11.856+0000] {filesystem.py:64} INFO - Poking for file D:/Github/Projeto_Airflow/***/data/dados.json
[2024-02-20T11:24:21.870+0000] {base.py:73} INFO - Using connection ID 'fs_default' for task execution.
[2024-02-20T11:24:21.871+0000] {filesystem.py:64} INFO - Poking for file D:/Github/Projeto_Airflow/***/data/dados.json
[2024-02-20T11:24:31.885+0000] {base.py:73} INFO - Using connection ID 'fs_default' for task execution.
[2024-02-20T11:24:31.885+0000] {filesystem.py:64} INFO - Poking for file D:/Github/Projeto_Airflow/***/data/dados.json
[2024-02-20T11:24:41.902+0000] {base.py:73} INFO - Using connection ID 'fs_default' for task execution.
[2024-02-20T11:24:41.903+0000] {filesystem.py:64} INFO - Poking for file D:/Github/Projeto_Airflow/***/data/dados.json
[2024-02-20T11:24:51.921+0000] {base.py:73} INFO - Using connection ID 'fs_default' for task execution.
[2024-02-20T11:24:51.922+0000] {filesystem.py:64} INFO - Poking for file D:/Github/Projeto_Airflow/***/data/dados.json
[2024-02-20T11:25:01.936+0000] {base.py:73} INFO - Using connection ID 'fs_default' for task execution.
[2024-02-20T11:25:01.937+0000] {filesystem.py:64} INFO - Poking for file D:/Github/Projeto_Airflow/***/data/dados.json
[2024-02-20T11:25:11.952+0000] {base.py:73} INFO - Using connection ID 'fs_default' for task execution.
[2024-02-20T11:25:11.953+0000] {filesystem.py:64} INFO - Poking for file D:/Github/Projeto_Airflow/***/data/dados.json
[2024-02-20T11:25:21.969+0000] {base.py:73} INFO - Using connection ID 'fs_default' for task execution.
[2024-02-20T11:25:21.970+0000] {filesystem.py:64} INFO - Poking for file D:/Github/Projeto_Airflow/***/data/dados.json
[2024-02-20T11:25:31.983+0000] {base.py:73} INFO - Using connection ID 'fs_default' for task execution.
[2024-02-20T11:25:31.984+0000] {filesystem.py:64} INFO - Poking for file D:/Github/Projeto_Airflow/***/data/dados.json
[2024-02-20T11:25:41.994+0000] {base.py:73} INFO - Using connection ID 'fs_default' for task execution.
[2024-02-20T11:25:41.995+0000] {filesystem.py:64} INFO - Poking for file D:/Github/Projeto_Airflow/***/data/dados.json
[2024-02-20T11:25:52.010+0000] {base.py:73} INFO - Using connection ID 'fs_default' for task execution.
[2024-02-20T11:25:52.011+0000] {filesystem.py:64} INFO - Poking for file D:/Github/Projeto_Airflow/***/data/dados.json
[2024-02-20T11:26:02.029+0000] {base.py:73} INFO - Using connection ID 'fs_default' for task execution.
[2024-02-20T11:26:02.030+0000] {filesystem.py:64} INFO - Poking for file D:/Github/Projeto_Airflow/***/data/dados.json
[2024-02-20T11:26:12.047+0000] {base.py:73} INFO - Using connection ID 'fs_default' for task execution.
[2024-02-20T11:26:12.047+0000] {filesystem.py:64} INFO - Poking for file D:/Github/Projeto_Airflow/***/data/dados.json
[2024-02-20T11:26:22.069+0000] {base.py:73} INFO - Using connection ID 'fs_default' for task execution.
[2024-02-20T11:26:22.070+0000] {filesystem.py:64} INFO - Poking for file D:/Github/Projeto_Airflow/***/data/dados.json
[2024-02-20T11:26:32.079+0000] {base.py:73} INFO - Using connection ID 'fs_default' for task execution.
[2024-02-20T11:26:32.080+0000] {filesystem.py:64} INFO - Poking for file D:/Github/Projeto_Airflow/***/data/dados.json
[2024-02-20T11:26:42.097+0000] {base.py:73} INFO - Using connection ID 'fs_default' for task execution.
[2024-02-20T11:26:42.098+0000] {filesystem.py:64} INFO - Poking for file D:/Github/Projeto_Airflow/***/data/dados.json
[2024-02-20T11:26:52.111+0000] {base.py:73} INFO - Using connection ID 'fs_default' for task execution.
[2024-02-20T11:26:52.111+0000] {filesystem.py:64} INFO - Poking for file D:/Github/Projeto_Airflow/***/data/dados.json
[2024-02-20T11:27:02.130+0000] {base.py:73} INFO - Using connection ID 'fs_default' for task execution.
[2024-02-20T11:27:02.131+0000] {filesystem.py:64} INFO - Poking for file D:/Github/Projeto_Airflow/***/data/dados.json
[2024-02-20T11:27:12.148+0000] {base.py:73} INFO - Using connection ID 'fs_default' for task execution.
[2024-02-20T11:27:12.149+0000] {filesystem.py:64} INFO - Poking for file D:/Github/Projeto_Airflow/***/data/dados.json
[2024-02-20T11:27:22.159+0000] {base.py:73} INFO - Using connection ID 'fs_default' for task execution.
[2024-02-20T11:27:22.159+0000] {filesystem.py:64} INFO - Poking for file D:/Github/Projeto_Airflow/***/data/dados.json
[2024-02-20T11:27:32.173+0000] {base.py:73} INFO - Using connection ID 'fs_default' for task execution.
[2024-02-20T11:27:32.174+0000] {filesystem.py:64} INFO - Poking for file D:/Github/Projeto_Airflow/***/data/dados.json
[2024-02-20T11:27:42.190+0000] {base.py:73} INFO - Using connection ID 'fs_default' for task execution.
[2024-02-20T11:27:42.191+0000] {filesystem.py:64} INFO - Poking for file D:/Github/Projeto_Airflow/***/data/dados.json
[2024-02-20T11:27:52.207+0000] {base.py:73} INFO - Using connection ID 'fs_default' for task execution.
[2024-02-20T11:27:52.208+0000] {filesystem.py:64} INFO - Poking for file D:/Github/Projeto_Airflow/***/data/dados.json
[2024-02-20T11:28:02.220+0000] {base.py:73} INFO - Using connection ID 'fs_default' for task execution.
[2024-02-20T11:28:02.221+0000] {filesystem.py:64} INFO - Poking for file D:/Github/Projeto_Airflow/***/data/dados.json
[2024-02-20T11:28:12.244+0000] {base.py:73} INFO - Using connection ID 'fs_default' for task execution.
[2024-02-20T11:28:12.245+0000] {filesystem.py:64} INFO - Poking for file D:/Github/Projeto_Airflow/***/data/dados.json
[2024-02-20T11:28:22.259+0000] {base.py:73} INFO - Using connection ID 'fs_default' for task execution.
[2024-02-20T11:28:22.259+0000] {filesystem.py:64} INFO - Poking for file D:/Github/Projeto_Airflow/***/data/dados.json
[2024-02-20T11:28:32.279+0000] {base.py:73} INFO - Using connection ID 'fs_default' for task execution.
[2024-02-20T11:28:32.281+0000] {filesystem.py:64} INFO - Poking for file D:/Github/Projeto_Airflow/***/data/dados.json
[2024-02-20T11:28:42.298+0000] {base.py:73} INFO - Using connection ID 'fs_default' for task execution.
[2024-02-20T11:28:42.298+0000] {filesystem.py:64} INFO - Poking for file D:/Github/Projeto_Airflow/***/data/dados.json
[2024-02-20T11:28:52.308+0000] {base.py:73} INFO - Using connection ID 'fs_default' for task execution.
[2024-02-20T11:28:52.309+0000] {filesystem.py:64} INFO - Poking for file D:/Github/Projeto_Airflow/***/data/dados.json
[2024-02-20T11:29:02.323+0000] {base.py:73} INFO - Using connection ID 'fs_default' for task execution.
[2024-02-20T11:29:02.324+0000] {filesystem.py:64} INFO - Poking for file D:/Github/Projeto_Airflow/***/data/dados.json
[2024-02-20T11:29:12.337+0000] {base.py:73} INFO - Using connection ID 'fs_default' for task execution.
[2024-02-20T11:29:12.337+0000] {filesystem.py:64} INFO - Poking for file D:/Github/Projeto_Airflow/***/data/dados.json
[2024-02-20T11:29:22.351+0000] {base.py:73} INFO - Using connection ID 'fs_default' for task execution.
[2024-02-20T11:29:22.352+0000] {filesystem.py:64} INFO - Poking for file D:/Github/Projeto_Airflow/***/data/dados.json
[2024-02-20T11:29:32.367+0000] {base.py:73} INFO - Using connection ID 'fs_default' for task execution.
[2024-02-20T11:29:32.368+0000] {filesystem.py:64} INFO - Poking for file D:/Github/Projeto_Airflow/***/data/dados.json
[2024-02-20T11:29:42.377+0000] {base.py:73} INFO - Using connection ID 'fs_default' for task execution.
[2024-02-20T11:29:42.378+0000] {filesystem.py:64} INFO - Poking for file D:/Github/Projeto_Airflow/***/data/dados.json
[2024-02-20T11:29:52.386+0000] {base.py:73} INFO - Using connection ID 'fs_default' for task execution.
[2024-02-20T11:29:52.387+0000] {filesystem.py:64} INFO - Poking for file D:/Github/Projeto_Airflow/***/data/dados.json
[2024-02-20T11:30:02.402+0000] {base.py:73} INFO - Using connection ID 'fs_default' for task execution.
[2024-02-20T11:30:02.402+0000] {filesystem.py:64} INFO - Poking for file D:/Github/Projeto_Airflow/***/data/dados.json
[2024-02-20T11:30:12.422+0000] {base.py:73} INFO - Using connection ID 'fs_default' for task execution.
[2024-02-20T11:30:12.423+0000] {filesystem.py:64} INFO - Poking for file D:/Github/Projeto_Airflow/***/data/dados.json
[2024-02-20T11:30:22.442+0000] {base.py:73} INFO - Using connection ID 'fs_default' for task execution.
[2024-02-20T11:30:22.443+0000] {filesystem.py:64} INFO - Poking for file D:/Github/Projeto_Airflow/***/data/dados.json
[2024-02-20T11:30:32.477+0000] {base.py:73} INFO - Using connection ID 'fs_default' for task execution.
[2024-02-20T11:30:32.501+0000] {filesystem.py:64} INFO - Poking for file D:/Github/Projeto_Airflow/***/data/dados.json
[2024-02-20T11:30:42.540+0000] {base.py:73} INFO - Using connection ID 'fs_default' for task execution.
[2024-02-20T11:30:42.550+0000] {filesystem.py:64} INFO - Poking for file D:/Github/Projeto_Airflow/***/data/dados.json
[2024-02-20T11:30:52.590+0000] {base.py:73} INFO - Using connection ID 'fs_default' for task execution.
[2024-02-20T11:30:52.592+0000] {filesystem.py:64} INFO - Poking for file D:/Github/Projeto_Airflow/***/data/dados.json
[2024-02-20T11:31:02.654+0000] {base.py:73} INFO - Using connection ID 'fs_default' for task execution.
[2024-02-20T11:31:02.659+0000] {filesystem.py:64} INFO - Poking for file D:/Github/Projeto_Airflow/***/data/dados.json
[2024-02-20T11:31:12.691+0000] {base.py:73} INFO - Using connection ID 'fs_default' for task execution.
[2024-02-20T11:31:12.696+0000] {filesystem.py:64} INFO - Poking for file D:/Github/Projeto_Airflow/***/data/dados.json
[2024-02-20T11:31:22.740+0000] {base.py:73} INFO - Using connection ID 'fs_default' for task execution.
[2024-02-20T11:31:22.748+0000] {filesystem.py:64} INFO - Poking for file D:/Github/Projeto_Airflow/***/data/dados.json
[2024-02-20T11:31:32.775+0000] {base.py:73} INFO - Using connection ID 'fs_default' for task execution.
[2024-02-20T11:31:32.776+0000] {filesystem.py:64} INFO - Poking for file D:/Github/Projeto_Airflow/***/data/dados.json
[2024-02-20T11:31:42.795+0000] {base.py:73} INFO - Using connection ID 'fs_default' for task execution.
[2024-02-20T11:31:42.796+0000] {filesystem.py:64} INFO - Poking for file D:/Github/Projeto_Airflow/***/data/dados.json
[2024-02-20T11:31:52.827+0000] {base.py:73} INFO - Using connection ID 'fs_default' for task execution.
[2024-02-20T11:31:52.831+0000] {filesystem.py:64} INFO - Poking for file D:/Github/Projeto_Airflow/***/data/dados.json
[2024-02-20T11:32:02.866+0000] {base.py:73} INFO - Using connection ID 'fs_default' for task execution.
[2024-02-20T11:32:02.879+0000] {filesystem.py:64} INFO - Poking for file D:/Github/Projeto_Airflow/***/data/dados.json
[2024-02-20T11:32:13.037+0000] {base.py:73} INFO - Using connection ID 'fs_default' for task execution.
[2024-02-20T11:32:13.039+0000] {filesystem.py:64} INFO - Poking for file D:/Github/Projeto_Airflow/***/data/dados.json
[2024-02-20T11:32:17.797+0000] {local_task_job.py:273} WARNING - State of this instance has been externally set to None. Terminating instance.
[2024-02-20T11:32:17.860+0000] {process_utils.py:133} INFO - Sending Signals.SIGTERM to group 111. PIDs of all processes in the group: [111]
[2024-02-20T11:32:17.866+0000] {process_utils.py:84} INFO - Sending the signal Signals.SIGTERM to group 111
[2024-02-20T11:32:17.868+0000] {taskinstance.py:1479} ERROR - Received SIGTERM. Terminating subprocesses.
[2024-02-20T11:32:17.936+0000] {taskinstance.py:1768} ERROR - Task failed with exception
Traceback (most recent call last):
  File "/home/airflow/.local/lib/python3.7/site-packages/airflow/sensors/base.py", line 226, in execute
    time.sleep(self._get_next_poke_interval(started_at, run_duration, try_number))
  File "/home/airflow/.local/lib/python3.7/site-packages/airflow/models/taskinstance.py", line 1481, in signal_handler
    raise AirflowException("Task received SIGTERM signal")
airflow.exceptions.AirflowException: Task received SIGTERM signal
[2024-02-20T11:32:17.978+0000] {taskinstance.py:1323} INFO - Marking task as FAILED. dag_id=windturbine, task_id=file_sensor_task, execution_date=20240219T233500, start_date=20240220T112211, end_date=20240220T113217
[2024-02-20T11:32:18.158+0000] {warnings.py:110} WARNING - /home/***/.local/lib/python3.7/site-packages/***/utils/email.py:152: RemovedInAirflow3Warning: Fetching SMTP credentials from configuration variables will be deprecated in a future release. Please set credentials using a connection instead.
  send_mime_email(e_from=mail_from, e_to=recipients, mime_msg=msg, conn_id=conn_id, dryrun=dryrun)

[2024-02-20T11:32:18.250+0000] {email.py:268} INFO - Email alerting: attempt 1
[2024-02-20T11:32:21.505+0000] {email.py:280} INFO - Sent an alert email to ['geronimomorais1617@gmail.com']
[2024-02-20T11:32:24.829+0000] {standard_task_runner.py:105} ERROR - Failed to execute job 386 for task file_sensor_task (Task received SIGTERM signal; 111)
[2024-02-20T11:32:25.146+0000] {process_utils.py:79} INFO - Process psutil.Process(pid=111, status='terminated', exitcode=1, started='11:22:10') (111) terminated with exit code 1
