[2024-02-19T23:44:29.206+0000] {taskinstance.py:1083} INFO - Dependencies all met for <TaskInstance: windturbine.file_sensor_task scheduled__2024-02-19T23:35:00+00:00 [queued]>
[2024-02-19T23:44:29.224+0000] {taskinstance.py:1083} INFO - Dependencies all met for <TaskInstance: windturbine.file_sensor_task scheduled__2024-02-19T23:35:00+00:00 [queued]>
[2024-02-19T23:44:29.225+0000] {taskinstance.py:1279} INFO - 
--------------------------------------------------------------------------------
[2024-02-19T23:44:29.226+0000] {taskinstance.py:1280} INFO - Starting attempt 1 of 2
[2024-02-19T23:44:29.226+0000] {taskinstance.py:1281} INFO - 
--------------------------------------------------------------------------------
[2024-02-19T23:44:29.272+0000] {taskinstance.py:1300} INFO - Executing <Task(FileSensor): file_sensor_task> on 2024-02-19 23:35:00+00:00
[2024-02-19T23:44:29.281+0000] {standard_task_runner.py:55} INFO - Started process 171 to run task
[2024-02-19T23:44:29.287+0000] {standard_task_runner.py:82} INFO - Running: ['***', 'tasks', 'run', 'windturbine', 'file_sensor_task', 'scheduled__2024-02-19T23:35:00+00:00', '--job-id', '377', '--raw', '--subdir', 'DAGS_FOLDER/windturbine.py', '--cfg-path', '/tmp/tmpno8bjfkb']
[2024-02-19T23:44:29.288+0000] {standard_task_runner.py:83} INFO - Job 377: Subtask file_sensor_task
[2024-02-19T23:44:29.434+0000] {task_command.py:388} INFO - Running <TaskInstance: windturbine.file_sensor_task scheduled__2024-02-19T23:35:00+00:00 [running]> on host 8e39027b9702
[2024-02-19T23:44:29.680+0000] {taskinstance.py:1509} INFO - Exporting the following env vars:
AIRFLOW_CTX_DAG_EMAIL=geronimomorais1617@gmail.com
AIRFLOW_CTX_DAG_OWNER=***
AIRFLOW_CTX_DAG_ID=windturbine
AIRFLOW_CTX_TASK_ID=file_sensor_task
AIRFLOW_CTX_EXECUTION_DATE=2024-02-19T23:35:00+00:00
AIRFLOW_CTX_TRY_NUMBER=1
AIRFLOW_CTX_DAG_RUN_ID=scheduled__2024-02-19T23:35:00+00:00
[2024-02-19T23:44:29.709+0000] {base.py:73} INFO - Using connection ID 'fs_default' for task execution.
[2024-02-19T23:44:29.710+0000] {filesystem.py:64} INFO - Poking for file D:/Github/Projeto_Airflow/***/data/dados.json
[2024-02-19T23:44:39.723+0000] {base.py:73} INFO - Using connection ID 'fs_default' for task execution.
[2024-02-19T23:44:39.724+0000] {filesystem.py:64} INFO - Poking for file D:/Github/Projeto_Airflow/***/data/dados.json
[2024-02-19T23:44:49.744+0000] {base.py:73} INFO - Using connection ID 'fs_default' for task execution.
[2024-02-19T23:44:49.746+0000] {filesystem.py:64} INFO - Poking for file D:/Github/Projeto_Airflow/***/data/dados.json
[2024-02-19T23:44:59.765+0000] {base.py:73} INFO - Using connection ID 'fs_default' for task execution.
[2024-02-19T23:44:59.766+0000] {filesystem.py:64} INFO - Poking for file D:/Github/Projeto_Airflow/***/data/dados.json
[2024-02-19T23:45:09.788+0000] {base.py:73} INFO - Using connection ID 'fs_default' for task execution.
[2024-02-19T23:45:09.789+0000] {filesystem.py:64} INFO - Poking for file D:/Github/Projeto_Airflow/***/data/dados.json
[2024-02-19T23:45:19.798+0000] {base.py:73} INFO - Using connection ID 'fs_default' for task execution.
[2024-02-19T23:45:19.798+0000] {filesystem.py:64} INFO - Poking for file D:/Github/Projeto_Airflow/***/data/dados.json
[2024-02-19T23:45:29.830+0000] {base.py:73} INFO - Using connection ID 'fs_default' for task execution.
[2024-02-19T23:45:29.911+0000] {filesystem.py:64} INFO - Poking for file D:/Github/Projeto_Airflow/***/data/dados.json
[2024-02-19T23:45:39.959+0000] {base.py:73} INFO - Using connection ID 'fs_default' for task execution.
[2024-02-19T23:45:39.960+0000] {filesystem.py:64} INFO - Poking for file D:/Github/Projeto_Airflow/***/data/dados.json
[2024-02-19T23:45:49.979+0000] {base.py:73} INFO - Using connection ID 'fs_default' for task execution.
[2024-02-19T23:45:49.980+0000] {filesystem.py:64} INFO - Poking for file D:/Github/Projeto_Airflow/***/data/dados.json
[2024-02-19T23:46:00.004+0000] {base.py:73} INFO - Using connection ID 'fs_default' for task execution.
[2024-02-19T23:46:00.006+0000] {filesystem.py:64} INFO - Poking for file D:/Github/Projeto_Airflow/***/data/dados.json
[2024-02-19T23:46:10.026+0000] {base.py:73} INFO - Using connection ID 'fs_default' for task execution.
[2024-02-19T23:46:10.027+0000] {filesystem.py:64} INFO - Poking for file D:/Github/Projeto_Airflow/***/data/dados.json
[2024-02-19T23:46:20.060+0000] {base.py:73} INFO - Using connection ID 'fs_default' for task execution.
[2024-02-19T23:46:20.064+0000] {filesystem.py:64} INFO - Poking for file D:/Github/Projeto_Airflow/***/data/dados.json
[2024-02-19T23:46:30.084+0000] {base.py:73} INFO - Using connection ID 'fs_default' for task execution.
[2024-02-19T23:46:30.084+0000] {filesystem.py:64} INFO - Poking for file D:/Github/Projeto_Airflow/***/data/dados.json
[2024-02-19T23:46:40.104+0000] {base.py:73} INFO - Using connection ID 'fs_default' for task execution.
[2024-02-19T23:46:40.105+0000] {filesystem.py:64} INFO - Poking for file D:/Github/Projeto_Airflow/***/data/dados.json
[2024-02-19T23:46:50.125+0000] {base.py:73} INFO - Using connection ID 'fs_default' for task execution.
[2024-02-19T23:46:50.126+0000] {filesystem.py:64} INFO - Poking for file D:/Github/Projeto_Airflow/***/data/dados.json
[2024-02-19T23:47:00.137+0000] {base.py:73} INFO - Using connection ID 'fs_default' for task execution.
[2024-02-19T23:47:00.137+0000] {filesystem.py:64} INFO - Poking for file D:/Github/Projeto_Airflow/***/data/dados.json
[2024-02-19T23:47:10.154+0000] {base.py:73} INFO - Using connection ID 'fs_default' for task execution.
[2024-02-19T23:47:10.155+0000] {filesystem.py:64} INFO - Poking for file D:/Github/Projeto_Airflow/***/data/dados.json
[2024-02-19T23:47:20.177+0000] {base.py:73} INFO - Using connection ID 'fs_default' for task execution.
[2024-02-19T23:47:20.178+0000] {filesystem.py:64} INFO - Poking for file D:/Github/Projeto_Airflow/***/data/dados.json
[2024-02-19T23:47:30.192+0000] {base.py:73} INFO - Using connection ID 'fs_default' for task execution.
[2024-02-19T23:47:30.193+0000] {filesystem.py:64} INFO - Poking for file D:/Github/Projeto_Airflow/***/data/dados.json
[2024-02-19T23:47:40.218+0000] {base.py:73} INFO - Using connection ID 'fs_default' for task execution.
[2024-02-19T23:47:40.218+0000] {filesystem.py:64} INFO - Poking for file D:/Github/Projeto_Airflow/***/data/dados.json
[2024-02-19T23:47:50.234+0000] {base.py:73} INFO - Using connection ID 'fs_default' for task execution.
[2024-02-19T23:47:50.235+0000] {filesystem.py:64} INFO - Poking for file D:/Github/Projeto_Airflow/***/data/dados.json
[2024-02-19T23:48:00.255+0000] {base.py:73} INFO - Using connection ID 'fs_default' for task execution.
[2024-02-19T23:48:00.256+0000] {filesystem.py:64} INFO - Poking for file D:/Github/Projeto_Airflow/***/data/dados.json
[2024-02-19T23:48:10.268+0000] {base.py:73} INFO - Using connection ID 'fs_default' for task execution.
[2024-02-19T23:48:10.269+0000] {filesystem.py:64} INFO - Poking for file D:/Github/Projeto_Airflow/***/data/dados.json
[2024-02-19T23:48:20.288+0000] {base.py:73} INFO - Using connection ID 'fs_default' for task execution.
[2024-02-19T23:48:20.289+0000] {filesystem.py:64} INFO - Poking for file D:/Github/Projeto_Airflow/***/data/dados.json
[2024-02-19T23:48:30.304+0000] {base.py:73} INFO - Using connection ID 'fs_default' for task execution.
[2024-02-19T23:48:30.305+0000] {filesystem.py:64} INFO - Poking for file D:/Github/Projeto_Airflow/***/data/dados.json
[2024-02-19T23:48:40.328+0000] {base.py:73} INFO - Using connection ID 'fs_default' for task execution.
[2024-02-19T23:48:40.330+0000] {filesystem.py:64} INFO - Poking for file D:/Github/Projeto_Airflow/***/data/dados.json
[2024-02-19T23:48:50.346+0000] {base.py:73} INFO - Using connection ID 'fs_default' for task execution.
[2024-02-19T23:48:50.346+0000] {filesystem.py:64} INFO - Poking for file D:/Github/Projeto_Airflow/***/data/dados.json
[2024-02-19T23:49:00.375+0000] {base.py:73} INFO - Using connection ID 'fs_default' for task execution.
[2024-02-19T23:49:00.378+0000] {filesystem.py:64} INFO - Poking for file D:/Github/Projeto_Airflow/***/data/dados.json
[2024-02-19T23:49:10.398+0000] {base.py:73} INFO - Using connection ID 'fs_default' for task execution.
[2024-02-19T23:49:10.399+0000] {filesystem.py:64} INFO - Poking for file D:/Github/Projeto_Airflow/***/data/dados.json
[2024-02-19T23:49:20.430+0000] {base.py:73} INFO - Using connection ID 'fs_default' for task execution.
[2024-02-19T23:49:20.436+0000] {filesystem.py:64} INFO - Poking for file D:/Github/Projeto_Airflow/***/data/dados.json
[2024-02-19T23:49:30.454+0000] {base.py:73} INFO - Using connection ID 'fs_default' for task execution.
[2024-02-19T23:49:30.456+0000] {filesystem.py:64} INFO - Poking for file D:/Github/Projeto_Airflow/***/data/dados.json
[2024-02-19T23:49:40.485+0000] {base.py:73} INFO - Using connection ID 'fs_default' for task execution.
[2024-02-19T23:49:40.486+0000] {filesystem.py:64} INFO - Poking for file D:/Github/Projeto_Airflow/***/data/dados.json
[2024-02-19T23:49:50.500+0000] {base.py:73} INFO - Using connection ID 'fs_default' for task execution.
[2024-02-19T23:49:50.501+0000] {filesystem.py:64} INFO - Poking for file D:/Github/Projeto_Airflow/***/data/dados.json
[2024-02-19T23:50:00.522+0000] {base.py:73} INFO - Using connection ID 'fs_default' for task execution.
[2024-02-19T23:50:00.523+0000] {filesystem.py:64} INFO - Poking for file D:/Github/Projeto_Airflow/***/data/dados.json
[2024-02-19T23:50:10.539+0000] {base.py:73} INFO - Using connection ID 'fs_default' for task execution.
[2024-02-19T23:50:10.540+0000] {filesystem.py:64} INFO - Poking for file D:/Github/Projeto_Airflow/***/data/dados.json
[2024-02-19T23:50:20.559+0000] {base.py:73} INFO - Using connection ID 'fs_default' for task execution.
[2024-02-19T23:50:20.560+0000] {filesystem.py:64} INFO - Poking for file D:/Github/Projeto_Airflow/***/data/dados.json
[2024-02-19T23:50:30.574+0000] {base.py:73} INFO - Using connection ID 'fs_default' for task execution.
[2024-02-19T23:50:30.575+0000] {filesystem.py:64} INFO - Poking for file D:/Github/Projeto_Airflow/***/data/dados.json
[2024-02-19T23:50:40.598+0000] {base.py:73} INFO - Using connection ID 'fs_default' for task execution.
[2024-02-19T23:50:40.599+0000] {filesystem.py:64} INFO - Poking for file D:/Github/Projeto_Airflow/***/data/dados.json
[2024-02-19T23:50:50.621+0000] {base.py:73} INFO - Using connection ID 'fs_default' for task execution.
[2024-02-19T23:50:50.622+0000] {filesystem.py:64} INFO - Poking for file D:/Github/Projeto_Airflow/***/data/dados.json
[2024-02-19T23:51:00.636+0000] {base.py:73} INFO - Using connection ID 'fs_default' for task execution.
[2024-02-19T23:51:00.637+0000] {filesystem.py:64} INFO - Poking for file D:/Github/Projeto_Airflow/***/data/dados.json
[2024-02-19T23:51:10.651+0000] {base.py:73} INFO - Using connection ID 'fs_default' for task execution.
[2024-02-19T23:51:10.651+0000] {filesystem.py:64} INFO - Poking for file D:/Github/Projeto_Airflow/***/data/dados.json
[2024-02-19T23:51:20.669+0000] {base.py:73} INFO - Using connection ID 'fs_default' for task execution.
[2024-02-19T23:51:20.669+0000] {filesystem.py:64} INFO - Poking for file D:/Github/Projeto_Airflow/***/data/dados.json
[2024-02-19T23:51:30.688+0000] {base.py:73} INFO - Using connection ID 'fs_default' for task execution.
[2024-02-19T23:51:30.689+0000] {filesystem.py:64} INFO - Poking for file D:/Github/Projeto_Airflow/***/data/dados.json
[2024-02-19T23:51:40.710+0000] {base.py:73} INFO - Using connection ID 'fs_default' for task execution.
[2024-02-19T23:51:40.711+0000] {filesystem.py:64} INFO - Poking for file D:/Github/Projeto_Airflow/***/data/dados.json
[2024-02-19T23:51:50.732+0000] {base.py:73} INFO - Using connection ID 'fs_default' for task execution.
[2024-02-19T23:51:50.733+0000] {filesystem.py:64} INFO - Poking for file D:/Github/Projeto_Airflow/***/data/dados.json
[2024-02-19T23:52:00.747+0000] {base.py:73} INFO - Using connection ID 'fs_default' for task execution.
[2024-02-19T23:52:00.748+0000] {filesystem.py:64} INFO - Poking for file D:/Github/Projeto_Airflow/***/data/dados.json
[2024-02-19T23:52:10.763+0000] {base.py:73} INFO - Using connection ID 'fs_default' for task execution.
[2024-02-19T23:52:10.764+0000] {filesystem.py:64} INFO - Poking for file D:/Github/Projeto_Airflow/***/data/dados.json
[2024-02-19T23:52:20.778+0000] {base.py:73} INFO - Using connection ID 'fs_default' for task execution.
[2024-02-19T23:52:20.779+0000] {filesystem.py:64} INFO - Poking for file D:/Github/Projeto_Airflow/***/data/dados.json
[2024-02-19T23:52:30.796+0000] {base.py:73} INFO - Using connection ID 'fs_default' for task execution.
[2024-02-19T23:52:30.797+0000] {filesystem.py:64} INFO - Poking for file D:/Github/Projeto_Airflow/***/data/dados.json
[2024-02-19T23:52:40.808+0000] {base.py:73} INFO - Using connection ID 'fs_default' for task execution.
[2024-02-19T23:52:40.809+0000] {filesystem.py:64} INFO - Poking for file D:/Github/Projeto_Airflow/***/data/dados.json
[2024-02-19T23:52:50.830+0000] {base.py:73} INFO - Using connection ID 'fs_default' for task execution.
[2024-02-19T23:52:50.831+0000] {filesystem.py:64} INFO - Poking for file D:/Github/Projeto_Airflow/***/data/dados.json
[2024-02-19T23:53:00.851+0000] {base.py:73} INFO - Using connection ID 'fs_default' for task execution.
[2024-02-19T23:53:00.852+0000] {filesystem.py:64} INFO - Poking for file D:/Github/Projeto_Airflow/***/data/dados.json
[2024-02-19T23:53:10.870+0000] {base.py:73} INFO - Using connection ID 'fs_default' for task execution.
[2024-02-19T23:53:10.871+0000] {filesystem.py:64} INFO - Poking for file D:/Github/Projeto_Airflow/***/data/dados.json
[2024-02-19T23:53:20.897+0000] {base.py:73} INFO - Using connection ID 'fs_default' for task execution.
[2024-02-19T23:53:20.898+0000] {filesystem.py:64} INFO - Poking for file D:/Github/Projeto_Airflow/***/data/dados.json
[2024-02-19T23:53:30.918+0000] {base.py:73} INFO - Using connection ID 'fs_default' for task execution.
[2024-02-19T23:53:30.919+0000] {filesystem.py:64} INFO - Poking for file D:/Github/Projeto_Airflow/***/data/dados.json
