[2024-02-20T11:40:01.523+0000] {taskinstance.py:1083} INFO - Dependencies all met for <TaskInstance: windturbine.file_sensor_task scheduled__2024-02-20T11:30:00+00:00 [queued]>
[2024-02-20T11:40:01.545+0000] {taskinstance.py:1083} INFO - Dependencies all met for <TaskInstance: windturbine.file_sensor_task scheduled__2024-02-20T11:30:00+00:00 [queued]>
[2024-02-20T11:40:01.546+0000] {taskinstance.py:1279} INFO - 
--------------------------------------------------------------------------------
[2024-02-20T11:40:01.548+0000] {taskinstance.py:1280} INFO - Starting attempt 1 of 2
[2024-02-20T11:40:01.552+0000] {taskinstance.py:1281} INFO - 
--------------------------------------------------------------------------------
[2024-02-20T11:40:01.589+0000] {taskinstance.py:1300} INFO - Executing <Task(FileSensor): file_sensor_task> on 2024-02-20 11:30:00+00:00
[2024-02-20T11:40:01.597+0000] {standard_task_runner.py:55} INFO - Started process 1241 to run task
[2024-02-20T11:40:01.604+0000] {standard_task_runner.py:82} INFO - Running: ['***', 'tasks', 'run', 'windturbine', 'file_sensor_task', 'scheduled__2024-02-20T11:30:00+00:00', '--job-id', '390', '--raw', '--subdir', 'DAGS_FOLDER/windturbine.py', '--cfg-path', '/tmp/tmp3z9avf5t']
[2024-02-20T11:40:01.606+0000] {standard_task_runner.py:83} INFO - Job 390: Subtask file_sensor_task
[2024-02-20T11:40:01.743+0000] {task_command.py:388} INFO - Running <TaskInstance: windturbine.file_sensor_task scheduled__2024-02-20T11:30:00+00:00 [running]> on host 3718df233244
[2024-02-20T11:40:01.877+0000] {taskinstance.py:1509} INFO - Exporting the following env vars:
AIRFLOW_CTX_DAG_EMAIL=geronimomorais1617@gmail.com
AIRFLOW_CTX_DAG_OWNER=***
AIRFLOW_CTX_DAG_ID=windturbine
AIRFLOW_CTX_TASK_ID=file_sensor_task
AIRFLOW_CTX_EXECUTION_DATE=2024-02-20T11:30:00+00:00
AIRFLOW_CTX_TRY_NUMBER=1
AIRFLOW_CTX_DAG_RUN_ID=scheduled__2024-02-20T11:30:00+00:00
[2024-02-20T11:40:01.894+0000] {base.py:73} INFO - Using connection ID 'fs_default' for task execution.
[2024-02-20T11:40:01.895+0000] {filesystem.py:64} INFO - Poking for file D:/Github/Projeto_Airflow/***/data/dados.json
[2024-02-20T11:40:11.911+0000] {base.py:73} INFO - Using connection ID 'fs_default' for task execution.
[2024-02-20T11:40:11.912+0000] {filesystem.py:64} INFO - Poking for file D:/Github/Projeto_Airflow/***/data/dados.json
[2024-02-20T11:40:21.924+0000] {base.py:73} INFO - Using connection ID 'fs_default' for task execution.
[2024-02-20T11:40:21.925+0000] {filesystem.py:64} INFO - Poking for file D:/Github/Projeto_Airflow/***/data/dados.json
[2024-02-20T11:40:31.942+0000] {base.py:73} INFO - Using connection ID 'fs_default' for task execution.
[2024-02-20T11:40:31.942+0000] {filesystem.py:64} INFO - Poking for file D:/Github/Projeto_Airflow/***/data/dados.json
[2024-02-20T11:40:41.964+0000] {base.py:73} INFO - Using connection ID 'fs_default' for task execution.
[2024-02-20T11:40:41.965+0000] {filesystem.py:64} INFO - Poking for file D:/Github/Projeto_Airflow/***/data/dados.json
[2024-02-20T11:40:52.000+0000] {base.py:73} INFO - Using connection ID 'fs_default' for task execution.
[2024-02-20T11:40:52.001+0000] {filesystem.py:64} INFO - Poking for file D:/Github/Projeto_Airflow/***/data/dados.json
[2024-02-20T11:41:02.023+0000] {base.py:73} INFO - Using connection ID 'fs_default' for task execution.
[2024-02-20T11:41:02.024+0000] {filesystem.py:64} INFO - Poking for file D:/Github/Projeto_Airflow/***/data/dados.json
[2024-02-20T11:41:12.049+0000] {base.py:73} INFO - Using connection ID 'fs_default' for task execution.
[2024-02-20T11:41:12.050+0000] {filesystem.py:64} INFO - Poking for file D:/Github/Projeto_Airflow/***/data/dados.json
[2024-02-20T11:41:22.066+0000] {base.py:73} INFO - Using connection ID 'fs_default' for task execution.
[2024-02-20T11:41:22.067+0000] {filesystem.py:64} INFO - Poking for file D:/Github/Projeto_Airflow/***/data/dados.json
[2024-02-20T11:41:32.087+0000] {base.py:73} INFO - Using connection ID 'fs_default' for task execution.
[2024-02-20T11:41:32.089+0000] {filesystem.py:64} INFO - Poking for file D:/Github/Projeto_Airflow/***/data/dados.json
[2024-02-20T11:41:42.111+0000] {base.py:73} INFO - Using connection ID 'fs_default' for task execution.
[2024-02-20T11:41:42.112+0000] {filesystem.py:64} INFO - Poking for file D:/Github/Projeto_Airflow/***/data/dados.json
[2024-02-20T11:41:52.163+0000] {base.py:73} INFO - Using connection ID 'fs_default' for task execution.
[2024-02-20T11:41:52.166+0000] {filesystem.py:64} INFO - Poking for file D:/Github/Projeto_Airflow/***/data/dados.json
[2024-02-20T11:42:02.200+0000] {base.py:73} INFO - Using connection ID 'fs_default' for task execution.
[2024-02-20T11:42:02.208+0000] {filesystem.py:64} INFO - Poking for file D:/Github/Projeto_Airflow/***/data/dados.json
[2024-02-20T11:42:12.235+0000] {base.py:73} INFO - Using connection ID 'fs_default' for task execution.
[2024-02-20T11:42:12.237+0000] {filesystem.py:64} INFO - Poking for file D:/Github/Projeto_Airflow/***/data/dados.json
[2024-02-20T11:42:22.263+0000] {base.py:73} INFO - Using connection ID 'fs_default' for task execution.
[2024-02-20T11:42:22.264+0000] {filesystem.py:64} INFO - Poking for file D:/Github/Projeto_Airflow/***/data/dados.json
[2024-02-20T11:42:32.292+0000] {base.py:73} INFO - Using connection ID 'fs_default' for task execution.
[2024-02-20T11:42:32.293+0000] {filesystem.py:64} INFO - Poking for file D:/Github/Projeto_Airflow/***/data/dados.json
[2024-02-20T11:42:42.318+0000] {base.py:73} INFO - Using connection ID 'fs_default' for task execution.
[2024-02-20T11:42:42.319+0000] {filesystem.py:64} INFO - Poking for file D:/Github/Projeto_Airflow/***/data/dados.json
[2024-02-20T11:42:52.343+0000] {base.py:73} INFO - Using connection ID 'fs_default' for task execution.
[2024-02-20T11:42:52.345+0000] {filesystem.py:64} INFO - Poking for file D:/Github/Projeto_Airflow/***/data/dados.json
[2024-02-20T11:43:02.365+0000] {base.py:73} INFO - Using connection ID 'fs_default' for task execution.
[2024-02-20T11:43:02.366+0000] {filesystem.py:64} INFO - Poking for file D:/Github/Projeto_Airflow/***/data/dados.json
[2024-02-20T11:43:12.387+0000] {base.py:73} INFO - Using connection ID 'fs_default' for task execution.
[2024-02-20T11:43:12.389+0000] {filesystem.py:64} INFO - Poking for file D:/Github/Projeto_Airflow/***/data/dados.json
