[2024-02-19T23:45:01.445+0000] {taskinstance.py:1083} INFO - Dependencies all met for <TaskInstance: windturbine.file_sensor_task scheduled__2024-02-19T23:40:00+00:00 [queued]>
[2024-02-19T23:45:01.464+0000] {taskinstance.py:1083} INFO - Dependencies all met for <TaskInstance: windturbine.file_sensor_task scheduled__2024-02-19T23:40:00+00:00 [queued]>
[2024-02-19T23:45:01.465+0000] {taskinstance.py:1279} INFO - 
--------------------------------------------------------------------------------
[2024-02-19T23:45:01.465+0000] {taskinstance.py:1280} INFO - Starting attempt 1 of 2
[2024-02-19T23:45:01.466+0000] {taskinstance.py:1281} INFO - 
--------------------------------------------------------------------------------
[2024-02-19T23:45:01.492+0000] {taskinstance.py:1300} INFO - Executing <Task(FileSensor): file_sensor_task> on 2024-02-19 23:40:00+00:00
[2024-02-19T23:45:01.498+0000] {standard_task_runner.py:55} INFO - Started process 212 to run task
[2024-02-19T23:45:01.502+0000] {standard_task_runner.py:82} INFO - Running: ['***', 'tasks', 'run', 'windturbine', 'file_sensor_task', 'scheduled__2024-02-19T23:40:00+00:00', '--job-id', '378', '--raw', '--subdir', 'DAGS_FOLDER/windturbine.py', '--cfg-path', '/tmp/tmpwtm9yznq']
[2024-02-19T23:45:01.504+0000] {standard_task_runner.py:83} INFO - Job 378: Subtask file_sensor_task
[2024-02-19T23:45:01.618+0000] {task_command.py:388} INFO - Running <TaskInstance: windturbine.file_sensor_task scheduled__2024-02-19T23:40:00+00:00 [running]> on host 8e39027b9702
[2024-02-19T23:45:01.743+0000] {taskinstance.py:1509} INFO - Exporting the following env vars:
AIRFLOW_CTX_DAG_EMAIL=geronimomorais1617@gmail.com
AIRFLOW_CTX_DAG_OWNER=***
AIRFLOW_CTX_DAG_ID=windturbine
AIRFLOW_CTX_TASK_ID=file_sensor_task
AIRFLOW_CTX_EXECUTION_DATE=2024-02-19T23:40:00+00:00
AIRFLOW_CTX_TRY_NUMBER=1
AIRFLOW_CTX_DAG_RUN_ID=scheduled__2024-02-19T23:40:00+00:00
[2024-02-19T23:45:01.758+0000] {base.py:73} INFO - Using connection ID 'fs_default' for task execution.
[2024-02-19T23:45:01.759+0000] {filesystem.py:64} INFO - Poking for file D:/Github/Projeto_Airflow/***/data/dados.json
[2024-02-19T23:45:11.775+0000] {base.py:73} INFO - Using connection ID 'fs_default' for task execution.
[2024-02-19T23:45:11.776+0000] {filesystem.py:64} INFO - Poking for file D:/Github/Projeto_Airflow/***/data/dados.json
[2024-02-19T23:45:21.803+0000] {base.py:73} INFO - Using connection ID 'fs_default' for task execution.
[2024-02-19T23:45:21.804+0000] {filesystem.py:64} INFO - Poking for file D:/Github/Projeto_Airflow/***/data/dados.json
[2024-02-19T23:45:31.834+0000] {base.py:73} INFO - Using connection ID 'fs_default' for task execution.
[2024-02-19T23:45:31.835+0000] {filesystem.py:64} INFO - Poking for file D:/Github/Projeto_Airflow/***/data/dados.json
[2024-02-19T23:45:41.855+0000] {base.py:73} INFO - Using connection ID 'fs_default' for task execution.
[2024-02-19T23:45:41.856+0000] {filesystem.py:64} INFO - Poking for file D:/Github/Projeto_Airflow/***/data/dados.json
[2024-02-19T23:45:51.877+0000] {base.py:73} INFO - Using connection ID 'fs_default' for task execution.
[2024-02-19T23:45:51.878+0000] {filesystem.py:64} INFO - Poking for file D:/Github/Projeto_Airflow/***/data/dados.json
[2024-02-19T23:46:01.903+0000] {base.py:73} INFO - Using connection ID 'fs_default' for task execution.
[2024-02-19T23:46:01.905+0000] {filesystem.py:64} INFO - Poking for file D:/Github/Projeto_Airflow/***/data/dados.json
[2024-02-19T23:46:11.927+0000] {base.py:73} INFO - Using connection ID 'fs_default' for task execution.
[2024-02-19T23:46:11.928+0000] {filesystem.py:64} INFO - Poking for file D:/Github/Projeto_Airflow/***/data/dados.json
[2024-02-19T23:46:21.944+0000] {base.py:73} INFO - Using connection ID 'fs_default' for task execution.
[2024-02-19T23:46:21.945+0000] {filesystem.py:64} INFO - Poking for file D:/Github/Projeto_Airflow/***/data/dados.json
[2024-02-19T23:46:31.961+0000] {base.py:73} INFO - Using connection ID 'fs_default' for task execution.
[2024-02-19T23:46:31.963+0000] {filesystem.py:64} INFO - Poking for file D:/Github/Projeto_Airflow/***/data/dados.json
[2024-02-19T23:46:41.987+0000] {base.py:73} INFO - Using connection ID 'fs_default' for task execution.
[2024-02-19T23:46:41.988+0000] {filesystem.py:64} INFO - Poking for file D:/Github/Projeto_Airflow/***/data/dados.json
[2024-02-19T23:46:52.013+0000] {base.py:73} INFO - Using connection ID 'fs_default' for task execution.
[2024-02-19T23:46:52.014+0000] {filesystem.py:64} INFO - Poking for file D:/Github/Projeto_Airflow/***/data/dados.json
[2024-02-19T23:47:02.031+0000] {base.py:73} INFO - Using connection ID 'fs_default' for task execution.
[2024-02-19T23:47:02.031+0000] {filesystem.py:64} INFO - Poking for file D:/Github/Projeto_Airflow/***/data/dados.json
[2024-02-19T23:47:12.044+0000] {base.py:73} INFO - Using connection ID 'fs_default' for task execution.
[2024-02-19T23:47:12.045+0000] {filesystem.py:64} INFO - Poking for file D:/Github/Projeto_Airflow/***/data/dados.json
[2024-02-19T23:47:22.062+0000] {base.py:73} INFO - Using connection ID 'fs_default' for task execution.
[2024-02-19T23:47:22.063+0000] {filesystem.py:64} INFO - Poking for file D:/Github/Projeto_Airflow/***/data/dados.json
[2024-02-19T23:47:32.089+0000] {base.py:73} INFO - Using connection ID 'fs_default' for task execution.
[2024-02-19T23:47:32.091+0000] {filesystem.py:64} INFO - Poking for file D:/Github/Projeto_Airflow/***/data/dados.json
[2024-02-19T23:47:42.119+0000] {base.py:73} INFO - Using connection ID 'fs_default' for task execution.
[2024-02-19T23:47:42.128+0000] {filesystem.py:64} INFO - Poking for file D:/Github/Projeto_Airflow/***/data/dados.json
[2024-02-19T23:47:52.173+0000] {base.py:73} INFO - Using connection ID 'fs_default' for task execution.
[2024-02-19T23:47:52.174+0000] {filesystem.py:64} INFO - Poking for file D:/Github/Projeto_Airflow/***/data/dados.json
[2024-02-19T23:48:02.196+0000] {base.py:73} INFO - Using connection ID 'fs_default' for task execution.
[2024-02-19T23:48:02.197+0000] {filesystem.py:64} INFO - Poking for file D:/Github/Projeto_Airflow/***/data/dados.json
[2024-02-19T23:48:12.218+0000] {base.py:73} INFO - Using connection ID 'fs_default' for task execution.
[2024-02-19T23:48:12.219+0000] {filesystem.py:64} INFO - Poking for file D:/Github/Projeto_Airflow/***/data/dados.json
[2024-02-19T23:48:22.237+0000] {base.py:73} INFO - Using connection ID 'fs_default' for task execution.
[2024-02-19T23:48:22.238+0000] {filesystem.py:64} INFO - Poking for file D:/Github/Projeto_Airflow/***/data/dados.json
[2024-02-19T23:48:32.256+0000] {base.py:73} INFO - Using connection ID 'fs_default' for task execution.
[2024-02-19T23:48:32.257+0000] {filesystem.py:64} INFO - Poking for file D:/Github/Projeto_Airflow/***/data/dados.json
[2024-02-19T23:48:42.278+0000] {base.py:73} INFO - Using connection ID 'fs_default' for task execution.
[2024-02-19T23:48:42.279+0000] {filesystem.py:64} INFO - Poking for file D:/Github/Projeto_Airflow/***/data/dados.json
[2024-02-19T23:48:52.301+0000] {base.py:73} INFO - Using connection ID 'fs_default' for task execution.
[2024-02-19T23:48:52.302+0000] {filesystem.py:64} INFO - Poking for file D:/Github/Projeto_Airflow/***/data/dados.json
[2024-02-19T23:49:02.327+0000] {base.py:73} INFO - Using connection ID 'fs_default' for task execution.
[2024-02-19T23:49:02.331+0000] {filesystem.py:64} INFO - Poking for file D:/Github/Projeto_Airflow/***/data/dados.json
[2024-02-19T23:49:12.344+0000] {base.py:73} INFO - Using connection ID 'fs_default' for task execution.
[2024-02-19T23:49:12.344+0000] {filesystem.py:64} INFO - Poking for file D:/Github/Projeto_Airflow/***/data/dados.json
[2024-02-19T23:49:22.369+0000] {base.py:73} INFO - Using connection ID 'fs_default' for task execution.
[2024-02-19T23:49:22.370+0000] {filesystem.py:64} INFO - Poking for file D:/Github/Projeto_Airflow/***/data/dados.json
[2024-02-19T23:49:32.383+0000] {base.py:73} INFO - Using connection ID 'fs_default' for task execution.
[2024-02-19T23:49:32.384+0000] {filesystem.py:64} INFO - Poking for file D:/Github/Projeto_Airflow/***/data/dados.json
[2024-02-19T23:49:42.401+0000] {base.py:73} INFO - Using connection ID 'fs_default' for task execution.
[2024-02-19T23:49:42.401+0000] {filesystem.py:64} INFO - Poking for file D:/Github/Projeto_Airflow/***/data/dados.json
[2024-02-19T23:49:52.423+0000] {base.py:73} INFO - Using connection ID 'fs_default' for task execution.
[2024-02-19T23:49:52.424+0000] {filesystem.py:64} INFO - Poking for file D:/Github/Projeto_Airflow/***/data/dados.json
[2024-02-19T23:50:02.452+0000] {base.py:73} INFO - Using connection ID 'fs_default' for task execution.
[2024-02-19T23:50:02.454+0000] {filesystem.py:64} INFO - Poking for file D:/Github/Projeto_Airflow/***/data/dados.json
[2024-02-19T23:50:12.477+0000] {base.py:73} INFO - Using connection ID 'fs_default' for task execution.
[2024-02-19T23:50:12.479+0000] {filesystem.py:64} INFO - Poking for file D:/Github/Projeto_Airflow/***/data/dados.json
[2024-02-19T23:50:22.501+0000] {base.py:73} INFO - Using connection ID 'fs_default' for task execution.
[2024-02-19T23:50:22.502+0000] {filesystem.py:64} INFO - Poking for file D:/Github/Projeto_Airflow/***/data/dados.json
[2024-02-19T23:50:32.512+0000] {base.py:73} INFO - Using connection ID 'fs_default' for task execution.
[2024-02-19T23:50:32.513+0000] {filesystem.py:64} INFO - Poking for file D:/Github/Projeto_Airflow/***/data/dados.json
[2024-02-19T23:50:42.529+0000] {base.py:73} INFO - Using connection ID 'fs_default' for task execution.
[2024-02-19T23:50:42.530+0000] {filesystem.py:64} INFO - Poking for file D:/Github/Projeto_Airflow/***/data/dados.json
[2024-02-19T23:50:52.552+0000] {base.py:73} INFO - Using connection ID 'fs_default' for task execution.
[2024-02-19T23:50:52.553+0000] {filesystem.py:64} INFO - Poking for file D:/Github/Projeto_Airflow/***/data/dados.json
[2024-02-19T23:51:02.570+0000] {base.py:73} INFO - Using connection ID 'fs_default' for task execution.
[2024-02-19T23:51:02.571+0000] {filesystem.py:64} INFO - Poking for file D:/Github/Projeto_Airflow/***/data/dados.json
[2024-02-19T23:51:12.593+0000] {base.py:73} INFO - Using connection ID 'fs_default' for task execution.
[2024-02-19T23:51:12.594+0000] {filesystem.py:64} INFO - Poking for file D:/Github/Projeto_Airflow/***/data/dados.json
[2024-02-19T23:51:22.614+0000] {base.py:73} INFO - Using connection ID 'fs_default' for task execution.
[2024-02-19T23:51:22.615+0000] {filesystem.py:64} INFO - Poking for file D:/Github/Projeto_Airflow/***/data/dados.json
[2024-02-19T23:51:32.633+0000] {base.py:73} INFO - Using connection ID 'fs_default' for task execution.
[2024-02-19T23:51:32.634+0000] {filesystem.py:64} INFO - Poking for file D:/Github/Projeto_Airflow/***/data/dados.json
[2024-02-19T23:51:42.646+0000] {base.py:73} INFO - Using connection ID 'fs_default' for task execution.
[2024-02-19T23:51:42.647+0000] {filesystem.py:64} INFO - Poking for file D:/Github/Projeto_Airflow/***/data/dados.json
[2024-02-19T23:51:52.664+0000] {base.py:73} INFO - Using connection ID 'fs_default' for task execution.
[2024-02-19T23:51:52.665+0000] {filesystem.py:64} INFO - Poking for file D:/Github/Projeto_Airflow/***/data/dados.json
[2024-02-19T23:52:02.678+0000] {base.py:73} INFO - Using connection ID 'fs_default' for task execution.
[2024-02-19T23:52:02.679+0000] {filesystem.py:64} INFO - Poking for file D:/Github/Projeto_Airflow/***/data/dados.json
[2024-02-19T23:52:12.696+0000] {base.py:73} INFO - Using connection ID 'fs_default' for task execution.
[2024-02-19T23:52:12.696+0000] {filesystem.py:64} INFO - Poking for file D:/Github/Projeto_Airflow/***/data/dados.json
[2024-02-19T23:52:22.716+0000] {base.py:73} INFO - Using connection ID 'fs_default' for task execution.
[2024-02-19T23:52:22.716+0000] {filesystem.py:64} INFO - Poking for file D:/Github/Projeto_Airflow/***/data/dados.json
[2024-02-19T23:52:32.730+0000] {base.py:73} INFO - Using connection ID 'fs_default' for task execution.
[2024-02-19T23:52:32.731+0000] {filesystem.py:64} INFO - Poking for file D:/Github/Projeto_Airflow/***/data/dados.json
[2024-02-19T23:52:42.746+0000] {base.py:73} INFO - Using connection ID 'fs_default' for task execution.
[2024-02-19T23:52:42.747+0000] {filesystem.py:64} INFO - Poking for file D:/Github/Projeto_Airflow/***/data/dados.json
[2024-02-19T23:52:52.756+0000] {base.py:73} INFO - Using connection ID 'fs_default' for task execution.
[2024-02-19T23:52:52.757+0000] {filesystem.py:64} INFO - Poking for file D:/Github/Projeto_Airflow/***/data/dados.json
[2024-02-19T23:53:02.774+0000] {base.py:73} INFO - Using connection ID 'fs_default' for task execution.
[2024-02-19T23:53:02.775+0000] {filesystem.py:64} INFO - Poking for file D:/Github/Projeto_Airflow/***/data/dados.json
[2024-02-19T23:53:12.797+0000] {base.py:73} INFO - Using connection ID 'fs_default' for task execution.
[2024-02-19T23:53:12.799+0000] {filesystem.py:64} INFO - Poking for file D:/Github/Projeto_Airflow/***/data/dados.json
[2024-02-19T23:53:22.820+0000] {base.py:73} INFO - Using connection ID 'fs_default' for task execution.
[2024-02-19T23:53:22.821+0000] {filesystem.py:64} INFO - Poking for file D:/Github/Projeto_Airflow/***/data/dados.json
[2024-02-19T23:53:32.842+0000] {base.py:73} INFO - Using connection ID 'fs_default' for task execution.
[2024-02-19T23:53:32.843+0000] {filesystem.py:64} INFO - Poking for file D:/Github/Projeto_Airflow/***/data/dados.json
