[2024-02-20T11:22:11.285+0000] {taskinstance.py:1083} INFO - Dependencies all met for <TaskInstance: windturbine.file_sensor_task scheduled__2024-02-19T23:40:00+00:00 [queued]>
[2024-02-20T11:22:11.303+0000] {taskinstance.py:1083} INFO - Dependencies all met for <TaskInstance: windturbine.file_sensor_task scheduled__2024-02-19T23:40:00+00:00 [queued]>
[2024-02-20T11:22:11.304+0000] {taskinstance.py:1279} INFO - 
--------------------------------------------------------------------------------
[2024-02-20T11:22:11.305+0000] {taskinstance.py:1280} INFO - Starting attempt 2 of 2
[2024-02-20T11:22:11.305+0000] {taskinstance.py:1281} INFO - 
--------------------------------------------------------------------------------
[2024-02-20T11:22:11.329+0000] {taskinstance.py:1300} INFO - Executing <Task(FileSensor): file_sensor_task> on 2024-02-19 23:40:00+00:00
[2024-02-20T11:22:11.337+0000] {standard_task_runner.py:55} INFO - Started process 109 to run task
[2024-02-20T11:22:11.344+0000] {standard_task_runner.py:82} INFO - Running: ['***', 'tasks', 'run', 'windturbine', 'file_sensor_task', 'scheduled__2024-02-19T23:40:00+00:00', '--job-id', '385', '--raw', '--subdir', 'DAGS_FOLDER/windturbine.py', '--cfg-path', '/tmp/tmpz_zeuzhr']
[2024-02-20T11:22:11.346+0000] {standard_task_runner.py:83} INFO - Job 385: Subtask file_sensor_task
[2024-02-20T11:22:11.466+0000] {task_command.py:388} INFO - Running <TaskInstance: windturbine.file_sensor_task scheduled__2024-02-19T23:40:00+00:00 [running]> on host 3718df233244
[2024-02-20T11:22:11.594+0000] {taskinstance.py:1509} INFO - Exporting the following env vars:
AIRFLOW_CTX_DAG_EMAIL=geronimomorais1617@gmail.com
AIRFLOW_CTX_DAG_OWNER=***
AIRFLOW_CTX_DAG_ID=windturbine
AIRFLOW_CTX_TASK_ID=file_sensor_task
AIRFLOW_CTX_EXECUTION_DATE=2024-02-19T23:40:00+00:00
AIRFLOW_CTX_TRY_NUMBER=2
AIRFLOW_CTX_DAG_RUN_ID=scheduled__2024-02-19T23:40:00+00:00
[2024-02-20T11:22:11.611+0000] {base.py:73} INFO - Using connection ID 'fs_default' for task execution.
[2024-02-20T11:22:11.611+0000] {filesystem.py:64} INFO - Poking for file D:/Github/Projeto_Airflow/***/data/dados.json
[2024-02-20T11:22:21.625+0000] {base.py:73} INFO - Using connection ID 'fs_default' for task execution.
[2024-02-20T11:22:21.627+0000] {filesystem.py:64} INFO - Poking for file D:/Github/Projeto_Airflow/***/data/dados.json
[2024-02-20T11:22:31.642+0000] {base.py:73} INFO - Using connection ID 'fs_default' for task execution.
[2024-02-20T11:22:31.643+0000] {filesystem.py:64} INFO - Poking for file D:/Github/Projeto_Airflow/***/data/dados.json
[2024-02-20T11:22:41.658+0000] {base.py:73} INFO - Using connection ID 'fs_default' for task execution.
[2024-02-20T11:22:41.658+0000] {filesystem.py:64} INFO - Poking for file D:/Github/Projeto_Airflow/***/data/dados.json
[2024-02-20T11:22:51.676+0000] {base.py:73} INFO - Using connection ID 'fs_default' for task execution.
[2024-02-20T11:22:51.677+0000] {filesystem.py:64} INFO - Poking for file D:/Github/Projeto_Airflow/***/data/dados.json
[2024-02-20T11:23:01.698+0000] {base.py:73} INFO - Using connection ID 'fs_default' for task execution.
[2024-02-20T11:23:01.699+0000] {filesystem.py:64} INFO - Poking for file D:/Github/Projeto_Airflow/***/data/dados.json
[2024-02-20T11:23:11.709+0000] {base.py:73} INFO - Using connection ID 'fs_default' for task execution.
[2024-02-20T11:23:11.710+0000] {filesystem.py:64} INFO - Poking for file D:/Github/Projeto_Airflow/***/data/dados.json
[2024-02-20T11:23:21.722+0000] {base.py:73} INFO - Using connection ID 'fs_default' for task execution.
[2024-02-20T11:23:21.722+0000] {filesystem.py:64} INFO - Poking for file D:/Github/Projeto_Airflow/***/data/dados.json
[2024-02-20T11:23:31.742+0000] {base.py:73} INFO - Using connection ID 'fs_default' for task execution.
[2024-02-20T11:23:31.743+0000] {filesystem.py:64} INFO - Poking for file D:/Github/Projeto_Airflow/***/data/dados.json
[2024-02-20T11:23:41.759+0000] {base.py:73} INFO - Using connection ID 'fs_default' for task execution.
[2024-02-20T11:23:41.759+0000] {filesystem.py:64} INFO - Poking for file D:/Github/Projeto_Airflow/***/data/dados.json
[2024-02-20T11:23:51.770+0000] {base.py:73} INFO - Using connection ID 'fs_default' for task execution.
[2024-02-20T11:23:51.771+0000] {filesystem.py:64} INFO - Poking for file D:/Github/Projeto_Airflow/***/data/dados.json
[2024-02-20T11:24:01.787+0000] {base.py:73} INFO - Using connection ID 'fs_default' for task execution.
[2024-02-20T11:24:01.787+0000] {filesystem.py:64} INFO - Poking for file D:/Github/Projeto_Airflow/***/data/dados.json
[2024-02-20T11:24:11.819+0000] {base.py:73} INFO - Using connection ID 'fs_default' for task execution.
[2024-02-20T11:24:11.820+0000] {filesystem.py:64} INFO - Poking for file D:/Github/Projeto_Airflow/***/data/dados.json
[2024-02-20T11:24:21.837+0000] {base.py:73} INFO - Using connection ID 'fs_default' for task execution.
[2024-02-20T11:24:21.838+0000] {filesystem.py:64} INFO - Poking for file D:/Github/Projeto_Airflow/***/data/dados.json
[2024-02-20T11:24:31.849+0000] {base.py:73} INFO - Using connection ID 'fs_default' for task execution.
[2024-02-20T11:24:31.850+0000] {filesystem.py:64} INFO - Poking for file D:/Github/Projeto_Airflow/***/data/dados.json
[2024-02-20T11:24:41.861+0000] {base.py:73} INFO - Using connection ID 'fs_default' for task execution.
[2024-02-20T11:24:41.863+0000] {filesystem.py:64} INFO - Poking for file D:/Github/Projeto_Airflow/***/data/dados.json
[2024-02-20T11:24:51.879+0000] {base.py:73} INFO - Using connection ID 'fs_default' for task execution.
[2024-02-20T11:24:51.880+0000] {filesystem.py:64} INFO - Poking for file D:/Github/Projeto_Airflow/***/data/dados.json
[2024-02-20T11:25:01.895+0000] {base.py:73} INFO - Using connection ID 'fs_default' for task execution.
[2024-02-20T11:25:01.895+0000] {filesystem.py:64} INFO - Poking for file D:/Github/Projeto_Airflow/***/data/dados.json
[2024-02-20T11:25:11.917+0000] {base.py:73} INFO - Using connection ID 'fs_default' for task execution.
[2024-02-20T11:25:11.917+0000] {filesystem.py:64} INFO - Poking for file D:/Github/Projeto_Airflow/***/data/dados.json
[2024-02-20T11:25:21.935+0000] {base.py:73} INFO - Using connection ID 'fs_default' for task execution.
[2024-02-20T11:25:21.935+0000] {filesystem.py:64} INFO - Poking for file D:/Github/Projeto_Airflow/***/data/dados.json
[2024-02-20T11:25:31.949+0000] {base.py:73} INFO - Using connection ID 'fs_default' for task execution.
[2024-02-20T11:25:31.950+0000] {filesystem.py:64} INFO - Poking for file D:/Github/Projeto_Airflow/***/data/dados.json
[2024-02-20T11:25:41.960+0000] {base.py:73} INFO - Using connection ID 'fs_default' for task execution.
[2024-02-20T11:25:41.961+0000] {filesystem.py:64} INFO - Poking for file D:/Github/Projeto_Airflow/***/data/dados.json
[2024-02-20T11:25:51.970+0000] {base.py:73} INFO - Using connection ID 'fs_default' for task execution.
[2024-02-20T11:25:51.971+0000] {filesystem.py:64} INFO - Poking for file D:/Github/Projeto_Airflow/***/data/dados.json
[2024-02-20T11:26:01.990+0000] {base.py:73} INFO - Using connection ID 'fs_default' for task execution.
[2024-02-20T11:26:01.990+0000] {filesystem.py:64} INFO - Poking for file D:/Github/Projeto_Airflow/***/data/dados.json
[2024-02-20T11:26:12.009+0000] {base.py:73} INFO - Using connection ID 'fs_default' for task execution.
[2024-02-20T11:26:12.010+0000] {filesystem.py:64} INFO - Poking for file D:/Github/Projeto_Airflow/***/data/dados.json
[2024-02-20T11:26:22.032+0000] {base.py:73} INFO - Using connection ID 'fs_default' for task execution.
[2024-02-20T11:26:22.033+0000] {filesystem.py:64} INFO - Poking for file D:/Github/Projeto_Airflow/***/data/dados.json
[2024-02-20T11:26:32.050+0000] {base.py:73} INFO - Using connection ID 'fs_default' for task execution.
[2024-02-20T11:26:32.050+0000] {filesystem.py:64} INFO - Poking for file D:/Github/Projeto_Airflow/***/data/dados.json
[2024-02-20T11:26:42.066+0000] {base.py:73} INFO - Using connection ID 'fs_default' for task execution.
[2024-02-20T11:26:42.066+0000] {filesystem.py:64} INFO - Poking for file D:/Github/Projeto_Airflow/***/data/dados.json
[2024-02-20T11:26:52.078+0000] {base.py:73} INFO - Using connection ID 'fs_default' for task execution.
[2024-02-20T11:26:52.079+0000] {filesystem.py:64} INFO - Poking for file D:/Github/Projeto_Airflow/***/data/dados.json
[2024-02-20T11:27:02.090+0000] {base.py:73} INFO - Using connection ID 'fs_default' for task execution.
[2024-02-20T11:27:02.090+0000] {filesystem.py:64} INFO - Poking for file D:/Github/Projeto_Airflow/***/data/dados.json
[2024-02-20T11:27:12.108+0000] {base.py:73} INFO - Using connection ID 'fs_default' for task execution.
[2024-02-20T11:27:12.108+0000] {filesystem.py:64} INFO - Poking for file D:/Github/Projeto_Airflow/***/data/dados.json
[2024-02-20T11:27:22.119+0000] {base.py:73} INFO - Using connection ID 'fs_default' for task execution.
[2024-02-20T11:27:22.120+0000] {filesystem.py:64} INFO - Poking for file D:/Github/Projeto_Airflow/***/data/dados.json
[2024-02-20T11:27:32.138+0000] {base.py:73} INFO - Using connection ID 'fs_default' for task execution.
[2024-02-20T11:27:32.139+0000] {filesystem.py:64} INFO - Poking for file D:/Github/Projeto_Airflow/***/data/dados.json
[2024-02-20T11:27:42.152+0000] {base.py:73} INFO - Using connection ID 'fs_default' for task execution.
[2024-02-20T11:27:42.153+0000] {filesystem.py:64} INFO - Poking for file D:/Github/Projeto_Airflow/***/data/dados.json
[2024-02-20T11:27:52.169+0000] {base.py:73} INFO - Using connection ID 'fs_default' for task execution.
[2024-02-20T11:27:52.170+0000] {filesystem.py:64} INFO - Poking for file D:/Github/Projeto_Airflow/***/data/dados.json
[2024-02-20T11:28:02.187+0000] {base.py:73} INFO - Using connection ID 'fs_default' for task execution.
[2024-02-20T11:28:02.188+0000] {filesystem.py:64} INFO - Poking for file D:/Github/Projeto_Airflow/***/data/dados.json
[2024-02-20T11:28:12.208+0000] {base.py:73} INFO - Using connection ID 'fs_default' for task execution.
[2024-02-20T11:28:12.209+0000] {filesystem.py:64} INFO - Poking for file D:/Github/Projeto_Airflow/***/data/dados.json
[2024-02-20T11:28:22.218+0000] {base.py:73} INFO - Using connection ID 'fs_default' for task execution.
[2024-02-20T11:28:22.219+0000] {filesystem.py:64} INFO - Poking for file D:/Github/Projeto_Airflow/***/data/dados.json
[2024-02-20T11:28:32.241+0000] {base.py:73} INFO - Using connection ID 'fs_default' for task execution.
[2024-02-20T11:28:32.242+0000] {filesystem.py:64} INFO - Poking for file D:/Github/Projeto_Airflow/***/data/dados.json
[2024-02-20T11:28:42.260+0000] {base.py:73} INFO - Using connection ID 'fs_default' for task execution.
[2024-02-20T11:28:42.260+0000] {filesystem.py:64} INFO - Poking for file D:/Github/Projeto_Airflow/***/data/dados.json
[2024-02-20T11:28:52.279+0000] {base.py:73} INFO - Using connection ID 'fs_default' for task execution.
[2024-02-20T11:28:52.279+0000] {filesystem.py:64} INFO - Poking for file D:/Github/Projeto_Airflow/***/data/dados.json
[2024-02-20T11:29:02.297+0000] {base.py:73} INFO - Using connection ID 'fs_default' for task execution.
[2024-02-20T11:29:02.298+0000] {filesystem.py:64} INFO - Poking for file D:/Github/Projeto_Airflow/***/data/dados.json
[2024-02-20T11:29:12.310+0000] {base.py:73} INFO - Using connection ID 'fs_default' for task execution.
[2024-02-20T11:29:12.311+0000] {filesystem.py:64} INFO - Poking for file D:/Github/Projeto_Airflow/***/data/dados.json
[2024-02-20T11:29:22.327+0000] {base.py:73} INFO - Using connection ID 'fs_default' for task execution.
[2024-02-20T11:29:22.328+0000] {filesystem.py:64} INFO - Poking for file D:/Github/Projeto_Airflow/***/data/dados.json
[2024-02-20T11:29:32.342+0000] {base.py:73} INFO - Using connection ID 'fs_default' for task execution.
[2024-02-20T11:29:32.343+0000] {filesystem.py:64} INFO - Poking for file D:/Github/Projeto_Airflow/***/data/dados.json
[2024-02-20T11:29:42.359+0000] {base.py:73} INFO - Using connection ID 'fs_default' for task execution.
[2024-02-20T11:29:42.360+0000] {filesystem.py:64} INFO - Poking for file D:/Github/Projeto_Airflow/***/data/dados.json
[2024-02-20T11:29:52.372+0000] {base.py:73} INFO - Using connection ID 'fs_default' for task execution.
[2024-02-20T11:29:52.373+0000] {filesystem.py:64} INFO - Poking for file D:/Github/Projeto_Airflow/***/data/dados.json
[2024-02-20T11:30:02.392+0000] {base.py:73} INFO - Using connection ID 'fs_default' for task execution.
[2024-02-20T11:30:02.393+0000] {filesystem.py:64} INFO - Poking for file D:/Github/Projeto_Airflow/***/data/dados.json
[2024-02-20T11:30:12.408+0000] {base.py:73} INFO - Using connection ID 'fs_default' for task execution.
[2024-02-20T11:30:12.408+0000] {filesystem.py:64} INFO - Poking for file D:/Github/Projeto_Airflow/***/data/dados.json
[2024-02-20T11:30:22.424+0000] {base.py:73} INFO - Using connection ID 'fs_default' for task execution.
[2024-02-20T11:30:22.425+0000] {filesystem.py:64} INFO - Poking for file D:/Github/Projeto_Airflow/***/data/dados.json
[2024-02-20T11:30:32.449+0000] {base.py:73} INFO - Using connection ID 'fs_default' for task execution.
[2024-02-20T11:30:32.451+0000] {filesystem.py:64} INFO - Poking for file D:/Github/Projeto_Airflow/***/data/dados.json
[2024-02-20T11:30:42.486+0000] {base.py:73} INFO - Using connection ID 'fs_default' for task execution.
[2024-02-20T11:30:42.516+0000] {filesystem.py:64} INFO - Poking for file D:/Github/Projeto_Airflow/***/data/dados.json
[2024-02-20T11:30:52.588+0000] {base.py:73} INFO - Using connection ID 'fs_default' for task execution.
[2024-02-20T11:30:52.589+0000] {filesystem.py:64} INFO - Poking for file D:/Github/Projeto_Airflow/***/data/dados.json
[2024-02-20T11:31:02.655+0000] {base.py:73} INFO - Using connection ID 'fs_default' for task execution.
[2024-02-20T11:31:02.660+0000] {filesystem.py:64} INFO - Poking for file D:/Github/Projeto_Airflow/***/data/dados.json
[2024-02-20T11:31:12.699+0000] {base.py:73} INFO - Using connection ID 'fs_default' for task execution.
[2024-02-20T11:31:12.700+0000] {filesystem.py:64} INFO - Poking for file D:/Github/Projeto_Airflow/***/data/dados.json
[2024-02-20T11:31:22.744+0000] {base.py:73} INFO - Using connection ID 'fs_default' for task execution.
[2024-02-20T11:31:22.747+0000] {filesystem.py:64} INFO - Poking for file D:/Github/Projeto_Airflow/***/data/dados.json
[2024-02-20T11:31:32.773+0000] {base.py:73} INFO - Using connection ID 'fs_default' for task execution.
[2024-02-20T11:31:32.776+0000] {filesystem.py:64} INFO - Poking for file D:/Github/Projeto_Airflow/***/data/dados.json
[2024-02-20T11:31:42.795+0000] {base.py:73} INFO - Using connection ID 'fs_default' for task execution.
[2024-02-20T11:31:42.796+0000] {filesystem.py:64} INFO - Poking for file D:/Github/Projeto_Airflow/***/data/dados.json
[2024-02-20T11:31:52.831+0000] {base.py:73} INFO - Using connection ID 'fs_default' for task execution.
[2024-02-20T11:31:52.833+0000] {filesystem.py:64} INFO - Poking for file D:/Github/Projeto_Airflow/***/data/dados.json
[2024-02-20T11:32:02.885+0000] {base.py:73} INFO - Using connection ID 'fs_default' for task execution.
[2024-02-20T11:32:02.902+0000] {filesystem.py:64} INFO - Poking for file D:/Github/Projeto_Airflow/***/data/dados.json
[2024-02-20T11:32:13.051+0000] {base.py:73} INFO - Using connection ID 'fs_default' for task execution.
[2024-02-20T11:32:13.055+0000] {filesystem.py:64} INFO - Poking for file D:/Github/Projeto_Airflow/***/data/dados.json
[2024-02-20T11:32:17.053+0000] {local_task_job.py:273} WARNING - State of this instance has been externally set to None. Terminating instance.
[2024-02-20T11:32:17.111+0000] {process_utils.py:133} INFO - Sending Signals.SIGTERM to group 109. PIDs of all processes in the group: [109]
[2024-02-20T11:32:17.115+0000] {process_utils.py:84} INFO - Sending the signal Signals.SIGTERM to group 109
[2024-02-20T11:32:17.125+0000] {taskinstance.py:1479} ERROR - Received SIGTERM. Terminating subprocesses.
[2024-02-20T11:32:17.212+0000] {taskinstance.py:1768} ERROR - Task failed with exception
Traceback (most recent call last):
  File "/home/airflow/.local/lib/python3.7/site-packages/airflow/sensors/base.py", line 226, in execute
    time.sleep(self._get_next_poke_interval(started_at, run_duration, try_number))
  File "/home/airflow/.local/lib/python3.7/site-packages/airflow/models/taskinstance.py", line 1481, in signal_handler
    raise AirflowException("Task received SIGTERM signal")
airflow.exceptions.AirflowException: Task received SIGTERM signal
[2024-02-20T11:32:17.363+0000] {taskinstance.py:1323} INFO - Marking task as FAILED. dag_id=windturbine, task_id=file_sensor_task, execution_date=20240219T234000, start_date=20240220T112211, end_date=20240220T113217
[2024-02-20T11:32:17.701+0000] {warnings.py:110} WARNING - /home/***/.local/lib/python3.7/site-packages/***/utils/email.py:152: RemovedInAirflow3Warning: Fetching SMTP credentials from configuration variables will be deprecated in a future release. Please set credentials using a connection instead.
  send_mime_email(e_from=mail_from, e_to=recipients, mime_msg=msg, conn_id=conn_id, dryrun=dryrun)

[2024-02-20T11:32:17.724+0000] {email.py:268} INFO - Email alerting: attempt 1
[2024-02-20T11:32:19.662+0000] {email.py:280} INFO - Sent an alert email to ['geronimomorais1617@gmail.com']
[2024-02-20T11:32:22.859+0000] {standard_task_runner.py:105} ERROR - Failed to execute job 385 for task file_sensor_task (Task received SIGTERM signal; 109)
[2024-02-20T11:32:23.144+0000] {process_utils.py:79} INFO - Process psutil.Process(pid=109, status='terminated', exitcode=1, started='11:22:10') (109) terminated with exit code 1
