[2024-02-19T21:48:02.067+0000] {taskinstance.py:1083} INFO - Dependencies all met for <TaskInstance: windturbine.verified_file scheduled__2024-02-19T21:45:00+00:00 [queued]>
[2024-02-19T21:48:02.087+0000] {taskinstance.py:1083} INFO - Dependencies all met for <TaskInstance: windturbine.verified_file scheduled__2024-02-19T21:45:00+00:00 [queued]>
[2024-02-19T21:48:02.088+0000] {taskinstance.py:1279} INFO - 
--------------------------------------------------------------------------------
[2024-02-19T21:48:02.089+0000] {taskinstance.py:1280} INFO - Starting attempt 1 of 2
[2024-02-19T21:48:02.089+0000] {taskinstance.py:1281} INFO - 
--------------------------------------------------------------------------------
[2024-02-19T21:48:02.121+0000] {taskinstance.py:1300} INFO - Executing <Task(FileSensor): verified_file> on 2024-02-19 21:45:00+00:00
[2024-02-19T21:48:02.127+0000] {standard_task_runner.py:55} INFO - Started process 10534 to run task
[2024-02-19T21:48:02.132+0000] {standard_task_runner.py:82} INFO - Running: ['***', 'tasks', 'run', 'windturbine', 'verified_file', 'scheduled__2024-02-19T21:45:00+00:00', '--job-id', '315', '--raw', '--subdir', 'DAGS_FOLDER/windturbine.py', '--cfg-path', '/tmp/tmp78ym9ea9']
[2024-02-19T21:48:02.134+0000] {standard_task_runner.py:83} INFO - Job 315: Subtask verified_file
[2024-02-19T21:48:02.271+0000] {task_command.py:388} INFO - Running <TaskInstance: windturbine.verified_file scheduled__2024-02-19T21:45:00+00:00 [running]> on host 9276533319a9
[2024-02-19T21:48:02.423+0000] {taskinstance.py:1509} INFO - Exporting the following env vars:
AIRFLOW_CTX_DAG_EMAIL=geronimomorais1617@gmail.com
AIRFLOW_CTX_DAG_OWNER=***
AIRFLOW_CTX_DAG_ID=windturbine
AIRFLOW_CTX_TASK_ID=verified_file
AIRFLOW_CTX_EXECUTION_DATE=2024-02-19T21:45:00+00:00
AIRFLOW_CTX_TRY_NUMBER=1
AIRFLOW_CTX_DAG_RUN_ID=scheduled__2024-02-19T21:45:00+00:00
[2024-02-19T21:48:02.446+0000] {base.py:73} INFO - Using connection ID 'fs_default' for task execution.
[2024-02-19T21:48:02.447+0000] {filesystem.py:64} INFO - Poking for file C:/Users/geron/Documents/dados/dados.json
[2024-02-19T21:48:12.467+0000] {base.py:73} INFO - Using connection ID 'fs_default' for task execution.
[2024-02-19T21:48:12.468+0000] {filesystem.py:64} INFO - Poking for file C:/Users/geron/Documents/dados/dados.json
[2024-02-19T21:48:22.516+0000] {base.py:73} INFO - Using connection ID 'fs_default' for task execution.
[2024-02-19T21:48:22.518+0000] {filesystem.py:64} INFO - Poking for file C:/Users/geron/Documents/dados/dados.json
