[2024-02-19T21:45:12.604+0000] {taskinstance.py:1083} INFO - Dependencies all met for <TaskInstance: windturbine.verified_file manual__2024-02-19T21:45:09.315343+00:00 [queued]>
[2024-02-19T21:45:12.640+0000] {taskinstance.py:1083} INFO - Dependencies all met for <TaskInstance: windturbine.verified_file manual__2024-02-19T21:45:09.315343+00:00 [queued]>
[2024-02-19T21:45:12.642+0000] {taskinstance.py:1279} INFO - 
--------------------------------------------------------------------------------
[2024-02-19T21:45:12.643+0000] {taskinstance.py:1280} INFO - Starting attempt 1 of 2
[2024-02-19T21:45:12.644+0000] {taskinstance.py:1281} INFO - 
--------------------------------------------------------------------------------
[2024-02-19T21:45:12.688+0000] {taskinstance.py:1300} INFO - Executing <Task(FileSensor): verified_file> on 2024-02-19 21:45:09.315343+00:00
[2024-02-19T21:45:12.697+0000] {standard_task_runner.py:55} INFO - Started process 10363 to run task
[2024-02-19T21:45:12.705+0000] {standard_task_runner.py:82} INFO - Running: ['***', 'tasks', 'run', 'windturbine', 'verified_file', 'manual__2024-02-19T21:45:09.315343+00:00', '--job-id', '314', '--raw', '--subdir', 'DAGS_FOLDER/windturbine.py', '--cfg-path', '/tmp/tmpqtayfphd']
[2024-02-19T21:45:12.706+0000] {standard_task_runner.py:83} INFO - Job 314: Subtask verified_file
[2024-02-19T21:45:12.898+0000] {task_command.py:388} INFO - Running <TaskInstance: windturbine.verified_file manual__2024-02-19T21:45:09.315343+00:00 [running]> on host 9276533319a9
[2024-02-19T21:45:13.170+0000] {taskinstance.py:1509} INFO - Exporting the following env vars:
AIRFLOW_CTX_DAG_EMAIL=geronimomorais1617@gmail.com
AIRFLOW_CTX_DAG_OWNER=***
AIRFLOW_CTX_DAG_ID=windturbine
AIRFLOW_CTX_TASK_ID=verified_file
AIRFLOW_CTX_EXECUTION_DATE=2024-02-19T21:45:09.315343+00:00
AIRFLOW_CTX_TRY_NUMBER=1
AIRFLOW_CTX_DAG_RUN_ID=manual__2024-02-19T21:45:09.315343+00:00
[2024-02-19T21:45:13.198+0000] {base.py:73} INFO - Using connection ID 'fs_default' for task execution.
[2024-02-19T21:45:13.200+0000] {filesystem.py:64} INFO - Poking for file /opt/***/data/data.json
[2024-02-19T21:45:23.222+0000] {base.py:73} INFO - Using connection ID 'fs_default' for task execution.
[2024-02-19T21:45:23.223+0000] {filesystem.py:64} INFO - Poking for file /opt/***/data/data.json
[2024-02-19T21:45:33.243+0000] {base.py:73} INFO - Using connection ID 'fs_default' for task execution.
[2024-02-19T21:45:33.243+0000] {filesystem.py:64} INFO - Poking for file /opt/***/data/data.json
[2024-02-19T21:45:43.270+0000] {base.py:73} INFO - Using connection ID 'fs_default' for task execution.
[2024-02-19T21:45:43.271+0000] {filesystem.py:64} INFO - Poking for file /opt/***/data/data.json
[2024-02-19T21:45:53.290+0000] {base.py:73} INFO - Using connection ID 'fs_default' for task execution.
[2024-02-19T21:45:53.290+0000] {filesystem.py:64} INFO - Poking for file /opt/***/data/data.json
[2024-02-19T21:46:03.309+0000] {base.py:73} INFO - Using connection ID 'fs_default' for task execution.
[2024-02-19T21:46:03.310+0000] {filesystem.py:64} INFO - Poking for file /opt/***/data/data.json
[2024-02-19T21:46:13.346+0000] {base.py:73} INFO - Using connection ID 'fs_default' for task execution.
[2024-02-19T21:46:13.405+0000] {filesystem.py:64} INFO - Poking for file /opt/***/data/data.json
[2024-02-19T21:46:23.460+0000] {base.py:73} INFO - Using connection ID 'fs_default' for task execution.
[2024-02-19T21:46:23.461+0000] {filesystem.py:64} INFO - Poking for file /opt/***/data/data.json
[2024-02-19T21:46:33.481+0000] {base.py:73} INFO - Using connection ID 'fs_default' for task execution.
[2024-02-19T21:46:33.482+0000] {filesystem.py:64} INFO - Poking for file /opt/***/data/data.json
[2024-02-19T21:46:43.502+0000] {base.py:73} INFO - Using connection ID 'fs_default' for task execution.
[2024-02-19T21:46:43.503+0000] {filesystem.py:64} INFO - Poking for file /opt/***/data/data.json
[2024-02-19T21:46:53.519+0000] {base.py:73} INFO - Using connection ID 'fs_default' for task execution.
[2024-02-19T21:46:53.520+0000] {filesystem.py:64} INFO - Poking for file /opt/***/data/data.json
[2024-02-19T21:47:03.530+0000] {base.py:73} INFO - Using connection ID 'fs_default' for task execution.
[2024-02-19T21:47:03.531+0000] {filesystem.py:64} INFO - Poking for file /opt/***/data/data.json
[2024-02-19T21:47:13.541+0000] {base.py:73} INFO - Using connection ID 'fs_default' for task execution.
[2024-02-19T21:47:13.542+0000] {filesystem.py:64} INFO - Poking for file /opt/***/data/data.json
[2024-02-19T21:47:23.561+0000] {base.py:73} INFO - Using connection ID 'fs_default' for task execution.
[2024-02-19T21:47:23.562+0000] {filesystem.py:64} INFO - Poking for file /opt/***/data/data.json
[2024-02-19T21:47:33.578+0000] {base.py:73} INFO - Using connection ID 'fs_default' for task execution.
[2024-02-19T21:47:33.578+0000] {filesystem.py:64} INFO - Poking for file /opt/***/data/data.json
[2024-02-19T21:47:43.598+0000] {base.py:73} INFO - Using connection ID 'fs_default' for task execution.
[2024-02-19T21:47:43.599+0000] {filesystem.py:64} INFO - Poking for file /opt/***/data/data.json
[2024-02-19T21:47:53.618+0000] {base.py:73} INFO - Using connection ID 'fs_default' for task execution.
[2024-02-19T21:47:53.619+0000] {filesystem.py:64} INFO - Poking for file /opt/***/data/data.json
[2024-02-19T21:48:03.640+0000] {base.py:73} INFO - Using connection ID 'fs_default' for task execution.
[2024-02-19T21:48:03.641+0000] {filesystem.py:64} INFO - Poking for file /opt/***/data/data.json
[2024-02-19T21:48:13.659+0000] {base.py:73} INFO - Using connection ID 'fs_default' for task execution.
[2024-02-19T21:48:13.667+0000] {filesystem.py:64} INFO - Poking for file /opt/***/data/data.json
[2024-02-19T21:48:23.680+0000] {base.py:73} INFO - Using connection ID 'fs_default' for task execution.
[2024-02-19T21:48:23.681+0000] {filesystem.py:64} INFO - Poking for file /opt/***/data/data.json
