[2024-02-19T21:35:50.901+0000] {taskinstance.py:1083} INFO - Dependencies all met for <TaskInstance: windturbine.verified_file manual__2024-02-19T21:35:47.800243+00:00 [queued]>
[2024-02-19T21:35:50.922+0000] {taskinstance.py:1083} INFO - Dependencies all met for <TaskInstance: windturbine.verified_file manual__2024-02-19T21:35:47.800243+00:00 [queued]>
[2024-02-19T21:35:50.923+0000] {taskinstance.py:1279} INFO - 
--------------------------------------------------------------------------------
[2024-02-19T21:35:50.924+0000] {taskinstance.py:1280} INFO - Starting attempt 1 of 2
[2024-02-19T21:35:50.924+0000] {taskinstance.py:1281} INFO - 
--------------------------------------------------------------------------------
[2024-02-19T21:35:50.961+0000] {taskinstance.py:1300} INFO - Executing <Task(FileSensor): verified_file> on 2024-02-19 21:35:47.800243+00:00
[2024-02-19T21:35:50.969+0000] {standard_task_runner.py:55} INFO - Started process 9774 to run task
[2024-02-19T21:35:50.977+0000] {standard_task_runner.py:82} INFO - Running: ['***', 'tasks', 'run', 'windturbine', 'verified_file', 'manual__2024-02-19T21:35:47.800243+00:00', '--job-id', '309', '--raw', '--subdir', 'DAGS_FOLDER/windturbine.py', '--cfg-path', '/tmp/tmpdasad6e6']
[2024-02-19T21:35:50.978+0000] {standard_task_runner.py:83} INFO - Job 309: Subtask verified_file
[2024-02-19T21:35:51.212+0000] {task_command.py:388} INFO - Running <TaskInstance: windturbine.verified_file manual__2024-02-19T21:35:47.800243+00:00 [running]> on host 9276533319a9
[2024-02-19T21:35:51.503+0000] {taskinstance.py:1509} INFO - Exporting the following env vars:
AIRFLOW_CTX_DAG_EMAIL=geronimomorais1617@gmail.com
AIRFLOW_CTX_DAG_OWNER=***
AIRFLOW_CTX_DAG_ID=windturbine
AIRFLOW_CTX_TASK_ID=verified_file
AIRFLOW_CTX_EXECUTION_DATE=2024-02-19T21:35:47.800243+00:00
AIRFLOW_CTX_TRY_NUMBER=1
AIRFLOW_CTX_DAG_RUN_ID=manual__2024-02-19T21:35:47.800243+00:00
[2024-02-19T21:35:51.571+0000] {base.py:73} INFO - Using connection ID 'fs_default' for task execution.
[2024-02-19T21:35:51.573+0000] {filesystem.py:64} INFO - Poking for file /opt/***/data/data.json
[2024-02-19T21:36:01.594+0000] {base.py:73} INFO - Using connection ID 'fs_default' for task execution.
[2024-02-19T21:36:01.595+0000] {filesystem.py:64} INFO - Poking for file /opt/***/data/data.json
[2024-02-19T21:36:11.609+0000] {base.py:73} INFO - Using connection ID 'fs_default' for task execution.
[2024-02-19T21:36:11.614+0000] {filesystem.py:64} INFO - Poking for file /opt/***/data/data.json
[2024-02-19T21:36:21.633+0000] {base.py:73} INFO - Using connection ID 'fs_default' for task execution.
[2024-02-19T21:36:21.634+0000] {filesystem.py:64} INFO - Poking for file /opt/***/data/data.json
[2024-02-19T21:36:31.657+0000] {base.py:73} INFO - Using connection ID 'fs_default' for task execution.
[2024-02-19T21:36:31.657+0000] {filesystem.py:64} INFO - Poking for file /opt/***/data/data.json
[2024-02-19T21:36:41.679+0000] {base.py:73} INFO - Using connection ID 'fs_default' for task execution.
[2024-02-19T21:36:41.681+0000] {filesystem.py:64} INFO - Poking for file /opt/***/data/data.json
[2024-02-19T21:36:51.698+0000] {base.py:73} INFO - Using connection ID 'fs_default' for task execution.
[2024-02-19T21:36:51.698+0000] {filesystem.py:64} INFO - Poking for file /opt/***/data/data.json
[2024-02-19T21:37:01.715+0000] {base.py:73} INFO - Using connection ID 'fs_default' for task execution.
[2024-02-19T21:37:01.716+0000] {filesystem.py:64} INFO - Poking for file /opt/***/data/data.json
[2024-02-19T21:37:11.738+0000] {base.py:73} INFO - Using connection ID 'fs_default' for task execution.
[2024-02-19T21:37:11.738+0000] {filesystem.py:64} INFO - Poking for file /opt/***/data/data.json
[2024-02-19T21:37:21.753+0000] {base.py:73} INFO - Using connection ID 'fs_default' for task execution.
[2024-02-19T21:37:21.754+0000] {filesystem.py:64} INFO - Poking for file /opt/***/data/data.json
[2024-02-19T21:37:31.816+0000] {base.py:73} INFO - Using connection ID 'fs_default' for task execution.
[2024-02-19T21:37:31.819+0000] {filesystem.py:64} INFO - Poking for file /opt/***/data/data.json
[2024-02-19T21:37:41.841+0000] {base.py:73} INFO - Using connection ID 'fs_default' for task execution.
[2024-02-19T21:37:41.843+0000] {filesystem.py:64} INFO - Poking for file /opt/***/data/data.json
[2024-02-19T21:37:51.864+0000] {base.py:73} INFO - Using connection ID 'fs_default' for task execution.
[2024-02-19T21:37:51.864+0000] {filesystem.py:64} INFO - Poking for file /opt/***/data/data.json
[2024-02-19T21:38:01.889+0000] {base.py:73} INFO - Using connection ID 'fs_default' for task execution.
[2024-02-19T21:38:01.890+0000] {filesystem.py:64} INFO - Poking for file /opt/***/data/data.json
[2024-02-19T21:38:11.905+0000] {base.py:73} INFO - Using connection ID 'fs_default' for task execution.
[2024-02-19T21:38:11.906+0000] {filesystem.py:64} INFO - Poking for file /opt/***/data/data.json
[2024-02-19T21:38:21.953+0000] {base.py:73} INFO - Using connection ID 'fs_default' for task execution.
[2024-02-19T21:38:21.958+0000] {filesystem.py:64} INFO - Poking for file /opt/***/data/data.json
[2024-02-19T21:38:31.973+0000] {base.py:73} INFO - Using connection ID 'fs_default' for task execution.
[2024-02-19T21:38:31.974+0000] {filesystem.py:64} INFO - Poking for file /opt/***/data/data.json
[2024-02-19T21:38:41.998+0000] {base.py:73} INFO - Using connection ID 'fs_default' for task execution.
[2024-02-19T21:38:41.999+0000] {filesystem.py:64} INFO - Poking for file /opt/***/data/data.json
[2024-02-19T21:38:52.020+0000] {base.py:73} INFO - Using connection ID 'fs_default' for task execution.
[2024-02-19T21:38:52.021+0000] {filesystem.py:64} INFO - Poking for file /opt/***/data/data.json
[2024-02-19T21:39:02.091+0000] {base.py:73} INFO - Using connection ID 'fs_default' for task execution.
[2024-02-19T21:39:02.114+0000] {filesystem.py:64} INFO - Poking for file /opt/***/data/data.json
[2024-02-19T21:39:12.130+0000] {base.py:73} INFO - Using connection ID 'fs_default' for task execution.
[2024-02-19T21:39:12.131+0000] {filesystem.py:64} INFO - Poking for file /opt/***/data/data.json
[2024-02-19T21:39:22.154+0000] {base.py:73} INFO - Using connection ID 'fs_default' for task execution.
[2024-02-19T21:39:22.158+0000] {filesystem.py:64} INFO - Poking for file /opt/***/data/data.json
[2024-02-19T21:39:32.182+0000] {base.py:73} INFO - Using connection ID 'fs_default' for task execution.
[2024-02-19T21:39:32.184+0000] {filesystem.py:64} INFO - Poking for file /opt/***/data/data.json
[2024-02-19T21:39:42.197+0000] {base.py:73} INFO - Using connection ID 'fs_default' for task execution.
[2024-02-19T21:39:42.198+0000] {filesystem.py:64} INFO - Poking for file /opt/***/data/data.json
[2024-02-19T21:39:52.210+0000] {base.py:73} INFO - Using connection ID 'fs_default' for task execution.
[2024-02-19T21:39:52.211+0000] {filesystem.py:64} INFO - Poking for file /opt/***/data/data.json
[2024-02-19T21:40:02.244+0000] {base.py:73} INFO - Using connection ID 'fs_default' for task execution.
[2024-02-19T21:40:02.248+0000] {filesystem.py:64} INFO - Poking for file /opt/***/data/data.json
[2024-02-19T21:40:12.260+0000] {base.py:73} INFO - Using connection ID 'fs_default' for task execution.
[2024-02-19T21:40:12.261+0000] {filesystem.py:64} INFO - Poking for file /opt/***/data/data.json
[2024-02-19T21:40:22.279+0000] {base.py:73} INFO - Using connection ID 'fs_default' for task execution.
[2024-02-19T21:40:22.280+0000] {filesystem.py:64} INFO - Poking for file /opt/***/data/data.json
[2024-02-19T21:40:32.303+0000] {base.py:73} INFO - Using connection ID 'fs_default' for task execution.
[2024-02-19T21:40:32.304+0000] {filesystem.py:64} INFO - Poking for file /opt/***/data/data.json
[2024-02-19T21:40:42.324+0000] {base.py:73} INFO - Using connection ID 'fs_default' for task execution.
[2024-02-19T21:40:42.325+0000] {filesystem.py:64} INFO - Poking for file /opt/***/data/data.json
[2024-02-19T21:40:52.345+0000] {base.py:73} INFO - Using connection ID 'fs_default' for task execution.
[2024-02-19T21:40:52.346+0000] {filesystem.py:64} INFO - Poking for file /opt/***/data/data.json
[2024-02-19T21:41:02.369+0000] {base.py:73} INFO - Using connection ID 'fs_default' for task execution.
[2024-02-19T21:41:02.373+0000] {filesystem.py:64} INFO - Poking for file /opt/***/data/data.json
[2024-02-19T21:41:12.403+0000] {base.py:73} INFO - Using connection ID 'fs_default' for task execution.
[2024-02-19T21:41:12.404+0000] {filesystem.py:64} INFO - Poking for file /opt/***/data/data.json
[2024-02-19T21:41:22.425+0000] {base.py:73} INFO - Using connection ID 'fs_default' for task execution.
[2024-02-19T21:41:22.426+0000] {filesystem.py:64} INFO - Poking for file /opt/***/data/data.json
[2024-02-19T21:41:32.447+0000] {base.py:73} INFO - Using connection ID 'fs_default' for task execution.
[2024-02-19T21:41:32.448+0000] {filesystem.py:64} INFO - Poking for file /opt/***/data/data.json
[2024-02-19T21:41:42.462+0000] {base.py:73} INFO - Using connection ID 'fs_default' for task execution.
[2024-02-19T21:41:42.463+0000] {filesystem.py:64} INFO - Poking for file /opt/***/data/data.json
[2024-02-19T21:41:52.479+0000] {base.py:73} INFO - Using connection ID 'fs_default' for task execution.
[2024-02-19T21:41:52.480+0000] {filesystem.py:64} INFO - Poking for file /opt/***/data/data.json
[2024-02-19T21:42:02.495+0000] {base.py:73} INFO - Using connection ID 'fs_default' for task execution.
[2024-02-19T21:42:02.495+0000] {filesystem.py:64} INFO - Poking for file /opt/***/data/data.json
[2024-02-19T21:42:12.511+0000] {base.py:73} INFO - Using connection ID 'fs_default' for task execution.
[2024-02-19T21:42:12.512+0000] {filesystem.py:64} INFO - Poking for file /opt/***/data/data.json
[2024-02-19T21:42:22.532+0000] {base.py:73} INFO - Using connection ID 'fs_default' for task execution.
[2024-02-19T21:42:22.533+0000] {filesystem.py:64} INFO - Poking for file /opt/***/data/data.json
[2024-02-19T21:42:32.551+0000] {base.py:73} INFO - Using connection ID 'fs_default' for task execution.
[2024-02-19T21:42:32.552+0000] {filesystem.py:64} INFO - Poking for file /opt/***/data/data.json
[2024-02-19T21:42:42.571+0000] {base.py:73} INFO - Using connection ID 'fs_default' for task execution.
[2024-02-19T21:42:42.572+0000] {filesystem.py:64} INFO - Poking for file /opt/***/data/data.json
[2024-02-19T21:42:52.593+0000] {base.py:73} INFO - Using connection ID 'fs_default' for task execution.
[2024-02-19T21:42:52.594+0000] {filesystem.py:64} INFO - Poking for file /opt/***/data/data.json
[2024-02-19T21:43:02.610+0000] {base.py:73} INFO - Using connection ID 'fs_default' for task execution.
[2024-02-19T21:43:02.611+0000] {filesystem.py:64} INFO - Poking for file /opt/***/data/data.json
[2024-02-19T21:43:12.632+0000] {base.py:73} INFO - Using connection ID 'fs_default' for task execution.
[2024-02-19T21:43:12.633+0000] {filesystem.py:64} INFO - Poking for file /opt/***/data/data.json
[2024-02-19T21:43:22.652+0000] {base.py:73} INFO - Using connection ID 'fs_default' for task execution.
[2024-02-19T21:43:22.654+0000] {filesystem.py:64} INFO - Poking for file /opt/***/data/data.json
[2024-02-19T21:43:32.680+0000] {base.py:73} INFO - Using connection ID 'fs_default' for task execution.
[2024-02-19T21:43:32.721+0000] {filesystem.py:64} INFO - Poking for file /opt/***/data/data.json
[2024-02-19T21:43:42.746+0000] {base.py:73} INFO - Using connection ID 'fs_default' for task execution.
[2024-02-19T21:43:42.748+0000] {filesystem.py:64} INFO - Poking for file /opt/***/data/data.json
[2024-02-19T21:43:52.767+0000] {base.py:73} INFO - Using connection ID 'fs_default' for task execution.
[2024-02-19T21:43:52.768+0000] {filesystem.py:64} INFO - Poking for file /opt/***/data/data.json
[2024-02-19T21:44:02.790+0000] {base.py:73} INFO - Using connection ID 'fs_default' for task execution.
[2024-02-19T21:44:02.793+0000] {filesystem.py:64} INFO - Poking for file /opt/***/data/data.json
[2024-02-19T21:44:12.816+0000] {base.py:73} INFO - Using connection ID 'fs_default' for task execution.
[2024-02-19T21:44:12.819+0000] {filesystem.py:64} INFO - Poking for file /opt/***/data/data.json
[2024-02-19T21:44:22.843+0000] {base.py:73} INFO - Using connection ID 'fs_default' for task execution.
[2024-02-19T21:44:22.844+0000] {filesystem.py:64} INFO - Poking for file /opt/***/data/data.json
[2024-02-19T21:44:32.863+0000] {base.py:73} INFO - Using connection ID 'fs_default' for task execution.
[2024-02-19T21:44:32.865+0000] {filesystem.py:64} INFO - Poking for file /opt/***/data/data.json
[2024-02-19T21:44:42.903+0000] {base.py:73} INFO - Using connection ID 'fs_default' for task execution.
[2024-02-19T21:44:42.905+0000] {filesystem.py:64} INFO - Poking for file /opt/***/data/data.json
[2024-02-19T21:44:52.927+0000] {base.py:73} INFO - Using connection ID 'fs_default' for task execution.
[2024-02-19T21:44:52.928+0000] {filesystem.py:64} INFO - Poking for file /opt/***/data/data.json
[2024-02-19T21:45:02.949+0000] {base.py:73} INFO - Using connection ID 'fs_default' for task execution.
[2024-02-19T21:45:02.950+0000] {filesystem.py:64} INFO - Poking for file /opt/***/data/data.json
[2024-02-19T21:45:12.977+0000] {base.py:73} INFO - Using connection ID 'fs_default' for task execution.
[2024-02-19T21:45:12.979+0000] {filesystem.py:64} INFO - Poking for file /opt/***/data/data.json
[2024-02-19T21:45:22.994+0000] {base.py:73} INFO - Using connection ID 'fs_default' for task execution.
[2024-02-19T21:45:22.995+0000] {filesystem.py:64} INFO - Poking for file /opt/***/data/data.json
[2024-02-19T21:45:33.016+0000] {base.py:73} INFO - Using connection ID 'fs_default' for task execution.
[2024-02-19T21:45:33.016+0000] {filesystem.py:64} INFO - Poking for file /opt/***/data/data.json
[2024-02-19T21:45:43.035+0000] {base.py:73} INFO - Using connection ID 'fs_default' for task execution.
[2024-02-19T21:45:43.036+0000] {filesystem.py:64} INFO - Poking for file /opt/***/data/data.json
[2024-02-19T21:45:53.058+0000] {base.py:73} INFO - Using connection ID 'fs_default' for task execution.
[2024-02-19T21:45:53.059+0000] {filesystem.py:64} INFO - Poking for file /opt/***/data/data.json
[2024-02-19T21:46:03.079+0000] {base.py:73} INFO - Using connection ID 'fs_default' for task execution.
[2024-02-19T21:46:03.080+0000] {filesystem.py:64} INFO - Poking for file /opt/***/data/data.json
[2024-02-19T21:46:13.102+0000] {base.py:73} INFO - Using connection ID 'fs_default' for task execution.
[2024-02-19T21:46:13.103+0000] {filesystem.py:64} INFO - Poking for file /opt/***/data/data.json
[2024-02-19T21:46:23.120+0000] {base.py:73} INFO - Using connection ID 'fs_default' for task execution.
[2024-02-19T21:46:23.121+0000] {filesystem.py:64} INFO - Poking for file /opt/***/data/data.json
[2024-02-19T21:46:33.147+0000] {base.py:73} INFO - Using connection ID 'fs_default' for task execution.
[2024-02-19T21:46:33.149+0000] {filesystem.py:64} INFO - Poking for file /opt/***/data/data.json
[2024-02-19T21:46:43.173+0000] {base.py:73} INFO - Using connection ID 'fs_default' for task execution.
[2024-02-19T21:46:43.174+0000] {filesystem.py:64} INFO - Poking for file /opt/***/data/data.json
[2024-02-19T21:46:53.194+0000] {base.py:73} INFO - Using connection ID 'fs_default' for task execution.
[2024-02-19T21:46:53.195+0000] {filesystem.py:64} INFO - Poking for file /opt/***/data/data.json
[2024-02-19T21:47:03.211+0000] {base.py:73} INFO - Using connection ID 'fs_default' for task execution.
[2024-02-19T21:47:03.212+0000] {filesystem.py:64} INFO - Poking for file /opt/***/data/data.json
[2024-02-19T21:47:13.229+0000] {base.py:73} INFO - Using connection ID 'fs_default' for task execution.
[2024-02-19T21:47:13.230+0000] {filesystem.py:64} INFO - Poking for file /opt/***/data/data.json
[2024-02-19T21:47:23.249+0000] {base.py:73} INFO - Using connection ID 'fs_default' for task execution.
[2024-02-19T21:47:23.250+0000] {filesystem.py:64} INFO - Poking for file /opt/***/data/data.json
[2024-02-19T21:47:33.266+0000] {base.py:73} INFO - Using connection ID 'fs_default' for task execution.
[2024-02-19T21:47:33.267+0000] {filesystem.py:64} INFO - Poking for file /opt/***/data/data.json
[2024-02-19T21:47:43.324+0000] {base.py:73} INFO - Using connection ID 'fs_default' for task execution.
[2024-02-19T21:47:43.326+0000] {filesystem.py:64} INFO - Poking for file /opt/***/data/data.json
[2024-02-19T21:47:53.338+0000] {base.py:73} INFO - Using connection ID 'fs_default' for task execution.
[2024-02-19T21:47:53.339+0000] {filesystem.py:64} INFO - Poking for file /opt/***/data/data.json
[2024-02-19T21:48:03.358+0000] {base.py:73} INFO - Using connection ID 'fs_default' for task execution.
[2024-02-19T21:48:03.359+0000] {filesystem.py:64} INFO - Poking for file /opt/***/data/data.json
[2024-02-19T21:48:13.377+0000] {base.py:73} INFO - Using connection ID 'fs_default' for task execution.
[2024-02-19T21:48:13.378+0000] {filesystem.py:64} INFO - Poking for file /opt/***/data/data.json
[2024-02-19T21:48:23.400+0000] {base.py:73} INFO - Using connection ID 'fs_default' for task execution.
[2024-02-19T21:48:23.402+0000] {filesystem.py:64} INFO - Poking for file /opt/***/data/data.json
