[2024-02-19T21:45:02.039+0000] {taskinstance.py:1083} INFO - Dependencies all met for <TaskInstance: windturbine.verified_file scheduled__2024-02-19T21:42:00+00:00 [queued]>
[2024-02-19T21:45:02.056+0000] {taskinstance.py:1083} INFO - Dependencies all met for <TaskInstance: windturbine.verified_file scheduled__2024-02-19T21:42:00+00:00 [queued]>
[2024-02-19T21:45:02.056+0000] {taskinstance.py:1279} INFO - 
--------------------------------------------------------------------------------
[2024-02-19T21:45:02.057+0000] {taskinstance.py:1280} INFO - Starting attempt 1 of 2
[2024-02-19T21:45:02.057+0000] {taskinstance.py:1281} INFO - 
--------------------------------------------------------------------------------
[2024-02-19T21:45:02.081+0000] {taskinstance.py:1300} INFO - Executing <Task(FileSensor): verified_file> on 2024-02-19 21:42:00+00:00
[2024-02-19T21:45:02.086+0000] {standard_task_runner.py:55} INFO - Started process 10345 to run task
[2024-02-19T21:45:02.090+0000] {standard_task_runner.py:82} INFO - Running: ['***', 'tasks', 'run', 'windturbine', 'verified_file', 'scheduled__2024-02-19T21:42:00+00:00', '--job-id', '313', '--raw', '--subdir', 'DAGS_FOLDER/windturbine.py', '--cfg-path', '/tmp/tmpam7dp0cr']
[2024-02-19T21:45:02.091+0000] {standard_task_runner.py:83} INFO - Job 313: Subtask verified_file
[2024-02-19T21:45:02.179+0000] {task_command.py:388} INFO - Running <TaskInstance: windturbine.verified_file scheduled__2024-02-19T21:42:00+00:00 [running]> on host 9276533319a9
[2024-02-19T21:45:02.289+0000] {taskinstance.py:1509} INFO - Exporting the following env vars:
AIRFLOW_CTX_DAG_EMAIL=geronimomorais1617@gmail.com
AIRFLOW_CTX_DAG_OWNER=***
AIRFLOW_CTX_DAG_ID=windturbine
AIRFLOW_CTX_TASK_ID=verified_file
AIRFLOW_CTX_EXECUTION_DATE=2024-02-19T21:42:00+00:00
AIRFLOW_CTX_TRY_NUMBER=1
AIRFLOW_CTX_DAG_RUN_ID=scheduled__2024-02-19T21:42:00+00:00
[2024-02-19T21:45:02.303+0000] {base.py:73} INFO - Using connection ID 'fs_default' for task execution.
[2024-02-19T21:45:02.304+0000] {filesystem.py:64} INFO - Poking for file /opt/***/data/data.json
[2024-02-19T21:45:12.347+0000] {base.py:73} INFO - Using connection ID 'fs_default' for task execution.
[2024-02-19T21:45:12.349+0000] {filesystem.py:64} INFO - Poking for file /opt/***/data/data.json
[2024-02-19T21:45:22.376+0000] {base.py:73} INFO - Using connection ID 'fs_default' for task execution.
[2024-02-19T21:45:22.377+0000] {filesystem.py:64} INFO - Poking for file /opt/***/data/data.json
[2024-02-19T21:45:32.394+0000] {base.py:73} INFO - Using connection ID 'fs_default' for task execution.
[2024-02-19T21:45:32.395+0000] {filesystem.py:64} INFO - Poking for file /opt/***/data/data.json
[2024-02-19T21:45:42.433+0000] {base.py:73} INFO - Using connection ID 'fs_default' for task execution.
[2024-02-19T21:45:42.439+0000] {filesystem.py:64} INFO - Poking for file /opt/***/data/data.json
[2024-02-19T21:45:52.464+0000] {base.py:73} INFO - Using connection ID 'fs_default' for task execution.
[2024-02-19T21:45:52.465+0000] {filesystem.py:64} INFO - Poking for file /opt/***/data/data.json
[2024-02-19T21:46:02.480+0000] {base.py:73} INFO - Using connection ID 'fs_default' for task execution.
[2024-02-19T21:46:02.481+0000] {filesystem.py:64} INFO - Poking for file /opt/***/data/data.json
[2024-02-19T21:46:12.506+0000] {base.py:73} INFO - Using connection ID 'fs_default' for task execution.
[2024-02-19T21:46:12.507+0000] {filesystem.py:64} INFO - Poking for file /opt/***/data/data.json
[2024-02-19T21:46:22.530+0000] {base.py:73} INFO - Using connection ID 'fs_default' for task execution.
[2024-02-19T21:46:22.531+0000] {filesystem.py:64} INFO - Poking for file /opt/***/data/data.json
[2024-02-19T21:46:32.560+0000] {base.py:73} INFO - Using connection ID 'fs_default' for task execution.
[2024-02-19T21:46:32.561+0000] {filesystem.py:64} INFO - Poking for file /opt/***/data/data.json
[2024-02-19T21:46:42.586+0000] {base.py:73} INFO - Using connection ID 'fs_default' for task execution.
[2024-02-19T21:46:42.588+0000] {filesystem.py:64} INFO - Poking for file /opt/***/data/data.json
[2024-02-19T21:46:52.610+0000] {base.py:73} INFO - Using connection ID 'fs_default' for task execution.
[2024-02-19T21:46:52.611+0000] {filesystem.py:64} INFO - Poking for file /opt/***/data/data.json
[2024-02-19T21:47:02.640+0000] {base.py:73} INFO - Using connection ID 'fs_default' for task execution.
[2024-02-19T21:47:02.645+0000] {filesystem.py:64} INFO - Poking for file /opt/***/data/data.json
[2024-02-19T21:47:12.658+0000] {base.py:73} INFO - Using connection ID 'fs_default' for task execution.
[2024-02-19T21:47:12.659+0000] {filesystem.py:64} INFO - Poking for file /opt/***/data/data.json
[2024-02-19T21:47:22.679+0000] {base.py:73} INFO - Using connection ID 'fs_default' for task execution.
[2024-02-19T21:47:22.680+0000] {filesystem.py:64} INFO - Poking for file /opt/***/data/data.json
[2024-02-19T21:47:32.699+0000] {base.py:73} INFO - Using connection ID 'fs_default' for task execution.
[2024-02-19T21:47:32.700+0000] {filesystem.py:64} INFO - Poking for file /opt/***/data/data.json
[2024-02-19T21:47:42.727+0000] {base.py:73} INFO - Using connection ID 'fs_default' for task execution.
[2024-02-19T21:47:42.731+0000] {filesystem.py:64} INFO - Poking for file /opt/***/data/data.json
[2024-02-19T21:47:52.750+0000] {base.py:73} INFO - Using connection ID 'fs_default' for task execution.
[2024-02-19T21:47:52.751+0000] {filesystem.py:64} INFO - Poking for file /opt/***/data/data.json
[2024-02-19T21:48:02.772+0000] {base.py:73} INFO - Using connection ID 'fs_default' for task execution.
[2024-02-19T21:48:02.772+0000] {filesystem.py:64} INFO - Poking for file /opt/***/data/data.json
[2024-02-19T21:48:12.792+0000] {base.py:73} INFO - Using connection ID 'fs_default' for task execution.
[2024-02-19T21:48:12.793+0000] {filesystem.py:64} INFO - Poking for file /opt/***/data/data.json
[2024-02-19T21:48:22.823+0000] {base.py:73} INFO - Using connection ID 'fs_default' for task execution.
[2024-02-19T21:48:22.827+0000] {filesystem.py:64} INFO - Poking for file /opt/***/data/data.json
