[2024-02-20T11:21:52.851+0000] {taskinstance.py:1083} INFO - Dependencies all met for <TaskInstance: windturbine.file_sensor_task scheduled__2024-02-20T11:15:00+00:00 [queued]>
[2024-02-20T11:21:52.885+0000] {taskinstance.py:1083} INFO - Dependencies all met for <TaskInstance: windturbine.file_sensor_task scheduled__2024-02-20T11:15:00+00:00 [queued]>
[2024-02-20T11:21:52.886+0000] {taskinstance.py:1279} INFO - 
--------------------------------------------------------------------------------
[2024-02-20T11:21:52.887+0000] {taskinstance.py:1280} INFO - Starting attempt 1 of 2
[2024-02-20T11:21:52.887+0000] {taskinstance.py:1281} INFO - 
--------------------------------------------------------------------------------
[2024-02-20T11:21:52.925+0000] {taskinstance.py:1300} INFO - Executing <Task(FileSensor): file_sensor_task> on 2024-02-20 11:15:00+00:00
[2024-02-20T11:21:52.936+0000] {standard_task_runner.py:55} INFO - Started process 87 to run task
[2024-02-20T11:21:52.947+0000] {standard_task_runner.py:82} INFO - Running: ['***', 'tasks', 'run', 'windturbine', 'file_sensor_task', 'scheduled__2024-02-20T11:15:00+00:00', '--job-id', '382', '--raw', '--subdir', 'DAGS_FOLDER/windturbine.py', '--cfg-path', '/tmp/tmpcixtbdag']
[2024-02-20T11:21:52.949+0000] {standard_task_runner.py:83} INFO - Job 382: Subtask file_sensor_task
[2024-02-20T11:21:53.197+0000] {task_command.py:388} INFO - Running <TaskInstance: windturbine.file_sensor_task scheduled__2024-02-20T11:15:00+00:00 [running]> on host 3718df233244
[2024-02-20T11:21:53.380+0000] {taskinstance.py:1509} INFO - Exporting the following env vars:
AIRFLOW_CTX_DAG_EMAIL=geronimomorais1617@gmail.com
AIRFLOW_CTX_DAG_OWNER=***
AIRFLOW_CTX_DAG_ID=windturbine
AIRFLOW_CTX_TASK_ID=file_sensor_task
AIRFLOW_CTX_EXECUTION_DATE=2024-02-20T11:15:00+00:00
AIRFLOW_CTX_TRY_NUMBER=1
AIRFLOW_CTX_DAG_RUN_ID=scheduled__2024-02-20T11:15:00+00:00
[2024-02-20T11:21:53.395+0000] {base.py:73} INFO - Using connection ID 'fs_default' for task execution.
[2024-02-20T11:21:53.396+0000] {filesystem.py:64} INFO - Poking for file D:/Github/Projeto_Airflow/***/data/dados.json
[2024-02-20T11:22:03.414+0000] {base.py:73} INFO - Using connection ID 'fs_default' for task execution.
[2024-02-20T11:22:03.415+0000] {filesystem.py:64} INFO - Poking for file D:/Github/Projeto_Airflow/***/data/dados.json
[2024-02-20T11:22:13.433+0000] {base.py:73} INFO - Using connection ID 'fs_default' for task execution.
[2024-02-20T11:22:13.433+0000] {filesystem.py:64} INFO - Poking for file D:/Github/Projeto_Airflow/***/data/dados.json
[2024-02-20T11:22:23.452+0000] {base.py:73} INFO - Using connection ID 'fs_default' for task execution.
[2024-02-20T11:22:23.452+0000] {filesystem.py:64} INFO - Poking for file D:/Github/Projeto_Airflow/***/data/dados.json
[2024-02-20T11:22:33.463+0000] {base.py:73} INFO - Using connection ID 'fs_default' for task execution.
[2024-02-20T11:22:33.463+0000] {filesystem.py:64} INFO - Poking for file D:/Github/Projeto_Airflow/***/data/dados.json
[2024-02-20T11:22:43.481+0000] {base.py:73} INFO - Using connection ID 'fs_default' for task execution.
[2024-02-20T11:22:43.482+0000] {filesystem.py:64} INFO - Poking for file D:/Github/Projeto_Airflow/***/data/dados.json
[2024-02-20T11:22:53.490+0000] {base.py:73} INFO - Using connection ID 'fs_default' for task execution.
[2024-02-20T11:22:53.491+0000] {filesystem.py:64} INFO - Poking for file D:/Github/Projeto_Airflow/***/data/dados.json
[2024-02-20T11:23:03.506+0000] {base.py:73} INFO - Using connection ID 'fs_default' for task execution.
[2024-02-20T11:23:03.506+0000] {filesystem.py:64} INFO - Poking for file D:/Github/Projeto_Airflow/***/data/dados.json
[2024-02-20T11:23:13.523+0000] {base.py:73} INFO - Using connection ID 'fs_default' for task execution.
[2024-02-20T11:23:13.524+0000] {filesystem.py:64} INFO - Poking for file D:/Github/Projeto_Airflow/***/data/dados.json
[2024-02-20T11:23:23.540+0000] {base.py:73} INFO - Using connection ID 'fs_default' for task execution.
[2024-02-20T11:23:23.541+0000] {filesystem.py:64} INFO - Poking for file D:/Github/Projeto_Airflow/***/data/dados.json
[2024-02-20T11:23:33.560+0000] {base.py:73} INFO - Using connection ID 'fs_default' for task execution.
[2024-02-20T11:23:33.561+0000] {filesystem.py:64} INFO - Poking for file D:/Github/Projeto_Airflow/***/data/dados.json
[2024-02-20T11:23:43.573+0000] {base.py:73} INFO - Using connection ID 'fs_default' for task execution.
[2024-02-20T11:23:43.576+0000] {filesystem.py:64} INFO - Poking for file D:/Github/Projeto_Airflow/***/data/dados.json
[2024-02-20T11:23:53.586+0000] {base.py:73} INFO - Using connection ID 'fs_default' for task execution.
[2024-02-20T11:23:53.587+0000] {filesystem.py:64} INFO - Poking for file D:/Github/Projeto_Airflow/***/data/dados.json
[2024-02-20T11:24:03.599+0000] {base.py:73} INFO - Using connection ID 'fs_default' for task execution.
[2024-02-20T11:24:03.600+0000] {filesystem.py:64} INFO - Poking for file D:/Github/Projeto_Airflow/***/data/dados.json
[2024-02-20T11:24:13.617+0000] {base.py:73} INFO - Using connection ID 'fs_default' for task execution.
[2024-02-20T11:24:13.618+0000] {filesystem.py:64} INFO - Poking for file D:/Github/Projeto_Airflow/***/data/dados.json
[2024-02-20T11:24:23.633+0000] {base.py:73} INFO - Using connection ID 'fs_default' for task execution.
[2024-02-20T11:24:23.633+0000] {filesystem.py:64} INFO - Poking for file D:/Github/Projeto_Airflow/***/data/dados.json
[2024-02-20T11:24:33.649+0000] {base.py:73} INFO - Using connection ID 'fs_default' for task execution.
[2024-02-20T11:24:33.650+0000] {filesystem.py:64} INFO - Poking for file D:/Github/Projeto_Airflow/***/data/dados.json
[2024-02-20T11:24:43.669+0000] {base.py:73} INFO - Using connection ID 'fs_default' for task execution.
[2024-02-20T11:24:43.670+0000] {filesystem.py:64} INFO - Poking for file D:/Github/Projeto_Airflow/***/data/dados.json
[2024-02-20T11:24:53.684+0000] {base.py:73} INFO - Using connection ID 'fs_default' for task execution.
[2024-02-20T11:24:53.684+0000] {filesystem.py:64} INFO - Poking for file D:/Github/Projeto_Airflow/***/data/dados.json
[2024-02-20T11:25:03.702+0000] {base.py:73} INFO - Using connection ID 'fs_default' for task execution.
[2024-02-20T11:25:03.702+0000] {filesystem.py:64} INFO - Poking for file D:/Github/Projeto_Airflow/***/data/dados.json
[2024-02-20T11:25:13.722+0000] {base.py:73} INFO - Using connection ID 'fs_default' for task execution.
[2024-02-20T11:25:13.723+0000] {filesystem.py:64} INFO - Poking for file D:/Github/Projeto_Airflow/***/data/dados.json
[2024-02-20T11:25:23.738+0000] {base.py:73} INFO - Using connection ID 'fs_default' for task execution.
[2024-02-20T11:25:23.739+0000] {filesystem.py:64} INFO - Poking for file D:/Github/Projeto_Airflow/***/data/dados.json
[2024-02-20T11:25:33.757+0000] {base.py:73} INFO - Using connection ID 'fs_default' for task execution.
[2024-02-20T11:25:33.757+0000] {filesystem.py:64} INFO - Poking for file D:/Github/Projeto_Airflow/***/data/dados.json
[2024-02-20T11:25:43.775+0000] {base.py:73} INFO - Using connection ID 'fs_default' for task execution.
[2024-02-20T11:25:43.777+0000] {filesystem.py:64} INFO - Poking for file D:/Github/Projeto_Airflow/***/data/dados.json
[2024-02-20T11:25:53.790+0000] {base.py:73} INFO - Using connection ID 'fs_default' for task execution.
[2024-02-20T11:25:53.790+0000] {filesystem.py:64} INFO - Poking for file D:/Github/Projeto_Airflow/***/data/dados.json
[2024-02-20T11:26:03.807+0000] {base.py:73} INFO - Using connection ID 'fs_default' for task execution.
[2024-02-20T11:26:03.808+0000] {filesystem.py:64} INFO - Poking for file D:/Github/Projeto_Airflow/***/data/dados.json
[2024-02-20T11:26:13.825+0000] {base.py:73} INFO - Using connection ID 'fs_default' for task execution.
[2024-02-20T11:26:13.826+0000] {filesystem.py:64} INFO - Poking for file D:/Github/Projeto_Airflow/***/data/dados.json
[2024-02-20T11:26:23.843+0000] {base.py:73} INFO - Using connection ID 'fs_default' for task execution.
[2024-02-20T11:26:23.844+0000] {filesystem.py:64} INFO - Poking for file D:/Github/Projeto_Airflow/***/data/dados.json
[2024-02-20T11:26:33.862+0000] {base.py:73} INFO - Using connection ID 'fs_default' for task execution.
[2024-02-20T11:26:33.862+0000] {filesystem.py:64} INFO - Poking for file D:/Github/Projeto_Airflow/***/data/dados.json
[2024-02-20T11:26:43.878+0000] {base.py:73} INFO - Using connection ID 'fs_default' for task execution.
[2024-02-20T11:26:43.879+0000] {filesystem.py:64} INFO - Poking for file D:/Github/Projeto_Airflow/***/data/dados.json
[2024-02-20T11:26:53.892+0000] {base.py:73} INFO - Using connection ID 'fs_default' for task execution.
[2024-02-20T11:26:53.892+0000] {filesystem.py:64} INFO - Poking for file D:/Github/Projeto_Airflow/***/data/dados.json
[2024-02-20T11:27:03.912+0000] {base.py:73} INFO - Using connection ID 'fs_default' for task execution.
[2024-02-20T11:27:03.912+0000] {filesystem.py:64} INFO - Poking for file D:/Github/Projeto_Airflow/***/data/dados.json
[2024-02-20T11:27:13.933+0000] {base.py:73} INFO - Using connection ID 'fs_default' for task execution.
[2024-02-20T11:27:13.934+0000] {filesystem.py:64} INFO - Poking for file D:/Github/Projeto_Airflow/***/data/dados.json
[2024-02-20T11:27:23.947+0000] {base.py:73} INFO - Using connection ID 'fs_default' for task execution.
[2024-02-20T11:27:23.948+0000] {filesystem.py:64} INFO - Poking for file D:/Github/Projeto_Airflow/***/data/dados.json
[2024-02-20T11:27:33.958+0000] {base.py:73} INFO - Using connection ID 'fs_default' for task execution.
[2024-02-20T11:27:33.959+0000] {filesystem.py:64} INFO - Poking for file D:/Github/Projeto_Airflow/***/data/dados.json
[2024-02-20T11:27:43.974+0000] {base.py:73} INFO - Using connection ID 'fs_default' for task execution.
[2024-02-20T11:27:43.975+0000] {filesystem.py:64} INFO - Poking for file D:/Github/Projeto_Airflow/***/data/dados.json
[2024-02-20T11:27:53.996+0000] {base.py:73} INFO - Using connection ID 'fs_default' for task execution.
[2024-02-20T11:27:53.997+0000] {filesystem.py:64} INFO - Poking for file D:/Github/Projeto_Airflow/***/data/dados.json
[2024-02-20T11:28:04.009+0000] {base.py:73} INFO - Using connection ID 'fs_default' for task execution.
[2024-02-20T11:28:04.010+0000] {filesystem.py:64} INFO - Poking for file D:/Github/Projeto_Airflow/***/data/dados.json
[2024-02-20T11:28:14.032+0000] {base.py:73} INFO - Using connection ID 'fs_default' for task execution.
[2024-02-20T11:28:14.033+0000] {filesystem.py:64} INFO - Poking for file D:/Github/Projeto_Airflow/***/data/dados.json
[2024-02-20T11:28:24.052+0000] {base.py:73} INFO - Using connection ID 'fs_default' for task execution.
[2024-02-20T11:28:24.053+0000] {filesystem.py:64} INFO - Poking for file D:/Github/Projeto_Airflow/***/data/dados.json
[2024-02-20T11:28:34.070+0000] {base.py:73} INFO - Using connection ID 'fs_default' for task execution.
[2024-02-20T11:28:34.071+0000] {filesystem.py:64} INFO - Poking for file D:/Github/Projeto_Airflow/***/data/dados.json
[2024-02-20T11:28:44.088+0000] {base.py:73} INFO - Using connection ID 'fs_default' for task execution.
[2024-02-20T11:28:44.089+0000] {filesystem.py:64} INFO - Poking for file D:/Github/Projeto_Airflow/***/data/dados.json
[2024-02-20T11:28:54.114+0000] {base.py:73} INFO - Using connection ID 'fs_default' for task execution.
[2024-02-20T11:28:54.115+0000] {filesystem.py:64} INFO - Poking for file D:/Github/Projeto_Airflow/***/data/dados.json
[2024-02-20T11:29:04.128+0000] {base.py:73} INFO - Using connection ID 'fs_default' for task execution.
[2024-02-20T11:29:04.129+0000] {filesystem.py:64} INFO - Poking for file D:/Github/Projeto_Airflow/***/data/dados.json
[2024-02-20T11:29:14.141+0000] {base.py:73} INFO - Using connection ID 'fs_default' for task execution.
[2024-02-20T11:29:14.142+0000] {filesystem.py:64} INFO - Poking for file D:/Github/Projeto_Airflow/***/data/dados.json
[2024-02-20T11:29:24.159+0000] {base.py:73} INFO - Using connection ID 'fs_default' for task execution.
[2024-02-20T11:29:24.160+0000] {filesystem.py:64} INFO - Poking for file D:/Github/Projeto_Airflow/***/data/dados.json
[2024-02-20T11:29:34.178+0000] {base.py:73} INFO - Using connection ID 'fs_default' for task execution.
[2024-02-20T11:29:34.178+0000] {filesystem.py:64} INFO - Poking for file D:/Github/Projeto_Airflow/***/data/dados.json
[2024-02-20T11:29:44.188+0000] {base.py:73} INFO - Using connection ID 'fs_default' for task execution.
[2024-02-20T11:29:44.189+0000] {filesystem.py:64} INFO - Poking for file D:/Github/Projeto_Airflow/***/data/dados.json
[2024-02-20T11:29:54.200+0000] {base.py:73} INFO - Using connection ID 'fs_default' for task execution.
[2024-02-20T11:29:54.201+0000] {filesystem.py:64} INFO - Poking for file D:/Github/Projeto_Airflow/***/data/dados.json
[2024-02-20T11:30:04.217+0000] {base.py:73} INFO - Using connection ID 'fs_default' for task execution.
[2024-02-20T11:30:04.218+0000] {filesystem.py:64} INFO - Poking for file D:/Github/Projeto_Airflow/***/data/dados.json
[2024-02-20T11:30:14.231+0000] {base.py:73} INFO - Using connection ID 'fs_default' for task execution.
[2024-02-20T11:30:14.232+0000] {filesystem.py:64} INFO - Poking for file D:/Github/Projeto_Airflow/***/data/dados.json
[2024-02-20T11:30:24.253+0000] {base.py:73} INFO - Using connection ID 'fs_default' for task execution.
[2024-02-20T11:30:24.254+0000] {filesystem.py:64} INFO - Poking for file D:/Github/Projeto_Airflow/***/data/dados.json
[2024-02-20T11:30:34.287+0000] {base.py:73} INFO - Using connection ID 'fs_default' for task execution.
[2024-02-20T11:30:34.296+0000] {filesystem.py:64} INFO - Poking for file D:/Github/Projeto_Airflow/***/data/dados.json
[2024-02-20T11:30:44.349+0000] {base.py:73} INFO - Using connection ID 'fs_default' for task execution.
[2024-02-20T11:30:44.458+0000] {filesystem.py:64} INFO - Poking for file D:/Github/Projeto_Airflow/***/data/dados.json
[2024-02-20T11:30:54.490+0000] {base.py:73} INFO - Using connection ID 'fs_default' for task execution.
[2024-02-20T11:30:54.491+0000] {filesystem.py:64} INFO - Poking for file D:/Github/Projeto_Airflow/***/data/dados.json
[2024-02-20T11:31:04.518+0000] {base.py:73} INFO - Using connection ID 'fs_default' for task execution.
[2024-02-20T11:31:04.562+0000] {filesystem.py:64} INFO - Poking for file D:/Github/Projeto_Airflow/***/data/dados.json
[2024-02-20T11:31:14.645+0000] {base.py:73} INFO - Using connection ID 'fs_default' for task execution.
[2024-02-20T11:31:14.659+0000] {filesystem.py:64} INFO - Poking for file D:/Github/Projeto_Airflow/***/data/dados.json
[2024-02-20T11:31:24.690+0000] {base.py:73} INFO - Using connection ID 'fs_default' for task execution.
[2024-02-20T11:31:24.691+0000] {filesystem.py:64} INFO - Poking for file D:/Github/Projeto_Airflow/***/data/dados.json
[2024-02-20T11:31:34.708+0000] {base.py:73} INFO - Using connection ID 'fs_default' for task execution.
[2024-02-20T11:31:34.709+0000] {filesystem.py:64} INFO - Poking for file D:/Github/Projeto_Airflow/***/data/dados.json
[2024-02-20T11:31:44.727+0000] {base.py:73} INFO - Using connection ID 'fs_default' for task execution.
[2024-02-20T11:31:44.727+0000] {filesystem.py:64} INFO - Poking for file D:/Github/Projeto_Airflow/***/data/dados.json
[2024-02-20T11:31:54.767+0000] {base.py:73} INFO - Using connection ID 'fs_default' for task execution.
[2024-02-20T11:31:54.768+0000] {filesystem.py:64} INFO - Poking for file D:/Github/Projeto_Airflow/***/data/dados.json
[2024-02-20T11:32:04.805+0000] {base.py:73} INFO - Using connection ID 'fs_default' for task execution.
[2024-02-20T11:32:04.813+0000] {filesystem.py:64} INFO - Poking for file D:/Github/Projeto_Airflow/***/data/dados.json
[2024-02-20T11:32:15.021+0000] {base.py:73} INFO - Using connection ID 'fs_default' for task execution.
[2024-02-20T11:32:15.037+0000] {filesystem.py:64} INFO - Poking for file D:/Github/Projeto_Airflow/***/data/dados.json
[2024-02-20T11:32:18.613+0000] {local_task_job.py:273} WARNING - State of this instance has been externally set to None. Terminating instance.
[2024-02-20T11:32:18.729+0000] {process_utils.py:133} INFO - Sending Signals.SIGTERM to group 87. PIDs of all processes in the group: [87]
[2024-02-20T11:32:18.744+0000] {process_utils.py:84} INFO - Sending the signal Signals.SIGTERM to group 87
[2024-02-20T11:32:18.752+0000] {taskinstance.py:1479} ERROR - Received SIGTERM. Terminating subprocesses.
[2024-02-20T11:32:18.929+0000] {taskinstance.py:1768} ERROR - Task failed with exception
Traceback (most recent call last):
  File "/home/airflow/.local/lib/python3.7/site-packages/airflow/sensors/base.py", line 226, in execute
    time.sleep(self._get_next_poke_interval(started_at, run_duration, try_number))
  File "/home/airflow/.local/lib/python3.7/site-packages/airflow/models/taskinstance.py", line 1481, in signal_handler
    raise AirflowException("Task received SIGTERM signal")
airflow.exceptions.AirflowException: Task received SIGTERM signal
[2024-02-20T11:32:18.989+0000] {taskinstance.py:1323} INFO - Marking task as FAILED. dag_id=windturbine, task_id=file_sensor_task, execution_date=20240220T111500, start_date=20240220T112152, end_date=20240220T113218
[2024-02-20T11:32:19.128+0000] {warnings.py:110} WARNING - /home/***/.local/lib/python3.7/site-packages/***/utils/email.py:152: RemovedInAirflow3Warning: Fetching SMTP credentials from configuration variables will be deprecated in a future release. Please set credentials using a connection instead.
  send_mime_email(e_from=mail_from, e_to=recipients, mime_msg=msg, conn_id=conn_id, dryrun=dryrun)

[2024-02-20T11:32:19.129+0000] {email.py:268} INFO - Email alerting: attempt 1
[2024-02-20T11:32:21.506+0000] {email.py:280} INFO - Sent an alert email to ['geronimomorais1617@gmail.com']
[2024-02-20T11:32:24.762+0000] {standard_task_runner.py:105} ERROR - Failed to execute job 382 for task file_sensor_task (Task received SIGTERM signal; 87)
[2024-02-20T11:32:24.985+0000] {process_utils.py:79} INFO - Process psutil.Process(pid=87, status='terminated', exitcode=1, started='11:21:52') (87) terminated with exit code 1
