[2024-02-19T21:36:01.051+0000] {taskinstance.py:1083} INFO - Dependencies all met for <TaskInstance: windturbine.verified_file scheduled__2024-02-19T21:33:00+00:00 [queued]>
[2024-02-19T21:36:01.064+0000] {taskinstance.py:1083} INFO - Dependencies all met for <TaskInstance: windturbine.verified_file scheduled__2024-02-19T21:33:00+00:00 [queued]>
[2024-02-19T21:36:01.064+0000] {taskinstance.py:1279} INFO - 
--------------------------------------------------------------------------------
[2024-02-19T21:36:01.065+0000] {taskinstance.py:1280} INFO - Starting attempt 1 of 2
[2024-02-19T21:36:01.065+0000] {taskinstance.py:1281} INFO - 
--------------------------------------------------------------------------------
[2024-02-19T21:36:01.086+0000] {taskinstance.py:1300} INFO - Executing <Task(FileSensor): verified_file> on 2024-02-19 21:33:00+00:00
[2024-02-19T21:36:01.090+0000] {standard_task_runner.py:55} INFO - Started process 9792 to run task
[2024-02-19T21:36:01.095+0000] {standard_task_runner.py:82} INFO - Running: ['***', 'tasks', 'run', 'windturbine', 'verified_file', 'scheduled__2024-02-19T21:33:00+00:00', '--job-id', '310', '--raw', '--subdir', 'DAGS_FOLDER/windturbine.py', '--cfg-path', '/tmp/tmpec4noih0']
[2024-02-19T21:36:01.096+0000] {standard_task_runner.py:83} INFO - Job 310: Subtask verified_file
[2024-02-19T21:36:01.186+0000] {task_command.py:388} INFO - Running <TaskInstance: windturbine.verified_file scheduled__2024-02-19T21:33:00+00:00 [running]> on host 9276533319a9
[2024-02-19T21:36:01.300+0000] {taskinstance.py:1509} INFO - Exporting the following env vars:
AIRFLOW_CTX_DAG_EMAIL=geronimomorais1617@gmail.com
AIRFLOW_CTX_DAG_OWNER=***
AIRFLOW_CTX_DAG_ID=windturbine
AIRFLOW_CTX_TASK_ID=verified_file
AIRFLOW_CTX_EXECUTION_DATE=2024-02-19T21:33:00+00:00
AIRFLOW_CTX_TRY_NUMBER=1
AIRFLOW_CTX_DAG_RUN_ID=scheduled__2024-02-19T21:33:00+00:00
[2024-02-19T21:36:01.314+0000] {base.py:73} INFO - Using connection ID 'fs_default' for task execution.
[2024-02-19T21:36:01.314+0000] {filesystem.py:64} INFO - Poking for file /opt/***/data/data.json
[2024-02-19T21:36:11.330+0000] {base.py:73} INFO - Using connection ID 'fs_default' for task execution.
[2024-02-19T21:36:11.331+0000] {filesystem.py:64} INFO - Poking for file /opt/***/data/data.json
[2024-02-19T21:36:21.350+0000] {base.py:73} INFO - Using connection ID 'fs_default' for task execution.
[2024-02-19T21:36:21.351+0000] {filesystem.py:64} INFO - Poking for file /opt/***/data/data.json
[2024-02-19T21:36:31.365+0000] {base.py:73} INFO - Using connection ID 'fs_default' for task execution.
[2024-02-19T21:36:31.366+0000] {filesystem.py:64} INFO - Poking for file /opt/***/data/data.json
[2024-02-19T21:36:41.399+0000] {base.py:73} INFO - Using connection ID 'fs_default' for task execution.
[2024-02-19T21:36:41.401+0000] {filesystem.py:64} INFO - Poking for file /opt/***/data/data.json
[2024-02-19T21:36:51.424+0000] {base.py:73} INFO - Using connection ID 'fs_default' for task execution.
[2024-02-19T21:36:51.425+0000] {filesystem.py:64} INFO - Poking for file /opt/***/data/data.json
[2024-02-19T21:37:01.445+0000] {base.py:73} INFO - Using connection ID 'fs_default' for task execution.
[2024-02-19T21:37:01.446+0000] {filesystem.py:64} INFO - Poking for file /opt/***/data/data.json
[2024-02-19T21:37:11.466+0000] {base.py:73} INFO - Using connection ID 'fs_default' for task execution.
[2024-02-19T21:37:11.467+0000] {filesystem.py:64} INFO - Poking for file /opt/***/data/data.json
[2024-02-19T21:37:21.489+0000] {base.py:73} INFO - Using connection ID 'fs_default' for task execution.
[2024-02-19T21:37:21.490+0000] {filesystem.py:64} INFO - Poking for file /opt/***/data/data.json
[2024-02-19T21:37:31.518+0000] {base.py:73} INFO - Using connection ID 'fs_default' for task execution.
[2024-02-19T21:37:31.530+0000] {filesystem.py:64} INFO - Poking for file /opt/***/data/data.json
[2024-02-19T21:37:41.573+0000] {base.py:73} INFO - Using connection ID 'fs_default' for task execution.
[2024-02-19T21:37:41.580+0000] {filesystem.py:64} INFO - Poking for file /opt/***/data/data.json
[2024-02-19T21:37:51.594+0000] {base.py:73} INFO - Using connection ID 'fs_default' for task execution.
[2024-02-19T21:37:51.595+0000] {filesystem.py:64} INFO - Poking for file /opt/***/data/data.json
[2024-02-19T21:38:01.610+0000] {base.py:73} INFO - Using connection ID 'fs_default' for task execution.
[2024-02-19T21:38:01.610+0000] {filesystem.py:64} INFO - Poking for file /opt/***/data/data.json
[2024-02-19T21:38:11.626+0000] {base.py:73} INFO - Using connection ID 'fs_default' for task execution.
[2024-02-19T21:38:11.627+0000] {filesystem.py:64} INFO - Poking for file /opt/***/data/data.json
[2024-02-19T21:38:21.673+0000] {base.py:73} INFO - Using connection ID 'fs_default' for task execution.
[2024-02-19T21:38:21.677+0000] {filesystem.py:64} INFO - Poking for file /opt/***/data/data.json
[2024-02-19T21:38:31.700+0000] {base.py:73} INFO - Using connection ID 'fs_default' for task execution.
[2024-02-19T21:38:31.701+0000] {filesystem.py:64} INFO - Poking for file /opt/***/data/data.json
[2024-02-19T21:38:41.726+0000] {base.py:73} INFO - Using connection ID 'fs_default' for task execution.
[2024-02-19T21:38:41.727+0000] {filesystem.py:64} INFO - Poking for file /opt/***/data/data.json
[2024-02-19T21:38:51.754+0000] {base.py:73} INFO - Using connection ID 'fs_default' for task execution.
[2024-02-19T21:38:51.767+0000] {filesystem.py:64} INFO - Poking for file /opt/***/data/data.json
[2024-02-19T21:39:01.807+0000] {base.py:73} INFO - Using connection ID 'fs_default' for task execution.
[2024-02-19T21:39:01.815+0000] {filesystem.py:64} INFO - Poking for file /opt/***/data/data.json
[2024-02-19T21:39:11.853+0000] {base.py:73} INFO - Using connection ID 'fs_default' for task execution.
[2024-02-19T21:39:11.854+0000] {filesystem.py:64} INFO - Poking for file /opt/***/data/data.json
[2024-02-19T21:39:21.888+0000] {base.py:73} INFO - Using connection ID 'fs_default' for task execution.
[2024-02-19T21:39:21.893+0000] {filesystem.py:64} INFO - Poking for file /opt/***/data/data.json
[2024-02-19T21:39:31.928+0000] {base.py:73} INFO - Using connection ID 'fs_default' for task execution.
[2024-02-19T21:39:31.928+0000] {filesystem.py:64} INFO - Poking for file /opt/***/data/data.json
[2024-02-19T21:39:41.951+0000] {base.py:73} INFO - Using connection ID 'fs_default' for task execution.
[2024-02-19T21:39:41.952+0000] {filesystem.py:64} INFO - Poking for file /opt/***/data/data.json
[2024-02-19T21:39:51.978+0000] {base.py:73} INFO - Using connection ID 'fs_default' for task execution.
[2024-02-19T21:39:51.979+0000] {filesystem.py:64} INFO - Poking for file /opt/***/data/data.json
[2024-02-19T21:40:01.994+0000] {base.py:73} INFO - Using connection ID 'fs_default' for task execution.
[2024-02-19T21:40:01.994+0000] {filesystem.py:64} INFO - Poking for file /opt/***/data/data.json
[2024-02-19T21:40:12.010+0000] {base.py:73} INFO - Using connection ID 'fs_default' for task execution.
[2024-02-19T21:40:12.011+0000] {filesystem.py:64} INFO - Poking for file /opt/***/data/data.json
[2024-02-19T21:40:22.021+0000] {base.py:73} INFO - Using connection ID 'fs_default' for task execution.
[2024-02-19T21:40:22.022+0000] {filesystem.py:64} INFO - Poking for file /opt/***/data/data.json
[2024-02-19T21:40:32.043+0000] {base.py:73} INFO - Using connection ID 'fs_default' for task execution.
[2024-02-19T21:40:32.044+0000] {filesystem.py:64} INFO - Poking for file /opt/***/data/data.json
[2024-02-19T21:40:42.064+0000] {base.py:73} INFO - Using connection ID 'fs_default' for task execution.
[2024-02-19T21:40:42.065+0000] {filesystem.py:64} INFO - Poking for file /opt/***/data/data.json
[2024-02-19T21:40:52.077+0000] {base.py:73} INFO - Using connection ID 'fs_default' for task execution.
[2024-02-19T21:40:52.078+0000] {filesystem.py:64} INFO - Poking for file /opt/***/data/data.json
[2024-02-19T21:41:02.093+0000] {base.py:73} INFO - Using connection ID 'fs_default' for task execution.
[2024-02-19T21:41:02.094+0000] {filesystem.py:64} INFO - Poking for file /opt/***/data/data.json
[2024-02-19T21:41:12.113+0000] {base.py:73} INFO - Using connection ID 'fs_default' for task execution.
[2024-02-19T21:41:12.114+0000] {filesystem.py:64} INFO - Poking for file /opt/***/data/data.json
[2024-02-19T21:41:22.138+0000] {base.py:73} INFO - Using connection ID 'fs_default' for task execution.
[2024-02-19T21:41:22.157+0000] {filesystem.py:64} INFO - Poking for file /opt/***/data/data.json
[2024-02-19T21:41:32.184+0000] {base.py:73} INFO - Using connection ID 'fs_default' for task execution.
[2024-02-19T21:41:32.185+0000] {filesystem.py:64} INFO - Poking for file /opt/***/data/data.json
[2024-02-19T21:41:42.205+0000] {base.py:73} INFO - Using connection ID 'fs_default' for task execution.
[2024-02-19T21:41:42.206+0000] {filesystem.py:64} INFO - Poking for file /opt/***/data/data.json
[2024-02-19T21:41:52.221+0000] {base.py:73} INFO - Using connection ID 'fs_default' for task execution.
[2024-02-19T21:41:52.222+0000] {filesystem.py:64} INFO - Poking for file /opt/***/data/data.json
[2024-02-19T21:42:02.246+0000] {base.py:73} INFO - Using connection ID 'fs_default' for task execution.
[2024-02-19T21:42:02.247+0000] {filesystem.py:64} INFO - Poking for file /opt/***/data/data.json
[2024-02-19T21:42:12.277+0000] {base.py:73} INFO - Using connection ID 'fs_default' for task execution.
[2024-02-19T21:42:12.278+0000] {filesystem.py:64} INFO - Poking for file /opt/***/data/data.json
[2024-02-19T21:42:22.299+0000] {base.py:73} INFO - Using connection ID 'fs_default' for task execution.
[2024-02-19T21:42:22.300+0000] {filesystem.py:64} INFO - Poking for file /opt/***/data/data.json
[2024-02-19T21:42:32.317+0000] {base.py:73} INFO - Using connection ID 'fs_default' for task execution.
[2024-02-19T21:42:32.318+0000] {filesystem.py:64} INFO - Poking for file /opt/***/data/data.json
[2024-02-19T21:42:42.337+0000] {base.py:73} INFO - Using connection ID 'fs_default' for task execution.
[2024-02-19T21:42:42.338+0000] {filesystem.py:64} INFO - Poking for file /opt/***/data/data.json
[2024-02-19T21:42:52.352+0000] {base.py:73} INFO - Using connection ID 'fs_default' for task execution.
[2024-02-19T21:42:52.353+0000] {filesystem.py:64} INFO - Poking for file /opt/***/data/data.json
[2024-02-19T21:43:02.374+0000] {base.py:73} INFO - Using connection ID 'fs_default' for task execution.
[2024-02-19T21:43:02.374+0000] {filesystem.py:64} INFO - Poking for file /opt/***/data/data.json
[2024-02-19T21:43:12.392+0000] {base.py:73} INFO - Using connection ID 'fs_default' for task execution.
[2024-02-19T21:43:12.393+0000] {filesystem.py:64} INFO - Poking for file /opt/***/data/data.json
[2024-02-19T21:43:22.413+0000] {base.py:73} INFO - Using connection ID 'fs_default' for task execution.
[2024-02-19T21:43:22.419+0000] {filesystem.py:64} INFO - Poking for file /opt/***/data/data.json
[2024-02-19T21:43:32.440+0000] {base.py:73} INFO - Using connection ID 'fs_default' for task execution.
[2024-02-19T21:43:32.441+0000] {filesystem.py:64} INFO - Poking for file /opt/***/data/data.json
[2024-02-19T21:43:42.461+0000] {base.py:73} INFO - Using connection ID 'fs_default' for task execution.
[2024-02-19T21:43:42.462+0000] {filesystem.py:64} INFO - Poking for file /opt/***/data/data.json
[2024-02-19T21:43:52.480+0000] {base.py:73} INFO - Using connection ID 'fs_default' for task execution.
[2024-02-19T21:43:52.481+0000] {filesystem.py:64} INFO - Poking for file /opt/***/data/data.json
[2024-02-19T21:44:02.507+0000] {base.py:73} INFO - Using connection ID 'fs_default' for task execution.
[2024-02-19T21:44:02.509+0000] {filesystem.py:64} INFO - Poking for file /opt/***/data/data.json
[2024-02-19T21:44:12.542+0000] {base.py:73} INFO - Using connection ID 'fs_default' for task execution.
[2024-02-19T21:44:12.543+0000] {filesystem.py:64} INFO - Poking for file /opt/***/data/data.json
[2024-02-19T21:44:22.587+0000] {base.py:73} INFO - Using connection ID 'fs_default' for task execution.
[2024-02-19T21:44:22.589+0000] {filesystem.py:64} INFO - Poking for file /opt/***/data/data.json
[2024-02-19T21:44:32.613+0000] {base.py:73} INFO - Using connection ID 'fs_default' for task execution.
[2024-02-19T21:44:32.614+0000] {filesystem.py:64} INFO - Poking for file /opt/***/data/data.json
[2024-02-19T21:44:42.639+0000] {base.py:73} INFO - Using connection ID 'fs_default' for task execution.
[2024-02-19T21:44:42.640+0000] {filesystem.py:64} INFO - Poking for file /opt/***/data/data.json
[2024-02-19T21:44:52.667+0000] {base.py:73} INFO - Using connection ID 'fs_default' for task execution.
[2024-02-19T21:44:52.668+0000] {filesystem.py:64} INFO - Poking for file /opt/***/data/data.json
[2024-02-19T21:45:02.679+0000] {base.py:73} INFO - Using connection ID 'fs_default' for task execution.
[2024-02-19T21:45:02.679+0000] {filesystem.py:64} INFO - Poking for file /opt/***/data/data.json
[2024-02-19T21:45:12.706+0000] {base.py:73} INFO - Using connection ID 'fs_default' for task execution.
[2024-02-19T21:45:12.707+0000] {filesystem.py:64} INFO - Poking for file /opt/***/data/data.json
[2024-02-19T21:45:22.718+0000] {base.py:73} INFO - Using connection ID 'fs_default' for task execution.
[2024-02-19T21:45:22.719+0000] {filesystem.py:64} INFO - Poking for file /opt/***/data/data.json
[2024-02-19T21:45:32.742+0000] {base.py:73} INFO - Using connection ID 'fs_default' for task execution.
[2024-02-19T21:45:32.743+0000] {filesystem.py:64} INFO - Poking for file /opt/***/data/data.json
[2024-02-19T21:45:42.773+0000] {base.py:73} INFO - Using connection ID 'fs_default' for task execution.
[2024-02-19T21:45:42.776+0000] {filesystem.py:64} INFO - Poking for file /opt/***/data/data.json
[2024-02-19T21:45:52.788+0000] {base.py:73} INFO - Using connection ID 'fs_default' for task execution.
[2024-02-19T21:45:52.789+0000] {filesystem.py:64} INFO - Poking for file /opt/***/data/data.json
[2024-02-19T21:46:02.814+0000] {base.py:73} INFO - Using connection ID 'fs_default' for task execution.
[2024-02-19T21:46:02.815+0000] {filesystem.py:64} INFO - Poking for file /opt/***/data/data.json
[2024-02-19T21:46:12.834+0000] {base.py:73} INFO - Using connection ID 'fs_default' for task execution.
[2024-02-19T21:46:12.835+0000] {filesystem.py:64} INFO - Poking for file /opt/***/data/data.json
[2024-02-19T21:46:22.854+0000] {base.py:73} INFO - Using connection ID 'fs_default' for task execution.
[2024-02-19T21:46:22.856+0000] {filesystem.py:64} INFO - Poking for file /opt/***/data/data.json
[2024-02-19T21:46:32.886+0000] {base.py:73} INFO - Using connection ID 'fs_default' for task execution.
[2024-02-19T21:46:32.887+0000] {filesystem.py:64} INFO - Poking for file /opt/***/data/data.json
[2024-02-19T21:46:42.914+0000] {base.py:73} INFO - Using connection ID 'fs_default' for task execution.
[2024-02-19T21:46:42.915+0000] {filesystem.py:64} INFO - Poking for file /opt/***/data/data.json
[2024-02-19T21:46:52.934+0000] {base.py:73} INFO - Using connection ID 'fs_default' for task execution.
[2024-02-19T21:46:52.935+0000] {filesystem.py:64} INFO - Poking for file /opt/***/data/data.json
[2024-02-19T21:47:02.950+0000] {base.py:73} INFO - Using connection ID 'fs_default' for task execution.
[2024-02-19T21:47:02.951+0000] {filesystem.py:64} INFO - Poking for file /opt/***/data/data.json
[2024-02-19T21:47:12.970+0000] {base.py:73} INFO - Using connection ID 'fs_default' for task execution.
[2024-02-19T21:47:12.971+0000] {filesystem.py:64} INFO - Poking for file /opt/***/data/data.json
[2024-02-19T21:47:22.990+0000] {base.py:73} INFO - Using connection ID 'fs_default' for task execution.
[2024-02-19T21:47:22.991+0000] {filesystem.py:64} INFO - Poking for file /opt/***/data/data.json
[2024-02-19T21:47:33.012+0000] {base.py:73} INFO - Using connection ID 'fs_default' for task execution.
[2024-02-19T21:47:33.012+0000] {filesystem.py:64} INFO - Poking for file /opt/***/data/data.json
[2024-02-19T21:47:43.035+0000] {base.py:73} INFO - Using connection ID 'fs_default' for task execution.
[2024-02-19T21:47:43.043+0000] {filesystem.py:64} INFO - Poking for file /opt/***/data/data.json
[2024-02-19T21:47:53.063+0000] {base.py:73} INFO - Using connection ID 'fs_default' for task execution.
[2024-02-19T21:47:53.064+0000] {filesystem.py:64} INFO - Poking for file /opt/***/data/data.json
[2024-02-19T21:48:03.078+0000] {base.py:73} INFO - Using connection ID 'fs_default' for task execution.
[2024-02-19T21:48:03.079+0000] {filesystem.py:64} INFO - Poking for file /opt/***/data/data.json
[2024-02-19T21:48:13.098+0000] {base.py:73} INFO - Using connection ID 'fs_default' for task execution.
[2024-02-19T21:48:13.099+0000] {filesystem.py:64} INFO - Poking for file /opt/***/data/data.json
[2024-02-19T21:48:23.129+0000] {base.py:73} INFO - Using connection ID 'fs_default' for task execution.
[2024-02-19T21:48:23.130+0000] {filesystem.py:64} INFO - Poking for file /opt/***/data/data.json
